Using pre-set license
Built from '2021.3/staging' branch; Version is '2021.3.7f1 (24e8595d6d43) revision 2418777'; Using compiler version '192829333'; Build Type 'Release'
OS: 'Windows 11  (10.0.22000) 64bit Professional' Language: 'ko' Physical Memory: 16194 MB
BatchMode: 1, IsHumanControllingUs: 0, StartBugReporterOnCrash: 0, Is64bit: 1, IsPro: 1

COMMAND LINE ARGUMENTS:
C:\Program Files\Unity\Hub\Editor\2021.3.7f1\Editor\Unity.exe
-adb2
-batchMode
-noUpm
-name
AssetImportWorker8
-projectPath
C:/Users/USER/Unity_Program/Unity/UnityChang_TPS_Division
-logFile
Logs/AssetImportWorker8.log
-srvPort
5441
Successfully changed project path to: C:/Users/USER/Unity_Program/Unity/UnityChang_TPS_Division
C:/Users/USER/Unity_Program/Unity/UnityChang_TPS_Division
[UnityMemory] Configuration Parameters - Can be set up in boot.config
    "memorysetup-bucket-allocator-granularity=16"
    "memorysetup-bucket-allocator-bucket-count=8"
    "memorysetup-bucket-allocator-block-size=33554432"
    "memorysetup-bucket-allocator-block-count=8"
    "memorysetup-main-allocator-block-size=16777216"
    "memorysetup-thread-allocator-block-size=16777216"
    "memorysetup-gfx-main-allocator-block-size=16777216"
    "memorysetup-gfx-thread-allocator-block-size=16777216"
    "memorysetup-cache-allocator-block-size=4194304"
    "memorysetup-typetree-allocator-block-size=2097152"
    "memorysetup-profiler-bucket-allocator-granularity=16"
    "memorysetup-profiler-bucket-allocator-bucket-count=8"
    "memorysetup-profiler-bucket-allocator-block-size=33554432"
    "memorysetup-profiler-bucket-allocator-block-count=8"
    "memorysetup-profiler-allocator-block-size=16777216"
    "memorysetup-profiler-editor-allocator-block-size=1048576"
    "memorysetup-temp-allocator-size-main=16777216"
    "memorysetup-job-temp-allocator-block-size=2097152"
    "memorysetup-job-temp-allocator-block-size-background=1048576"
    "memorysetup-job-temp-allocator-reduction-small-platforms=262144"
    "memorysetup-temp-allocator-size-background-worker=32768"
    "memorysetup-temp-allocator-size-job-worker=262144"
    "memorysetup-temp-allocator-size-preload-manager=33554432"
    "memorysetup-temp-allocator-size-nav-mesh-worker=65536"
    "memorysetup-temp-allocator-size-audio-worker=65536"
    "memorysetup-temp-allocator-size-cloud-worker=32768"
    "memorysetup-temp-allocator-size-gi-baking-worker=262144"
    "memorysetup-temp-allocator-size-gfx=262144"
Refreshing native plugins compatible for Editor in 144.50 ms, found 3 plugins.
Preloading 0 native plugins for Editor in 0.00 ms.
Initialize engine version: 2021.3.7f1 (24e8595d6d43)
[Subsystems] Discovering subsystems at path C:/Program Files/Unity/Hub/Editor/2021.3.7f1/Editor/Data/Resources/UnitySubsystems
[Subsystems] Discovering subsystems at path C:/Users/USER/Unity_Program/Unity/UnityChang_TPS_Division/Assets
GfxDevice: creating device client; threaded=0; jobified=0
Direct3D:
    Version:  Direct3D 11.0 [level 11.1]
    Renderer: NVIDIA GeForce RTX 2070 (ID=0x1f14)
    Vendor:   NVIDIA
    VRAM:     8031 MB
    Driver:   30.0.15.1165
Initialize mono
Mono path[0] = 'C:/Program Files/Unity/Hub/Editor/2021.3.7f1/Editor/Data/Managed'
Mono path[1] = 'C:/Program Files/Unity/Hub/Editor/2021.3.7f1/Editor/Data/MonoBleedingEdge/lib/mono/unityjit-win32'
Mono config path = 'C:/Program Files/Unity/Hub/Editor/2021.3.7f1/Editor/Data/MonoBleedingEdge/etc'
Using monoOptions --debugger-agent=transport=dt_socket,embedding=1,server=y,suspend=n,address=127.0.0.1:56988
Begin MonoManager ReloadAssembly
Registering precompiled unity dll's ...
Register platform support module: C:/Program Files/Unity/Hub/Editor/2021.3.7f1/Editor/Data/PlaybackEngines/WindowsStandaloneSupport/UnityEditor.WindowsStandalone.Extensions.dll
Registered in 0.006912 seconds.
Native extension for WindowsStandalone target not found
Refreshing native plugins compatible for Editor in 135.90 ms, found 3 plugins.
Preloading 0 native plugins for Editor in 0.00 ms.
Mono: successfully reloaded assembly
- Completed reload, in  0.753 seconds
Domain Reload Profiling:
	ReloadAssembly (754ms)
		BeginReloadAssembly (68ms)
			ExecutionOrderSort (0ms)
			DisableScriptedObjects (0ms)
			BackupInstance (0ms)
			ReleaseScriptingObjects (0ms)
			CreateAndSetChildDomain (1ms)
		EndReloadAssembly (499ms)
			LoadAssemblies (66ms)
			RebuildTransferFunctionScriptingTraits (0ms)
			SetupTypeCache (108ms)
			ReleaseScriptCaches (0ms)
			RebuildScriptCaches (24ms)
			SetupLoadedEditorAssemblies (317ms)
				LogAssemblyErrors (0ms)
				InitializePlatformSupportModulesInManaged (8ms)
				SetLoadedEditorAssemblies (0ms)
				RefreshPlugins (136ms)
				BeforeProcessingInitializeOnLoad (1ms)
				ProcessInitializeOnLoadAttributes (115ms)
				ProcessInitializeOnLoadMethodAttributes (57ms)
				AfterProcessingInitializeOnLoad (0ms)
				EditorAssembliesLoaded (0ms)
			ExecutionOrderSort2 (0ms)
			AwakeInstancesAfterBackupRestoration (0ms)
Platform modules already initialized, skipping
Registering precompiled user dll's ...
Registered in 0.008713 seconds.
Begin MonoManager ReloadAssembly
Symbol file LoadedFromMemory doesn't match image C:\Users\USER\Unity_Program\Unity\UnityChang_TPS_Division\Library\PackageCache\com.unity.visualscripting@1.7.8\Editor\VisualScripting.Core\Dependencies\YamlDotNet\Unity.VisualScripting.YamlDotNet.dll
Symbol file LoadedFromMemory doesn't match image C:\Users\USER\Unity_Program\Unity\UnityChang_TPS_Division\Library\PackageCache\com.unity.visualscripting@1.7.8\Editor\VisualScripting.Core\Dependencies\DotNetZip\Unity.VisualScripting.IonicZip.dll
Native extension for WindowsStandalone target not found
Refreshing native plugins compatible for Editor in 160.10 ms, found 3 plugins.
Preloading 0 native plugins for Editor in 0.00 ms.
Mono: successfully reloaded assembly
- Completed reload, in  1.551 seconds
Domain Reload Profiling:
	ReloadAssembly (1551ms)
		BeginReloadAssembly (111ms)
			ExecutionOrderSort (0ms)
			DisableScriptedObjects (5ms)
			BackupInstance (0ms)
			ReleaseScriptingObjects (0ms)
			CreateAndSetChildDomain (19ms)
		EndReloadAssembly (1323ms)
			LoadAssemblies (90ms)
			RebuildTransferFunctionScriptingTraits (0ms)
			SetupTypeCache (320ms)
			ReleaseScriptCaches (1ms)
			RebuildScriptCaches (80ms)
			SetupLoadedEditorAssemblies (780ms)
				LogAssemblyErrors (0ms)
				InitializePlatformSupportModulesInManaged (5ms)
				SetLoadedEditorAssemblies (0ms)
				RefreshPlugins (160ms)
				BeforeProcessingInitializeOnLoad (132ms)
				ProcessInitializeOnLoadAttributes (394ms)
				ProcessInitializeOnLoadMethodAttributes (80ms)
				AfterProcessingInitializeOnLoad (9ms)
				EditorAssembliesLoaded (0ms)
			ExecutionOrderSort2 (0ms)
			AwakeInstancesAfterBackupRestoration (8ms)
Platform modules already initialized, skipping
========================================================================
Worker process is ready to serve import requests
Launched and connected shader compiler UnityShaderCompiler.exe after 0.04 seconds
Refreshing native plugins compatible for Editor in 1.23 ms, found 3 plugins.
Preloading 0 native plugins for Editor in 0.00 ms.
Unloading 6248 Unused Serialized files (Serialized files now loaded: 0)
Unloading 52 unused Assets / (0.8 MB). Loaded Objects now: 6709.
Memory consumption went from 256.8 MB to 256.0 MB.
Total: 5.001800 ms (FindLiveObjects: 1.043700 ms CreateObjectMapping: 0.700000 ms MarkObjects: 2.920500 ms  DeleteObjects: 0.337000 ms)

AssetImportParameters requested are different than current active one (requested -> active):
  custom:video-decoder-ogg-theora: a1e56fd34408186e4bbccfd4996cb3dc -> 
  custom:container-muxer-webm: aa71ff27fc2769a1b78a27578f13a17b -> 
  custom:container-demuxer-webm: 4f35f7cbe854078d1ac9338744f61a02 -> 
  custom:video-encoder-webm-vp8: eb34c28f22e8b96e1ab97ce403110664 -> 
  custom:audio-encoder-webm-vorbis: bf7c407c2cedff20999df2af8eb42d56 -> 
  custom:framework-win-MediaFoundation: 216162199b28c13a410421893ffa2e32 -> 
  custom:container-demuxer-ogg: 62fdf1f143b41e24485cea50d1cbac27 -> 
  custom:video-decoder-webm-vp8: 9c59270c3fd7afecdb556c50c9e8de78 -> 
  custom:audio-decoder-ogg-vorbis: bf7c407c2cedff20999df2af8eb42d56 -> 
========================================================================
Received Import Request.
  Time since last request: 33739.303564 seconds.
  path: Assets/AssetStoreOriginals/_SNAPS_PrototypingAssets/ModernOffice_Interior/Prefabs/NestedPrefab/Corridor_Joint.prefab
  artifactKey: Guid(bbed235af7182284dbd1847f47029fcb) Importer(815301076,1909f56bfc062723c751e8b465ee728b)
Start importing Assets/AssetStoreOriginals/_SNAPS_PrototypingAssets/ModernOffice_Interior/Prefabs/NestedPrefab/Corridor_Joint.prefab using Guid(bbed235af7182284dbd1847f47029fcb) Importer(815301076,1909f56bfc062723c751e8b465ee728b)  -> (artifact id: '79b6dde6d848b33aaad0a31d077fd06d') in 0.353708 seconds 
========================================================================
Received Import Request.
  Time since last request: 1.929494 seconds.
  path: Assets/AssetStoreOriginals/_SNAPS_PrototypingAssets/ModernOffice_Interior/Prefabs/Props/AirDuct_01_snaps001.prefab
  artifactKey: Guid(f8531c0160b625746812ddd8f8a3f1cf) Importer(815301076,1909f56bfc062723c751e8b465ee728b)
Start importing Assets/AssetStoreOriginals/_SNAPS_PrototypingAssets/ModernOffice_Interior/Prefabs/Props/AirDuct_01_snaps001.prefab using Guid(f8531c0160b625746812ddd8f8a3f1cf) Importer(815301076,1909f56bfc062723c751e8b465ee728b)  -> (artifact id: '48f45122b72c8f1c1c48d1cf08310cb6') in 0.018761 seconds 
========================================================================
Received Import Request.
  Time since last request: 0.000030 seconds.
  path: Assets/AssetStoreOriginals/_SNAPS_PrototypingAssets/ModernOffice_Interior/Prefabs/Props/Monitor_02_snaps001.prefab
  artifactKey: Guid(75d11b34eb0b1f845ae47ec3b97a5e13) Importer(815301076,1909f56bfc062723c751e8b465ee728b)
Start importing Assets/AssetStoreOriginals/_SNAPS_PrototypingAssets/ModernOffice_Interior/Prefabs/Props/Monitor_02_snaps001.prefab using Guid(75d11b34eb0b1f845ae47ec3b97a5e13) Importer(815301076,1909f56bfc062723c751e8b465ee728b)  -> (artifact id: 'ff1ffa10ed3f3e5061b62eed77e779a7') in 0.025235 seconds 
========================================================================
Received Import Request.
  Time since last request: 0.000028 seconds.
  path: Assets/AssetStoreOriginals/_SNAPS_PrototypingAssets/ModernOffice_Interior/Prefabs/Props/PotPlant_02_snaps001.prefab
  artifactKey: Guid(09bbc701d5952e2479584092953ee7a4) Importer(815301076,1909f56bfc062723c751e8b465ee728b)
Start importing Assets/AssetStoreOriginals/_SNAPS_PrototypingAssets/ModernOffice_Interior/Prefabs/Props/PotPlant_02_snaps001.prefab using Guid(09bbc701d5952e2479584092953ee7a4) Importer(815301076,1909f56bfc062723c751e8b465ee728b)  -> (artifact id: 'fa2be7bd28d9b3e751dc02f43f695316') in 0.020066 seconds 
========================================================================
Received Import Request.
  Time since last request: 0.000028 seconds.
  path: Assets/AssetStoreOriginals/_SNAPS_PrototypingAssets/ModernOffice_Interior/Prefabs/Props/Monitor_01_snaps001.prefab
  artifactKey: Guid(a5a328fd0bdbc82418c900ec0e290bd4) Importer(815301076,1909f56bfc062723c751e8b465ee728b)
Start importing Assets/AssetStoreOriginals/_SNAPS_PrototypingAssets/ModernOffice_Interior/Prefabs/Props/Monitor_01_snaps001.prefab using Guid(a5a328fd0bdbc82418c900ec0e290bd4) Importer(815301076,1909f56bfc062723c751e8b465ee728b)  -> (artifact id: 'd0624a1a6334abd090786762c11eddf6') in 0.018535 seconds 
========================================================================
Received Import Request.
  Time since last request: 0.000031 seconds.
  path: Assets/AssetStoreOriginals/_SNAPS_PrototypingAssets/ModernOffice_Interior/Prefabs/Props/ComputerDesk_01_snaps001.prefab
  artifactKey: Guid(1311ead9e03725440bcd145a4ddd5518) Importer(815301076,1909f56bfc062723c751e8b465ee728b)
Start importing Assets/AssetStoreOriginals/_SNAPS_PrototypingAssets/ModernOffice_Interior/Prefabs/Props/ComputerDesk_01_snaps001.prefab using Guid(1311ead9e03725440bcd145a4ddd5518) Importer(815301076,1909f56bfc062723c751e8b465ee728b)  -> (artifact id: 'fefdc9dede4d9f8189ef9cc400d8889b') in 0.019284 seconds 
========================================================================
Received Import Request.
  Time since last request: 0.000024 seconds.
  path: Assets/AssetStoreOriginals/_SNAPS_PrototypingAssets/ModernOffice_Interior/Prefabs/Props/Cabinet_04_snaps001.prefab
  artifactKey: Guid(6ceca4d01ca8690498194787a589d0ea) Importer(815301076,1909f56bfc062723c751e8b465ee728b)
Start importing Assets/AssetStoreOriginals/_SNAPS_PrototypingAssets/ModernOffice_Interior/Prefabs/Props/Cabinet_04_snaps001.prefab using Guid(6ceca4d01ca8690498194787a589d0ea) Importer(815301076,1909f56bfc062723c751e8b465ee728b)  -> (artifact id: '3c05a556c9ed63aeb81d67cb5a04dee1') in 0.018105 seconds 
========================================================================
Received Import Request.
  Time since last request: 0.000026 seconds.
  path: Assets/AssetStoreOriginals/_SNAPS_PrototypingAssets/ModernOffice_Interior/Prefabs/Props/PenHolder_01_snaps001.prefab
  artifactKey: Guid(0547e5926fd68ea4993c6af3be8769e0) Importer(815301076,1909f56bfc062723c751e8b465ee728b)
Start importing Assets/AssetStoreOriginals/_SNAPS_PrototypingAssets/ModernOffice_Interior/Prefabs/Props/PenHolder_01_snaps001.prefab using Guid(0547e5926fd68ea4993c6af3be8769e0) Importer(815301076,1909f56bfc062723c751e8b465ee728b)  -> (artifact id: '371f216a6966ed08f2165007da897a62') in 0.017617 seconds 
========================================================================
Received Import Request.
  Time since last request: 0.000032 seconds.
  path: Assets/AssetStoreOriginals/_SNAPS_PrototypingAssets/ModernOffice_Interior/Prefabs/Props/Cabinet_03_snaps001.prefab
  artifactKey: Guid(52e174db68e69754b9b080b25a308977) Importer(815301076,1909f56bfc062723c751e8b465ee728b)
Start importing Assets/AssetStoreOriginals/_SNAPS_PrototypingAssets/ModernOffice_Interior/Prefabs/Props/Cabinet_03_snaps001.prefab using Guid(52e174db68e69754b9b080b25a308977) Importer(815301076,1909f56bfc062723c751e8b465ee728b)  -> (artifact id: 'ad148df83d437a41a0fdabe1cd2d564d') in 0.017982 seconds 
========================================================================
Received Import Request.
  Time since last request: 0.000023 seconds.
  path: Assets/AssetStoreOriginals/_SNAPS_PrototypingAssets/ModernOffice_Interior/Prefabs/Props/PaperTray_01_snaps001.prefab
  artifactKey: Guid(e8d3a72b8c8548f469a0a533f1fbe295) Importer(815301076,1909f56bfc062723c751e8b465ee728b)
Start importing Assets/AssetStoreOriginals/_SNAPS_PrototypingAssets/ModernOffice_Interior/Prefabs/Props/PaperTray_01_snaps001.prefab using Guid(e8d3a72b8c8548f469a0a533f1fbe295) Importer(815301076,1909f56bfc062723c751e8b465ee728b)  -> (artifact id: 'd87c90084efad054cc94350268eac5fb') in 0.017202 seconds 
========================================================================
Received Import Request.
  Time since last request: 0.000026 seconds.
  path: Assets/AssetStoreOriginals/_SNAPS_PrototypingAssets/ModernOffice_Interior/Prefabs/Props/PaperTray_02_snaps001.prefab
  artifactKey: Guid(106e0f600ce0361469ff2428db6b7abc) Importer(815301076,1909f56bfc062723c751e8b465ee728b)
Start importing Assets/AssetStoreOriginals/_SNAPS_PrototypingAssets/ModernOffice_Interior/Prefabs/Props/PaperTray_02_snaps001.prefab using Guid(106e0f600ce0361469ff2428db6b7abc) Importer(815301076,1909f56bfc062723c751e8b465ee728b)  -> (artifact id: 'a0cc97d5074652f4bf6a0e8e0ed924b6') in 0.020063 seconds 
========================================================================
Received Import Request.
  Time since last request: 0.000022 seconds.
  path: Assets/AssetStoreOriginals/_SNAPS_PrototypingAssets/ModernOffice_Interior/Prefabs/Props/Printer01_snaps001.prefab
  artifactKey: Guid(91449bd0e8b9dce41803f9c79a993462) Importer(815301076,1909f56bfc062723c751e8b465ee728b)
Start importing Assets/AssetStoreOriginals/_SNAPS_PrototypingAssets/ModernOffice_Interior/Prefabs/Props/Printer01_snaps001.prefab using Guid(91449bd0e8b9dce41803f9c79a993462) Importer(815301076,1909f56bfc062723c751e8b465ee728b)  -> (artifact id: '7f163495562db1c0edad5a1a459f7d0c') in 0.022554 seconds 
========================================================================
Received Import Request.
  Time since last request: 0.000028 seconds.
  path: Assets/AssetStoreOriginals/_SNAPS_PrototypingAssets/ModernOffice_Interior/Prefabs/Props/Cabinet_02_snaps001.prefab
  artifactKey: Guid(eab9a1e97bf14904698f6ed18fd7e3e2) Importer(815301076,1909f56bfc062723c751e8b465ee728b)
Start importing Assets/AssetStoreOriginals/_SNAPS_PrototypingAssets/ModernOffice_Interior/Prefabs/Props/Cabinet_02_snaps001.prefab using Guid(eab9a1e97bf14904698f6ed18fd7e3e2) Importer(815301076,1909f56bfc062723c751e8b465ee728b)  -> (artifact id: '64905c5344e444c75bebe2f4b8b21478') in 0.019441 seconds 
========================================================================
Received Import Request.
  Time since last request: 0.000031 seconds.
  path: Assets/AssetStoreOriginals/_SNAPS_PrototypingAssets/ModernOffice_Interior/Prefabs/Props/PotPlant_01_snaps001.prefab
  artifactKey: Guid(7e4d0f164b07d6045919c269526fcd64) Importer(815301076,1909f56bfc062723c751e8b465ee728b)
Start importing Assets/AssetStoreOriginals/_SNAPS_PrototypingAssets/ModernOffice_Interior/Prefabs/Props/PotPlant_01_snaps001.prefab using Guid(7e4d0f164b07d6045919c269526fcd64) Importer(815301076,1909f56bfc062723c751e8b465ee728b)  -> (artifact id: '6d8f03428d5356a4336526b9f5663f5a') in 0.018607 seconds 
========================================================================
Received Import Request.
  Time since last request: 0.000024 seconds.
  path: Assets/AssetStoreOriginals/_SNAPS_PrototypingAssets/ModernOffice_Interior/Prefabs/Props/Shelf_02_snaps001.prefab
  artifactKey: Guid(cdc15feda7052534a82cd0a14afc130f) Importer(815301076,1909f56bfc062723c751e8b465ee728b)
Start importing Assets/AssetStoreOriginals/_SNAPS_PrototypingAssets/ModernOffice_Interior/Prefabs/Props/Shelf_02_snaps001.prefab using Guid(cdc15feda7052534a82cd0a14afc130f) Importer(815301076,1909f56bfc062723c751e8b465ee728b)  -> (artifact id: 'e0701b14444b8d053d6fd1fa784d1384') in 0.016432 seconds 
========================================================================
Received Import Request.
  Time since last request: 0.000028 seconds.
  path: Assets/AssetStoreOriginals/_SNAPS_PrototypingAssets/ModernOffice_Interior/Prefabs/Props/StairCase_01_snaps001.prefab
  artifactKey: Guid(36d22ed5102e16246b559668ee32f0f9) Importer(815301076,1909f56bfc062723c751e8b465ee728b)
Start importing Assets/AssetStoreOriginals/_SNAPS_PrototypingAssets/ModernOffice_Interior/Prefabs/Props/StairCase_01_snaps001.prefab using Guid(36d22ed5102e16246b559668ee32f0f9) Importer(815301076,1909f56bfc062723c751e8b465ee728b)  -> (artifact id: 'bcda028f86d9e416ce68bf82c540904d') in 0.018643 seconds 
========================================================================
Received Import Request.
  Time since last request: 22.599002 seconds.
  path: Assets/AssetStoreOriginals/_SNAPS_PrototypingAssets/ModernOffice_Interior/Prefabs/SNAPS_NoHD/Neo_Ceiling_01_snaps001.prefab
  artifactKey: Guid(bd24722836be19f498fbdddf91572e01) Importer(815301076,1909f56bfc062723c751e8b465ee728b)
Start importing Assets/AssetStoreOriginals/_SNAPS_PrototypingAssets/ModernOffice_Interior/Prefabs/SNAPS_NoHD/Neo_Ceiling_01_snaps001.prefab using Guid(bd24722836be19f498fbdddf91572e01) Importer(815301076,1909f56bfc062723c751e8b465ee728b)  -> (artifact id: 'a43767d5d4f3e0a5aa20962c7a070dfd') in 0.016044 seconds 
========================================================================
Received Import Request.
  Time since last request: 0.000041 seconds.
  path: Assets/AssetStoreOriginals/_SNAPS_PrototypingAssets/ModernOffice_Interior/Prefabs/SNAPS_NoHD/Neo_Wall_4m_snaps001.prefab
  artifactKey: Guid(cd6649c2928f310498660dcff07705ac) Importer(815301076,1909f56bfc062723c751e8b465ee728b)
Start importing Assets/AssetStoreOriginals/_SNAPS_PrototypingAssets/ModernOffice_Interior/Prefabs/SNAPS_NoHD/Neo_Wall_4m_snaps001.prefab using Guid(cd6649c2928f310498660dcff07705ac) Importer(815301076,1909f56bfc062723c751e8b465ee728b)  -> (artifact id: '76f5d16be6cbc61def229c4bd4f0379b') in 0.019891 seconds 
========================================================================
Received Import Request.
  Time since last request: 0.000029 seconds.
  path: Assets/AssetStoreOriginals/_SNAPS_PrototypingAssets/ModernOffice_Interior/Prefabs/SNAPS_NoHD/Neo_Pillar_01_M_4m_snaps001.prefab
  artifactKey: Guid(9716301c1f7a89c4d8969bdeda62c4a2) Importer(815301076,1909f56bfc062723c751e8b465ee728b)
Start importing Assets/AssetStoreOriginals/_SNAPS_PrototypingAssets/ModernOffice_Interior/Prefabs/SNAPS_NoHD/Neo_Pillar_01_M_4m_snaps001.prefab using Guid(9716301c1f7a89c4d8969bdeda62c4a2) Importer(815301076,1909f56bfc062723c751e8b465ee728b)  -> (artifact id: '12f73159f58914fcc1810f2354a22815') in 0.016361 seconds 
========================================================================
Received Import Request.
  Time since last request: 0.000027 seconds.
  path: Assets/AssetStoreOriginals/_SNAPS_PrototypingAssets/ModernOffice_Interior/Prefabs/SNAPS_NoHD/Neo_Pillar_02_S_4m_snaps001.prefab
  artifactKey: Guid(4f8052f790ef1c14ba9a6145196c3af5) Importer(815301076,1909f56bfc062723c751e8b465ee728b)
Start importing Assets/AssetStoreOriginals/_SNAPS_PrototypingAssets/ModernOffice_Interior/Prefabs/SNAPS_NoHD/Neo_Pillar_02_S_4m_snaps001.prefab using Guid(4f8052f790ef1c14ba9a6145196c3af5) Importer(815301076,1909f56bfc062723c751e8b465ee728b)  -> (artifact id: '6671809e0165999732be146c65834db9') in 0.016076 seconds 
========================================================================
Received Import Request.
  Time since last request: 0.000024 seconds.
  path: Assets/AssetStoreOriginals/_SNAPS_PrototypingAssets/ModernOffice_Interior/Prefabs/SNAPS_NoHD/Neo_Floor_Ceiling_03_snaps001.prefab
  artifactKey: Guid(326806cc1d34f8b418df49602410fb71) Importer(815301076,1909f56bfc062723c751e8b465ee728b)
Start importing Assets/AssetStoreOriginals/_SNAPS_PrototypingAssets/ModernOffice_Interior/Prefabs/SNAPS_NoHD/Neo_Floor_Ceiling_03_snaps001.prefab using Guid(326806cc1d34f8b418df49602410fb71) Importer(815301076,1909f56bfc062723c751e8b465ee728b)  -> (artifact id: '48334a064e898abf5479d13c353b03b8') in 0.018374 seconds 
========================================================================
Received Import Request.
  Time since last request: 0.000034 seconds.
  path: Assets/AssetStoreOriginals/_SNAPS_PrototypingAssets/ModernOffice_Interior/Prefabs/SNAPS_NoHD/Neo_Pillar_02_M_4m_snaps001.prefab
  artifactKey: Guid(fd1ecae17bcbb3548ade769d7f5b1f24) Importer(815301076,1909f56bfc062723c751e8b465ee728b)
Start importing Assets/AssetStoreOriginals/_SNAPS_PrototypingAssets/ModernOffice_Interior/Prefabs/SNAPS_NoHD/Neo_Pillar_02_M_4m_snaps001.prefab using Guid(fd1ecae17bcbb3548ade769d7f5b1f24) Importer(815301076,1909f56bfc062723c751e8b465ee728b)  -> (artifact id: 'b12f3c96aded86af9a0a3f08c963449f') in 0.019607 seconds 
========================================================================
Received Import Request.
  Time since last request: 0.000031 seconds.
  path: Assets/AssetStoreOriginals/_SNAPS_PrototypingAssets/ModernOffice_Interior/Prefabs/SNAPS_NoHD/Neo_Pillar_01_S_4m_snaps001.prefab
  artifactKey: Guid(3fe8bc8047e9fd7409031b22ecc28172) Importer(815301076,1909f56bfc062723c751e8b465ee728b)
Start importing Assets/AssetStoreOriginals/_SNAPS_PrototypingAssets/ModernOffice_Interior/Prefabs/SNAPS_NoHD/Neo_Pillar_01_S_4m_snaps001.prefab using Guid(3fe8bc8047e9fd7409031b22ecc28172) Importer(815301076,1909f56bfc062723c751e8b465ee728b)  -> (artifact id: '39b2ce1746d0129d3a9f7008ad7f5a37') in 0.018961 seconds 
========================================================================
Received Import Request.
  Time since last request: 0.000043 seconds.
  path: Assets/AssetStoreOriginals/_SNAPS_PrototypingAssets/ModernOffice_Interior/Prefabs/SNAPS_NoHD/Neo_WallWindowFrame_02_4m_snaps001.prefab
  artifactKey: Guid(5b41703580b9f54448d1e4fdbbf7efef) Importer(815301076,1909f56bfc062723c751e8b465ee728b)
Start importing Assets/AssetStoreOriginals/_SNAPS_PrototypingAssets/ModernOffice_Interior/Prefabs/SNAPS_NoHD/Neo_WallWindowFrame_02_4m_snaps001.prefab using Guid(5b41703580b9f54448d1e4fdbbf7efef) Importer(815301076,1909f56bfc062723c751e8b465ee728b)  -> (artifact id: 'dfe95c40d3ce5bf3b64bad6ac031f81d') in 0.021035 seconds 
========================================================================
Received Import Request.
  Time since last request: 0.000084 seconds.
  path: Assets/AssetStoreOriginals/_SNAPS_PrototypingAssets/ModernOffice_Interior/Prefabs/SNAPS_NoHD/Neo_Pillar_01_L_4m_snaps001.prefab
  artifactKey: Guid(60c2015a6316cec40bf8959981f04bee) Importer(815301076,1909f56bfc062723c751e8b465ee728b)
Start importing Assets/AssetStoreOriginals/_SNAPS_PrototypingAssets/ModernOffice_Interior/Prefabs/SNAPS_NoHD/Neo_Pillar_01_L_4m_snaps001.prefab using Guid(60c2015a6316cec40bf8959981f04bee) Importer(815301076,1909f56bfc062723c751e8b465ee728b)  -> (artifact id: '7dd8c5f378876ee88c344def2431934b') in 0.020671 seconds 
========================================================================
Received Import Request.
  Time since last request: 0.000025 seconds.
  path: Assets/AssetStoreOriginals/_SNAPS_PrototypingAssets/ModernOffice_Interior/Prefabs/SNAPS_NoHD/Neo_Wall_Corner_4m_snaps001.prefab
  artifactKey: Guid(5a02e34e0575a924d810efcd291923c7) Importer(815301076,1909f56bfc062723c751e8b465ee728b)
Start importing Assets/AssetStoreOriginals/_SNAPS_PrototypingAssets/ModernOffice_Interior/Prefabs/SNAPS_NoHD/Neo_Wall_Corner_4m_snaps001.prefab using Guid(5a02e34e0575a924d810efcd291923c7) Importer(815301076,1909f56bfc062723c751e8b465ee728b)  -> (artifact id: '55d627ed30b93a130f699ff9ecb2c0f4') in 0.019796 seconds 
========================================================================
Received Import Request.
  Time since last request: 0.000071 seconds.
  path: Assets/AssetStoreOriginals/_SNAPS_PrototypingAssets/ModernOffice_Interior/Prefabs/SNAPS_NoHD/Neo_Wall_Joint_4m_snaps001.prefab
  artifactKey: Guid(e1b1bc960ce75964bbcbef5953f67ad5) Importer(815301076,1909f56bfc062723c751e8b465ee728b)
Start importing Assets/AssetStoreOriginals/_SNAPS_PrototypingAssets/ModernOffice_Interior/Prefabs/SNAPS_NoHD/Neo_Wall_Joint_4m_snaps001.prefab using Guid(e1b1bc960ce75964bbcbef5953f67ad5) Importer(815301076,1909f56bfc062723c751e8b465ee728b)  -> (artifact id: 'f4a7721063a6b9a380e254b6f75b379d') in 0.016512 seconds 
========================================================================
Received Import Request.
  Time since last request: 0.701848 seconds.
  path: Assets/AssetStoreOriginals/_SNAPS_PrototypingAssets/ModernOffice_Interior/Prefabs/Structure/Doors_Windows/Classic_Window_01_snaps001.prefab
  artifactKey: Guid(285813f2f8183d548b81784d33f4ee22) Importer(815301076,1909f56bfc062723c751e8b465ee728b)
Start importing Assets/AssetStoreOriginals/_SNAPS_PrototypingAssets/ModernOffice_Interior/Prefabs/Structure/Doors_Windows/Classic_Window_01_snaps001.prefab using Guid(285813f2f8183d548b81784d33f4ee22) Importer(815301076,1909f56bfc062723c751e8b465ee728b)  -> (artifact id: 'ff7766af6c9409e5a54a1c829eb92a83') in 0.019932 seconds 
========================================================================
Received Import Request.
  Time since last request: 0.000030 seconds.
  path: Assets/AssetStoreOriginals/_SNAPS_PrototypingAssets/ModernOffice_Interior/Prefabs/Structure/Doors_Windows/Neo_Window_03_snaps001.prefab
  artifactKey: Guid(6304a01768bae4e468526e3fbe4e197b) Importer(815301076,1909f56bfc062723c751e8b465ee728b)
Start importing Assets/AssetStoreOriginals/_SNAPS_PrototypingAssets/ModernOffice_Interior/Prefabs/Structure/Doors_Windows/Neo_Window_03_snaps001.prefab using Guid(6304a01768bae4e468526e3fbe4e197b) Importer(815301076,1909f56bfc062723c751e8b465ee728b)  -> (artifact id: '54432ec86fc38a72127129cee8577607') in 0.020493 seconds 
========================================================================
Received Import Request.
  Time since last request: 1.442277 seconds.
  path: Assets/AssetStoreOriginals/_SNAPS_PrototypingAssets/ModernOffice_Interior/Prefabs/Structure/Floors_Ceilings/Neo_Ceiling_02_snaps001.prefab
  artifactKey: Guid(293e268728ae1704b931bbef9043c082) Importer(815301076,1909f56bfc062723c751e8b465ee728b)
Start importing Assets/AssetStoreOriginals/_SNAPS_PrototypingAssets/ModernOffice_Interior/Prefabs/Structure/Floors_Ceilings/Neo_Ceiling_02_snaps001.prefab using Guid(293e268728ae1704b931bbef9043c082) Importer(815301076,1909f56bfc062723c751e8b465ee728b)  -> (artifact id: '081538beda3b0354bc144e7cdff0bd25') in 0.020951 seconds 
========================================================================
Received Import Request.
  Time since last request: 0.000027 seconds.
  path: Assets/AssetStoreOriginals/_SNAPS_PrototypingAssets/ModernOffice_Interior/Prefabs/Structure/Floors_Ceilings/Neo_Floor_02_snaps001.prefab
  artifactKey: Guid(9b1b38ad56a221f4bb6ad963a1996883) Importer(815301076,1909f56bfc062723c751e8b465ee728b)
Start importing Assets/AssetStoreOriginals/_SNAPS_PrototypingAssets/ModernOffice_Interior/Prefabs/Structure/Floors_Ceilings/Neo_Floor_02_snaps001.prefab using Guid(9b1b38ad56a221f4bb6ad963a1996883) Importer(815301076,1909f56bfc062723c751e8b465ee728b)  -> (artifact id: '2727a975af5e46fa2c022ca174840458') in 0.021325 seconds 
========================================================================
Received Import Request.
  Time since last request: 0.427989 seconds.
  path: Assets/AssetStoreOriginals/_SNAPS_PrototypingAssets/ModernOffice_Interior/Prefabs/Structure/Pillars/Neo_Pillar_01_S_snaps001.prefab
  artifactKey: Guid(4c7105b1972188a4d9e81c7386f0ee8a) Importer(815301076,1909f56bfc062723c751e8b465ee728b)
Start importing Assets/AssetStoreOriginals/_SNAPS_PrototypingAssets/ModernOffice_Interior/Prefabs/Structure/Pillars/Neo_Pillar_01_S_snaps001.prefab using Guid(4c7105b1972188a4d9e81c7386f0ee8a) Importer(815301076,1909f56bfc062723c751e8b465ee728b)  -> (artifact id: '3a83be8b77be278852c5b7c224e8b6df') in 0.017416 seconds 
========================================================================
Received Import Request.
  Time since last request: 0.000023 seconds.
  path: Assets/AssetStoreOriginals/_SNAPS_PrototypingAssets/ModernOffice_Interior/Prefabs/Structure/Pillars/Neo_Pillar_02_S_snaps001.prefab
  artifactKey: Guid(21b6cde9dbed3ae40a6a352e6c11be55) Importer(815301076,1909f56bfc062723c751e8b465ee728b)
Start importing Assets/AssetStoreOriginals/_SNAPS_PrototypingAssets/ModernOffice_Interior/Prefabs/Structure/Pillars/Neo_Pillar_02_S_snaps001.prefab using Guid(21b6cde9dbed3ae40a6a352e6c11be55) Importer(815301076,1909f56bfc062723c751e8b465ee728b)  -> (artifact id: 'ba1e07d01a72c265993bd948035cde20') in 0.018619 seconds 
========================================================================
Received Import Request.
  Time since last request: 0.353859 seconds.
  path: Assets/AssetStoreOriginals/_SNAPS_PrototypingAssets/ModernOffice_Interior/Prefabs/Structure/Walls/Classic_Wall_snaps001.prefab
  artifactKey: Guid(aef7c887e1f419b45b3e480ff017b110) Importer(815301076,1909f56bfc062723c751e8b465ee728b)
Start importing Assets/AssetStoreOriginals/_SNAPS_PrototypingAssets/ModernOffice_Interior/Prefabs/Structure/Walls/Classic_Wall_snaps001.prefab using Guid(aef7c887e1f419b45b3e480ff017b110) Importer(815301076,1909f56bfc062723c751e8b465ee728b)  -> (artifact id: '5c855f5bc3cff21a0556b1631d088003') in 0.021975 seconds 
========================================================================
Received Import Request.
  Time since last request: 0.000042 seconds.
  path: Assets/AssetStoreOriginals/_SNAPS_PrototypingAssets/ModernOffice_Interior/Prefabs/Structure/Walls/Neo_WallWindowFrame_03_snaps001.prefab
  artifactKey: Guid(ba119e6cbefaaa641aeef16f2b469789) Importer(815301076,1909f56bfc062723c751e8b465ee728b)
Start importing Assets/AssetStoreOriginals/_SNAPS_PrototypingAssets/ModernOffice_Interior/Prefabs/Structure/Walls/Neo_WallWindowFrame_03_snaps001.prefab using Guid(ba119e6cbefaaa641aeef16f2b469789) Importer(815301076,1909f56bfc062723c751e8b465ee728b)  -> (artifact id: '2a297b2c7240ee7515b6188ecd1c99c3') in 0.028310 seconds 
========================================================================
Received Import Request.
  Time since last request: 0.000039 seconds.
  path: Assets/AssetStoreOriginals/_SNAPS_PrototypingAssets/ModernOffice_Interior/Prefabs/Structure/Walls/Classic_WallWindowFrame_01_snaps001.prefab
  artifactKey: Guid(968483ee22b5faa4fbc63a7da9069c8d) Importer(815301076,1909f56bfc062723c751e8b465ee728b)
Start importing Assets/AssetStoreOriginals/_SNAPS_PrototypingAssets/ModernOffice_Interior/Prefabs/Structure/Walls/Classic_WallWindowFrame_01_snaps001.prefab using Guid(968483ee22b5faa4fbc63a7da9069c8d) Importer(815301076,1909f56bfc062723c751e8b465ee728b)  -> (artifact id: '6be4452e4d25468aba84ad6ce3ae1713') in 0.025501 seconds 
========================================================================
Received Import Request.
  Time since last request: 0.000026 seconds.
  path: Assets/AssetStoreOriginals/_SNAPS_PrototypingAssets/ModernOffice_Interior/Prefabs/Structure/Walls/Neo_WallWindowFrame_01_snaps001.prefab
  artifactKey: Guid(a6cfa23a67009a041bb5b424e08f6a6c) Importer(815301076,1909f56bfc062723c751e8b465ee728b)
Start importing Assets/AssetStoreOriginals/_SNAPS_PrototypingAssets/ModernOffice_Interior/Prefabs/Structure/Walls/Neo_WallWindowFrame_01_snaps001.prefab using Guid(a6cfa23a67009a041bb5b424e08f6a6c) Importer(815301076,1909f56bfc062723c751e8b465ee728b)  -> (artifact id: '4d0b8f13046c9f6e1094df60e4fad95d') in 0.019879 seconds 
========================================================================
Received Import Request.
  Time since last request: 0.000025 seconds.
  path: Assets/AssetStoreOriginals/_SNAPS_PrototypingAssets/ModernOffice_Interior/Prefabs/Structure/Walls/Classic_WallWindowFrame_02_snaps001.prefab
  artifactKey: Guid(19cb042b07d2f2e4585682c3d6afb7bf) Importer(815301076,1909f56bfc062723c751e8b465ee728b)
Start importing Assets/AssetStoreOriginals/_SNAPS_PrototypingAssets/ModernOffice_Interior/Prefabs/Structure/Walls/Classic_WallWindowFrame_02_snaps001.prefab using Guid(19cb042b07d2f2e4585682c3d6afb7bf) Importer(815301076,1909f56bfc062723c751e8b465ee728b)  -> (artifact id: '5a7b2600a065f6a444eb7f0b90bec29f') in 0.020722 seconds 
========================================================================
Received Import Request.
  Time since last request: 0.000034 seconds.
  path: Assets/AssetStoreOriginals/_SNAPS_PrototypingAssets/ModernOffice_Interior/Prefabs/Structure/Walls/Neo_WallWindow_03_snaps001.prefab
  artifactKey: Guid(ad9ac39afd89d5b4eb630c125e167a9b) Importer(815301076,1909f56bfc062723c751e8b465ee728b)
Start importing Assets/AssetStoreOriginals/_SNAPS_PrototypingAssets/ModernOffice_Interior/Prefabs/Structure/Walls/Neo_WallWindow_03_snaps001.prefab using Guid(ad9ac39afd89d5b4eb630c125e167a9b) Importer(815301076,1909f56bfc062723c751e8b465ee728b)  -> (artifact id: '49cd4e25e5a6098049da09e5ba1819e3') in 0.021748 seconds 
========================================================================
Received Import Request.
  Time since last request: 0.000033 seconds.
  path: Assets/AssetStoreOriginals/_SNAPS_PrototypingAssets/ModernOffice_Interior/Prefabs/Structure/Walls/Classic_WallDoubleDoors_01_snaps001.prefab
  artifactKey: Guid(3cd7bc5de3ff05f49ab503add0f0f2d0) Importer(815301076,1909f56bfc062723c751e8b465ee728b)
Start importing Assets/AssetStoreOriginals/_SNAPS_PrototypingAssets/ModernOffice_Interior/Prefabs/Structure/Walls/Classic_WallDoubleDoors_01_snaps001.prefab using Guid(3cd7bc5de3ff05f49ab503add0f0f2d0) Importer(815301076,1909f56bfc062723c751e8b465ee728b)  -> (artifact id: '64b96488dc44bba3888314de5746c38d') in 0.022339 seconds 
========================================================================
Received Prepare
Registering precompiled user dll's ...
Registered in 0.007004 seconds.
Begin MonoManager ReloadAssembly
Symbol file LoadedFromMemory doesn't match image C:\Users\USER\Unity_Program\Unity\UnityChang_TPS_Division\Library\PackageCache\com.unity.visualscripting@1.7.8\Editor\VisualScripting.Core\Dependencies\YamlDotNet\Unity.VisualScripting.YamlDotNet.dll
Symbol file LoadedFromMemory doesn't match image C:\Users\USER\Unity_Program\Unity\UnityChang_TPS_Division\Library\PackageCache\com.unity.visualscripting@1.7.8\Editor\VisualScripting.Core\Dependencies\DotNetZip\Unity.VisualScripting.IonicZip.dll
Native extension for WindowsStandalone target not found
Refreshing native plugins compatible for Editor in 1.46 ms, found 3 plugins.
Preloading 0 native plugins for Editor in 0.00 ms.
Mono: successfully reloaded assembly
- Completed reload, in  1.586 seconds
Domain Reload Profiling:
	ReloadAssembly (1588ms)
		BeginReloadAssembly (187ms)
			ExecutionOrderSort (0ms)
			DisableScriptedObjects (11ms)
			BackupInstance (0ms)
			ReleaseScriptingObjects (0ms)
			CreateAndSetChildDomain (61ms)
		EndReloadAssembly (1197ms)
			LoadAssemblies (108ms)
			RebuildTransferFunctionScriptingTraits (0ms)
			SetupTypeCache (341ms)
			ReleaseScriptCaches (3ms)
			RebuildScriptCaches (53ms)
			SetupLoadedEditorAssemblies (591ms)
				LogAssemblyErrors (0ms)
				InitializePlatformSupportModulesInManaged (13ms)
				SetLoadedEditorAssemblies (0ms)
				RefreshPlugins (2ms)
				BeforeProcessingInitializeOnLoad (111ms)
				ProcessInitializeOnLoadAttributes (369ms)
				ProcessInitializeOnLoadMethodAttributes (83ms)
				AfterProcessingInitializeOnLoad (13ms)
				EditorAssembliesLoaded (0ms)
			ExecutionOrderSort2 (0ms)
			AwakeInstancesAfterBackupRestoration (28ms)
Platform modules already initialized, skipping
Refreshing native plugins compatible for Editor in 2.87 ms, found 3 plugins.
Preloading 0 native plugins for Editor in 0.00 ms.
Unloading 6091 Unused Serialized files (Serialized files now loaded: 0)
Unloading 31 unused Assets / (0.8 MB). Loaded Objects now: 6782.
Memory consumption went from 256.3 MB to 255.5 MB.
Total: 4.248300 ms (FindLiveObjects: 0.405200 ms CreateObjectMapping: 0.356500 ms MarkObjects: 2.844800 ms  DeleteObjects: 0.641000 ms)

AssetImportParameters requested are different than current active one (requested -> active):
  custom:video-decoder-ogg-theora: a1e56fd34408186e4bbccfd4996cb3dc -> 
  custom:container-muxer-webm: aa71ff27fc2769a1b78a27578f13a17b -> 
  custom:container-demuxer-webm: 4f35f7cbe854078d1ac9338744f61a02 -> 
  custom:video-encoder-webm-vp8: eb34c28f22e8b96e1ab97ce403110664 -> 
  custom:audio-encoder-webm-vorbis: bf7c407c2cedff20999df2af8eb42d56 -> 
  custom:framework-win-MediaFoundation: 216162199b28c13a410421893ffa2e32 -> 
  custom:container-demuxer-ogg: 62fdf1f143b41e24485cea50d1cbac27 -> 
  custom:video-decoder-webm-vp8: 9c59270c3fd7afecdb556c50c9e8de78 -> 
  custom:audio-decoder-ogg-vorbis: bf7c407c2cedff20999df2af8eb42d56 -> 
========================================================================
Received Import Request.
  Time since last request: 3218.940559 seconds.
  path: Packages/com.unity.render-pipelines.universal/Shaders/BakedLitForwardPass.hlsl
  artifactKey: Guid(70003ec87ea6481a920369a377c1b623) Importer(815301076,1909f56bfc062723c751e8b465ee728b)
Start importing Packages/com.unity.render-pipelines.universal/Shaders/BakedLitForwardPass.hlsl using Guid(70003ec87ea6481a920369a377c1b623) Importer(815301076,1909f56bfc062723c751e8b465ee728b)  -> (artifact id: 'd9b7bc1b6544ce9ae4448bf886b60d2f') in 0.092789 seconds 
========================================================================
Received Import Request.
  Time since last request: 0.000066 seconds.
  path: Packages/com.unity.render-pipelines.universal/Shaders/ShadowCasterPass.hlsl
  artifactKey: Guid(9a48a2987a0e11645adf07fe4a8d5ec9) Importer(815301076,1909f56bfc062723c751e8b465ee728b)
Start importing Packages/com.unity.render-pipelines.universal/Shaders/ShadowCasterPass.hlsl using Guid(9a48a2987a0e11645adf07fe4a8d5ec9) Importer(815301076,1909f56bfc062723c751e8b465ee728b)  -> (artifact id: '77d3b7afeef4e5a8271fe3ba0b237090') in 0.009413 seconds 
========================================================================
Received Import Request.
  Time since last request: 0.000029 seconds.
  path: Packages/com.unity.render-pipelines.universal/Shaders/BakedLitInput.hlsl
  artifactKey: Guid(463a8185744c2459f8e621f4e4eb74d3) Importer(815301076,1909f56bfc062723c751e8b465ee728b)
Start importing Packages/com.unity.render-pipelines.universal/Shaders/BakedLitInput.hlsl using Guid(463a8185744c2459f8e621f4e4eb74d3) Importer(815301076,1909f56bfc062723c751e8b465ee728b)  -> (artifact id: 'f1c641dc5172166d8a7e2b1f6cfab888') in 0.008991 seconds 
========================================================================
Received Import Request.
  Time since last request: 0.000036 seconds.
  path: Packages/com.unity.render-pipelines.universal/Shaders/LitInput.hlsl
  artifactKey: Guid(c46f85bf266d7496d9b3659acfbdc711) Importer(815301076,1909f56bfc062723c751e8b465ee728b)
Start importing Packages/com.unity.render-pipelines.universal/Shaders/LitInput.hlsl using Guid(c46f85bf266d7496d9b3659acfbdc711) Importer(815301076,1909f56bfc062723c751e8b465ee728b)  -> (artifact id: '0fe4a783b6f77fafd0be33031337171c') in 0.009762 seconds 
========================================================================
Received Import Request.
  Time since last request: 0.000019 seconds.
  path: Packages/com.unity.render-pipelines.universal/Shaders/Lit.shader
  artifactKey: Guid(933532a4fcc9baf4fa0491de14d08ed7) Importer(815301076,1909f56bfc062723c751e8b465ee728b)
Start importing Packages/com.unity.render-pipelines.universal/Shaders/Lit.shader using Guid(933532a4fcc9baf4fa0491de14d08ed7) Importer(815301076,1909f56bfc062723c751e8b465ee728b)  -> (artifact id: '7d208263ec8043bc132c71a955ce5543') in 0.009330 seconds 
========================================================================
Received Import Request.
  Time since last request: 0.000026 seconds.
  path: Packages/com.unity.render-pipelines.universal/Shaders/LitForwardPass.hlsl
  artifactKey: Guid(116bd973269b9f741b7177c8523b9e50) Importer(815301076,1909f56bfc062723c751e8b465ee728b)
Start importing Packages/com.unity.render-pipelines.universal/Shaders/LitForwardPass.hlsl using Guid(116bd973269b9f741b7177c8523b9e50) Importer(815301076,1909f56bfc062723c751e8b465ee728b)  -> (artifact id: 'a0dca10b378a7054377f9d417cb637e1') in 0.011546 seconds 
========================================================================
Received Import Request.
  Time since last request: 0.000020 seconds.
  path: Packages/com.unity.render-pipelines.universal/Shaders/LitGBufferPass.hlsl
  artifactKey: Guid(92673cbb58cac8e4d8b5d044ce912dd8) Importer(815301076,1909f56bfc062723c751e8b465ee728b)
Start importing Packages/com.unity.render-pipelines.universal/Shaders/LitGBufferPass.hlsl using Guid(92673cbb58cac8e4d8b5d044ce912dd8) Importer(815301076,1909f56bfc062723c751e8b465ee728b)  -> (artifact id: 'd39f2dce94485dc86933252754028c61') in 0.009594 seconds 
========================================================================
Received Import Request.
  Time since last request: 0.000023 seconds.
  path: Packages/com.unity.render-pipelines.universal/Shaders/SimpleLitForwardPass.hlsl
  artifactKey: Guid(ee447e65526c7db45a978c16b28827a9) Importer(815301076,1909f56bfc062723c751e8b465ee728b)
Start importing Packages/com.unity.render-pipelines.universal/Shaders/SimpleLitForwardPass.hlsl using Guid(ee447e65526c7db45a978c16b28827a9) Importer(815301076,1909f56bfc062723c751e8b465ee728b)  -> (artifact id: 'acff2ec7d67ceef7cef91e1c39332762') in 0.010895 seconds 
Editor requested this worker to shutdown with reason: Scaling down because of idle timeout
AssetImportWorker is now disconnected from the server
Process exiting
Exiting without the bug reporter. Application will terminate with return code 0