Using pre-set license
Built from '2021.3/staging' branch; Version is '2021.3.7f1 (24e8595d6d43) revision 2418777'; Using compiler version '192829333'; Build Type 'Release'
OS: 'Windows 11  (10.0.22000) 64bit Professional' Language: 'ko' Physical Memory: 16194 MB
BatchMode: 1, IsHumanControllingUs: 0, StartBugReporterOnCrash: 0, Is64bit: 1, IsPro: 1

COMMAND LINE ARGUMENTS:
C:\Program Files\Unity\Hub\Editor\2021.3.7f1\Editor\Unity.exe
-adb2
-batchMode
-noUpm
-name
AssetImportWorker6
-projectPath
C:/Users/USER/Unity_Program/Unity/UnityChang_TPS_Division
-logFile
Logs/AssetImportWorker6.log
-srvPort
3790
Successfully changed project path to: C:/Users/USER/Unity_Program/Unity/UnityChang_TPS_Division
C:/Users/USER/Unity_Program/Unity/UnityChang_TPS_Division
[UnityMemory] Configuration Parameters - Can be set up in boot.config
    "memorysetup-bucket-allocator-granularity=16"
    "memorysetup-bucket-allocator-bucket-count=8"
    "memorysetup-bucket-allocator-block-size=33554432"
    "memorysetup-bucket-allocator-block-count=8"
    "memorysetup-main-allocator-block-size=16777216"
    "memorysetup-thread-allocator-block-size=16777216"
    "memorysetup-gfx-main-allocator-block-size=16777216"
    "memorysetup-gfx-thread-allocator-block-size=16777216"
    "memorysetup-cache-allocator-block-size=4194304"
    "memorysetup-typetree-allocator-block-size=2097152"
    "memorysetup-profiler-bucket-allocator-granularity=16"
    "memorysetup-profiler-bucket-allocator-bucket-count=8"
    "memorysetup-profiler-bucket-allocator-block-size=33554432"
    "memorysetup-profiler-bucket-allocator-block-count=8"
    "memorysetup-profiler-allocator-block-size=16777216"
    "memorysetup-profiler-editor-allocator-block-size=1048576"
    "memorysetup-temp-allocator-size-main=16777216"
    "memorysetup-job-temp-allocator-block-size=2097152"
    "memorysetup-job-temp-allocator-block-size-background=1048576"
    "memorysetup-job-temp-allocator-reduction-small-platforms=262144"
    "memorysetup-temp-allocator-size-background-worker=32768"
    "memorysetup-temp-allocator-size-job-worker=262144"
    "memorysetup-temp-allocator-size-preload-manager=33554432"
    "memorysetup-temp-allocator-size-nav-mesh-worker=65536"
    "memorysetup-temp-allocator-size-audio-worker=65536"
    "memorysetup-temp-allocator-size-cloud-worker=32768"
    "memorysetup-temp-allocator-size-gi-baking-worker=262144"
    "memorysetup-temp-allocator-size-gfx=262144"
Refreshing native plugins compatible for Editor in 123.67 ms, found 3 plugins.
Preloading 0 native plugins for Editor in 0.00 ms.
Initialize engine version: 2021.3.7f1 (24e8595d6d43)
[Subsystems] Discovering subsystems at path C:/Program Files/Unity/Hub/Editor/2021.3.7f1/Editor/Data/Resources/UnitySubsystems
[Subsystems] Discovering subsystems at path C:/Users/USER/Unity_Program/Unity/UnityChang_TPS_Division/Assets
GfxDevice: creating device client; threaded=0; jobified=0
Direct3D:
    Version:  Direct3D 11.0 [level 11.1]
    Renderer: NVIDIA GeForce RTX 2070 (ID=0x1f14)
    Vendor:   NVIDIA
    VRAM:     8031 MB
    Driver:   30.0.15.1165
Initialize mono
Mono path[0] = 'C:/Program Files/Unity/Hub/Editor/2021.3.7f1/Editor/Data/Managed'
Mono path[1] = 'C:/Program Files/Unity/Hub/Editor/2021.3.7f1/Editor/Data/MonoBleedingEdge/lib/mono/unityjit-win32'
Mono config path = 'C:/Program Files/Unity/Hub/Editor/2021.3.7f1/Editor/Data/MonoBleedingEdge/etc'
Using monoOptions --debugger-agent=transport=dt_socket,embedding=1,server=y,suspend=n,address=127.0.0.1:56300
Begin MonoManager ReloadAssembly
Registering precompiled unity dll's ...
Register platform support module: C:/Program Files/Unity/Hub/Editor/2021.3.7f1/Editor/Data/PlaybackEngines/WindowsStandaloneSupport/UnityEditor.WindowsStandalone.Extensions.dll
Registered in 0.007589 seconds.
Native extension for WindowsStandalone target not found
Refreshing native plugins compatible for Editor in 123.22 ms, found 3 plugins.
Preloading 0 native plugins for Editor in 0.00 ms.
Mono: successfully reloaded assembly
- Completed reload, in  0.667 seconds
Domain Reload Profiling:
	ReloadAssembly (667ms)
		BeginReloadAssembly (69ms)
			ExecutionOrderSort (0ms)
			DisableScriptedObjects (0ms)
			BackupInstance (0ms)
			ReleaseScriptingObjects (0ms)
			CreateAndSetChildDomain (1ms)
		EndReloadAssembly (487ms)
			LoadAssemblies (67ms)
			RebuildTransferFunctionScriptingTraits (0ms)
			SetupTypeCache (109ms)
			ReleaseScriptCaches (0ms)
			RebuildScriptCaches (25ms)
			SetupLoadedEditorAssemblies (293ms)
				LogAssemblyErrors (0ms)
				InitializePlatformSupportModulesInManaged (8ms)
				SetLoadedEditorAssemblies (0ms)
				RefreshPlugins (123ms)
				BeforeProcessingInitializeOnLoad (1ms)
				ProcessInitializeOnLoadAttributes (113ms)
				ProcessInitializeOnLoadMethodAttributes (47ms)
				AfterProcessingInitializeOnLoad (0ms)
				EditorAssembliesLoaded (0ms)
			ExecutionOrderSort2 (0ms)
			AwakeInstancesAfterBackupRestoration (0ms)
Platform modules already initialized, skipping
Registering precompiled user dll's ...
Registered in 0.008522 seconds.
Begin MonoManager ReloadAssembly
Symbol file LoadedFromMemory doesn't match image C:\Users\USER\Unity_Program\Unity\UnityChang_TPS_Division\Library\PackageCache\com.unity.visualscripting@1.7.8\Editor\VisualScripting.Core\Dependencies\YamlDotNet\Unity.VisualScripting.YamlDotNet.dll
Symbol file LoadedFromMemory doesn't match image C:\Users\USER\Unity_Program\Unity\UnityChang_TPS_Division\Library\PackageCache\com.unity.visualscripting@1.7.8\Editor\VisualScripting.Core\Dependencies\DotNetZip\Unity.VisualScripting.IonicZip.dll
Native extension for WindowsStandalone target not found
Refreshing native plugins compatible for Editor in 124.00 ms, found 3 plugins.
Preloading 0 native plugins for Editor in 0.00 ms.
Mono: successfully reloaded assembly
- Completed reload, in  1.408 seconds
Domain Reload Profiling:
	ReloadAssembly (1408ms)
		BeginReloadAssembly (116ms)
			ExecutionOrderSort (0ms)
			DisableScriptedObjects (5ms)
			BackupInstance (0ms)
			ReleaseScriptingObjects (0ms)
			CreateAndSetChildDomain (17ms)
		EndReloadAssembly (1173ms)
			LoadAssemblies (95ms)
			RebuildTransferFunctionScriptingTraits (0ms)
			SetupTypeCache (304ms)
			ReleaseScriptCaches (1ms)
			RebuildScriptCaches (67ms)
			SetupLoadedEditorAssemblies (667ms)
				LogAssemblyErrors (0ms)
				InitializePlatformSupportModulesInManaged (4ms)
				SetLoadedEditorAssemblies (0ms)
				RefreshPlugins (124ms)
				BeforeProcessingInitializeOnLoad (113ms)
				ProcessInitializeOnLoadAttributes (336ms)
				ProcessInitializeOnLoadMethodAttributes (80ms)
				AfterProcessingInitializeOnLoad (9ms)
				EditorAssembliesLoaded (0ms)
			ExecutionOrderSort2 (0ms)
			AwakeInstancesAfterBackupRestoration (8ms)
Platform modules already initialized, skipping
========================================================================
Worker process is ready to serve import requests
Launched and connected shader compiler UnityShaderCompiler.exe after 0.05 seconds
Refreshing native plugins compatible for Editor in 1.18 ms, found 3 plugins.
Preloading 0 native plugins for Editor in 0.00 ms.
Unloading 5626 Unused Serialized files (Serialized files now loaded: 0)
Unloading 51 unused Assets / (0.8 MB). Loaded Objects now: 6081.
Memory consumption went from 227.2 MB to 226.5 MB.
Total: 5.522100 ms (FindLiveObjects: 0.798100 ms CreateObjectMapping: 0.732400 ms MarkObjects: 3.663300 ms  DeleteObjects: 0.327000 ms)

AssetImportParameters requested are different than current active one (requested -> active):
  custom:video-decoder-ogg-theora: a1e56fd34408186e4bbccfd4996cb3dc -> 
  custom:container-muxer-webm: aa71ff27fc2769a1b78a27578f13a17b -> 
  custom:container-demuxer-webm: 4f35f7cbe854078d1ac9338744f61a02 -> 
  custom:video-encoder-webm-vp8: eb34c28f22e8b96e1ab97ce403110664 -> 
  custom:audio-encoder-webm-vorbis: bf7c407c2cedff20999df2af8eb42d56 -> 
  custom:framework-win-MediaFoundation: 216162199b28c13a410421893ffa2e32 -> 
  custom:container-demuxer-ogg: 62fdf1f143b41e24485cea50d1cbac27 -> 
  custom:video-decoder-webm-vp8: 9c59270c3fd7afecdb556c50c9e8de78 -> 
  custom:audio-decoder-ogg-vorbis: bf7c407c2cedff20999df2af8eb42d56 -> 
========================================================================
Received Import Request.
  Time since last request: 38430.276732 seconds.
  path: Assets/Download/Footsteps - Essentials/Footsteps_Wood/Footsteps_Wood_Walk/Footsteps_Wood_Walk_03.wav
  artifactKey: Guid(76c66b3ae15685a45a334b0628d1edd1) Importer(815301076,1909f56bfc062723c751e8b465ee728b)
Start importing Assets/Download/Footsteps - Essentials/Footsteps_Wood/Footsteps_Wood_Walk/Footsteps_Wood_Walk_03.wav using Guid(76c66b3ae15685a45a334b0628d1edd1) Importer(815301076,1909f56bfc062723c751e8b465ee728b)  -> (artifact id: 'bcc105c9060b50e46655f2e36b3ed909') in 0.139872 seconds 
========================================================================
Received Import Request.
  Time since last request: 39.568260 seconds.
  path: Assets/Download/Footsteps - Essentials/Footsteps_DirtyGround/Footsteps_DirtyGround_Walk/Footsteps_DirtyGround_Walk_03.wav
  artifactKey: Guid(ac6649006dbee9e4685752e124111da7) Importer(815301076,1909f56bfc062723c751e8b465ee728b)
Start importing Assets/Download/Footsteps - Essentials/Footsteps_DirtyGround/Footsteps_DirtyGround_Walk/Footsteps_DirtyGround_Walk_03.wav using Guid(ac6649006dbee9e4685752e124111da7) Importer(815301076,1909f56bfc062723c751e8b465ee728b)  -> (artifact id: 'dae39ab51b1a228c366bb2b941a49f02') in 0.019663 seconds 
========================================================================
Received Import Request.
  Time since last request: 0.000031 seconds.
  path: Assets/Download/Footsteps - Essentials/Footsteps_DirtyGround/Footsteps_DirtyGround_Walk/Footsteps_DirtyGround_Walk_08.wav
  artifactKey: Guid(f1547ad8fbfa4f24d83e5a445aee860d) Importer(815301076,1909f56bfc062723c751e8b465ee728b)
Start importing Assets/Download/Footsteps - Essentials/Footsteps_DirtyGround/Footsteps_DirtyGround_Walk/Footsteps_DirtyGround_Walk_08.wav using Guid(f1547ad8fbfa4f24d83e5a445aee860d) Importer(815301076,1909f56bfc062723c751e8b465ee728b)  -> (artifact id: 'fdac112045e7676b9872eddd82dd9999') in 0.014521 seconds 
========================================================================
Received Import Request.
  Time since last request: 4.421777 seconds.
  path: Assets/Download/Footsteps - Essentials/Footsteps_DirtyGround/Footsteps_DirtyGround_Run/Footsteps_DirtyGround_Run_03.wav
  artifactKey: Guid(7c518e8469a403b4c981664ecb28a79a) Importer(815301076,1909f56bfc062723c751e8b465ee728b)
Start importing Assets/Download/Footsteps - Essentials/Footsteps_DirtyGround/Footsteps_DirtyGround_Run/Footsteps_DirtyGround_Run_03.wav using Guid(7c518e8469a403b4c981664ecb28a79a) Importer(815301076,1909f56bfc062723c751e8b465ee728b)  -> (artifact id: 'e1e551b18d02f74924a3bae6a9e17a5c') in 0.017610 seconds 
========================================================================
Received Import Request.
  Time since last request: 0.000021 seconds.
  path: Assets/Download/Footsteps - Essentials/Footsteps_DirtyGround/Footsteps_DirtyGround_Run/Footsteps_DirtyGround_Run_08.wav
  artifactKey: Guid(6da235e2573048249bcbe608f984ff48) Importer(815301076,1909f56bfc062723c751e8b465ee728b)
Start importing Assets/Download/Footsteps - Essentials/Footsteps_DirtyGround/Footsteps_DirtyGround_Run/Footsteps_DirtyGround_Run_08.wav using Guid(6da235e2573048249bcbe608f984ff48) Importer(815301076,1909f56bfc062723c751e8b465ee728b)  -> (artifact id: '77c7e4afd1366b12c0b2bd03959df106') in 0.016194 seconds 
========================================================================
Received Import Request.
  Time since last request: 18.498585 seconds.
  path: Assets/Download/Footsteps - Essentials/Footsteps_DirtyGround/Footsteps_DirtyGround_Land/Footsteps_DirtyGround_Jump_Land_03.wav
  artifactKey: Guid(1a88f429c4a7b734f9c4254f0c654cea) Importer(815301076,1909f56bfc062723c751e8b465ee728b)
Start importing Assets/Download/Footsteps - Essentials/Footsteps_DirtyGround/Footsteps_DirtyGround_Land/Footsteps_DirtyGround_Jump_Land_03.wav using Guid(1a88f429c4a7b734f9c4254f0c654cea) Importer(815301076,1909f56bfc062723c751e8b465ee728b)  -> (artifact id: '30a5645531c1ad9b9d134a6e77df8beb') in 0.015970 seconds 
========================================================================
Received Import Request.
  Time since last request: 0.000062 seconds.
  path: Assets/Download/Footsteps - Essentials/Footsteps_DirtyGround/Footsteps_DirtyGround_Land/Footsteps_DirtyGround_Jump_Start_03.wav
  artifactKey: Guid(65d9836027675574b8d070c5718f99c7) Importer(815301076,1909f56bfc062723c751e8b465ee728b)
Start importing Assets/Download/Footsteps - Essentials/Footsteps_DirtyGround/Footsteps_DirtyGround_Land/Footsteps_DirtyGround_Jump_Start_03.wav using Guid(65d9836027675574b8d070c5718f99c7) Importer(815301076,1909f56bfc062723c751e8b465ee728b)  -> (artifact id: 'c2b790808c8f07802d00bbc2a06fe581') in 0.013047 seconds 
========================================================================
Received Import Request.
  Time since last request: 14.503920 seconds.
  path: Assets/Download/Footsteps - Essentials/Footsteps_Metal/Footsteps_Metal_Walk/Footsteps_MetalV1_Walk_03.wav
  artifactKey: Guid(2f949b40b7283404099a802630fb2077) Importer(815301076,1909f56bfc062723c751e8b465ee728b)
Start importing Assets/Download/Footsteps - Essentials/Footsteps_Metal/Footsteps_Metal_Walk/Footsteps_MetalV1_Walk_03.wav using Guid(2f949b40b7283404099a802630fb2077) Importer(815301076,1909f56bfc062723c751e8b465ee728b)  -> (artifact id: '34e90a74d50289b07c730805cac43212') in 0.018041 seconds 
========================================================================
Received Import Request.
  Time since last request: 0.000029 seconds.
  path: Assets/Download/Footsteps - Essentials/Footsteps_Metal/Footsteps_Metal_Walk/Footsteps_MetalV2_Walk_01.wav
  artifactKey: Guid(e5b9a63e11f3a8b4a8fef1eb139cc786) Importer(815301076,1909f56bfc062723c751e8b465ee728b)
Start importing Assets/Download/Footsteps - Essentials/Footsteps_Metal/Footsteps_Metal_Walk/Footsteps_MetalV2_Walk_01.wav using Guid(e5b9a63e11f3a8b4a8fef1eb139cc786) Importer(815301076,1909f56bfc062723c751e8b465ee728b)  -> (artifact id: '65cc1848bda2f00943b5edcbeda11411') in 0.017114 seconds 
========================================================================
Received Import Request.
  Time since last request: 0.000037 seconds.
  path: Assets/Download/Footsteps - Essentials/Footsteps_Metal/Footsteps_Metal_Walk/Footsteps_MetalV1_Walk_07.wav
  artifactKey: Guid(3610d597db7918e44906d575bd074616) Importer(815301076,1909f56bfc062723c751e8b465ee728b)
Start importing Assets/Download/Footsteps - Essentials/Footsteps_Metal/Footsteps_Metal_Walk/Footsteps_MetalV1_Walk_07.wav using Guid(3610d597db7918e44906d575bd074616) Importer(815301076,1909f56bfc062723c751e8b465ee728b)  -> (artifact id: '536e00217366e522ab3b65994a917532') in 0.019036 seconds 
========================================================================
Received Import Request.
  Time since last request: 0.000048 seconds.
  path: Assets/Download/Footsteps - Essentials/Footsteps_Metal/Footsteps_Metal_Walk/Footsteps_MetalV1_Walk_14.wav
  artifactKey: Guid(4290a2df9f7c8ee4fbe7fee539c5bf30) Importer(815301076,1909f56bfc062723c751e8b465ee728b)
Start importing Assets/Download/Footsteps - Essentials/Footsteps_Metal/Footsteps_Metal_Walk/Footsteps_MetalV1_Walk_14.wav using Guid(4290a2df9f7c8ee4fbe7fee539c5bf30) Importer(815301076,1909f56bfc062723c751e8b465ee728b)  -> (artifact id: '265c367f0be85fdd317f00b746cc4a0a') in 0.015762 seconds 
========================================================================
Received Import Request.
  Time since last request: 0.000029 seconds.
  path: Assets/Download/Footsteps - Essentials/Footsteps_Metal/Footsteps_Metal_Walk/Footsteps_MetalV1_Walk_05.wav
  artifactKey: Guid(812100e3982e56842adb6ba5be867b7a) Importer(815301076,1909f56bfc062723c751e8b465ee728b)
Start importing Assets/Download/Footsteps - Essentials/Footsteps_Metal/Footsteps_Metal_Walk/Footsteps_MetalV1_Walk_05.wav using Guid(812100e3982e56842adb6ba5be867b7a) Importer(815301076,1909f56bfc062723c751e8b465ee728b)  -> (artifact id: 'e7fb86baa98ec797f070fa6a6914477b') in 0.016404 seconds 
========================================================================
Received Import Request.
  Time since last request: 65.658222 seconds.
  path: Assets/Download/Footsteps - Essentials/Footsteps_Wood/Footsteps_Wood_Run/Footsteps_Wood_Run_01.wav
  artifactKey: Guid(505a015d5525e0442ae4a62d5bac304d) Importer(815301076,1909f56bfc062723c751e8b465ee728b)
Start importing Assets/Download/Footsteps - Essentials/Footsteps_Wood/Footsteps_Wood_Run/Footsteps_Wood_Run_01.wav using Guid(505a015d5525e0442ae4a62d5bac304d) Importer(815301076,1909f56bfc062723c751e8b465ee728b)  -> (artifact id: '627fb247518c50aa1f7a7848d15c34fb') in 0.015911 seconds 
========================================================================
Received Import Request.
  Time since last request: 0.000037 seconds.
  path: Assets/Download/Footsteps - Essentials/Footsteps_Wood/Footsteps_Wood_Run/Footsteps_Wood_Run_03.wav
  artifactKey: Guid(2802b1a72217c464ea0171ad67e835f7) Importer(815301076,1909f56bfc062723c751e8b465ee728b)
Start importing Assets/Download/Footsteps - Essentials/Footsteps_Wood/Footsteps_Wood_Run/Footsteps_Wood_Run_03.wav using Guid(2802b1a72217c464ea0171ad67e835f7) Importer(815301076,1909f56bfc062723c751e8b465ee728b)  -> (artifact id: '603401bb1353476126df34c1a0d16316') in 0.014163 seconds 
========================================================================
Received Import Request.
  Time since last request: 0.000035 seconds.
  path: Assets/Download/Footsteps - Essentials/Footsteps_Wood/Footsteps_Wood_Run/Footsteps_Wood_Run_05.wav
  artifactKey: Guid(8b4e405a508185e428652ccc26469d53) Importer(815301076,1909f56bfc062723c751e8b465ee728b)
Start importing Assets/Download/Footsteps - Essentials/Footsteps_Wood/Footsteps_Wood_Run/Footsteps_Wood_Run_05.wav using Guid(8b4e405a508185e428652ccc26469d53) Importer(815301076,1909f56bfc062723c751e8b465ee728b)  -> (artifact id: '48d89bf8dd25987a4ad458519d36d14c') in 0.017758 seconds 
========================================================================
Received Import Request.
  Time since last request: 0.000053 seconds.
  path: Assets/Download/Footsteps - Essentials/Footsteps_Wood/Footsteps_Wood_Run/Footsteps_Wood_Run_09.wav
  artifactKey: Guid(2c37f11b2d56b374ebf354853c6ad643) Importer(815301076,1909f56bfc062723c751e8b465ee728b)
Start importing Assets/Download/Footsteps - Essentials/Footsteps_Wood/Footsteps_Wood_Run/Footsteps_Wood_Run_09.wav using Guid(2c37f11b2d56b374ebf354853c6ad643) Importer(815301076,1909f56bfc062723c751e8b465ee728b)  -> (artifact id: '7b612dec24a332f30ac3999795c8f535') in 0.015401 seconds 
========================================================================
Received Import Request.
  Time since last request: 0.000024 seconds.
  path: Assets/Download/Footsteps - Essentials/Footsteps_Wood/Footsteps_Wood_Run/Footsteps_Wood_Run_04.wav
  artifactKey: Guid(88da42c7018c0fa41870ccf17d13da9c) Importer(815301076,1909f56bfc062723c751e8b465ee728b)
Start importing Assets/Download/Footsteps - Essentials/Footsteps_Wood/Footsteps_Wood_Run/Footsteps_Wood_Run_04.wav using Guid(88da42c7018c0fa41870ccf17d13da9c) Importer(815301076,1909f56bfc062723c751e8b465ee728b)  -> (artifact id: '1287d98c0a54f6f1e993d5d925094864') in 0.015055 seconds 
Editor requested this worker to shutdown with reason: Scaling down because of idle timeout
AssetImportWorker is now disconnected from the server
Process exiting
Exiting without the bug reporter. Application will terminate with return code 0