Using pre-set license
Built from '2021.3/staging' branch; Version is '2021.3.7f1 (24e8595d6d43) revision 2418777'; Using compiler version '192829333'; Build Type 'Release'
OS: 'Windows 11  (10.0.22000) 64bit Professional' Language: 'ko' Physical Memory: 16194 MB
BatchMode: 1, IsHumanControllingUs: 0, StartBugReporterOnCrash: 0, Is64bit: 1, IsPro: 1

COMMAND LINE ARGUMENTS:
C:\Program Files\Unity\Hub\Editor\2021.3.7f1\Editor\Unity.exe
-adb2
-batchMode
-noUpm
-name
AssetImportWorker9
-projectPath
C:/Users/USER/Unity_Program/Unity/UnityChang_TPS_Division
-logFile
Logs/AssetImportWorker9.log
-srvPort
11063
Successfully changed project path to: C:/Users/USER/Unity_Program/Unity/UnityChang_TPS_Division
C:/Users/USER/Unity_Program/Unity/UnityChang_TPS_Division
[UnityMemory] Configuration Parameters - Can be set up in boot.config
    "memorysetup-bucket-allocator-granularity=16"
    "memorysetup-bucket-allocator-bucket-count=8"
    "memorysetup-bucket-allocator-block-size=33554432"
    "memorysetup-bucket-allocator-block-count=8"
    "memorysetup-main-allocator-block-size=16777216"
    "memorysetup-thread-allocator-block-size=16777216"
    "memorysetup-gfx-main-allocator-block-size=16777216"
    "memorysetup-gfx-thread-allocator-block-size=16777216"
    "memorysetup-cache-allocator-block-size=4194304"
    "memorysetup-typetree-allocator-block-size=2097152"
    "memorysetup-profiler-bucket-allocator-granularity=16"
    "memorysetup-profiler-bucket-allocator-bucket-count=8"
    "memorysetup-profiler-bucket-allocator-block-size=33554432"
    "memorysetup-profiler-bucket-allocator-block-count=8"
    "memorysetup-profiler-allocator-block-size=16777216"
    "memorysetup-profiler-editor-allocator-block-size=1048576"
    "memorysetup-temp-allocator-size-main=16777216"
    "memorysetup-job-temp-allocator-block-size=2097152"
    "memorysetup-job-temp-allocator-block-size-background=1048576"
    "memorysetup-job-temp-allocator-reduction-small-platforms=262144"
    "memorysetup-temp-allocator-size-background-worker=32768"
    "memorysetup-temp-allocator-size-job-worker=262144"
    "memorysetup-temp-allocator-size-preload-manager=33554432"
    "memorysetup-temp-allocator-size-nav-mesh-worker=65536"
    "memorysetup-temp-allocator-size-audio-worker=65536"
    "memorysetup-temp-allocator-size-cloud-worker=32768"
    "memorysetup-temp-allocator-size-gi-baking-worker=262144"
    "memorysetup-temp-allocator-size-gfx=262144"
Refreshing native plugins compatible for Editor in 126.46 ms, found 3 plugins.
Preloading 0 native plugins for Editor in 0.00 ms.
Initialize engine version: 2021.3.7f1 (24e8595d6d43)
[Subsystems] Discovering subsystems at path C:/Program Files/Unity/Hub/Editor/2021.3.7f1/Editor/Data/Resources/UnitySubsystems
[Subsystems] Discovering subsystems at path C:/Users/USER/Unity_Program/Unity/UnityChang_TPS_Division/Assets
GfxDevice: creating device client; threaded=0; jobified=0
Direct3D:
    Version:  Direct3D 11.0 [level 11.1]
    Renderer: NVIDIA GeForce RTX 2070 (ID=0x1f14)
    Vendor:   NVIDIA
    VRAM:     8031 MB
    Driver:   30.0.15.1165
Initialize mono
Mono path[0] = 'C:/Program Files/Unity/Hub/Editor/2021.3.7f1/Editor/Data/Managed'
Mono path[1] = 'C:/Program Files/Unity/Hub/Editor/2021.3.7f1/Editor/Data/MonoBleedingEdge/lib/mono/unityjit-win32'
Mono config path = 'C:/Program Files/Unity/Hub/Editor/2021.3.7f1/Editor/Data/MonoBleedingEdge/etc'
Using monoOptions --debugger-agent=transport=dt_socket,embedding=1,server=y,suspend=n,address=127.0.0.1:56716
Begin MonoManager ReloadAssembly
Registering precompiled unity dll's ...
Register platform support module: C:/Program Files/Unity/Hub/Editor/2021.3.7f1/Editor/Data/PlaybackEngines/WindowsStandaloneSupport/UnityEditor.WindowsStandalone.Extensions.dll
Registered in 0.009380 seconds.
Native extension for WindowsStandalone target not found
Refreshing native plugins compatible for Editor in 104.14 ms, found 3 plugins.
Preloading 0 native plugins for Editor in 0.00 ms.
Mono: successfully reloaded assembly
- Completed reload, in  0.652 seconds
Domain Reload Profiling:
	ReloadAssembly (653ms)
		BeginReloadAssembly (72ms)
			ExecutionOrderSort (0ms)
			DisableScriptedObjects (0ms)
			BackupInstance (0ms)
			ReleaseScriptingObjects (0ms)
			CreateAndSetChildDomain (1ms)
		EndReloadAssembly (460ms)
			LoadAssemblies (69ms)
			RebuildTransferFunctionScriptingTraits (0ms)
			SetupTypeCache (104ms)
			ReleaseScriptCaches (0ms)
			RebuildScriptCaches (26ms)
			SetupLoadedEditorAssemblies (282ms)
				LogAssemblyErrors (0ms)
				InitializePlatformSupportModulesInManaged (7ms)
				SetLoadedEditorAssemblies (0ms)
				RefreshPlugins (104ms)
				BeforeProcessingInitializeOnLoad (1ms)
				ProcessInitializeOnLoadAttributes (119ms)
				ProcessInitializeOnLoadMethodAttributes (50ms)
				AfterProcessingInitializeOnLoad (0ms)
				EditorAssembliesLoaded (0ms)
			ExecutionOrderSort2 (0ms)
			AwakeInstancesAfterBackupRestoration (0ms)
Platform modules already initialized, skipping
Registering precompiled user dll's ...
Registered in 0.009322 seconds.
Begin MonoManager ReloadAssembly
Symbol file LoadedFromMemory doesn't match image C:\Users\USER\Unity_Program\Unity\UnityChang_TPS_Division\Library\PackageCache\com.unity.visualscripting@1.7.8\Editor\VisualScripting.Core\Dependencies\YamlDotNet\Unity.VisualScripting.YamlDotNet.dll
Symbol file LoadedFromMemory doesn't match image C:\Users\USER\Unity_Program\Unity\UnityChang_TPS_Division\Library\PackageCache\com.unity.visualscripting@1.7.8\Editor\VisualScripting.Core\Dependencies\DotNetZip\Unity.VisualScripting.IonicZip.dll
Native extension for WindowsStandalone target not found
Refreshing native plugins compatible for Editor in 113.43 ms, found 3 plugins.
Preloading 0 native plugins for Editor in 0.00 ms.
Mono: successfully reloaded assembly
- Completed reload, in  1.323 seconds
Domain Reload Profiling:
	ReloadAssembly (1324ms)
		BeginReloadAssembly (102ms)
			ExecutionOrderSort (0ms)
			DisableScriptedObjects (5ms)
			BackupInstance (0ms)
			ReleaseScriptingObjects (0ms)
			CreateAndSetChildDomain (17ms)
		EndReloadAssembly (1101ms)
			LoadAssemblies (82ms)
			RebuildTransferFunctionScriptingTraits (0ms)
			SetupTypeCache (291ms)
			ReleaseScriptCaches (1ms)
			RebuildScriptCaches (68ms)
			SetupLoadedEditorAssemblies (603ms)
				LogAssemblyErrors (0ms)
				InitializePlatformSupportModulesInManaged (5ms)
				SetLoadedEditorAssemblies (0ms)
				RefreshPlugins (113ms)
				BeforeProcessingInitializeOnLoad (119ms)
				ProcessInitializeOnLoadAttributes (272ms)
				ProcessInitializeOnLoadMethodAttributes (84ms)
				AfterProcessingInitializeOnLoad (9ms)
				EditorAssembliesLoaded (0ms)
			ExecutionOrderSort2 (0ms)
			AwakeInstancesAfterBackupRestoration (12ms)
Platform modules already initialized, skipping
========================================================================
Worker process is ready to serve import requests
Launched and connected shader compiler UnityShaderCompiler.exe after 0.04 seconds
Refreshing native plugins compatible for Editor in 0.86 ms, found 3 plugins.
Preloading 0 native plugins for Editor in 0.00 ms.
Unloading 5252 Unused Serialized files (Serialized files now loaded: 0)
Unloading 48 unused Assets / (0.8 MB). Loaded Objects now: 5703.
Memory consumption went from 211.6 MB to 210.8 MB.
Total: 4.048000 ms (FindLiveObjects: 0.401300 ms CreateObjectMapping: 0.417300 ms MarkObjects: 2.928200 ms  DeleteObjects: 0.300200 ms)

AssetImportParameters requested are different than current active one (requested -> active):
  custom:video-decoder-ogg-theora: a1e56fd34408186e4bbccfd4996cb3dc -> 
  custom:container-muxer-webm: aa71ff27fc2769a1b78a27578f13a17b -> 
  custom:container-demuxer-webm: 4f35f7cbe854078d1ac9338744f61a02 -> 
  custom:video-encoder-webm-vp8: eb34c28f22e8b96e1ab97ce403110664 -> 
  custom:audio-encoder-webm-vorbis: bf7c407c2cedff20999df2af8eb42d56 -> 
  custom:framework-win-MediaFoundation: 216162199b28c13a410421893ffa2e32 -> 
  custom:container-demuxer-ogg: 62fdf1f143b41e24485cea50d1cbac27 -> 
  custom:video-decoder-webm-vp8: 9c59270c3fd7afecdb556c50c9e8de78 -> 
  custom:audio-decoder-ogg-vorbis: bf7c407c2cedff20999df2af8eb42d56 -> 
========================================================================
Received Import Request.
  Time since last request: 18187.386813 seconds.
  path: Assets/Download/EverydayMotionPack/Motion/02_Move/root_motion/@female_move_run_jogging_strafing_left_root_motion.FBX
  artifactKey: Guid(e4a6122d3c151fd489649a819de18de5) Importer(815301076,1909f56bfc062723c751e8b465ee728b)
Start importing Assets/Download/EverydayMotionPack/Motion/02_Move/root_motion/@female_move_run_jogging_strafing_left_root_motion.FBX using Guid(e4a6122d3c151fd489649a819de18de5) Importer(815301076,1909f56bfc062723c751e8b465ee728b)  -> (artifact id: 'a6707028ada3df97255dbcd2ea65b104') in 0.089017 seconds 
========================================================================
Received Import Request.
  Time since last request: 2.984848 seconds.
  path: Assets/Download/EverydayMotionPack/Motion/02_Move/root_motion/@female_move_run_back_root_motion.FBX
  artifactKey: Guid(c6ff89592ca4d5041ae0e84a38b9143f) Importer(815301076,1909f56bfc062723c751e8b465ee728b)
Start importing Assets/Download/EverydayMotionPack/Motion/02_Move/root_motion/@female_move_run_back_root_motion.FBX using Guid(c6ff89592ca4d5041ae0e84a38b9143f) Importer(815301076,1909f56bfc062723c751e8b465ee728b)  -> (artifact id: 'ba8c2b2275eccffe549368c8bfedb493') in 0.016396 seconds 
========================================================================
Received Import Request.
  Time since last request: 0.000022 seconds.
  path: Assets/Download/EverydayMotionPack/Motion/02_Move/root_motion/@female_move_run_front_right_root_motion.FBX
  artifactKey: Guid(b618634afeff5bc4282b202c953479da) Importer(815301076,1909f56bfc062723c751e8b465ee728b)
Start importing Assets/Download/EverydayMotionPack/Motion/02_Move/root_motion/@female_move_run_front_right_root_motion.FBX using Guid(b618634afeff5bc4282b202c953479da) Importer(815301076,1909f56bfc062723c751e8b465ee728b)  -> (artifact id: '94e4c5198c0c14a1afbe1421b3b5e4bc') in 0.018087 seconds 
========================================================================
Received Import Request.
  Time since last request: 0.000028 seconds.
  path: Assets/Download/EverydayMotionPack/Motion/02_Move/root_motion/@female_move_run_happy_root_motion.FBX
  artifactKey: Guid(424a790d09cf7d04981717f51320a1aa) Importer(815301076,1909f56bfc062723c751e8b465ee728b)
Start importing Assets/Download/EverydayMotionPack/Motion/02_Move/root_motion/@female_move_run_happy_root_motion.FBX using Guid(424a790d09cf7d04981717f51320a1aa) Importer(815301076,1909f56bfc062723c751e8b465ee728b)  -> (artifact id: '2a478248f7fb68d355cf2ad405508781') in 0.018943 seconds 
========================================================================
Received Import Request.
  Time since last request: 245.203921 seconds.
  path: Assets/Download/EverydayMotionPack/Motion/02_Move/root_motion/@male_move_walk_back_right_root_motion.FBX
  artifactKey: Guid(1b2f2d71596854745bd5dbd0059bc378) Importer(815301076,1909f56bfc062723c751e8b465ee728b)
Start importing Assets/Download/EverydayMotionPack/Motion/02_Move/root_motion/@male_move_walk_back_right_root_motion.FBX using Guid(1b2f2d71596854745bd5dbd0059bc378) Importer(815301076,1909f56bfc062723c751e8b465ee728b)  -> (artifact id: '686f04768ad92adb4c6ffc61205f5bbe') in 0.015896 seconds 
========================================================================
Received Import Request.
  Time since last request: 0.000023 seconds.
  path: Assets/Download/EverydayMotionPack/Motion/02_Move/root_motion/@male_move_walk_strafing_back_right_root_motion.FBX
  artifactKey: Guid(8d24653928b1b164988c87d7a269259c) Importer(815301076,1909f56bfc062723c751e8b465ee728b)
Start importing Assets/Download/EverydayMotionPack/Motion/02_Move/root_motion/@male_move_walk_strafing_back_right_root_motion.FBX using Guid(8d24653928b1b164988c87d7a269259c) Importer(815301076,1909f56bfc062723c751e8b465ee728b)  -> (artifact id: '83368728a1ddb4f7fcec328c95f7297d') in 0.016931 seconds 
========================================================================
Received Import Request.
  Time since last request: 0.000034 seconds.
  path: Assets/Download/EverydayMotionPack/Motion/02_Move/root_motion/@male_move_walk_normal_root_motion.FBX
  artifactKey: Guid(bcef851000a07c94cbdd6cc6a691edef) Importer(815301076,1909f56bfc062723c751e8b465ee728b)
Start importing Assets/Download/EverydayMotionPack/Motion/02_Move/root_motion/@male_move_walk_normal_root_motion.FBX using Guid(bcef851000a07c94cbdd6cc6a691edef) Importer(815301076,1909f56bfc062723c751e8b465ee728b)  -> (artifact id: 'b3e4a941073a1918be1be35c0628e5fb') in 0.017353 seconds 
========================================================================
Received Import Request.
  Time since last request: 0.000028 seconds.
  path: Assets/Download/EverydayMotionPack/Motion/02_Move/root_motion/@male_move_walk_strafing_back_root_motion.FBX
  artifactKey: Guid(236a0899ca4ed074bb0da14762752d8c) Importer(815301076,1909f56bfc062723c751e8b465ee728b)
Start importing Assets/Download/EverydayMotionPack/Motion/02_Move/root_motion/@male_move_walk_strafing_back_root_motion.FBX using Guid(236a0899ca4ed074bb0da14762752d8c) Importer(815301076,1909f56bfc062723c751e8b465ee728b)  -> (artifact id: 'e5148b67e6170aa378516f4177ef7b97') in 0.016196 seconds 
========================================================================
Received Import Request.
  Time since last request: 0.000026 seconds.
  path: Assets/Download/EverydayMotionPack/Motion/02_Move/root_motion/@male_move_walk_front_right_root_motion.FBX
  artifactKey: Guid(58ba7b80e46badb44b734b0ac14d920f) Importer(815301076,1909f56bfc062723c751e8b465ee728b)
Start importing Assets/Download/EverydayMotionPack/Motion/02_Move/root_motion/@male_move_walk_front_right_root_motion.FBX using Guid(58ba7b80e46badb44b734b0ac14d920f) Importer(815301076,1909f56bfc062723c751e8b465ee728b)  -> (artifact id: 'fdaa852e43d4ce40061d7eae7a5272a1') in 0.014792 seconds 
========================================================================
Received Import Request.
  Time since last request: 0.000054 seconds.
  path: Assets/Download/EverydayMotionPack/Motion/02_Move/root_motion/@male_move_walk_strafing_front_right_root_motion.FBX
  artifactKey: Guid(5b6f505f2b2d7a045a8769e3cfeab0ab) Importer(815301076,1909f56bfc062723c751e8b465ee728b)
Start importing Assets/Download/EverydayMotionPack/Motion/02_Move/root_motion/@male_move_walk_strafing_front_right_root_motion.FBX using Guid(5b6f505f2b2d7a045a8769e3cfeab0ab) Importer(815301076,1909f56bfc062723c751e8b465ee728b)  -> (artifact id: '20f632dd664a900f01073f173f55cc60') in 0.018682 seconds 
========================================================================
Received Import Request.
  Time since last request: 0.000027 seconds.
  path: Assets/Download/EverydayMotionPack/Motion/02_Move/root_motion/@male_move_walk_strafing_front_root_motion.FBX
  artifactKey: Guid(dbf358c05e6129f449cff46f351e8b4e) Importer(815301076,1909f56bfc062723c751e8b465ee728b)
Start importing Assets/Download/EverydayMotionPack/Motion/02_Move/root_motion/@male_move_walk_strafing_front_root_motion.FBX using Guid(dbf358c05e6129f449cff46f351e8b4e) Importer(815301076,1909f56bfc062723c751e8b465ee728b)  -> (artifact id: '5e5ad1908e21cc0639b83ad1f499182d') in 0.016203 seconds 
========================================================================
Received Import Request.
  Time since last request: 0.000026 seconds.
  path: Assets/Download/EverydayMotionPack/Motion/02_Move/root_motion/@male_move_walk_right_root_motion.FBX
  artifactKey: Guid(c56d024bedaf4d44d89a08c07660b910) Importer(815301076,1909f56bfc062723c751e8b465ee728b)
Start importing Assets/Download/EverydayMotionPack/Motion/02_Move/root_motion/@male_move_walk_right_root_motion.FBX using Guid(c56d024bedaf4d44d89a08c07660b910) Importer(815301076,1909f56bfc062723c751e8b465ee728b)  -> (artifact id: '4c1c6e53b01b1b67c3004f0e2c2b4c3a') in 0.016062 seconds 
========================================================================
Received Import Request.
  Time since last request: 0.000029 seconds.
  path: Assets/Download/EverydayMotionPack/Motion/02_Move/root_motion/@male_move_walk_left_root_motion.FBX
  artifactKey: Guid(0c107f60f2448404d89f37d8424b9f96) Importer(815301076,1909f56bfc062723c751e8b465ee728b)
Start importing Assets/Download/EverydayMotionPack/Motion/02_Move/root_motion/@male_move_walk_left_root_motion.FBX using Guid(0c107f60f2448404d89f37d8424b9f96) Importer(815301076,1909f56bfc062723c751e8b465ee728b)  -> (artifact id: '031363677bbb5eecdcb7f3c38edc5e1e') in 0.017964 seconds 
========================================================================
Received Import Request.
  Time since last request: 0.000043 seconds.
  path: Assets/Download/EverydayMotionPack/Motion/02_Move/root_motion/@male_move_walk_strafing_front_left_root_motion.FBX
  artifactKey: Guid(724c88ef1abb9ad4a9ef543efe2f3ddd) Importer(815301076,1909f56bfc062723c751e8b465ee728b)
Start importing Assets/Download/EverydayMotionPack/Motion/02_Move/root_motion/@male_move_walk_strafing_front_left_root_motion.FBX using Guid(724c88ef1abb9ad4a9ef543efe2f3ddd) Importer(815301076,1909f56bfc062723c751e8b465ee728b)  -> (artifact id: '1d981c16c6d56e42be40114b8af1010e') in 0.014933 seconds 
Editor requested this worker to shutdown with reason: Scaling down because of idle timeout
AssetImportWorker is now disconnected from the server
Process exiting
Exiting without the bug reporter. Application will terminate with return code 0