Using pre-set license
Built from '2021.3/staging' branch; Version is '2021.3.7f1 (24e8595d6d43) revision 2418777'; Using compiler version '192829333'; Build Type 'Release'
OS: 'Windows 11  (10.0.22000) 64bit Professional' Language: 'ko' Physical Memory: 16194 MB
BatchMode: 1, IsHumanControllingUs: 0, StartBugReporterOnCrash: 0, Is64bit: 1, IsPro: 1

COMMAND LINE ARGUMENTS:
C:\Program Files\Unity\Hub\Editor\2021.3.7f1\Editor\Unity.exe
-adb2
-batchMode
-noUpm
-name
AssetImportWorker15
-projectPath
C:/Users/USER/Unity_Program/Unity/UnityChang_TPS_Division
-logFile
Logs/AssetImportWorker15.log
-srvPort
5441
Successfully changed project path to: C:/Users/USER/Unity_Program/Unity/UnityChang_TPS_Division
C:/Users/USER/Unity_Program/Unity/UnityChang_TPS_Division
[UnityMemory] Configuration Parameters - Can be set up in boot.config
    "memorysetup-bucket-allocator-granularity=16"
    "memorysetup-bucket-allocator-bucket-count=8"
    "memorysetup-bucket-allocator-block-size=33554432"
    "memorysetup-bucket-allocator-block-count=8"
    "memorysetup-main-allocator-block-size=16777216"
    "memorysetup-thread-allocator-block-size=16777216"
    "memorysetup-gfx-main-allocator-block-size=16777216"
    "memorysetup-gfx-thread-allocator-block-size=16777216"
    "memorysetup-cache-allocator-block-size=4194304"
    "memorysetup-typetree-allocator-block-size=2097152"
    "memorysetup-profiler-bucket-allocator-granularity=16"
    "memorysetup-profiler-bucket-allocator-bucket-count=8"
    "memorysetup-profiler-bucket-allocator-block-size=33554432"
    "memorysetup-profiler-bucket-allocator-block-count=8"
    "memorysetup-profiler-allocator-block-size=16777216"
    "memorysetup-profiler-editor-allocator-block-size=1048576"
    "memorysetup-temp-allocator-size-main=16777216"
    "memorysetup-job-temp-allocator-block-size=2097152"
    "memorysetup-job-temp-allocator-block-size-background=1048576"
    "memorysetup-job-temp-allocator-reduction-small-platforms=262144"
    "memorysetup-temp-allocator-size-background-worker=32768"
    "memorysetup-temp-allocator-size-job-worker=262144"
    "memorysetup-temp-allocator-size-preload-manager=33554432"
    "memorysetup-temp-allocator-size-nav-mesh-worker=65536"
    "memorysetup-temp-allocator-size-audio-worker=65536"
    "memorysetup-temp-allocator-size-cloud-worker=32768"
    "memorysetup-temp-allocator-size-gi-baking-worker=262144"
    "memorysetup-temp-allocator-size-gfx=262144"
Refreshing native plugins compatible for Editor in 144.71 ms, found 3 plugins.
Preloading 0 native plugins for Editor in 0.00 ms.
Initialize engine version: 2021.3.7f1 (24e8595d6d43)
[Subsystems] Discovering subsystems at path C:/Program Files/Unity/Hub/Editor/2021.3.7f1/Editor/Data/Resources/UnitySubsystems
[Subsystems] Discovering subsystems at path C:/Users/USER/Unity_Program/Unity/UnityChang_TPS_Division/Assets
GfxDevice: creating device client; threaded=0; jobified=0
Direct3D:
    Version:  Direct3D 11.0 [level 11.1]
    Renderer: NVIDIA GeForce RTX 2070 (ID=0x1f14)
    Vendor:   NVIDIA
    VRAM:     8031 MB
    Driver:   30.0.15.1165
Initialize mono
Mono path[0] = 'C:/Program Files/Unity/Hub/Editor/2021.3.7f1/Editor/Data/Managed'
Mono path[1] = 'C:/Program Files/Unity/Hub/Editor/2021.3.7f1/Editor/Data/MonoBleedingEdge/lib/mono/unityjit-win32'
Mono config path = 'C:/Program Files/Unity/Hub/Editor/2021.3.7f1/Editor/Data/MonoBleedingEdge/etc'
Using monoOptions --debugger-agent=transport=dt_socket,embedding=1,server=y,suspend=n,address=127.0.0.1:56132
Begin MonoManager ReloadAssembly
Registering precompiled unity dll's ...
Register platform support module: C:/Program Files/Unity/Hub/Editor/2021.3.7f1/Editor/Data/PlaybackEngines/WindowsStandaloneSupport/UnityEditor.WindowsStandalone.Extensions.dll
Registered in 0.006531 seconds.
Native extension for WindowsStandalone target not found
Refreshing native plugins compatible for Editor in 148.00 ms, found 3 plugins.
Preloading 0 native plugins for Editor in 0.00 ms.
Mono: successfully reloaded assembly
- Completed reload, in  0.689 seconds
Domain Reload Profiling:
	ReloadAssembly (690ms)
		BeginReloadAssembly (66ms)
			ExecutionOrderSort (0ms)
			DisableScriptedObjects (0ms)
			BackupInstance (0ms)
			ReleaseScriptingObjects (0ms)
			CreateAndSetChildDomain (1ms)
		EndReloadAssembly (508ms)
			LoadAssemblies (63ms)
			RebuildTransferFunctionScriptingTraits (0ms)
			SetupTypeCache (104ms)
			ReleaseScriptCaches (0ms)
			RebuildScriptCaches (26ms)
			SetupLoadedEditorAssemblies (328ms)
				LogAssemblyErrors (0ms)
				InitializePlatformSupportModulesInManaged (7ms)
				SetLoadedEditorAssemblies (0ms)
				RefreshPlugins (148ms)
				BeforeProcessingInitializeOnLoad (2ms)
				ProcessInitializeOnLoadAttributes (116ms)
				ProcessInitializeOnLoadMethodAttributes (55ms)
				AfterProcessingInitializeOnLoad (0ms)
				EditorAssembliesLoaded (0ms)
			ExecutionOrderSort2 (0ms)
			AwakeInstancesAfterBackupRestoration (0ms)
Platform modules already initialized, skipping
Registering precompiled user dll's ...
Registered in 0.007952 seconds.
Begin MonoManager ReloadAssembly
Symbol file LoadedFromMemory doesn't match image C:\Users\USER\Unity_Program\Unity\UnityChang_TPS_Division\Library\PackageCache\com.unity.visualscripting@1.7.8\Editor\VisualScripting.Core\Dependencies\YamlDotNet\Unity.VisualScripting.YamlDotNet.dll
Symbol file LoadedFromMemory doesn't match image C:\Users\USER\Unity_Program\Unity\UnityChang_TPS_Division\Library\PackageCache\com.unity.visualscripting@1.7.8\Editor\VisualScripting.Core\Dependencies\DotNetZip\Unity.VisualScripting.IonicZip.dll
Native extension for WindowsStandalone target not found
Refreshing native plugins compatible for Editor in 134.24 ms, found 3 plugins.
Preloading 0 native plugins for Editor in 0.00 ms.
Mono: successfully reloaded assembly
- Completed reload, in  1.390 seconds
Domain Reload Profiling:
	ReloadAssembly (1391ms)
		BeginReloadAssembly (102ms)
			ExecutionOrderSort (0ms)
			DisableScriptedObjects (6ms)
			BackupInstance (0ms)
			ReleaseScriptingObjects (0ms)
			CreateAndSetChildDomain (17ms)
		EndReloadAssembly (1169ms)
			LoadAssemblies (87ms)
			RebuildTransferFunctionScriptingTraits (0ms)
			SetupTypeCache (287ms)
			ReleaseScriptCaches (1ms)
			RebuildScriptCaches (71ms)
			SetupLoadedEditorAssemblies (683ms)
				LogAssemblyErrors (0ms)
				InitializePlatformSupportModulesInManaged (4ms)
				SetLoadedEditorAssemblies (0ms)
				RefreshPlugins (134ms)
				BeforeProcessingInitializeOnLoad (121ms)
				ProcessInitializeOnLoadAttributes (340ms)
				ProcessInitializeOnLoadMethodAttributes (74ms)
				AfterProcessingInitializeOnLoad (8ms)
				EditorAssembliesLoaded (0ms)
			ExecutionOrderSort2 (0ms)
			AwakeInstancesAfterBackupRestoration (7ms)
Platform modules already initialized, skipping
========================================================================
Worker process is ready to serve import requests
Launched and connected shader compiler UnityShaderCompiler.exe after 0.04 seconds
Refreshing native plugins compatible for Editor in 1.17 ms, found 3 plugins.
Preloading 0 native plugins for Editor in 0.00 ms.
Unloading 6248 Unused Serialized files (Serialized files now loaded: 0)
Unloading 52 unused Assets / (0.8 MB). Loaded Objects now: 6709.
Memory consumption went from 256.8 MB to 256.0 MB.
Total: 5.152500 ms (FindLiveObjects: 0.444700 ms CreateObjectMapping: 0.478400 ms MarkObjects: 3.937300 ms  DeleteObjects: 0.291600 ms)

AssetImportParameters requested are different than current active one (requested -> active):
  custom:video-decoder-ogg-theora: a1e56fd34408186e4bbccfd4996cb3dc -> 
  custom:container-muxer-webm: aa71ff27fc2769a1b78a27578f13a17b -> 
  custom:container-demuxer-webm: 4f35f7cbe854078d1ac9338744f61a02 -> 
  custom:video-encoder-webm-vp8: eb34c28f22e8b96e1ab97ce403110664 -> 
  custom:audio-encoder-webm-vorbis: bf7c407c2cedff20999df2af8eb42d56 -> 
  custom:framework-win-MediaFoundation: 216162199b28c13a410421893ffa2e32 -> 
  custom:container-demuxer-ogg: 62fdf1f143b41e24485cea50d1cbac27 -> 
  custom:video-decoder-webm-vp8: 9c59270c3fd7afecdb556c50c9e8de78 -> 
  custom:audio-decoder-ogg-vorbis: bf7c407c2cedff20999df2af8eb42d56 -> 
========================================================================
Received Import Request.
  Time since last request: 37255.623631 seconds.
  path: Assets/Download/AssetStoreOriginals/_SNAPS_PrototypingAssets/ModernOffice_Interior/Prefabs/SNAPS_NoHD/Neo_Ceiling_01_snaps001.prefab
  artifactKey: Guid(bd24722836be19f498fbdddf91572e01) Importer(815301076,1909f56bfc062723c751e8b465ee728b)
Start importing Assets/Download/AssetStoreOriginals/_SNAPS_PrototypingAssets/ModernOffice_Interior/Prefabs/SNAPS_NoHD/Neo_Ceiling_01_snaps001.prefab using Guid(bd24722836be19f498fbdddf91572e01) Importer(815301076,1909f56bfc062723c751e8b465ee728b)  -> (artifact id: '10f3a37e345692046c8b2dabcfd528cc') in 0.283811 seconds 
========================================================================
Received Import Request.
  Time since last request: 0.000032 seconds.
  path: Assets/Download/AssetStoreOriginals/_SNAPS_PrototypingAssets/ModernOffice_Interior/Prefabs/SNAPS_NoHD/Neo_WallWindowFrame_03_4m_snaps001.prefab
  artifactKey: Guid(462709b1a194d414592da88cad9c14df) Importer(815301076,1909f56bfc062723c751e8b465ee728b)
Start importing Assets/Download/AssetStoreOriginals/_SNAPS_PrototypingAssets/ModernOffice_Interior/Prefabs/SNAPS_NoHD/Neo_WallWindowFrame_03_4m_snaps001.prefab using Guid(462709b1a194d414592da88cad9c14df) Importer(815301076,1909f56bfc062723c751e8b465ee728b)  -> (artifact id: '9762c79e674ae46755fca6d00e5ec8be') in 0.018441 seconds 
========================================================================
Received Import Request.
  Time since last request: 0.000029 seconds.
  path: Assets/Download/AssetStoreOriginals/_SNAPS_PrototypingAssets/ModernOffice_Interior/Prefabs/SNAPS_NoHD/Neo_Pillar_01_M_4m_snaps001.prefab
  artifactKey: Guid(9716301c1f7a89c4d8969bdeda62c4a2) Importer(815301076,1909f56bfc062723c751e8b465ee728b)
Start importing Assets/Download/AssetStoreOriginals/_SNAPS_PrototypingAssets/ModernOffice_Interior/Prefabs/SNAPS_NoHD/Neo_Pillar_01_M_4m_snaps001.prefab using Guid(9716301c1f7a89c4d8969bdeda62c4a2) Importer(815301076,1909f56bfc062723c751e8b465ee728b)  -> (artifact id: 'b3919e6c7819170a2fab7defcab18a30') in 0.022134 seconds 
========================================================================
Received Import Request.
  Time since last request: 0.000023 seconds.
  path: Assets/Download/AssetStoreOriginals/_SNAPS_PrototypingAssets/ModernOffice_Interior/Prefabs/SNAPS_NoHD/Neo_Pillar_02_S_4m_snaps001.prefab
  artifactKey: Guid(4f8052f790ef1c14ba9a6145196c3af5) Importer(815301076,1909f56bfc062723c751e8b465ee728b)
Start importing Assets/Download/AssetStoreOriginals/_SNAPS_PrototypingAssets/ModernOffice_Interior/Prefabs/SNAPS_NoHD/Neo_Pillar_02_S_4m_snaps001.prefab using Guid(4f8052f790ef1c14ba9a6145196c3af5) Importer(815301076,1909f56bfc062723c751e8b465ee728b)  -> (artifact id: 'f143b41762ca0c6dec26f5350e181d55') in 0.020386 seconds 
========================================================================
Received Import Request.
  Time since last request: 0.000022 seconds.
  path: Assets/Download/AssetStoreOriginals/_SNAPS_PrototypingAssets/ModernOffice_Interior/Prefabs/SNAPS_NoHD/Neo_WallDoubleDoorFrame_01_4m_snaps001.prefab
  artifactKey: Guid(37721718c89802b4da02486a095a25a2) Importer(815301076,1909f56bfc062723c751e8b465ee728b)
Start importing Assets/Download/AssetStoreOriginals/_SNAPS_PrototypingAssets/ModernOffice_Interior/Prefabs/SNAPS_NoHD/Neo_WallDoubleDoorFrame_01_4m_snaps001.prefab using Guid(37721718c89802b4da02486a095a25a2) Importer(815301076,1909f56bfc062723c751e8b465ee728b)  -> (artifact id: '13499bce559b9a784fa2a4a43c491609') in 0.020716 seconds 
========================================================================
Received Import Request.
  Time since last request: 0.000021 seconds.
  path: Assets/Download/AssetStoreOriginals/_SNAPS_PrototypingAssets/ModernOffice_Interior/Prefabs/SNAPS_NoHD/Neo_Pillar_01_S_4m_snaps001.prefab
  artifactKey: Guid(3fe8bc8047e9fd7409031b22ecc28172) Importer(815301076,1909f56bfc062723c751e8b465ee728b)
Start importing Assets/Download/AssetStoreOriginals/_SNAPS_PrototypingAssets/ModernOffice_Interior/Prefabs/SNAPS_NoHD/Neo_Pillar_01_S_4m_snaps001.prefab using Guid(3fe8bc8047e9fd7409031b22ecc28172) Importer(815301076,1909f56bfc062723c751e8b465ee728b)  -> (artifact id: 'b28ccb177a86c18f2be3d867a13c1945') in 0.020045 seconds 
========================================================================
Received Import Request.
  Time since last request: 0.000048 seconds.
  path: Assets/Download/AssetStoreOriginals/_SNAPS_PrototypingAssets/ModernOffice_Interior/Prefabs/SNAPS_NoHD/Neo_WallWindowFrame_01_4m_snaps001.prefab
  artifactKey: Guid(0b7c811c7ab4ad744a5a8dec4eb06d32) Importer(815301076,1909f56bfc062723c751e8b465ee728b)
Start importing Assets/Download/AssetStoreOriginals/_SNAPS_PrototypingAssets/ModernOffice_Interior/Prefabs/SNAPS_NoHD/Neo_WallWindowFrame_01_4m_snaps001.prefab using Guid(0b7c811c7ab4ad744a5a8dec4eb06d32) Importer(815301076,1909f56bfc062723c751e8b465ee728b)  -> (artifact id: 'ed0b42938fa1159aff089e2c8aee4098') in 0.017856 seconds 
========================================================================
Received Import Request.
  Time since last request: 0.000026 seconds.
  path: Assets/Download/AssetStoreOriginals/_SNAPS_PrototypingAssets/ModernOffice_Interior/Prefabs/SNAPS_NoHD/Neo_WallDoor_01_4m_snaps001.prefab
  artifactKey: Guid(cfdbdef0dbf22c44a837e3c9209db83a) Importer(815301076,1909f56bfc062723c751e8b465ee728b)
Start importing Assets/Download/AssetStoreOriginals/_SNAPS_PrototypingAssets/ModernOffice_Interior/Prefabs/SNAPS_NoHD/Neo_WallDoor_01_4m_snaps001.prefab using Guid(cfdbdef0dbf22c44a837e3c9209db83a) Importer(815301076,1909f56bfc062723c751e8b465ee728b)  -> (artifact id: 'fdf2747e734e00d0d6782005b63cb62a') in 0.016958 seconds 
========================================================================
Received Import Request.
  Time since last request: 0.000042 seconds.
  path: Assets/Download/AssetStoreOriginals/_SNAPS_PrototypingAssets/ModernOffice_Interior/Prefabs/SNAPS_NoHD/StairCase_01_4m_snaps001.prefab
  artifactKey: Guid(5f52a5120f1de6d4b8a490f2646760f8) Importer(815301076,1909f56bfc062723c751e8b465ee728b)
Start importing Assets/Download/AssetStoreOriginals/_SNAPS_PrototypingAssets/ModernOffice_Interior/Prefabs/SNAPS_NoHD/StairCase_01_4m_snaps001.prefab using Guid(5f52a5120f1de6d4b8a490f2646760f8) Importer(815301076,1909f56bfc062723c751e8b465ee728b)  -> (artifact id: 'd9a4ef295e8c4ae08bde168482e72273') in 0.020247 seconds 
========================================================================
Received Import Request.
  Time since last request: 0.759187 seconds.
  path: Assets/Download/AssetStoreOriginals/_SNAPS_PrototypingAssets/ModernOffice_Interior/Prefabs/Props/AirDuct_01_Corner_snaps001.prefab
  artifactKey: Guid(d296783be175704488ac6627ca10202c) Importer(815301076,1909f56bfc062723c751e8b465ee728b)
Start importing Assets/Download/AssetStoreOriginals/_SNAPS_PrototypingAssets/ModernOffice_Interior/Prefabs/Props/AirDuct_01_Corner_snaps001.prefab using Guid(d296783be175704488ac6627ca10202c) Importer(815301076,1909f56bfc062723c751e8b465ee728b)  -> (artifact id: '5657b69457aa38e3c28f7b1c389c2eaf') in 0.017917 seconds 
========================================================================
Received Import Request.
  Time since last request: 0.000027 seconds.
  path: Assets/Download/AssetStoreOriginals/_SNAPS_PrototypingAssets/ModernOffice_Interior/Prefabs/Props/Keyboard_01_snaps001.prefab
  artifactKey: Guid(1ae56147953582b4280b244e7064132d) Importer(815301076,1909f56bfc062723c751e8b465ee728b)
Start importing Assets/Download/AssetStoreOriginals/_SNAPS_PrototypingAssets/ModernOffice_Interior/Prefabs/Props/Keyboard_01_snaps001.prefab using Guid(1ae56147953582b4280b244e7064132d) Importer(815301076,1909f56bfc062723c751e8b465ee728b)  -> (artifact id: '073f3e94dd37e94055207cc7e4cd1cd7') in 0.016592 seconds 
========================================================================
Received Import Request.
  Time since last request: 0.000025 seconds.
  path: Assets/Download/AssetStoreOriginals/_SNAPS_PrototypingAssets/ModernOffice_Interior/Prefabs/Props/Desklamp_01_snaps001.prefab
  artifactKey: Guid(af66cb781f2abe44abe97b567b10153a) Importer(815301076,1909f56bfc062723c751e8b465ee728b)
Start importing Assets/Download/AssetStoreOriginals/_SNAPS_PrototypingAssets/ModernOffice_Interior/Prefabs/Props/Desklamp_01_snaps001.prefab using Guid(af66cb781f2abe44abe97b567b10153a) Importer(815301076,1909f56bfc062723c751e8b465ee728b)  -> (artifact id: '457089a6934a2e5217e91c99c5606d16') in 0.017480 seconds 
========================================================================
Received Import Request.
  Time since last request: 0.000079 seconds.
  path: Assets/Download/AssetStoreOriginals/_SNAPS_PrototypingAssets/ModernOffice_Interior/Prefabs/Props/Computer_01_snaps001.prefab
  artifactKey: Guid(5bda03e6c90ba284f859d8e2c3a027fc) Importer(815301076,1909f56bfc062723c751e8b465ee728b)
Start importing Assets/Download/AssetStoreOriginals/_SNAPS_PrototypingAssets/ModernOffice_Interior/Prefabs/Props/Computer_01_snaps001.prefab using Guid(5bda03e6c90ba284f859d8e2c3a027fc) Importer(815301076,1909f56bfc062723c751e8b465ee728b)  -> (artifact id: '78703927b052725e1891c59954287296') in 0.017067 seconds 
========================================================================
Received Import Request.
  Time since last request: 0.000060 seconds.
  path: Assets/Download/AssetStoreOriginals/_SNAPS_PrototypingAssets/ModernOffice_Interior/Prefabs/Props/Shelf_01_snaps001.prefab
  artifactKey: Guid(ef0197a78830ab049b08a820ea60c3b5) Importer(815301076,1909f56bfc062723c751e8b465ee728b)
Start importing Assets/Download/AssetStoreOriginals/_SNAPS_PrototypingAssets/ModernOffice_Interior/Prefabs/Props/Shelf_01_snaps001.prefab using Guid(ef0197a78830ab049b08a820ea60c3b5) Importer(815301076,1909f56bfc062723c751e8b465ee728b)  -> (artifact id: 'd691bd2450e1ab535b2af451a1c7e87d') in 0.017944 seconds 
========================================================================
Received Import Request.
  Time since last request: 0.000031 seconds.
  path: Assets/Download/AssetStoreOriginals/_SNAPS_PrototypingAssets/ModernOffice_Interior/Prefabs/Props/Cabinet_04_snaps001.prefab
  artifactKey: Guid(6ceca4d01ca8690498194787a589d0ea) Importer(815301076,1909f56bfc062723c751e8b465ee728b)
Start importing Assets/Download/AssetStoreOriginals/_SNAPS_PrototypingAssets/ModernOffice_Interior/Prefabs/Props/Cabinet_04_snaps001.prefab using Guid(6ceca4d01ca8690498194787a589d0ea) Importer(815301076,1909f56bfc062723c751e8b465ee728b)  -> (artifact id: '6e1f8121eeab6c22ff5a17feaed5d639') in 0.019429 seconds 
========================================================================
Received Import Request.
  Time since last request: 0.000033 seconds.
  path: Assets/Download/AssetStoreOriginals/_SNAPS_PrototypingAssets/ModernOffice_Interior/Prefabs/Props/PenHolder_01_snaps001.prefab
  artifactKey: Guid(0547e5926fd68ea4993c6af3be8769e0) Importer(815301076,1909f56bfc062723c751e8b465ee728b)
Start importing Assets/Download/AssetStoreOriginals/_SNAPS_PrototypingAssets/ModernOffice_Interior/Prefabs/Props/PenHolder_01_snaps001.prefab using Guid(0547e5926fd68ea4993c6af3be8769e0) Importer(815301076,1909f56bfc062723c751e8b465ee728b)  -> (artifact id: 'd7dc086dd2ddf3d6c0e81154da6b4c60') in 0.017361 seconds 
========================================================================
Received Import Request.
  Time since last request: 0.000028 seconds.
  path: Assets/Download/AssetStoreOriginals/_SNAPS_PrototypingAssets/ModernOffice_Interior/Prefabs/Props/Shelf_03_snaps001.prefab
  artifactKey: Guid(b0b25d39ee8d29546bcaaeb1b217bdaa) Importer(815301076,1909f56bfc062723c751e8b465ee728b)
Start importing Assets/Download/AssetStoreOriginals/_SNAPS_PrototypingAssets/ModernOffice_Interior/Prefabs/Props/Shelf_03_snaps001.prefab using Guid(b0b25d39ee8d29546bcaaeb1b217bdaa) Importer(815301076,1909f56bfc062723c751e8b465ee728b)  -> (artifact id: 'ba6d1047c6733ad21e233fe4e328cbfd') in 0.020825 seconds 
========================================================================
Received Import Request.
  Time since last request: 0.000047 seconds.
  path: Assets/Download/AssetStoreOriginals/_SNAPS_PrototypingAssets/ModernOffice_Interior/Prefabs/Props/ComputerDesk_02_snaps001.prefab
  artifactKey: Guid(d11695e43d89ff24bb36886a4c039c14) Importer(815301076,1909f56bfc062723c751e8b465ee728b)
Start importing Assets/Download/AssetStoreOriginals/_SNAPS_PrototypingAssets/ModernOffice_Interior/Prefabs/Props/ComputerDesk_02_snaps001.prefab using Guid(d11695e43d89ff24bb36886a4c039c14) Importer(815301076,1909f56bfc062723c751e8b465ee728b)  -> (artifact id: '940435bec6b45591dbe88157b103205c') in 0.019263 seconds 
========================================================================
Received Import Request.
  Time since last request: 0.000023 seconds.
  path: Assets/Download/AssetStoreOriginals/_SNAPS_PrototypingAssets/ModernOffice_Interior/Prefabs/Props/Shelf_04_snaps001.prefab
  artifactKey: Guid(9207d796a4eef5c4fb42153a24ebf588) Importer(815301076,1909f56bfc062723c751e8b465ee728b)
Start importing Assets/Download/AssetStoreOriginals/_SNAPS_PrototypingAssets/ModernOffice_Interior/Prefabs/Props/Shelf_04_snaps001.prefab using Guid(9207d796a4eef5c4fb42153a24ebf588) Importer(815301076,1909f56bfc062723c751e8b465ee728b)  -> (artifact id: '36d3e433f017e16dddb223ee1539a202') in 0.019899 seconds 
========================================================================
Received Import Request.
  Time since last request: 0.000049 seconds.
  path: Assets/Download/AssetStoreOriginals/_SNAPS_PrototypingAssets/ModernOffice_Interior/Prefabs/Props/CeilingLights_03_snaps001.prefab
  artifactKey: Guid(4231048744ce2ba41a406957740cf383) Importer(815301076,1909f56bfc062723c751e8b465ee728b)
Start importing Assets/Download/AssetStoreOriginals/_SNAPS_PrototypingAssets/ModernOffice_Interior/Prefabs/Props/CeilingLights_03_snaps001.prefab using Guid(4231048744ce2ba41a406957740cf383) Importer(815301076,1909f56bfc062723c751e8b465ee728b)  -> (artifact id: '925b945297db3e76dbcbfc2b1e7a937c') in 0.022338 seconds 
========================================================================
Received Import Request.
  Time since last request: 0.000031 seconds.
  path: Assets/Download/AssetStoreOriginals/_SNAPS_PrototypingAssets/ModernOffice_Interior/Prefabs/Props/Laptop_01_snaps001.prefab
  artifactKey: Guid(88cbb557f01af264c8417bbd28ff33c4) Importer(815301076,1909f56bfc062723c751e8b465ee728b)
Start importing Assets/Download/AssetStoreOriginals/_SNAPS_PrototypingAssets/ModernOffice_Interior/Prefabs/Props/Laptop_01_snaps001.prefab using Guid(88cbb557f01af264c8417bbd28ff33c4) Importer(815301076,1909f56bfc062723c751e8b465ee728b)  -> (artifact id: 'c08b00f74163726e1fe211ccdd65ecd9') in 0.017690 seconds 
========================================================================
Received Import Request.
  Time since last request: 0.000027 seconds.
  path: Assets/Download/AssetStoreOriginals/_SNAPS_PrototypingAssets/ModernOffice_Interior/Prefabs/Props/StairCase_01_snaps001.prefab
  artifactKey: Guid(36d22ed5102e16246b559668ee32f0f9) Importer(815301076,1909f56bfc062723c751e8b465ee728b)
Start importing Assets/Download/AssetStoreOriginals/_SNAPS_PrototypingAssets/ModernOffice_Interior/Prefabs/Props/StairCase_01_snaps001.prefab using Guid(36d22ed5102e16246b559668ee32f0f9) Importer(815301076,1909f56bfc062723c751e8b465ee728b)  -> (artifact id: '59269df49ad0f85bedee2f84a3bd0daf') in 0.017909 seconds 
Editor requested this worker to shutdown with reason: Scaling down because of idle timeout
AssetImportWorker is now disconnected from the server
Process exiting
Exiting without the bug reporter. Application will terminate with return code 0