Using pre-set license
Built from '2021.3/staging' branch; Version is '2021.3.7f1 (24e8595d6d43) revision 2418777'; Using compiler version '192829333'; Build Type 'Release'
OS: 'Windows 11  (10.0.22000) 64bit Professional' Language: 'ko' Physical Memory: 16194 MB
BatchMode: 1, IsHumanControllingUs: 0, StartBugReporterOnCrash: 0, Is64bit: 1, IsPro: 1

COMMAND LINE ARGUMENTS:
C:\Program Files\Unity\Hub\Editor\2021.3.7f1\Editor\Unity.exe
-adb2
-batchMode
-noUpm
-name
AssetImportWorker14
-projectPath
C:/Users/USER/Unity_Program/Unity/UnityChang_TPS_Division
-logFile
Logs/AssetImportWorker14.log
-srvPort
5441
Successfully changed project path to: C:/Users/USER/Unity_Program/Unity/UnityChang_TPS_Division
C:/Users/USER/Unity_Program/Unity/UnityChang_TPS_Division
[UnityMemory] Configuration Parameters - Can be set up in boot.config
    "memorysetup-bucket-allocator-granularity=16"
    "memorysetup-bucket-allocator-bucket-count=8"
    "memorysetup-bucket-allocator-block-size=33554432"
    "memorysetup-bucket-allocator-block-count=8"
    "memorysetup-main-allocator-block-size=16777216"
    "memorysetup-thread-allocator-block-size=16777216"
    "memorysetup-gfx-main-allocator-block-size=16777216"
    "memorysetup-gfx-thread-allocator-block-size=16777216"
    "memorysetup-cache-allocator-block-size=4194304"
    "memorysetup-typetree-allocator-block-size=2097152"
    "memorysetup-profiler-bucket-allocator-granularity=16"
    "memorysetup-profiler-bucket-allocator-bucket-count=8"
    "memorysetup-profiler-bucket-allocator-block-size=33554432"
    "memorysetup-profiler-bucket-allocator-block-count=8"
    "memorysetup-profiler-allocator-block-size=16777216"
    "memorysetup-profiler-editor-allocator-block-size=1048576"
    "memorysetup-temp-allocator-size-main=16777216"
    "memorysetup-job-temp-allocator-block-size=2097152"
    "memorysetup-job-temp-allocator-block-size-background=1048576"
    "memorysetup-job-temp-allocator-reduction-small-platforms=262144"
    "memorysetup-temp-allocator-size-background-worker=32768"
    "memorysetup-temp-allocator-size-job-worker=262144"
    "memorysetup-temp-allocator-size-preload-manager=33554432"
    "memorysetup-temp-allocator-size-nav-mesh-worker=65536"
    "memorysetup-temp-allocator-size-audio-worker=65536"
    "memorysetup-temp-allocator-size-cloud-worker=32768"
    "memorysetup-temp-allocator-size-gi-baking-worker=262144"
    "memorysetup-temp-allocator-size-gfx=262144"
Refreshing native plugins compatible for Editor in 134.71 ms, found 3 plugins.
Preloading 0 native plugins for Editor in 0.00 ms.
Initialize engine version: 2021.3.7f1 (24e8595d6d43)
[Subsystems] Discovering subsystems at path C:/Program Files/Unity/Hub/Editor/2021.3.7f1/Editor/Data/Resources/UnitySubsystems
[Subsystems] Discovering subsystems at path C:/Users/USER/Unity_Program/Unity/UnityChang_TPS_Division/Assets
GfxDevice: creating device client; threaded=0; jobified=0
Direct3D:
    Version:  Direct3D 11.0 [level 11.1]
    Renderer: NVIDIA GeForce RTX 2070 (ID=0x1f14)
    Vendor:   NVIDIA
    VRAM:     8031 MB
    Driver:   30.0.15.1165
Initialize mono
Mono path[0] = 'C:/Program Files/Unity/Hub/Editor/2021.3.7f1/Editor/Data/Managed'
Mono path[1] = 'C:/Program Files/Unity/Hub/Editor/2021.3.7f1/Editor/Data/MonoBleedingEdge/lib/mono/unityjit-win32'
Mono config path = 'C:/Program Files/Unity/Hub/Editor/2021.3.7f1/Editor/Data/MonoBleedingEdge/etc'
Using monoOptions --debugger-agent=transport=dt_socket,embedding=1,server=y,suspend=n,address=127.0.0.1:56980
Begin MonoManager ReloadAssembly
Registering precompiled unity dll's ...
Register platform support module: C:/Program Files/Unity/Hub/Editor/2021.3.7f1/Editor/Data/PlaybackEngines/WindowsStandaloneSupport/UnityEditor.WindowsStandalone.Extensions.dll
Registered in 0.006511 seconds.
Native extension for WindowsStandalone target not found
Refreshing native plugins compatible for Editor in 135.75 ms, found 3 plugins.
Preloading 0 native plugins for Editor in 0.00 ms.
Mono: successfully reloaded assembly
- Completed reload, in  0.647 seconds
Domain Reload Profiling:
	ReloadAssembly (648ms)
		BeginReloadAssembly (75ms)
			ExecutionOrderSort (0ms)
			DisableScriptedObjects (0ms)
			BackupInstance (0ms)
			ReleaseScriptingObjects (0ms)
			CreateAndSetChildDomain (1ms)
		EndReloadAssembly (470ms)
			LoadAssemblies (72ms)
			RebuildTransferFunctionScriptingTraits (0ms)
			SetupTypeCache (102ms)
			ReleaseScriptCaches (0ms)
			RebuildScriptCaches (23ms)
			SetupLoadedEditorAssemblies (298ms)
				LogAssemblyErrors (0ms)
				InitializePlatformSupportModulesInManaged (7ms)
				SetLoadedEditorAssemblies (0ms)
				RefreshPlugins (136ms)
				BeforeProcessingInitializeOnLoad (1ms)
				ProcessInitializeOnLoadAttributes (110ms)
				ProcessInitializeOnLoadMethodAttributes (44ms)
				AfterProcessingInitializeOnLoad (0ms)
				EditorAssembliesLoaded (0ms)
			ExecutionOrderSort2 (0ms)
			AwakeInstancesAfterBackupRestoration (0ms)
Platform modules already initialized, skipping
Registering precompiled user dll's ...
Registered in 0.008207 seconds.
Begin MonoManager ReloadAssembly
Symbol file LoadedFromMemory doesn't match image C:\Users\USER\Unity_Program\Unity\UnityChang_TPS_Division\Library\PackageCache\com.unity.visualscripting@1.7.8\Editor\VisualScripting.Core\Dependencies\YamlDotNet\Unity.VisualScripting.YamlDotNet.dll
Symbol file LoadedFromMemory doesn't match image C:\Users\USER\Unity_Program\Unity\UnityChang_TPS_Division\Library\PackageCache\com.unity.visualscripting@1.7.8\Editor\VisualScripting.Core\Dependencies\DotNetZip\Unity.VisualScripting.IonicZip.dll
Native extension for WindowsStandalone target not found
Refreshing native plugins compatible for Editor in 153.43 ms, found 3 plugins.
Preloading 0 native plugins for Editor in 0.00 ms.
Mono: successfully reloaded assembly
- Completed reload, in  1.516 seconds
Domain Reload Profiling:
	ReloadAssembly (1517ms)
		BeginReloadAssembly (110ms)
			ExecutionOrderSort (0ms)
			DisableScriptedObjects (6ms)
			BackupInstance (0ms)
			ReleaseScriptingObjects (0ms)
			CreateAndSetChildDomain (18ms)
		EndReloadAssembly (1291ms)
			LoadAssemblies (94ms)
			RebuildTransferFunctionScriptingTraits (0ms)
			SetupTypeCache (311ms)
			ReleaseScriptCaches (1ms)
			RebuildScriptCaches (71ms)
			SetupLoadedEditorAssemblies (758ms)
				LogAssemblyErrors (0ms)
				InitializePlatformSupportModulesInManaged (4ms)
				SetLoadedEditorAssemblies (0ms)
				RefreshPlugins (153ms)
				BeforeProcessingInitializeOnLoad (138ms)
				ProcessInitializeOnLoadAttributes (376ms)
				ProcessInitializeOnLoadMethodAttributes (78ms)
				AfterProcessingInitializeOnLoad (9ms)
				EditorAssembliesLoaded (0ms)
			ExecutionOrderSort2 (0ms)
			AwakeInstancesAfterBackupRestoration (9ms)
Platform modules already initialized, skipping
========================================================================
Worker process is ready to serve import requests
Launched and connected shader compiler UnityShaderCompiler.exe after 0.04 seconds
Refreshing native plugins compatible for Editor in 1.23 ms, found 3 plugins.
Preloading 0 native plugins for Editor in 0.00 ms.
Unloading 6248 Unused Serialized files (Serialized files now loaded: 0)
Unloading 52 unused Assets / (0.8 MB). Loaded Objects now: 6709.
Memory consumption went from 256.8 MB to 256.0 MB.
Total: 4.230200 ms (FindLiveObjects: 0.563800 ms CreateObjectMapping: 0.712800 ms MarkObjects: 2.634900 ms  DeleteObjects: 0.318000 ms)

AssetImportParameters requested are different than current active one (requested -> active):
  custom:video-decoder-ogg-theora: a1e56fd34408186e4bbccfd4996cb3dc -> 
  custom:container-muxer-webm: aa71ff27fc2769a1b78a27578f13a17b -> 
  custom:container-demuxer-webm: 4f35f7cbe854078d1ac9338744f61a02 -> 
  custom:video-encoder-webm-vp8: eb34c28f22e8b96e1ab97ce403110664 -> 
  custom:audio-encoder-webm-vorbis: bf7c407c2cedff20999df2af8eb42d56 -> 
  custom:framework-win-MediaFoundation: 216162199b28c13a410421893ffa2e32 -> 
  custom:container-demuxer-ogg: 62fdf1f143b41e24485cea50d1cbac27 -> 
  custom:video-decoder-webm-vp8: 9c59270c3fd7afecdb556c50c9e8de78 -> 
  custom:audio-decoder-ogg-vorbis: bf7c407c2cedff20999df2af8eb42d56 -> 
========================================================================
Received Import Request.
  Time since last request: 37255.623923 seconds.
  path: Assets/Download/AssetStoreOriginals/_SNAPS_PrototypingAssets/ModernOffice_Interior/Prefabs/SNAPS_NoHD/Neo_Floor_03_snaps001.prefab
  artifactKey: Guid(b3e1ae4b20d1a0845a32d4418535010b) Importer(815301076,1909f56bfc062723c751e8b465ee728b)
Start importing Assets/Download/AssetStoreOriginals/_SNAPS_PrototypingAssets/ModernOffice_Interior/Prefabs/SNAPS_NoHD/Neo_Floor_03_snaps001.prefab using Guid(b3e1ae4b20d1a0845a32d4418535010b) Importer(815301076,1909f56bfc062723c751e8b465ee728b)  -> (artifact id: '4edd695908165397d5181e753a70300b') in 0.283564 seconds 
========================================================================
Received Import Request.
  Time since last request: 0.000026 seconds.
  path: Assets/Download/AssetStoreOriginals/_SNAPS_PrototypingAssets/ModernOffice_Interior/Prefabs/SNAPS_NoHD/Neo_Pillar_02_L_4m_snaps001.prefab
  artifactKey: Guid(4d057e6b0c2f0b3438a341df00052ea5) Importer(815301076,1909f56bfc062723c751e8b465ee728b)
Start importing Assets/Download/AssetStoreOriginals/_SNAPS_PrototypingAssets/ModernOffice_Interior/Prefabs/SNAPS_NoHD/Neo_Pillar_02_L_4m_snaps001.prefab using Guid(4d057e6b0c2f0b3438a341df00052ea5) Importer(815301076,1909f56bfc062723c751e8b465ee728b)  -> (artifact id: '724f6469794296f04c7281e21270961a') in 0.019833 seconds 
========================================================================
Received Import Request.
  Time since last request: 0.000026 seconds.
  path: Assets/Download/AssetStoreOriginals/_SNAPS_PrototypingAssets/ModernOffice_Interior/Prefabs/SNAPS_NoHD/Neo_WallDoubleDoors_01_4m_snaps001.prefab
  artifactKey: Guid(bdd155ddbbfc71d4299eec62806c436a) Importer(815301076,1909f56bfc062723c751e8b465ee728b)
Start importing Assets/Download/AssetStoreOriginals/_SNAPS_PrototypingAssets/ModernOffice_Interior/Prefabs/SNAPS_NoHD/Neo_WallDoubleDoors_01_4m_snaps001.prefab using Guid(bdd155ddbbfc71d4299eec62806c436a) Importer(815301076,1909f56bfc062723c751e8b465ee728b)  -> (artifact id: '5d982003842d6bd8d69e88c2e91b48e6') in 0.022952 seconds 
========================================================================
Received Import Request.
  Time since last request: 0.000066 seconds.
  path: Assets/Download/AssetStoreOriginals/_SNAPS_PrototypingAssets/ModernOffice_Interior/Prefabs/SNAPS_NoHD/Neo_Floor_Ceiling_03_snaps001.prefab
  artifactKey: Guid(326806cc1d34f8b418df49602410fb71) Importer(815301076,1909f56bfc062723c751e8b465ee728b)
Start importing Assets/Download/AssetStoreOriginals/_SNAPS_PrototypingAssets/ModernOffice_Interior/Prefabs/SNAPS_NoHD/Neo_Floor_Ceiling_03_snaps001.prefab using Guid(326806cc1d34f8b418df49602410fb71) Importer(815301076,1909f56bfc062723c751e8b465ee728b)  -> (artifact id: 'a17cef9140f0d9371c164d322aafb7e3') in 0.018166 seconds 
========================================================================
Received Import Request.
  Time since last request: 0.000029 seconds.
  path: Assets/Download/AssetStoreOriginals/_SNAPS_PrototypingAssets/ModernOffice_Interior/Prefabs/SNAPS_NoHD/Neo_Pillar_02_M_4m_snaps001.prefab
  artifactKey: Guid(fd1ecae17bcbb3548ade769d7f5b1f24) Importer(815301076,1909f56bfc062723c751e8b465ee728b)
Start importing Assets/Download/AssetStoreOriginals/_SNAPS_PrototypingAssets/ModernOffice_Interior/Prefabs/SNAPS_NoHD/Neo_Pillar_02_M_4m_snaps001.prefab using Guid(fd1ecae17bcbb3548ade769d7f5b1f24) Importer(815301076,1909f56bfc062723c751e8b465ee728b)  -> (artifact id: '9e04b061bb014f46efa64d7155e4c115') in 0.016650 seconds 
========================================================================
Received Import Request.
  Time since last request: 0.000020 seconds.
  path: Assets/Download/AssetStoreOriginals/_SNAPS_PrototypingAssets/ModernOffice_Interior/Prefabs/SNAPS_NoHD/Neo_WallWindowFrame_02_4m_snaps001.prefab
  artifactKey: Guid(5b41703580b9f54448d1e4fdbbf7efef) Importer(815301076,1909f56bfc062723c751e8b465ee728b)
Start importing Assets/Download/AssetStoreOriginals/_SNAPS_PrototypingAssets/ModernOffice_Interior/Prefabs/SNAPS_NoHD/Neo_WallWindowFrame_02_4m_snaps001.prefab using Guid(5b41703580b9f54448d1e4fdbbf7efef) Importer(815301076,1909f56bfc062723c751e8b465ee728b)  -> (artifact id: '87e4db30d3f52ccf4521fe86304c3011') in 0.018896 seconds 
========================================================================
Received Import Request.
  Time since last request: 0.000027 seconds.
  path: Assets/Download/AssetStoreOriginals/_SNAPS_PrototypingAssets/ModernOffice_Interior/Prefabs/SNAPS_NoHD/Neo_WallDoorFrame_01_4m_snaps001.prefab
  artifactKey: Guid(78872c40a8151204e84292b05cf458d2) Importer(815301076,1909f56bfc062723c751e8b465ee728b)
Start importing Assets/Download/AssetStoreOriginals/_SNAPS_PrototypingAssets/ModernOffice_Interior/Prefabs/SNAPS_NoHD/Neo_WallDoorFrame_01_4m_snaps001.prefab using Guid(78872c40a8151204e84292b05cf458d2) Importer(815301076,1909f56bfc062723c751e8b465ee728b)  -> (artifact id: '3ef6320e39f43a14bb93def27e5138d9') in 0.021454 seconds 
========================================================================
Received Import Request.
  Time since last request: 0.000028 seconds.
  path: Assets/Download/AssetStoreOriginals/_SNAPS_PrototypingAssets/ModernOffice_Interior/Prefabs/SNAPS_NoHD/Neo_Pillar_01_L_4m_snaps001.prefab
  artifactKey: Guid(60c2015a6316cec40bf8959981f04bee) Importer(815301076,1909f56bfc062723c751e8b465ee728b)
Start importing Assets/Download/AssetStoreOriginals/_SNAPS_PrototypingAssets/ModernOffice_Interior/Prefabs/SNAPS_NoHD/Neo_Pillar_01_L_4m_snaps001.prefab using Guid(60c2015a6316cec40bf8959981f04bee) Importer(815301076,1909f56bfc062723c751e8b465ee728b)  -> (artifact id: '46032a084d7e1215208a22c3f1334c04') in 0.017418 seconds 
========================================================================
Received Import Request.
  Time since last request: 0.000028 seconds.
  path: Assets/Download/AssetStoreOriginals/_SNAPS_PrototypingAssets/ModernOffice_Interior/Prefabs/SNAPS_NoHD/Neo_Wall_Corner_4m_snaps001.prefab
  artifactKey: Guid(5a02e34e0575a924d810efcd291923c7) Importer(815301076,1909f56bfc062723c751e8b465ee728b)
Start importing Assets/Download/AssetStoreOriginals/_SNAPS_PrototypingAssets/ModernOffice_Interior/Prefabs/SNAPS_NoHD/Neo_Wall_Corner_4m_snaps001.prefab using Guid(5a02e34e0575a924d810efcd291923c7) Importer(815301076,1909f56bfc062723c751e8b465ee728b)  -> (artifact id: '2daff8f379a8fb0e1cd3065a6d8df3df') in 0.016331 seconds 
========================================================================
Received Import Request.
  Time since last request: 0.000034 seconds.
  path: Assets/Download/AssetStoreOriginals/_SNAPS_PrototypingAssets/ModernOffice_Interior/Prefabs/SNAPS_NoHD/Neo_Wall_Joint_4m_snaps001.prefab
  artifactKey: Guid(e1b1bc960ce75964bbcbef5953f67ad5) Importer(815301076,1909f56bfc062723c751e8b465ee728b)
Start importing Assets/Download/AssetStoreOriginals/_SNAPS_PrototypingAssets/ModernOffice_Interior/Prefabs/SNAPS_NoHD/Neo_Wall_Joint_4m_snaps001.prefab using Guid(e1b1bc960ce75964bbcbef5953f67ad5) Importer(815301076,1909f56bfc062723c751e8b465ee728b)  -> (artifact id: '35b386406c9a339a438a97da01e589f2') in 0.014555 seconds 
========================================================================
Received Import Request.
  Time since last request: 0.735225 seconds.
  path: Assets/Download/AssetStoreOriginals/_SNAPS_PrototypingAssets/ModernOffice_Interior/Prefabs/Props/AirDuct_01_snaps001.prefab
  artifactKey: Guid(f8531c0160b625746812ddd8f8a3f1cf) Importer(815301076,1909f56bfc062723c751e8b465ee728b)
Start importing Assets/Download/AssetStoreOriginals/_SNAPS_PrototypingAssets/ModernOffice_Interior/Prefabs/Props/AirDuct_01_snaps001.prefab using Guid(f8531c0160b625746812ddd8f8a3f1cf) Importer(815301076,1909f56bfc062723c751e8b465ee728b)  -> (artifact id: 'a9c2de2c4745924031df8461d4aae3fe') in 0.019578 seconds 
========================================================================
Received Import Request.
  Time since last request: 0.000030 seconds.
  path: Assets/Download/AssetStoreOriginals/_SNAPS_PrototypingAssets/ModernOffice_Interior/Prefabs/Props/Monitor_02_snaps001.prefab
  artifactKey: Guid(75d11b34eb0b1f845ae47ec3b97a5e13) Importer(815301076,1909f56bfc062723c751e8b465ee728b)
Start importing Assets/Download/AssetStoreOriginals/_SNAPS_PrototypingAssets/ModernOffice_Interior/Prefabs/Props/Monitor_02_snaps001.prefab using Guid(75d11b34eb0b1f845ae47ec3b97a5e13) Importer(815301076,1909f56bfc062723c751e8b465ee728b)  -> (artifact id: '95331e24af9e83eecc6efd49db2cd4a9') in 0.017782 seconds 
========================================================================
Received Import Request.
  Time since last request: 0.000029 seconds.
  path: Assets/Download/AssetStoreOriginals/_SNAPS_PrototypingAssets/ModernOffice_Interior/Prefabs/Props/PotPlant_02_snaps001.prefab
  artifactKey: Guid(09bbc701d5952e2479584092953ee7a4) Importer(815301076,1909f56bfc062723c751e8b465ee728b)
Start importing Assets/Download/AssetStoreOriginals/_SNAPS_PrototypingAssets/ModernOffice_Interior/Prefabs/Props/PotPlant_02_snaps001.prefab using Guid(09bbc701d5952e2479584092953ee7a4) Importer(815301076,1909f56bfc062723c751e8b465ee728b)  -> (artifact id: '15393825010db1e21609ef2cc5722f77') in 0.023228 seconds 
========================================================================
Received Import Request.
  Time since last request: 0.000026 seconds.
  path: Assets/Download/AssetStoreOriginals/_SNAPS_PrototypingAssets/ModernOffice_Interior/Prefabs/Props/Monitor_01_snaps001.prefab
  artifactKey: Guid(a5a328fd0bdbc82418c900ec0e290bd4) Importer(815301076,1909f56bfc062723c751e8b465ee728b)
Start importing Assets/Download/AssetStoreOriginals/_SNAPS_PrototypingAssets/ModernOffice_Interior/Prefabs/Props/Monitor_01_snaps001.prefab using Guid(a5a328fd0bdbc82418c900ec0e290bd4) Importer(815301076,1909f56bfc062723c751e8b465ee728b)  -> (artifact id: 'cf68a5d93cdc382f330a65a281c22702') in 0.019900 seconds 
========================================================================
Received Import Request.
  Time since last request: 0.000030 seconds.
  path: Assets/Download/AssetStoreOriginals/_SNAPS_PrototypingAssets/ModernOffice_Interior/Prefabs/Props/ComputerDesk_01_snaps001.prefab
  artifactKey: Guid(1311ead9e03725440bcd145a4ddd5518) Importer(815301076,1909f56bfc062723c751e8b465ee728b)
Start importing Assets/Download/AssetStoreOriginals/_SNAPS_PrototypingAssets/ModernOffice_Interior/Prefabs/Props/ComputerDesk_01_snaps001.prefab using Guid(1311ead9e03725440bcd145a4ddd5518) Importer(815301076,1909f56bfc062723c751e8b465ee728b)  -> (artifact id: '8d998b329347da8675b6db3c6b1ee3c6') in 0.016738 seconds 
========================================================================
Received Import Request.
  Time since last request: 0.000029 seconds.
  path: Assets/Download/AssetStoreOriginals/_SNAPS_PrototypingAssets/ModernOffice_Interior/Prefabs/Props/CoffeeMug_01_snaps001.prefab
  artifactKey: Guid(8c8b047a2c0cdf442a97847b15e17227) Importer(815301076,1909f56bfc062723c751e8b465ee728b)
Start importing Assets/Download/AssetStoreOriginals/_SNAPS_PrototypingAssets/ModernOffice_Interior/Prefabs/Props/CoffeeMug_01_snaps001.prefab using Guid(8c8b047a2c0cdf442a97847b15e17227) Importer(815301076,1909f56bfc062723c751e8b465ee728b)  -> (artifact id: '7ce2ddd84932a97d0a56646e04372235') in 0.015876 seconds 
========================================================================
Received Import Request.
  Time since last request: 0.000024 seconds.
  path: Assets/Download/AssetStoreOriginals/_SNAPS_PrototypingAssets/ModernOffice_Interior/Prefabs/Props/Cabinet_03_snaps001.prefab
  artifactKey: Guid(52e174db68e69754b9b080b25a308977) Importer(815301076,1909f56bfc062723c751e8b465ee728b)
Start importing Assets/Download/AssetStoreOriginals/_SNAPS_PrototypingAssets/ModernOffice_Interior/Prefabs/Props/Cabinet_03_snaps001.prefab using Guid(52e174db68e69754b9b080b25a308977) Importer(815301076,1909f56bfc062723c751e8b465ee728b)  -> (artifact id: '97c05a8bc195bda24a5cbcc92c08f171') in 0.016958 seconds 
========================================================================
Received Import Request.
  Time since last request: 0.000028 seconds.
  path: Assets/Download/AssetStoreOriginals/_SNAPS_PrototypingAssets/ModernOffice_Interior/Prefabs/Props/PaperTray_01_snaps001.prefab
  artifactKey: Guid(e8d3a72b8c8548f469a0a533f1fbe295) Importer(815301076,1909f56bfc062723c751e8b465ee728b)
Start importing Assets/Download/AssetStoreOriginals/_SNAPS_PrototypingAssets/ModernOffice_Interior/Prefabs/Props/PaperTray_01_snaps001.prefab using Guid(e8d3a72b8c8548f469a0a533f1fbe295) Importer(815301076,1909f56bfc062723c751e8b465ee728b)  -> (artifact id: 'f7acbcc252168ead7abdf8dde39e48d6') in 0.019714 seconds 
========================================================================
Received Import Request.
  Time since last request: 0.000033 seconds.
  path: Assets/Download/AssetStoreOriginals/_SNAPS_PrototypingAssets/ModernOffice_Interior/Prefabs/Props/PaperTray_02_snaps001.prefab
  artifactKey: Guid(106e0f600ce0361469ff2428db6b7abc) Importer(815301076,1909f56bfc062723c751e8b465ee728b)
Start importing Assets/Download/AssetStoreOriginals/_SNAPS_PrototypingAssets/ModernOffice_Interior/Prefabs/Props/PaperTray_02_snaps001.prefab using Guid(106e0f600ce0361469ff2428db6b7abc) Importer(815301076,1909f56bfc062723c751e8b465ee728b)  -> (artifact id: '07700f916ebdfa617f6bace3bd9ea0e3') in 0.021922 seconds 
========================================================================
Received Import Request.
  Time since last request: 0.000026 seconds.
  path: Assets/Download/AssetStoreOriginals/_SNAPS_PrototypingAssets/ModernOffice_Interior/Prefabs/Props/Printer01_snaps001.prefab
  artifactKey: Guid(91449bd0e8b9dce41803f9c79a993462) Importer(815301076,1909f56bfc062723c751e8b465ee728b)
Start importing Assets/Download/AssetStoreOriginals/_SNAPS_PrototypingAssets/ModernOffice_Interior/Prefabs/Props/Printer01_snaps001.prefab using Guid(91449bd0e8b9dce41803f9c79a993462) Importer(815301076,1909f56bfc062723c751e8b465ee728b)  -> (artifact id: '3f291efe1b7180f176b10a7832cd7b0b') in 0.019291 seconds 
========================================================================
Received Import Request.
  Time since last request: 0.000028 seconds.
  path: Assets/Download/AssetStoreOriginals/_SNAPS_PrototypingAssets/ModernOffice_Interior/Prefabs/Props/Cabinet_01_snaps001.prefab
  artifactKey: Guid(14e4e479b0ada4d49bfe66d6f080bb7c) Importer(815301076,1909f56bfc062723c751e8b465ee728b)
Start importing Assets/Download/AssetStoreOriginals/_SNAPS_PrototypingAssets/ModernOffice_Interior/Prefabs/Props/Cabinet_01_snaps001.prefab using Guid(14e4e479b0ada4d49bfe66d6f080bb7c) Importer(815301076,1909f56bfc062723c751e8b465ee728b)  -> (artifact id: 'cdb464802ae8949212a50770ed8c6138') in 0.016789 seconds 
========================================================================
Received Import Request.
  Time since last request: 0.000031 seconds.
  path: Assets/Download/AssetStoreOriginals/_SNAPS_PrototypingAssets/ModernOffice_Interior/Prefabs/Props/PotPlant_01_snaps001.prefab
  artifactKey: Guid(7e4d0f164b07d6045919c269526fcd64) Importer(815301076,1909f56bfc062723c751e8b465ee728b)
Start importing Assets/Download/AssetStoreOriginals/_SNAPS_PrototypingAssets/ModernOffice_Interior/Prefabs/Props/PotPlant_01_snaps001.prefab using Guid(7e4d0f164b07d6045919c269526fcd64) Importer(815301076,1909f56bfc062723c751e8b465ee728b)  -> (artifact id: '700708250433390bfe76cbbbee1d7832') in 0.016330 seconds 
========================================================================
Received Import Request.
  Time since last request: 0.000029 seconds.
  path: Assets/Download/AssetStoreOriginals/_SNAPS_PrototypingAssets/ModernOffice_Interior/Prefabs/Props/Shelf_02_snaps001.prefab
  artifactKey: Guid(cdc15feda7052534a82cd0a14afc130f) Importer(815301076,1909f56bfc062723c751e8b465ee728b)
Start importing Assets/Download/AssetStoreOriginals/_SNAPS_PrototypingAssets/ModernOffice_Interior/Prefabs/Props/Shelf_02_snaps001.prefab using Guid(cdc15feda7052534a82cd0a14afc130f) Importer(815301076,1909f56bfc062723c751e8b465ee728b)  -> (artifact id: '788a81eb92cbdf82995a7f4ddc52d7a9') in 0.018071 seconds 
========================================================================
Received Import Request.
  Time since last request: 0.000022 seconds.
  path: Assets/Download/AssetStoreOriginals/_SNAPS_PrototypingAssets/ModernOffice_Interior/Prefabs/Props/OfficeChair_01_snaps001.prefab
  artifactKey: Guid(247e5b33a1b1dba43a82e14ad7191756) Importer(815301076,1909f56bfc062723c751e8b465ee728b)
Start importing Assets/Download/AssetStoreOriginals/_SNAPS_PrototypingAssets/ModernOffice_Interior/Prefabs/Props/OfficeChair_01_snaps001.prefab using Guid(247e5b33a1b1dba43a82e14ad7191756) Importer(815301076,1909f56bfc062723c751e8b465ee728b)  -> (artifact id: 'd36f9b164c68c2d9028ba3ea501aaafd') in 0.017704 seconds 
Editor requested this worker to shutdown with reason: Scaling down because of idle timeout
AssetImportWorker is now disconnected from the server
Process exiting
Exiting without the bug reporter. Application will terminate with return code 0