Using pre-set license
Built from '2021.3/staging' branch; Version is '2021.3.7f1 (24e8595d6d43) revision 2418777'; Using compiler version '192829333'; Build Type 'Release'
OS: 'Windows 11  (10.0.22000) 64bit Professional' Language: 'ko' Physical Memory: 16194 MB
BatchMode: 1, IsHumanControllingUs: 0, StartBugReporterOnCrash: 0, Is64bit: 1, IsPro: 1

COMMAND LINE ARGUMENTS:
C:\Program Files\Unity\Hub\Editor\2021.3.7f1\Editor\Unity.exe
-adb2
-batchMode
-noUpm
-name
AssetImportWorker12
-projectPath
C:/Users/USER/Unity_Program/Unity/UnityChang_TPS_Division
-logFile
Logs/AssetImportWorker12.log
-srvPort
5441
Successfully changed project path to: C:/Users/USER/Unity_Program/Unity/UnityChang_TPS_Division
C:/Users/USER/Unity_Program/Unity/UnityChang_TPS_Division
[UnityMemory] Configuration Parameters - Can be set up in boot.config
    "memorysetup-bucket-allocator-granularity=16"
    "memorysetup-bucket-allocator-bucket-count=8"
    "memorysetup-bucket-allocator-block-size=33554432"
    "memorysetup-bucket-allocator-block-count=8"
    "memorysetup-main-allocator-block-size=16777216"
    "memorysetup-thread-allocator-block-size=16777216"
    "memorysetup-gfx-main-allocator-block-size=16777216"
    "memorysetup-gfx-thread-allocator-block-size=16777216"
    "memorysetup-cache-allocator-block-size=4194304"
    "memorysetup-typetree-allocator-block-size=2097152"
    "memorysetup-profiler-bucket-allocator-granularity=16"
    "memorysetup-profiler-bucket-allocator-bucket-count=8"
    "memorysetup-profiler-bucket-allocator-block-size=33554432"
    "memorysetup-profiler-bucket-allocator-block-count=8"
    "memorysetup-profiler-allocator-block-size=16777216"
    "memorysetup-profiler-editor-allocator-block-size=1048576"
    "memorysetup-temp-allocator-size-main=16777216"
    "memorysetup-job-temp-allocator-block-size=2097152"
    "memorysetup-job-temp-allocator-block-size-background=1048576"
    "memorysetup-job-temp-allocator-reduction-small-platforms=262144"
    "memorysetup-temp-allocator-size-background-worker=32768"
    "memorysetup-temp-allocator-size-job-worker=262144"
    "memorysetup-temp-allocator-size-preload-manager=33554432"
    "memorysetup-temp-allocator-size-nav-mesh-worker=65536"
    "memorysetup-temp-allocator-size-audio-worker=65536"
    "memorysetup-temp-allocator-size-cloud-worker=32768"
    "memorysetup-temp-allocator-size-gi-baking-worker=262144"
    "memorysetup-temp-allocator-size-gfx=262144"
Refreshing native plugins compatible for Editor in 157.81 ms, found 3 plugins.
Preloading 0 native plugins for Editor in 0.00 ms.
Initialize engine version: 2021.3.7f1 (24e8595d6d43)
[Subsystems] Discovering subsystems at path C:/Program Files/Unity/Hub/Editor/2021.3.7f1/Editor/Data/Resources/UnitySubsystems
[Subsystems] Discovering subsystems at path C:/Users/USER/Unity_Program/Unity/UnityChang_TPS_Division/Assets
GfxDevice: creating device client; threaded=0; jobified=0
Direct3D:
    Version:  Direct3D 11.0 [level 11.1]
    Renderer: NVIDIA GeForce RTX 2070 (ID=0x1f14)
    Vendor:   NVIDIA
    VRAM:     8031 MB
    Driver:   30.0.15.1165
Initialize mono
Mono path[0] = 'C:/Program Files/Unity/Hub/Editor/2021.3.7f1/Editor/Data/Managed'
Mono path[1] = 'C:/Program Files/Unity/Hub/Editor/2021.3.7f1/Editor/Data/MonoBleedingEdge/lib/mono/unityjit-win32'
Mono config path = 'C:/Program Files/Unity/Hub/Editor/2021.3.7f1/Editor/Data/MonoBleedingEdge/etc'
Using monoOptions --debugger-agent=transport=dt_socket,embedding=1,server=y,suspend=n,address=127.0.0.1:56316
Begin MonoManager ReloadAssembly
Registering precompiled unity dll's ...
Register platform support module: C:/Program Files/Unity/Hub/Editor/2021.3.7f1/Editor/Data/PlaybackEngines/WindowsStandaloneSupport/UnityEditor.WindowsStandalone.Extensions.dll
Registered in 0.007999 seconds.
Native extension for WindowsStandalone target not found
Refreshing native plugins compatible for Editor in 154.64 ms, found 3 plugins.
Preloading 0 native plugins for Editor in 0.00 ms.
Mono: successfully reloaded assembly
- Completed reload, in  0.750 seconds
Domain Reload Profiling:
	ReloadAssembly (750ms)
		BeginReloadAssembly (85ms)
			ExecutionOrderSort (0ms)
			DisableScriptedObjects (0ms)
			BackupInstance (0ms)
			ReleaseScriptingObjects (0ms)
			CreateAndSetChildDomain (1ms)
		EndReloadAssembly (547ms)
			LoadAssemblies (83ms)
			RebuildTransferFunctionScriptingTraits (0ms)
			SetupTypeCache (121ms)
			ReleaseScriptCaches (0ms)
			RebuildScriptCaches (27ms)
			SetupLoadedEditorAssemblies (340ms)
				LogAssemblyErrors (0ms)
				InitializePlatformSupportModulesInManaged (8ms)
				SetLoadedEditorAssemblies (0ms)
				RefreshPlugins (155ms)
				BeforeProcessingInitializeOnLoad (1ms)
				ProcessInitializeOnLoadAttributes (124ms)
				ProcessInitializeOnLoadMethodAttributes (51ms)
				AfterProcessingInitializeOnLoad (0ms)
				EditorAssembliesLoaded (0ms)
			ExecutionOrderSort2 (0ms)
			AwakeInstancesAfterBackupRestoration (0ms)
Platform modules already initialized, skipping
Registering precompiled user dll's ...
Registered in 0.009100 seconds.
Begin MonoManager ReloadAssembly
Symbol file LoadedFromMemory doesn't match image C:\Users\USER\Unity_Program\Unity\UnityChang_TPS_Division\Library\PackageCache\com.unity.visualscripting@1.7.8\Editor\VisualScripting.Core\Dependencies\YamlDotNet\Unity.VisualScripting.YamlDotNet.dll
Symbol file LoadedFromMemory doesn't match image C:\Users\USER\Unity_Program\Unity\UnityChang_TPS_Division\Library\PackageCache\com.unity.visualscripting@1.7.8\Editor\VisualScripting.Core\Dependencies\DotNetZip\Unity.VisualScripting.IonicZip.dll
Native extension for WindowsStandalone target not found
Refreshing native plugins compatible for Editor in 142.57 ms, found 3 plugins.
Preloading 0 native plugins for Editor in 0.00 ms.
Error saving file Library/StateCache/LayerSettings/9e/9ecc5c3c162a7aba29bafa64c8b94b7c.json. Error: System.IO.IOException: Sharing violation on path C:\Users\USER\Unity_Program\Unity\UnityChang_TPS_Division\Library\StateCache\LayerSettings\9e\9ecc5c3c162a7aba29bafa64c8b94b7c.json
  at System.IO.FileStream..ctor (System.String path, System.IO.FileMode mode, System.IO.FileAccess access, System.IO.FileShare share, System.Int32 bufferSize, System.Boolean anonymous, System.IO.FileOptions options) [0x0019e] in <c2a97e0383e8404c9fc0ae19d58f57f1>:0 
  at System.IO.FileStream..ctor (System.String path, System.IO.FileMode mode, System.IO.FileAccess access, System.IO.FileShare share, System.Int32 bufferSize, System.IO.FileOptions options) [0x00000] in <c2a97e0383e8404c9fc0ae19d58f57f1>:0 
  at (wrapper remoting-invoke-with-check) System.IO.FileStream..ctor(string,System.IO.FileMode,System.IO.FileAccess,System.IO.FileShare,int,System.IO.FileOptions)
  at System.IO.StreamWriter..ctor (System.String path, System.Boolean append, System.Text.Encoding encoding, System.Int32 bufferSize) [0x00055] in <c2a97e0383e8404c9fc0ae19d58f57f1>:0 
  at System.IO.StreamWriter..ctor (System.String path, System.Boolean append, System.Text.Encoding encoding) [0x00000] in <c2a97e0383e8404c9fc0ae19d58f57f1>:0 
  at (wrapper remoting-invoke-with-check) System.IO.StreamWriter..ctor(string,bool,System.Text.Encoding)
  at System.IO.File.WriteAllText (System.String path, System.String contents, System.Text.Encoding encoding) [0x00034] in <c2a97e0383e8404c9fc0ae19d58f57f1>:0 
  at UnityEditor.StateCache`1[T].SetState (UnityEngine.Hash128 key, T obj) [0x0004b] in <33518779906b403ba9f96eccba6a861b>:0 
UnityEngine.StackTraceUtility:ExtractStackTrace ()
UnityEngine.DebugLogHandler:LogFormat (UnityEngine.LogType,UnityEngine.Object,string,object[])
UnityEngine.Logger:Log (UnityEngine.LogType,object)
UnityEngine.Debug:LogError (object)
UnityEditor.StateCache`1<UnityEditor.Tools/LayerSettings>:SetState (UnityEngine.Hash128,UnityEditor.Tools/LayerSettings)
UnityEditor.Tools:set_lockedLayers (int)
UnityEditor.Tools:OnEnable ()
UnityEngine.ScriptableObject:CreateInstance (System.Type)
UnityEngine.ScriptableObject:CreateInstance<UnityEditor.Tools> ()
UnityEditor.Tools:get_get ()
UnityEditor.Tools:get_visibleLayers ()
UnityEditor.Animations.Rigging.BoneRendererUtils:.cctor () (at Library/PackageCache/com.unity.animation.rigging@1.1.1/Editor/Utils/BoneRendererUtils.cs:121)
System.Runtime.CompilerServices.RuntimeHelpers:RunClassConstructor (System.RuntimeTypeHandle)
UnityEditor.EditorAssemblies:ProcessInitializeOnLoadAttributes (System.Type[])

(Filename: Library/PackageCache/com.unity.animation.rigging@1.1.1/Editor/Utils/BoneRendererUtils.cs Line: 121)

Mono: successfully reloaded assembly
- Completed reload, in  1.558 seconds
Domain Reload Profiling:
	ReloadAssembly (1559ms)
		BeginReloadAssembly (114ms)
			ExecutionOrderSort (0ms)
			DisableScriptedObjects (6ms)
			BackupInstance (0ms)
			ReleaseScriptingObjects (0ms)
			CreateAndSetChildDomain (23ms)
		EndReloadAssembly (1327ms)
			LoadAssemblies (94ms)
			RebuildTransferFunctionScriptingTraits (0ms)
			SetupTypeCache (313ms)
			ReleaseScriptCaches (1ms)
			RebuildScriptCaches (82ms)
			SetupLoadedEditorAssemblies (773ms)
				LogAssemblyErrors (0ms)
				InitializePlatformSupportModulesInManaged (5ms)
				SetLoadedEditorAssemblies (0ms)
				RefreshPlugins (143ms)
				BeforeProcessingInitializeOnLoad (139ms)
				ProcessInitializeOnLoadAttributes (399ms)
				ProcessInitializeOnLoadMethodAttributes (79ms)
				AfterProcessingInitializeOnLoad (9ms)
				EditorAssembliesLoaded (0ms)
			ExecutionOrderSort2 (0ms)
			AwakeInstancesAfterBackupRestoration (10ms)
Platform modules already initialized, skipping
========================================================================
Worker process is ready to serve import requests
Launched and connected shader compiler UnityShaderCompiler.exe after 0.05 seconds
Refreshing native plugins compatible for Editor in 1.28 ms, found 3 plugins.
Preloading 0 native plugins for Editor in 0.00 ms.
Unloading 6248 Unused Serialized files (Serialized files now loaded: 0)
Unloading 52 unused Assets / (0.8 MB). Loaded Objects now: 6709.
Memory consumption went from 257.0 MB to 256.2 MB.
Total: 4.794600 ms (FindLiveObjects: 0.568500 ms CreateObjectMapping: 0.547900 ms MarkObjects: 3.280100 ms  DeleteObjects: 0.397300 ms)

AssetImportParameters requested are different than current active one (requested -> active):
  custom:video-decoder-ogg-theora: a1e56fd34408186e4bbccfd4996cb3dc -> 
  custom:container-muxer-webm: aa71ff27fc2769a1b78a27578f13a17b -> 
  custom:container-demuxer-webm: 4f35f7cbe854078d1ac9338744f61a02 -> 
  custom:video-encoder-webm-vp8: eb34c28f22e8b96e1ab97ce403110664 -> 
  custom:audio-encoder-webm-vorbis: bf7c407c2cedff20999df2af8eb42d56 -> 
  custom:framework-win-MediaFoundation: 216162199b28c13a410421893ffa2e32 -> 
  custom:container-demuxer-ogg: 62fdf1f143b41e24485cea50d1cbac27 -> 
  custom:video-decoder-webm-vp8: 9c59270c3fd7afecdb556c50c9e8de78 -> 
  custom:audio-decoder-ogg-vorbis: bf7c407c2cedff20999df2af8eb42d56 -> 
========================================================================
Received Import Request.
  Time since last request: 37062.152096 seconds.
  path: Assets/Download/AssetStoreOriginals/_SNAPS_PrototypingAssets/ModernOffice_Interior/Materials/Gray_snaps001.mat
  artifactKey: Guid(8621dfcb3dbf229428e45425021e0875) Importer(815301076,1909f56bfc062723c751e8b465ee728b)
Start importing Assets/Download/AssetStoreOriginals/_SNAPS_PrototypingAssets/ModernOffice_Interior/Materials/Gray_snaps001.mat using Guid(8621dfcb3dbf229428e45425021e0875) Importer(815301076,1909f56bfc062723c751e8b465ee728b)  -> (artifact id: '420bdd489e7aef0f358bef1112cc26e4') in 0.254584 seconds 
========================================================================
Received Import Request.
  Time since last request: 65.586293 seconds.
  path: Assets/Download/AssetStoreOriginals/_SNAPS_PrototypingAssets/ModernOffice_Interior/Prefabs/Structure/Doors_Windows/Classic_Door_01_snaps001.prefab
  artifactKey: Guid(bddc1c2bd8f610b4a9602b0663b4823e) Importer(815301076,1909f56bfc062723c751e8b465ee728b)
Start importing Assets/Download/AssetStoreOriginals/_SNAPS_PrototypingAssets/ModernOffice_Interior/Prefabs/Structure/Doors_Windows/Classic_Door_01_snaps001.prefab using Guid(bddc1c2bd8f610b4a9602b0663b4823e) Importer(815301076,1909f56bfc062723c751e8b465ee728b)  -> (artifact id: 'fd7a9ce19ca848c2fd174a7801570821') in 0.029165 seconds 
========================================================================
Received Import Request.
  Time since last request: 0.000020 seconds.
  path: Assets/Download/AssetStoreOriginals/_SNAPS_PrototypingAssets/ModernOffice_Interior/Prefabs/Structure/Doors_Windows/Neo_DoubleDoor_01_snaps001.prefab
  artifactKey: Guid(b6ab41f6f3dff8c4f856c726c6bd1f9d) Importer(815301076,1909f56bfc062723c751e8b465ee728b)
Start importing Assets/Download/AssetStoreOriginals/_SNAPS_PrototypingAssets/ModernOffice_Interior/Prefabs/Structure/Doors_Windows/Neo_DoubleDoor_01_snaps001.prefab using Guid(b6ab41f6f3dff8c4f856c726c6bd1f9d) Importer(815301076,1909f56bfc062723c751e8b465ee728b)  -> (artifact id: '0d14650dc136f5e606225d17a4646b52') in 0.017681 seconds 
========================================================================
Received Import Request.
  Time since last request: 0.000026 seconds.
  path: Assets/Download/AssetStoreOriginals/_SNAPS_PrototypingAssets/ModernOffice_Interior/Prefabs/Structure/Doors_Windows/Neo_Door_01_snaps001.prefab
  artifactKey: Guid(548b55d3e2f945942be6ac7612199877) Importer(815301076,1909f56bfc062723c751e8b465ee728b)
Start importing Assets/Download/AssetStoreOriginals/_SNAPS_PrototypingAssets/ModernOffice_Interior/Prefabs/Structure/Doors_Windows/Neo_Door_01_snaps001.prefab using Guid(548b55d3e2f945942be6ac7612199877) Importer(815301076,1909f56bfc062723c751e8b465ee728b)  -> (artifact id: '76d82f0ca8e71b8ddbbd75e5cb5590ed') in 0.028111 seconds 
========================================================================
Received Import Request.
  Time since last request: 0.627539 seconds.
  path: Assets/Download/AssetStoreOriginals/_SNAPS_PrototypingAssets/ModernOffice_Interior/Prefabs/Structure/Floors_Ceilings/Classic_Ceiling_01_snaps001.prefab
  artifactKey: Guid(98ed76314c8d820429b556f5a446e393) Importer(815301076,1909f56bfc062723c751e8b465ee728b)
Start importing Assets/Download/AssetStoreOriginals/_SNAPS_PrototypingAssets/ModernOffice_Interior/Prefabs/Structure/Floors_Ceilings/Classic_Ceiling_01_snaps001.prefab using Guid(98ed76314c8d820429b556f5a446e393) Importer(815301076,1909f56bfc062723c751e8b465ee728b)  -> (artifact id: 'e6811369d64de75d2738f20d7162c817') in 0.016257 seconds 
========================================================================
Received Import Request.
  Time since last request: 0.000027 seconds.
  path: Assets/Download/AssetStoreOriginals/_SNAPS_PrototypingAssets/ModernOffice_Interior/Prefabs/Structure/Floors_Ceilings/Neo_Ceiling_02_snaps001.prefab
  artifactKey: Guid(293e268728ae1704b931bbef9043c082) Importer(815301076,1909f56bfc062723c751e8b465ee728b)
Start importing Assets/Download/AssetStoreOriginals/_SNAPS_PrototypingAssets/ModernOffice_Interior/Prefabs/Structure/Floors_Ceilings/Neo_Ceiling_02_snaps001.prefab using Guid(293e268728ae1704b931bbef9043c082) Importer(815301076,1909f56bfc062723c751e8b465ee728b)  -> (artifact id: '8e82be454f74384e7cc13ddc1502c0f1') in 0.016987 seconds 
========================================================================
Received Import Request.
  Time since last request: 0.000036 seconds.
  path: Assets/Download/AssetStoreOriginals/_SNAPS_PrototypingAssets/ModernOffice_Interior/Prefabs/Structure/Floors_Ceilings/Neo_Floor_Ceiling_02_snaps001.prefab
  artifactKey: Guid(80a50c557bdf28d4bab26b2e0797562b) Importer(815301076,1909f56bfc062723c751e8b465ee728b)
Start importing Assets/Download/AssetStoreOriginals/_SNAPS_PrototypingAssets/ModernOffice_Interior/Prefabs/Structure/Floors_Ceilings/Neo_Floor_Ceiling_02_snaps001.prefab using Guid(80a50c557bdf28d4bab26b2e0797562b) Importer(815301076,1909f56bfc062723c751e8b465ee728b)  -> (artifact id: 'bbe504f68e98a717fdd489627c0b0263') in 0.017676 seconds 
========================================================================
Received Import Request.
  Time since last request: 0.498090 seconds.
  path: Assets/Download/AssetStoreOriginals/_SNAPS_PrototypingAssets/ModernOffice_Interior/Prefabs/Structure/Pillars/Neo_Pillar_01_L_snaps001.prefab
  artifactKey: Guid(f243ada299246cb4abf4b420cd5bb818) Importer(815301076,1909f56bfc062723c751e8b465ee728b)
Start importing Assets/Download/AssetStoreOriginals/_SNAPS_PrototypingAssets/ModernOffice_Interior/Prefabs/Structure/Pillars/Neo_Pillar_01_L_snaps001.prefab using Guid(f243ada299246cb4abf4b420cd5bb818) Importer(815301076,1909f56bfc062723c751e8b465ee728b)  -> (artifact id: 'a10b3099fb800e54434599c474a64c13') in 0.013802 seconds 
========================================================================
Received Import Request.
  Time since last request: 0.000027 seconds.
  path: Assets/Download/AssetStoreOriginals/_SNAPS_PrototypingAssets/ModernOffice_Interior/Prefabs/Structure/Pillars/Neo_Pillar_02_S_snaps001.prefab
  artifactKey: Guid(21b6cde9dbed3ae40a6a352e6c11be55) Importer(815301076,1909f56bfc062723c751e8b465ee728b)
Start importing Assets/Download/AssetStoreOriginals/_SNAPS_PrototypingAssets/ModernOffice_Interior/Prefabs/Structure/Pillars/Neo_Pillar_02_S_snaps001.prefab using Guid(21b6cde9dbed3ae40a6a352e6c11be55) Importer(815301076,1909f56bfc062723c751e8b465ee728b)  -> (artifact id: '7d4c0f34cd71c8afa8adb8c3b18f9f00') in 0.013150 seconds 
========================================================================
Received Import Request.
  Time since last request: 0.000033 seconds.
  path: Assets/Download/AssetStoreOriginals/_SNAPS_PrototypingAssets/ModernOffice_Interior/Prefabs/Structure/Pillars/Neo_Pillar_02_M_snaps001.prefab
  artifactKey: Guid(4fb6a4051572da44385745888391d285) Importer(815301076,1909f56bfc062723c751e8b465ee728b)
Start importing Assets/Download/AssetStoreOriginals/_SNAPS_PrototypingAssets/ModernOffice_Interior/Prefabs/Structure/Pillars/Neo_Pillar_02_M_snaps001.prefab using Guid(4fb6a4051572da44385745888391d285) Importer(815301076,1909f56bfc062723c751e8b465ee728b)  -> (artifact id: '2a8ae7c3560bbdf2755f5cf191f2a4bf') in 0.017438 seconds 
========================================================================
Received Import Request.
  Time since last request: 1.167674 seconds.
  path: Assets/Download/AssetStoreOriginals/_SNAPS_PrototypingAssets/ModernOffice_Interior/Prefabs/Structure/Walls/Classic_WallDoor_01_snaps001.prefab
  artifactKey: Guid(c19d995d1197f6644b00037295f526de) Importer(815301076,1909f56bfc062723c751e8b465ee728b)
Start importing Assets/Download/AssetStoreOriginals/_SNAPS_PrototypingAssets/ModernOffice_Interior/Prefabs/Structure/Walls/Classic_WallDoor_01_snaps001.prefab using Guid(c19d995d1197f6644b00037295f526de) Importer(815301076,1909f56bfc062723c751e8b465ee728b)  -> (artifact id: '1a60db9fa0763c724f225dff0ee52f53') in 0.020581 seconds 
========================================================================
Received Import Request.
  Time since last request: 0.000086 seconds.
  path: Assets/Download/AssetStoreOriginals/_SNAPS_PrototypingAssets/ModernOffice_Interior/Prefabs/Structure/Walls/Neo_WallWindowFrame_03_snaps001.prefab
  artifactKey: Guid(ba119e6cbefaaa641aeef16f2b469789) Importer(815301076,1909f56bfc062723c751e8b465ee728b)
Start importing Assets/Download/AssetStoreOriginals/_SNAPS_PrototypingAssets/ModernOffice_Interior/Prefabs/Structure/Walls/Neo_WallWindowFrame_03_snaps001.prefab using Guid(ba119e6cbefaaa641aeef16f2b469789) Importer(815301076,1909f56bfc062723c751e8b465ee728b)  -> (artifact id: '8446f03d75437d45d690372ab9b65e9f') in 0.018452 seconds 
========================================================================
Received Import Request.
  Time since last request: 0.000032 seconds.
  path: Assets/Download/AssetStoreOriginals/_SNAPS_PrototypingAssets/ModernOffice_Interior/Prefabs/Structure/Walls/Neo_Wall_snaps001.prefab
  artifactKey: Guid(c73151b2c863d094393f47d50c325553) Importer(815301076,1909f56bfc062723c751e8b465ee728b)
Start importing Assets/Download/AssetStoreOriginals/_SNAPS_PrototypingAssets/ModernOffice_Interior/Prefabs/Structure/Walls/Neo_Wall_snaps001.prefab using Guid(c73151b2c863d094393f47d50c325553) Importer(815301076,1909f56bfc062723c751e8b465ee728b)  -> (artifact id: '7a058b603e671e730af023cd36be5366') in 0.016070 seconds 
========================================================================
Received Import Request.
  Time since last request: 0.000022 seconds.
  path: Assets/Download/AssetStoreOriginals/_SNAPS_PrototypingAssets/ModernOffice_Interior/Prefabs/Structure/Walls/Neo_WallDoubleDoorFrame_snaps001.prefab
  artifactKey: Guid(da357e76d65d042449b88c33e35ff8fd) Importer(815301076,1909f56bfc062723c751e8b465ee728b)
Start importing Assets/Download/AssetStoreOriginals/_SNAPS_PrototypingAssets/ModernOffice_Interior/Prefabs/Structure/Walls/Neo_WallDoubleDoorFrame_snaps001.prefab using Guid(da357e76d65d042449b88c33e35ff8fd) Importer(815301076,1909f56bfc062723c751e8b465ee728b)  -> (artifact id: 'd342b3f117946c654f3019cb219f5017') in 0.017266 seconds 
========================================================================
Received Import Request.
  Time since last request: 0.000025 seconds.
  path: Assets/Download/AssetStoreOriginals/_SNAPS_PrototypingAssets/ModernOffice_Interior/Prefabs/Structure/Walls/Neo_WallWindowFrame_02_snaps001.prefab
  artifactKey: Guid(a55ec49cd75394148809f19cae676988) Importer(815301076,1909f56bfc062723c751e8b465ee728b)
Start importing Assets/Download/AssetStoreOriginals/_SNAPS_PrototypingAssets/ModernOffice_Interior/Prefabs/Structure/Walls/Neo_WallWindowFrame_02_snaps001.prefab using Guid(a55ec49cd75394148809f19cae676988) Importer(815301076,1909f56bfc062723c751e8b465ee728b)  -> (artifact id: '49e1701332033e046b06a511e1a2d0e3') in 0.023262 seconds 
========================================================================
Received Import Request.
  Time since last request: 0.000021 seconds.
  path: Assets/Download/AssetStoreOriginals/_SNAPS_PrototypingAssets/ModernOffice_Interior/Prefabs/Structure/Walls/Partition_Wall_snaps001.prefab
  artifactKey: Guid(c82ff6aa1a9d4d442bb9d9e2c82a85ed) Importer(815301076,1909f56bfc062723c751e8b465ee728b)
Start importing Assets/Download/AssetStoreOriginals/_SNAPS_PrototypingAssets/ModernOffice_Interior/Prefabs/Structure/Walls/Partition_Wall_snaps001.prefab using Guid(c82ff6aa1a9d4d442bb9d9e2c82a85ed) Importer(815301076,1909f56bfc062723c751e8b465ee728b)  -> (artifact id: '8712cba5c0792d8f3a0d343d567dc6ed') in 0.020050 seconds 
========================================================================
Received Import Request.
  Time since last request: 0.000019 seconds.
  path: Assets/Download/AssetStoreOriginals/_SNAPS_PrototypingAssets/ModernOffice_Interior/Prefabs/Structure/Walls/Neo_WallWindow_02_snaps001.prefab
  artifactKey: Guid(0d6466bed683c6a419f3982208f39489) Importer(815301076,1909f56bfc062723c751e8b465ee728b)
Start importing Assets/Download/AssetStoreOriginals/_SNAPS_PrototypingAssets/ModernOffice_Interior/Prefabs/Structure/Walls/Neo_WallWindow_02_snaps001.prefab using Guid(0d6466bed683c6a419f3982208f39489) Importer(815301076,1909f56bfc062723c751e8b465ee728b)  -> (artifact id: '8adb9c2af3bb1b554a954029c8f47bb5') in 0.018799 seconds 
========================================================================
Received Import Request.
  Time since last request: 0.000025 seconds.
  path: Assets/Download/AssetStoreOriginals/_SNAPS_PrototypingAssets/ModernOffice_Interior/Prefabs/Structure/Walls/Neo_WallDoorFrame_01_snaps001.prefab
  artifactKey: Guid(e8f5a146fe0fe524f9bd393d3573106c) Importer(815301076,1909f56bfc062723c751e8b465ee728b)
Start importing Assets/Download/AssetStoreOriginals/_SNAPS_PrototypingAssets/ModernOffice_Interior/Prefabs/Structure/Walls/Neo_WallDoorFrame_01_snaps001.prefab using Guid(e8f5a146fe0fe524f9bd393d3573106c) Importer(815301076,1909f56bfc062723c751e8b465ee728b)  -> (artifact id: '21d9efd63de005d1478cb23cd61cae6c') in 0.019512 seconds 
========================================================================
Received Import Request.
  Time since last request: 0.000048 seconds.
  path: Assets/Download/AssetStoreOriginals/_SNAPS_PrototypingAssets/ModernOffice_Interior/Prefabs/Structure/Walls/Neo_WallWindow_01_snaps001.prefab
  artifactKey: Guid(bfa35daa926468a47bde7a1a04045305) Importer(815301076,1909f56bfc062723c751e8b465ee728b)
Start importing Assets/Download/AssetStoreOriginals/_SNAPS_PrototypingAssets/ModernOffice_Interior/Prefabs/Structure/Walls/Neo_WallWindow_01_snaps001.prefab using Guid(bfa35daa926468a47bde7a1a04045305) Importer(815301076,1909f56bfc062723c751e8b465ee728b)  -> (artifact id: '0940112232cc9775febdfec120ed9eae') in 0.015455 seconds 
Editor requested this worker to shutdown with reason: Scaling down because of idle timeout
AssetImportWorker is now disconnected from the server
Process exiting
Exiting without the bug reporter. Application will terminate with return code 0