Using pre-set license
Built from '2021.3/staging' branch; Version is '2021.3.7f1 (24e8595d6d43) revision 2418777'; Using compiler version '192829333'; Build Type 'Release'
OS: 'Windows 11  (10.0.22000) 64bit Professional' Language: 'ko' Physical Memory: 16193 MB
BatchMode: 1, IsHumanControllingUs: 0, StartBugReporterOnCrash: 0, Is64bit: 1, IsPro: 1

COMMAND LINE ARGUMENTS:
C:\Program Files\Unity\Hub\Editor\2021.3.7f1\Editor\Unity.exe
-adb2
-batchMode
-noUpm
-name
AssetImportWorker0
-projectPath
C:/Users/USER/Unity_Program/Unity/Unity_Photon_FPS
-logFile
Logs/AssetImportWorker0.log
-srvPort
4995
Successfully changed project path to: C:/Users/USER/Unity_Program/Unity/Unity_Photon_FPS
C:/Users/USER/Unity_Program/Unity/Unity_Photon_FPS
[UnityMemory] Configuration Parameters - Can be set up in boot.config
    "memorysetup-bucket-allocator-granularity=16"
    "memorysetup-bucket-allocator-bucket-count=8"
    "memorysetup-bucket-allocator-block-size=33554432"
    "memorysetup-bucket-allocator-block-count=8"
    "memorysetup-main-allocator-block-size=16777216"
    "memorysetup-thread-allocator-block-size=16777216"
    "memorysetup-gfx-main-allocator-block-size=16777216"
    "memorysetup-gfx-thread-allocator-block-size=16777216"
    "memorysetup-cache-allocator-block-size=4194304"
    "memorysetup-typetree-allocator-block-size=2097152"
    "memorysetup-profiler-bucket-allocator-granularity=16"
    "memorysetup-profiler-bucket-allocator-bucket-count=8"
    "memorysetup-profiler-bucket-allocator-block-size=33554432"
    "memorysetup-profiler-bucket-allocator-block-count=8"
    "memorysetup-profiler-allocator-block-size=16777216"
    "memorysetup-profiler-editor-allocator-block-size=1048576"
    "memorysetup-temp-allocator-size-main=16777216"
    "memorysetup-job-temp-allocator-block-size=2097152"
    "memorysetup-job-temp-allocator-block-size-background=1048576"
    "memorysetup-job-temp-allocator-reduction-small-platforms=262144"
    "memorysetup-temp-allocator-size-background-worker=32768"
    "memorysetup-temp-allocator-size-job-worker=262144"
    "memorysetup-temp-allocator-size-preload-manager=33554432"
    "memorysetup-temp-allocator-size-nav-mesh-worker=65536"
    "memorysetup-temp-allocator-size-audio-worker=65536"
    "memorysetup-temp-allocator-size-cloud-worker=32768"
    "memorysetup-temp-allocator-size-gi-baking-worker=262144"
    "memorysetup-temp-allocator-size-gfx=262144"
Refreshing native plugins compatible for Editor in 98.28 ms, found 3 plugins.
Preloading 0 native plugins for Editor in 0.00 ms.
Initialize engine version: 2021.3.7f1 (24e8595d6d43)
[Subsystems] Discovering subsystems at path C:/Program Files/Unity/Hub/Editor/2021.3.7f1/Editor/Data/Resources/UnitySubsystems
[Subsystems] Discovering subsystems at path C:/Users/USER/Unity_Program/Unity/Unity_Photon_FPS/Assets
GfxDevice: creating device client; threaded=0; jobified=0
Direct3D:
    Version:  Direct3D 11.0 [level 11.1]
    Renderer: NVIDIA GeForce RTX 2070 (ID=0x1f14)
    Vendor:   NVIDIA
    VRAM:     8031 MB
    Driver:   30.0.15.1165
Initialize mono
Mono path[0] = 'C:/Program Files/Unity/Hub/Editor/2021.3.7f1/Editor/Data/Managed'
Mono path[1] = 'C:/Program Files/Unity/Hub/Editor/2021.3.7f1/Editor/Data/MonoBleedingEdge/lib/mono/unityjit-win32'
Mono config path = 'C:/Program Files/Unity/Hub/Editor/2021.3.7f1/Editor/Data/MonoBleedingEdge/etc'
Using monoOptions --debugger-agent=transport=dt_socket,embedding=1,server=y,suspend=n,address=127.0.0.1:56248
Begin MonoManager ReloadAssembly
Registering precompiled unity dll's ...
Register platform support module: C:/Program Files/Unity/Hub/Editor/2021.3.7f1/Editor/Data/PlaybackEngines/WindowsStandaloneSupport/UnityEditor.WindowsStandalone.Extensions.dll
Registered in 0.078556 seconds.
Native extension for WindowsStandalone target not found
Refreshing native plugins compatible for Editor in 94.37 ms, found 3 plugins.
Preloading 0 native plugins for Editor in 0.00 ms.
Mono: successfully reloaded assembly
- Completed reload, in  4.367 seconds
Domain Reload Profiling:
	ReloadAssembly (4368ms)
		BeginReloadAssembly (3145ms)
			ExecutionOrderSort (0ms)
			DisableScriptedObjects (0ms)
			BackupInstance (0ms)
			ReleaseScriptingObjects (0ms)
			CreateAndSetChildDomain (1ms)
		EndReloadAssembly (811ms)
			LoadAssemblies (3141ms)
			RebuildTransferFunctionScriptingTraits (0ms)
			SetupTypeCache (456ms)
			ReleaseScriptCaches (0ms)
			RebuildScriptCaches (29ms)
			SetupLoadedEditorAssemblies (269ms)
				LogAssemblyErrors (0ms)
				InitializePlatformSupportModulesInManaged (7ms)
				SetLoadedEditorAssemblies (0ms)
				RefreshPlugins (94ms)
				BeforeProcessingInitializeOnLoad (1ms)
				ProcessInitializeOnLoadAttributes (118ms)
				ProcessInitializeOnLoadMethodAttributes (47ms)
				AfterProcessingInitializeOnLoad (0ms)
				EditorAssembliesLoaded (0ms)
			ExecutionOrderSort2 (0ms)
			AwakeInstancesAfterBackupRestoration (0ms)
Platform modules already initialized, skipping
Registering precompiled user dll's ...
Registered in 0.009165 seconds.
Begin MonoManager ReloadAssembly
Symbol file LoadedFromMemory doesn't match image C:\Users\USER\Unity_Program\Unity\Unity_Photon_FPS\Library\PackageCache\com.unity.visualscripting@1.7.8\Editor\VisualScripting.Core\Dependencies\YamlDotNet\Unity.VisualScripting.YamlDotNet.dll
Symbol file LoadedFromMemory doesn't match image C:\Users\USER\Unity_Program\Unity\Unity_Photon_FPS\Library\PackageCache\com.unity.visualscripting@1.7.8\Editor\VisualScripting.Core\Dependencies\DotNetZip\Unity.VisualScripting.IonicZip.dll
Native extension for WindowsStandalone target not found
Refreshing native plugins compatible for Editor in 0.82 ms, found 3 plugins.
Preloading 0 native plugins for Editor in 0.00 ms.
Mono: successfully reloaded assembly
- Completed reload, in  1.159 seconds
Domain Reload Profiling:
	ReloadAssembly (1160ms)
		BeginReloadAssembly (114ms)
			ExecutionOrderSort (0ms)
			DisableScriptedObjects (6ms)
			BackupInstance (0ms)
			ReleaseScriptingObjects (0ms)
			CreateAndSetChildDomain (18ms)
		EndReloadAssembly (929ms)
			LoadAssemblies (84ms)
			RebuildTransferFunctionScriptingTraits (0ms)
			SetupTypeCache (279ms)
			ReleaseScriptCaches (1ms)
			RebuildScriptCaches (54ms)
			SetupLoadedEditorAssemblies (457ms)
				LogAssemblyErrors (0ms)
				InitializePlatformSupportModulesInManaged (8ms)
				SetLoadedEditorAssemblies (0ms)
				RefreshPlugins (1ms)
				BeforeProcessingInitializeOnLoad (100ms)
				ProcessInitializeOnLoadAttributes (303ms)
				ProcessInitializeOnLoadMethodAttributes (34ms)
				AfterProcessingInitializeOnLoad (10ms)
				EditorAssembliesLoaded (0ms)
			ExecutionOrderSort2 (0ms)
			AwakeInstancesAfterBackupRestoration (8ms)
Platform modules already initialized, skipping
========================================================================
Worker process is ready to serve import requests
Launched and connected shader compiler UnityShaderCompiler.exe after 0.08 seconds
Refreshing native plugins compatible for Editor in 0.69 ms, found 3 plugins.
Preloading 0 native plugins for Editor in 0.00 ms.
Unloading 3684 Unused Serialized files (Serialized files now loaded: 0)
Unloading 45 unused Assets / (1.3 MB). Loaded Objects now: 4126.
Memory consumption went from 142.4 MB to 141.1 MB.
Total: 3.849300 ms (FindLiveObjects: 0.447500 ms CreateObjectMapping: 0.420200 ms MarkObjects: 2.713200 ms  DeleteObjects: 0.267600 ms)

AssetImportParameters requested are different than current active one (requested -> active):
  custom:video-decoder-ogg-theora: a1e56fd34408186e4bbccfd4996cb3dc -> 
  custom:container-muxer-webm: aa71ff27fc2769a1b78a27578f13a17b -> 
  custom:container-demuxer-webm: 4f35f7cbe854078d1ac9338744f61a02 -> 
  custom:video-encoder-webm-vp8: eb34c28f22e8b96e1ab97ce403110664 -> 
  custom:audio-encoder-webm-vorbis: bf7c407c2cedff20999df2af8eb42d56 -> 
  custom:framework-win-MediaFoundation: 216162199b28c13a410421893ffa2e32 -> 
  custom:container-demuxer-ogg: 62fdf1f143b41e24485cea50d1cbac27 -> 
  custom:video-decoder-webm-vp8: 9c59270c3fd7afecdb556c50c9e8de78 -> 
  custom:audio-decoder-ogg-vorbis: bf7c407c2cedff20999df2af8eb42d56 -> 
========================================================================
Received Import Request.
  Time since last request: 4793.711461 seconds.
  path: Assets/Scenes/Main.unity
  artifactKey: Guid(9fc0d4010bbf28b4594072e72b8655ab) Importer(815301076,1909f56bfc062723c751e8b465ee728b)
Start importing Assets/Scenes/Main.unity using Guid(9fc0d4010bbf28b4594072e72b8655ab) Importer(815301076,1909f56bfc062723c751e8b465ee728b)  -> (artifact id: '2c04a4192d6b4392bd660a15273a9363') in 0.010638 seconds 
========================================================================
Received Import Request.
  Time since last request: 22.568224 seconds.
  path: Assets/Scripts/PlayerController.cs
  artifactKey: Guid(c6c4848b5d86e0e459e3f2b96a4a4bb3) Importer(815301076,1909f56bfc062723c751e8b465ee728b)
Start importing Assets/Scripts/PlayerController.cs using Guid(c6c4848b5d86e0e459e3f2b96a4a4bb3) Importer(815301076,1909f56bfc062723c751e8b465ee728b)  -> (artifact id: '35369e7b0de573d70c556deaf91e2449') in 0.037496 seconds 
========================================================================
Received Import Request.
  Time since last request: 907.640868 seconds.
  path: Assets/Resources/PhotonPrefabs/PlayerController.prefab
  artifactKey: Guid(46dd1a923561f3b47a3383c99be4f78f) Importer(815301076,1909f56bfc062723c751e8b465ee728b)
Start importing Assets/Resources/PhotonPrefabs/PlayerController.prefab using Guid(46dd1a923561f3b47a3383c99be4f78f) Importer(815301076,1909f56bfc062723c751e8b465ee728b)  -> (artifact id: 'd03e241b3b842392b4384fc18d50b17f') in 0.218993 seconds 
========================================================================
Received Prepare
Registering precompiled user dll's ...
Registered in 0.006887 seconds.
Begin MonoManager ReloadAssembly
Symbol file LoadedFromMemory doesn't match image C:\Users\USER\Unity_Program\Unity\Unity_Photon_FPS\Library\PackageCache\com.unity.visualscripting@1.7.8\Editor\VisualScripting.Core\Dependencies\YamlDotNet\Unity.VisualScripting.YamlDotNet.dll
Symbol file LoadedFromMemory doesn't match image C:\Users\USER\Unity_Program\Unity\Unity_Photon_FPS\Library\PackageCache\com.unity.visualscripting@1.7.8\Editor\VisualScripting.Core\Dependencies\DotNetZip\Unity.VisualScripting.IonicZip.dll
Native extension for WindowsStandalone target not found
Refreshing native plugins compatible for Editor in 0.65 ms, found 3 plugins.
Preloading 0 native plugins for Editor in 0.00 ms.
Mono: successfully reloaded assembly
- Completed reload, in  1.047 seconds
Domain Reload Profiling:
	ReloadAssembly (1048ms)
		BeginReloadAssembly (150ms)
			ExecutionOrderSort (0ms)
			DisableScriptedObjects (5ms)
			BackupInstance (0ms)
			ReleaseScriptingObjects (0ms)
			CreateAndSetChildDomain (46ms)
		EndReloadAssembly (794ms)
			LoadAssemblies (90ms)
			RebuildTransferFunctionScriptingTraits (0ms)
			SetupTypeCache (273ms)
			ReleaseScriptCaches (1ms)
			RebuildScriptCaches (41ms)
			SetupLoadedEditorAssemblies (344ms)
				LogAssemblyErrors (0ms)
				InitializePlatformSupportModulesInManaged (13ms)
				SetLoadedEditorAssemblies (0ms)
				RefreshPlugins (1ms)
				BeforeProcessingInitializeOnLoad (77ms)
				ProcessInitializeOnLoadAttributes (212ms)
				ProcessInitializeOnLoadMethodAttributes (30ms)
				AfterProcessingInitializeOnLoad (10ms)
				EditorAssembliesLoaded (0ms)
			ExecutionOrderSort2 (0ms)
			AwakeInstancesAfterBackupRestoration (8ms)
Platform modules already initialized, skipping
Refreshing native plugins compatible for Editor in 2.32 ms, found 3 plugins.
Preloading 0 native plugins for Editor in 0.00 ms.
Unloading 3639 Unused Serialized files (Serialized files now loaded: 0)
Unloading 37 unused Assets / (1.3 MB). Loaded Objects now: 4140.
Memory consumption went from 142.9 MB to 141.6 MB.
Total: 3.292800 ms (FindLiveObjects: 0.269800 ms CreateObjectMapping: 0.205300 ms MarkObjects: 2.513500 ms  DeleteObjects: 0.303600 ms)

AssetImportParameters requested are different than current active one (requested -> active):
  custom:video-decoder-ogg-theora: a1e56fd34408186e4bbccfd4996cb3dc -> 
  custom:container-muxer-webm: aa71ff27fc2769a1b78a27578f13a17b -> 
  custom:container-demuxer-webm: 4f35f7cbe854078d1ac9338744f61a02 -> 
  custom:video-encoder-webm-vp8: eb34c28f22e8b96e1ab97ce403110664 -> 
  custom:audio-encoder-webm-vorbis: bf7c407c2cedff20999df2af8eb42d56 -> 
  custom:framework-win-MediaFoundation: 216162199b28c13a410421893ffa2e32 -> 
  custom:container-demuxer-ogg: 62fdf1f143b41e24485cea50d1cbac27 -> 
  custom:video-decoder-webm-vp8: 9c59270c3fd7afecdb556c50c9e8de78 -> 
  custom:audio-decoder-ogg-vorbis: bf7c407c2cedff20999df2af8eb42d56 -> 
========================================================================
Received Import Request.
  Time since last request: 213.437802 seconds.
  path: Assets/Resources/PhotonPrefabs/PlayerController.prefab
  artifactKey: Guid(46dd1a923561f3b47a3383c99be4f78f) Importer(815301076,1909f56bfc062723c751e8b465ee728b)
Start importing Assets/Resources/PhotonPrefabs/PlayerController.prefab using Guid(46dd1a923561f3b47a3383c99be4f78f) Importer(815301076,1909f56bfc062723c751e8b465ee728b)  -> (artifact id: '3e65c00f145487120f5cb4047fd0c17f') in 0.135280 seconds 
========================================================================
Received Import Request.
  Time since last request: 2.846478 seconds.
  path: Assets/Resources/PhotonPrefabs/PlayerController.prefab
  artifactKey: Guid(46dd1a923561f3b47a3383c99be4f78f) Importer(815301076,1909f56bfc062723c751e8b465ee728b)
Start importing Assets/Resources/PhotonPrefabs/PlayerController.prefab using Guid(46dd1a923561f3b47a3383c99be4f78f) Importer(815301076,1909f56bfc062723c751e8b465ee728b)  -> (artifact id: '9d6efc8f181622c174ddc10baf19b6de') in 0.052945 seconds 
========================================================================
Received Import Request.
  Time since last request: 1538.121095 seconds.
  path: Assets/Resources/PhotonPrefabs/PlayerController.prefab
  artifactKey: Guid(46dd1a923561f3b47a3383c99be4f78f) Importer(815301076,1909f56bfc062723c751e8b465ee728b)
Start importing Assets/Resources/PhotonPrefabs/PlayerController.prefab using Guid(46dd1a923561f3b47a3383c99be4f78f) Importer(815301076,1909f56bfc062723c751e8b465ee728b)  -> (artifact id: 'c04492c1d29cce4eee7afd76bc51e7e5') in 0.331987 seconds 
========================================================================
Received Import Request.
  Time since last request: 1.821737 seconds.
  path: Assets/Resources/PhotonPrefabs/PlayerController.prefab
  artifactKey: Guid(46dd1a923561f3b47a3383c99be4f78f) Importer(815301076,1909f56bfc062723c751e8b465ee728b)
Start importing Assets/Resources/PhotonPrefabs/PlayerController.prefab using Guid(46dd1a923561f3b47a3383c99be4f78f) Importer(815301076,1909f56bfc062723c751e8b465ee728b)  -> (artifact id: '2a9afb549bcec5701a8f63b5bea8cfc5') in 0.054725 seconds 
========================================================================
Received Prepare
Registering precompiled user dll's ...
Registered in 0.009955 seconds.
Begin MonoManager ReloadAssembly
Symbol file LoadedFromMemory doesn't match image C:\Users\USER\Unity_Program\Unity\Unity_Photon_FPS\Library\PackageCache\com.unity.visualscripting@1.7.8\Editor\VisualScripting.Core\Dependencies\YamlDotNet\Unity.VisualScripting.YamlDotNet.dll
Symbol file LoadedFromMemory doesn't match image C:\Users\USER\Unity_Program\Unity\Unity_Photon_FPS\Library\PackageCache\com.unity.visualscripting@1.7.8\Editor\VisualScripting.Core\Dependencies\DotNetZip\Unity.VisualScripting.IonicZip.dll
Native extension for WindowsStandalone target not found
Refreshing native plugins compatible for Editor in 0.82 ms, found 3 plugins.
Preloading 0 native plugins for Editor in 0.00 ms.
Mono: successfully reloaded assembly
- Completed reload, in  1.050 seconds
Domain Reload Profiling:
	ReloadAssembly (1051ms)
		BeginReloadAssembly (149ms)
			ExecutionOrderSort (0ms)
			DisableScriptedObjects (5ms)
			BackupInstance (0ms)
			ReleaseScriptingObjects (0ms)
			CreateAndSetChildDomain (42ms)
		EndReloadAssembly (799ms)
			LoadAssemblies (95ms)
			RebuildTransferFunctionScriptingTraits (0ms)
			SetupTypeCache (275ms)
			ReleaseScriptCaches (1ms)
			RebuildScriptCaches (42ms)
			SetupLoadedEditorAssemblies (349ms)
				LogAssemblyErrors (0ms)
				InitializePlatformSupportModulesInManaged (14ms)
				SetLoadedEditorAssemblies (1ms)
				RefreshPlugins (1ms)
				BeforeProcessingInitializeOnLoad (81ms)
				ProcessInitializeOnLoadAttributes (210ms)
				ProcessInitializeOnLoadMethodAttributes (32ms)
				AfterProcessingInitializeOnLoad (9ms)
				EditorAssembliesLoaded (0ms)
			ExecutionOrderSort2 (0ms)
			AwakeInstancesAfterBackupRestoration (7ms)
Platform modules already initialized, skipping
Refreshing native plugins compatible for Editor in 2.51 ms, found 3 plugins.
Preloading 0 native plugins for Editor in 0.00 ms.
Unloading 3639 Unused Serialized files (Serialized files now loaded: 0)
Unloading 37 unused Assets / (1.3 MB). Loaded Objects now: 4144.
Memory consumption went from 143.0 MB to 141.7 MB.
Total: 3.757900 ms (FindLiveObjects: 0.254400 ms CreateObjectMapping: 0.211400 ms MarkObjects: 3.055400 ms  DeleteObjects: 0.236000 ms)

AssetImportParameters requested are different than current active one (requested -> active):
  custom:video-decoder-ogg-theora: a1e56fd34408186e4bbccfd4996cb3dc -> 
  custom:container-muxer-webm: aa71ff27fc2769a1b78a27578f13a17b -> 
  custom:container-demuxer-webm: 4f35f7cbe854078d1ac9338744f61a02 -> 
  custom:video-encoder-webm-vp8: eb34c28f22e8b96e1ab97ce403110664 -> 
  custom:audio-encoder-webm-vorbis: bf7c407c2cedff20999df2af8eb42d56 -> 
  custom:framework-win-MediaFoundation: 216162199b28c13a410421893ffa2e32 -> 
  custom:container-demuxer-ogg: 62fdf1f143b41e24485cea50d1cbac27 -> 
  custom:video-decoder-webm-vp8: 9c59270c3fd7afecdb556c50c9e8de78 -> 
  custom:audio-decoder-ogg-vorbis: bf7c407c2cedff20999df2af8eb42d56 -> 
========================================================================
Received Prepare
Registering precompiled user dll's ...
Registered in 0.007442 seconds.
Begin MonoManager ReloadAssembly
Symbol file LoadedFromMemory doesn't match image C:\Users\USER\Unity_Program\Unity\Unity_Photon_FPS\Library\PackageCache\com.unity.visualscripting@1.7.8\Editor\VisualScripting.Core\Dependencies\YamlDotNet\Unity.VisualScripting.YamlDotNet.dll
Symbol file LoadedFromMemory doesn't match image C:\Users\USER\Unity_Program\Unity\Unity_Photon_FPS\Library\PackageCache\com.unity.visualscripting@1.7.8\Editor\VisualScripting.Core\Dependencies\DotNetZip\Unity.VisualScripting.IonicZip.dll
Native extension for WindowsStandalone target not found
Refreshing native plugins compatible for Editor in 0.64 ms, found 3 plugins.
Preloading 0 native plugins for Editor in 0.00 ms.
Mono: successfully reloaded assembly
- Completed reload, in  1.024 seconds
Domain Reload Profiling:
	ReloadAssembly (1025ms)
		BeginReloadAssembly (140ms)
			ExecutionOrderSort (0ms)
			DisableScriptedObjects (5ms)
			BackupInstance (0ms)
			ReleaseScriptingObjects (0ms)
			CreateAndSetChildDomain (33ms)
		EndReloadAssembly (785ms)
			LoadAssemblies (98ms)
			RebuildTransferFunctionScriptingTraits (0ms)
			SetupTypeCache (263ms)
			ReleaseScriptCaches (1ms)
			RebuildScriptCaches (43ms)
			SetupLoadedEditorAssemblies (342ms)
				LogAssemblyErrors (0ms)
				InitializePlatformSupportModulesInManaged (12ms)
				SetLoadedEditorAssemblies (0ms)
				RefreshPlugins (1ms)
				BeforeProcessingInitializeOnLoad (78ms)
				ProcessInitializeOnLoadAttributes (212ms)
				ProcessInitializeOnLoadMethodAttributes (29ms)
				AfterProcessingInitializeOnLoad (9ms)
				EditorAssembliesLoaded (0ms)
			ExecutionOrderSort2 (0ms)
			AwakeInstancesAfterBackupRestoration (7ms)
Platform modules already initialized, skipping
Refreshing native plugins compatible for Editor in 2.29 ms, found 3 plugins.
Preloading 0 native plugins for Editor in 0.00 ms.
Unloading 3639 Unused Serialized files (Serialized files now loaded: 0)
Unloading 37 unused Assets / (1.3 MB). Loaded Objects now: 4148.
Memory consumption went from 143.0 MB to 141.7 MB.
Total: 3.573800 ms (FindLiveObjects: 0.299200 ms CreateObjectMapping: 0.213400 ms MarkObjects: 2.698800 ms  DeleteObjects: 0.361600 ms)

AssetImportParameters requested are different than current active one (requested -> active):
  custom:video-decoder-ogg-theora: a1e56fd34408186e4bbccfd4996cb3dc -> 
  custom:container-muxer-webm: aa71ff27fc2769a1b78a27578f13a17b -> 
  custom:container-demuxer-webm: 4f35f7cbe854078d1ac9338744f61a02 -> 
  custom:video-encoder-webm-vp8: eb34c28f22e8b96e1ab97ce403110664 -> 
  custom:audio-encoder-webm-vorbis: bf7c407c2cedff20999df2af8eb42d56 -> 
  custom:framework-win-MediaFoundation: 216162199b28c13a410421893ffa2e32 -> 
  custom:container-demuxer-ogg: 62fdf1f143b41e24485cea50d1cbac27 -> 
  custom:video-decoder-webm-vp8: 9c59270c3fd7afecdb556c50c9e8de78 -> 
  custom:audio-decoder-ogg-vorbis: bf7c407c2cedff20999df2af8eb42d56 -> 
========================================================================
Received Import Request.
  Time since last request: 114.149231 seconds.
  path: Assets/Resources/PhotonPrefabs/PlayerController.prefab
  artifactKey: Guid(46dd1a923561f3b47a3383c99be4f78f) Importer(815301076,1909f56bfc062723c751e8b465ee728b)
Start importing Assets/Resources/PhotonPrefabs/PlayerController.prefab using Guid(46dd1a923561f3b47a3383c99be4f78f) Importer(815301076,1909f56bfc062723c751e8b465ee728b)  -> (artifact id: '81ce339cab4ce6a2e6c9a232e80ef6ee') in 0.169406 seconds 
========================================================================
Received Prepare
Registering precompiled user dll's ...
Registered in 0.009841 seconds.
Begin MonoManager ReloadAssembly
Symbol file LoadedFromMemory doesn't match image C:\Users\USER\Unity_Program\Unity\Unity_Photon_FPS\Library\PackageCache\com.unity.visualscripting@1.7.8\Editor\VisualScripting.Core\Dependencies\YamlDotNet\Unity.VisualScripting.YamlDotNet.dll
Symbol file LoadedFromMemory doesn't match image C:\Users\USER\Unity_Program\Unity\Unity_Photon_FPS\Library\PackageCache\com.unity.visualscripting@1.7.8\Editor\VisualScripting.Core\Dependencies\DotNetZip\Unity.VisualScripting.IonicZip.dll
Native extension for WindowsStandalone target not found
Refreshing native plugins compatible for Editor in 1.01 ms, found 3 plugins.
Preloading 0 native plugins for Editor in 0.00 ms.
Mono: successfully reloaded assembly
- Completed reload, in  1.242 seconds
Domain Reload Profiling:
	ReloadAssembly (1243ms)
		BeginReloadAssembly (155ms)
			ExecutionOrderSort (0ms)
			DisableScriptedObjects (4ms)
			BackupInstance (0ms)
			ReleaseScriptingObjects (0ms)
			CreateAndSetChildDomain (44ms)
		EndReloadAssembly (962ms)
			LoadAssemblies (104ms)
			RebuildTransferFunctionScriptingTraits (0ms)
			SetupTypeCache (304ms)
			ReleaseScriptCaches (2ms)
			RebuildScriptCaches (78ms)
			SetupLoadedEditorAssemblies (406ms)
				LogAssemblyErrors (0ms)
				InitializePlatformSupportModulesInManaged (30ms)
				SetLoadedEditorAssemblies (1ms)
				RefreshPlugins (1ms)
				BeforeProcessingInitializeOnLoad (101ms)
				ProcessInitializeOnLoadAttributes (230ms)
				ProcessInitializeOnLoadMethodAttributes (33ms)
				AfterProcessingInitializeOnLoad (10ms)
				EditorAssembliesLoaded (0ms)
			ExecutionOrderSort2 (0ms)
			AwakeInstancesAfterBackupRestoration (7ms)
Platform modules already initialized, skipping
Refreshing native plugins compatible for Editor in 2.31 ms, found 3 plugins.
Preloading 0 native plugins for Editor in 0.00 ms.
Unloading 3639 Unused Serialized files (Serialized files now loaded: 0)
Unloading 37 unused Assets / (1.3 MB). Loaded Objects now: 4152.
Memory consumption went from 143.0 MB to 141.7 MB.
Total: 4.530000 ms (FindLiveObjects: 0.532800 ms CreateObjectMapping: 0.399900 ms MarkObjects: 3.167400 ms  DeleteObjects: 0.428400 ms)

AssetImportParameters requested are different than current active one (requested -> active):
  custom:video-decoder-ogg-theora: a1e56fd34408186e4bbccfd4996cb3dc -> 
  custom:container-muxer-webm: aa71ff27fc2769a1b78a27578f13a17b -> 
  custom:container-demuxer-webm: 4f35f7cbe854078d1ac9338744f61a02 -> 
  custom:video-encoder-webm-vp8: eb34c28f22e8b96e1ab97ce403110664 -> 
  custom:audio-encoder-webm-vorbis: bf7c407c2cedff20999df2af8eb42d56 -> 
  custom:framework-win-MediaFoundation: 216162199b28c13a410421893ffa2e32 -> 
  custom:container-demuxer-ogg: 62fdf1f143b41e24485cea50d1cbac27 -> 
  custom:video-decoder-webm-vp8: 9c59270c3fd7afecdb556c50c9e8de78 -> 
  custom:audio-decoder-ogg-vorbis: bf7c407c2cedff20999df2af8eb42d56 -> 
========================================================================
Received Import Request.
  Time since last request: 2719.820875 seconds.
  path: Assets/Scripts/PlayerGroundCheck.cs
  artifactKey: Guid(f527714c2d3fdb14a90dd8648bff7e94) Importer(815301076,1909f56bfc062723c751e8b465ee728b)
Start importing Assets/Scripts/PlayerGroundCheck.cs using Guid(f527714c2d3fdb14a90dd8648bff7e94) Importer(815301076,1909f56bfc062723c751e8b465ee728b)  -> (artifact id: '0281f5dc64d032168f9e38769c8c48c8') in 0.027624 seconds 
========================================================================
Received Import Request.
  Time since last request: 0.323673 seconds.
  path: Assets/Scripts/PlayerManager.cs
  artifactKey: Guid(155fd0a3690e76c4cb432718c1e6e2e8) Importer(815301076,1909f56bfc062723c751e8b465ee728b)
Start importing Assets/Scripts/PlayerManager.cs using Guid(155fd0a3690e76c4cb432718c1e6e2e8) Importer(815301076,1909f56bfc062723c751e8b465ee728b)  -> (artifact id: 'bdd14901669259d3e4ab7b2ed9cf588a') in 0.005741 seconds 
========================================================================
Received Import Request.
  Time since last request: 0.766859 seconds.
  path: Assets/Scripts/ScoreboardItem.cs
  artifactKey: Guid(482ef0b41b847f94e8ece5a12b73be9f) Importer(815301076,1909f56bfc062723c751e8b465ee728b)
Start importing Assets/Scripts/ScoreboardItem.cs using Guid(482ef0b41b847f94e8ece5a12b73be9f) Importer(815301076,1909f56bfc062723c751e8b465ee728b)  -> (artifact id: '77f157b57fc8ef7a79921897a3e97fbd') in 0.006256 seconds 
========================================================================
Received Import Request.
  Time since last request: 0.383622 seconds.
  path: Assets/Scripts/SingleShotGun.cs
  artifactKey: Guid(6a2db2078521817458b566a0f8449608) Importer(815301076,1909f56bfc062723c751e8b465ee728b)
Start importing Assets/Scripts/SingleShotGun.cs using Guid(6a2db2078521817458b566a0f8449608) Importer(815301076,1909f56bfc062723c751e8b465ee728b)  -> (artifact id: 'cf7535b5576f77a289b30e67f5d25b87') in 0.005830 seconds 
========================================================================
Received Import Request.
  Time since last request: 520.408643 seconds.
  path: Assets/Scripts/GunInfo.cs
  artifactKey: Guid(b03f766bfd57aa74fb85465aaba77843) Importer(815301076,1909f56bfc062723c751e8b465ee728b)
Start importing Assets/Scripts/GunInfo.cs using Guid(b03f766bfd57aa74fb85465aaba77843) Importer(815301076,1909f56bfc062723c751e8b465ee728b)  -> (artifact id: '52bdae60631af7048c4d9f4de91a8705') in 0.008978 seconds 
========================================================================
Received Import Request.
  Time since last request: 0.355866 seconds.
  path: Assets/Scripts/Gun.cs
  artifactKey: Guid(f45036f8e7af95546aa394abf5cf0dbc) Importer(815301076,1909f56bfc062723c751e8b465ee728b)
Start importing Assets/Scripts/Gun.cs using Guid(f45036f8e7af95546aa394abf5cf0dbc) Importer(815301076,1909f56bfc062723c751e8b465ee728b)  -> (artifact id: 'b5713fddbfff3c8103eabdd82b8d6580') in 0.006430 seconds 
========================================================================
Received Import Request.
  Time since last request: 366.083871 seconds.
  path: ProjectSettings/TagManager.asset
  artifactKey: Guid(00000000000000003000000000000000) Importer(815301076,1909f56bfc062723c751e8b465ee728b)
Start importing ProjectSettings/TagManager.asset using Guid(00000000000000003000000000000000) Importer(815301076,1909f56bfc062723c751e8b465ee728b)  -> (artifact id: 'd0121f231ba44af559e3b60c3e967750') in 0.033738 seconds 
========================================================================
Received Prepare
Registering precompiled user dll's ...
Registered in 0.008261 seconds.
Begin MonoManager ReloadAssembly
Symbol file LoadedFromMemory doesn't match image C:\Users\USER\Unity_Program\Unity\Unity_Photon_FPS\Library\PackageCache\com.unity.visualscripting@1.7.8\Editor\VisualScripting.Core\Dependencies\YamlDotNet\Unity.VisualScripting.YamlDotNet.dll
Symbol file LoadedFromMemory doesn't match image C:\Users\USER\Unity_Program\Unity\Unity_Photon_FPS\Library\PackageCache\com.unity.visualscripting@1.7.8\Editor\VisualScripting.Core\Dependencies\DotNetZip\Unity.VisualScripting.IonicZip.dll
Native extension for WindowsStandalone target not found
Refreshing native plugins compatible for Editor in 0.59 ms, found 3 plugins.
Preloading 0 native plugins for Editor in 0.00 ms.
Mono: successfully reloaded assembly
- Completed reload, in  1.157 seconds
Domain Reload Profiling:
	ReloadAssembly (1158ms)
		BeginReloadAssembly (156ms)
			ExecutionOrderSort (0ms)
			DisableScriptedObjects (7ms)
			BackupInstance (0ms)
			ReleaseScriptingObjects (0ms)
			CreateAndSetChildDomain (48ms)
		EndReloadAssembly (893ms)
			LoadAssemblies (89ms)
			RebuildTransferFunctionScriptingTraits (0ms)
			SetupTypeCache (375ms)
			ReleaseScriptCaches (2ms)
			RebuildScriptCaches (42ms)
			SetupLoadedEditorAssemblies (348ms)
				LogAssemblyErrors (0ms)
				InitializePlatformSupportModulesInManaged (12ms)
				SetLoadedEditorAssemblies (1ms)
				RefreshPlugins (1ms)
				BeforeProcessingInitializeOnLoad (82ms)
				ProcessInitializeOnLoadAttributes (214ms)
				ProcessInitializeOnLoadMethodAttributes (29ms)
				AfterProcessingInitializeOnLoad (9ms)
				EditorAssembliesLoaded (0ms)
			ExecutionOrderSort2 (0ms)
			AwakeInstancesAfterBackupRestoration (7ms)
Platform modules already initialized, skipping
Refreshing native plugins compatible for Editor in 2.38 ms, found 3 plugins.
Preloading 0 native plugins for Editor in 0.00 ms.
Unloading 3640 Unused Serialized files (Serialized files now loaded: 0)
Unloading 38 unused Assets / (1.3 MB). Loaded Objects now: 4157.
Memory consumption went from 143.0 MB to 141.7 MB.
Total: 4.054600 ms (FindLiveObjects: 0.456600 ms CreateObjectMapping: 0.344000 ms MarkObjects: 2.858100 ms  DeleteObjects: 0.395000 ms)

AssetImportParameters requested are different than current active one (requested -> active):
  custom:video-decoder-ogg-theora: a1e56fd34408186e4bbccfd4996cb3dc -> 
  custom:container-muxer-webm: aa71ff27fc2769a1b78a27578f13a17b -> 
  custom:container-demuxer-webm: 4f35f7cbe854078d1ac9338744f61a02 -> 
  custom:video-encoder-webm-vp8: eb34c28f22e8b96e1ab97ce403110664 -> 
  custom:audio-encoder-webm-vorbis: bf7c407c2cedff20999df2af8eb42d56 -> 
  custom:framework-win-MediaFoundation: 216162199b28c13a410421893ffa2e32 -> 
  custom:container-demuxer-ogg: 62fdf1f143b41e24485cea50d1cbac27 -> 
  custom:video-decoder-webm-vp8: 9c59270c3fd7afecdb556c50c9e8de78 -> 
  custom:audio-decoder-ogg-vorbis: bf7c407c2cedff20999df2af8eb42d56 -> 
========================================================================
Received Import Request.
  Time since last request: 928.910823 seconds.
  path: Assets/Effect/Materials
  artifactKey: Guid(9414c95a763480d49bf2096e02802b07) Importer(815301076,1909f56bfc062723c751e8b465ee728b)
Start importing Assets/Effect/Materials using Guid(9414c95a763480d49bf2096e02802b07) Importer(815301076,1909f56bfc062723c751e8b465ee728b)  -> (artifact id: 'ce347d1161d50900e956c7074e1b7958') in 0.011588 seconds 
========================================================================
Received Import Request.
  Time since last request: 1.415705 seconds.
  path: Assets/Effect/Textures
  artifactKey: Guid(b20a496f07f38ef408d196a336d8582a) Importer(815301076,1909f56bfc062723c751e8b465ee728b)
Start importing Assets/Effect/Textures using Guid(b20a496f07f38ef408d196a336d8582a) Importer(815301076,1909f56bfc062723c751e8b465ee728b)  -> (artifact id: '5000486dbfbe3280bf93fc56d44fc332') in 0.006997 seconds 
========================================================================
Received Import Request.
  Time since last request: 0.478454 seconds.
  path: Assets/Effect/Textures/BOM1.png
  artifactKey: Guid(b395c2dcf82764549aef69b436338f0b) Importer(815301076,1909f56bfc062723c751e8b465ee728b)
Start importing Assets/Effect/Textures/BOM1.png using Guid(b395c2dcf82764549aef69b436338f0b) Importer(815301076,1909f56bfc062723c751e8b465ee728b)  -> (artifact id: '07080c85c5ca3ebf53cc18d94f880bfd') in 0.063440 seconds 
========================================================================
Received Import Request.
  Time since last request: 0.455643 seconds.
  path: Assets/Effect/Textures/BOM0.png
  artifactKey: Guid(934bf278f676d4f0da63db61261d1b70) Importer(815301076,1909f56bfc062723c751e8b465ee728b)
Start importing Assets/Effect/Textures/BOM0.png using Guid(934bf278f676d4f0da63db61261d1b70) Importer(815301076,1909f56bfc062723c751e8b465ee728b)  -> (artifact id: '6ab49f9d40846d7aa20f108704b09f21') in 0.014176 seconds 
========================================================================
Received Import Request.
  Time since last request: 2.100804 seconds.
  path: Assets/Effect/Textures/ドギャーンw.png
  artifactKey: Guid(f3f8bc41370294eb79e7ecc823341160) Importer(815301076,1909f56bfc062723c751e8b465ee728b)
Start importing Assets/Effect/Textures/ドギャーンw.png using Guid(f3f8bc41370294eb79e7ecc823341160) Importer(815301076,1909f56bfc062723c751e8b465ee728b)  -> (artifact id: 'a187f3fb93d1ab972c2d68df23eea815') in 0.013617 seconds 
========================================================================
Received Import Request.
  Time since last request: 3.872992 seconds.
  path: Assets/Effect/Bomb.prefab
  artifactKey: Guid(097882588325841b197ea5cb456193e3) Importer(815301076,1909f56bfc062723c751e8b465ee728b)
Start importing Assets/Effect/Bomb.prefab using Guid(097882588325841b197ea5cb456193e3) Importer(815301076,1909f56bfc062723c751e8b465ee728b)  -> (artifact id: '7170f236b7c83885c24e2a024b3752bf') in 0.055206 seconds 
========================================================================
Received Import Request.
  Time since last request: 0.117342 seconds.
  path: Assets/Effect/Bomb.prefab
  artifactKey: Guid(097882588325841b197ea5cb456193e3) Importer(815301076,1909f56bfc062723c751e8b465ee728b)
Start importing Assets/Effect/Bomb.prefab using Guid(097882588325841b197ea5cb456193e3) Importer(815301076,1909f56bfc062723c751e8b465ee728b)  -> (artifact id: '85a4968f76ac924e47b957786bc6fc4a') in 0.011695 seconds 
========================================================================
Received Import Request.
  Time since last request: 0.000019 seconds.
  path: Assets/Effect/Materials/smoke(small).mat
  artifactKey: Guid(405751fc6060be54aa8a6551577f2874) Importer(815301076,1909f56bfc062723c751e8b465ee728b)
Start importing Assets/Effect/Materials/smoke(small).mat using Guid(405751fc6060be54aa8a6551577f2874) Importer(815301076,1909f56bfc062723c751e8b465ee728b)  -> (artifact id: 'e30b20d7f305e971092a07684ee16b41') in 0.034848 seconds 
========================================================================
Received Import Request.
  Time since last request: 0.161953 seconds.
  path: Assets/Effect/Break.prefab
  artifactKey: Guid(e4bb91138f48f417d95ebe528d12d241) Importer(815301076,1909f56bfc062723c751e8b465ee728b)
Start importing Assets/Effect/Break.prefab using Guid(e4bb91138f48f417d95ebe528d12d241) Importer(815301076,1909f56bfc062723c751e8b465ee728b)  -> (artifact id: 'f0c4f80f2c394c7a8ed0274708d39499') in 0.015129 seconds 
========================================================================
Received Import Request.
  Time since last request: 0.090433 seconds.
  path: Assets/Effect/Break.prefab
  artifactKey: Guid(e4bb91138f48f417d95ebe528d12d241) Importer(815301076,1909f56bfc062723c751e8b465ee728b)
Start importing Assets/Effect/Break.prefab using Guid(e4bb91138f48f417d95ebe528d12d241) Importer(815301076,1909f56bfc062723c751e8b465ee728b)  -> (artifact id: 'af9f9f5e6197c1d618a99f22feb26e8c') in 0.011498 seconds 
========================================================================
Received Import Request.
  Time since last request: 13.322475 seconds.
  path: Assets/Effect
  artifactKey: Guid(0cd950753b8a7a846a5886a3c3b3e964) Importer(815301076,1909f56bfc062723c751e8b465ee728b)
Start importing Assets/Effect using Guid(0cd950753b8a7a846a5886a3c3b3e964) Importer(815301076,1909f56bfc062723c751e8b465ee728b)  -> (artifact id: '800b9d390f7800c656e23c6bd22e9648') in 0.006040 seconds 
========================================================================
Received Prepare
Registering precompiled user dll's ...
Registered in 0.009432 seconds.
Begin MonoManager ReloadAssembly
Symbol file LoadedFromMemory doesn't match image C:\Users\USER\Unity_Program\Unity\Unity_Photon_FPS\Library\PackageCache\com.unity.visualscripting@1.7.8\Editor\VisualScripting.Core\Dependencies\YamlDotNet\Unity.VisualScripting.YamlDotNet.dll
Symbol file LoadedFromMemory doesn't match image C:\Users\USER\Unity_Program\Unity\Unity_Photon_FPS\Library\PackageCache\com.unity.visualscripting@1.7.8\Editor\VisualScripting.Core\Dependencies\DotNetZip\Unity.VisualScripting.IonicZip.dll
Native extension for WindowsStandalone target not found
Refreshing native plugins compatible for Editor in 0.56 ms, found 3 plugins.
Preloading 0 native plugins for Editor in 0.00 ms.
Mono: successfully reloaded assembly
- Completed reload, in  1.015 seconds
Domain Reload Profiling:
	ReloadAssembly (1015ms)
		BeginReloadAssembly (139ms)
			ExecutionOrderSort (0ms)
			DisableScriptedObjects (5ms)
			BackupInstance (0ms)
			ReleaseScriptingObjects (0ms)
			CreateAndSetChildDomain (39ms)
		EndReloadAssembly (773ms)
			LoadAssemblies (90ms)
			RebuildTransferFunctionScriptingTraits (0ms)
			SetupTypeCache (264ms)
			ReleaseScriptCaches (1ms)
			RebuildScriptCaches (40ms)
			SetupLoadedEditorAssemblies (339ms)
				LogAssemblyErrors (0ms)
				InitializePlatformSupportModulesInManaged (11ms)
				SetLoadedEditorAssemblies (0ms)
				RefreshPlugins (1ms)
				BeforeProcessingInitializeOnLoad (73ms)
				ProcessInitializeOnLoadAttributes (200ms)
				ProcessInitializeOnLoadMethodAttributes (43ms)
				AfterProcessingInitializeOnLoad (10ms)
				EditorAssembliesLoaded (0ms)
			ExecutionOrderSort2 (0ms)
			AwakeInstancesAfterBackupRestoration (7ms)
Platform modules already initialized, skipping
Refreshing native plugins compatible for Editor in 2.22 ms, found 3 plugins.
Preloading 0 native plugins for Editor in 0.00 ms.
Unloading 3639 Unused Serialized files (Serialized files now loaded: 0)
Unloading 38 unused Assets / (1.3 MB). Loaded Objects now: 4196.
Memory consumption went from 143.3 MB to 142.0 MB.
Total: 3.295500 ms (FindLiveObjects: 0.254600 ms CreateObjectMapping: 0.151000 ms MarkObjects: 2.668700 ms  DeleteObjects: 0.220500 ms)

AssetImportParameters requested are different than current active one (requested -> active):
  custom:video-decoder-ogg-theora: a1e56fd34408186e4bbccfd4996cb3dc -> 
  custom:container-muxer-webm: aa71ff27fc2769a1b78a27578f13a17b -> 
  custom:container-demuxer-webm: 4f35f7cbe854078d1ac9338744f61a02 -> 
  custom:video-encoder-webm-vp8: eb34c28f22e8b96e1ab97ce403110664 -> 
  custom:audio-encoder-webm-vorbis: bf7c407c2cedff20999df2af8eb42d56 -> 
  custom:framework-win-MediaFoundation: 216162199b28c13a410421893ffa2e32 -> 
  custom:container-demuxer-ogg: 62fdf1f143b41e24485cea50d1cbac27 -> 
  custom:video-decoder-webm-vp8: 9c59270c3fd7afecdb556c50c9e8de78 -> 
  custom:audio-decoder-ogg-vorbis: bf7c407c2cedff20999df2af8eb42d56 -> 
========================================================================
Received Import Request.
  Time since last request: 392.308379 seconds.
  path: Assets/Workshop/Audio
  artifactKey: Guid(a703de514eb12ac4dbf48d87b83e9cf7) Importer(815301076,1909f56bfc062723c751e8b465ee728b)
Start importing Assets/Workshop/Audio using Guid(a703de514eb12ac4dbf48d87b83e9cf7) Importer(815301076,1909f56bfc062723c751e8b465ee728b)  -> (artifact id: 'fe170dc91c9a2213e408daa53d0bc156') in 0.013645 seconds 
========================================================================
Received Import Request.
  Time since last request: 44.134735 seconds.
  path: Assets/Downloads
  artifactKey: Guid(998ba024c21ade1489ce05778a35778a) Importer(815301076,1909f56bfc062723c751e8b465ee728b)
Start importing Assets/Downloads using Guid(998ba024c21ade1489ce05778a35778a) Importer(815301076,1909f56bfc062723c751e8b465ee728b)  -> (artifact id: '2f0749c91508cc32ce6158c8e2f7ce92') in 0.009156 seconds 
========================================================================
Received Import Request.
  Time since last request: 14.015476 seconds.
  path: Assets/Download
  artifactKey: Guid(998ba024c21ade1489ce05778a35778a) Importer(815301076,1909f56bfc062723c751e8b465ee728b)
Start importing Assets/Download using Guid(998ba024c21ade1489ce05778a35778a) Importer(815301076,1909f56bfc062723c751e8b465ee728b)  -> (artifact id: 'e9b6e455ca5d9acaad74a74f9b4c572d') in 0.006544 seconds 
========================================================================
Received Import Request.
  Time since last request: 1.425201 seconds.
  path: Assets/Workshop
  artifactKey: Guid(fb9b6b8d59dec7b45a765763d90fa17d) Importer(815301076,1909f56bfc062723c751e8b465ee728b)
Start importing Assets/Workshop using Guid(fb9b6b8d59dec7b45a765763d90fa17d) Importer(815301076,1909f56bfc062723c751e8b465ee728b)  -> (artifact id: 'd3d0c921e7589cbb4b5f233ee588d3a1') in 0.007016 seconds 
========================================================================
Received Import Request.
  Time since last request: 16.787344 seconds.
  path: Assets/Download/RifleEffectSound
  artifactKey: Guid(fb9b6b8d59dec7b45a765763d90fa17d) Importer(815301076,1909f56bfc062723c751e8b465ee728b)
Start importing Assets/Download/RifleEffectSound using Guid(fb9b6b8d59dec7b45a765763d90fa17d) Importer(815301076,1909f56bfc062723c751e8b465ee728b)  -> (artifact id: '228b74f1d2157e5fdc26fa1d073096fd') in 0.006862 seconds 
========================================================================
Received Import Request.
  Time since last request: 6.942438 seconds.
  path: Assets/Download/RifleEffectSound/Audio/Rifle.wav
  artifactKey: Guid(f1fb1c5f73b74476a8044d93a7c2c6bd) Importer(815301076,1909f56bfc062723c751e8b465ee728b)
Start importing Assets/Download/RifleEffectSound/Audio/Rifle.wav using Guid(f1fb1c5f73b74476a8044d93a7c2c6bd) Importer(815301076,1909f56bfc062723c751e8b465ee728b)  -> (artifact id: '7460f7847042a42ab82c5f9a1c6b2d89') in 0.150054 seconds 
========================================================================
Received Import Request.
  Time since last request: 11.848783 seconds.
  path: Assets/Download/RifleEffectSound/Audio/ExplosionNoDebris EXP022601.wav
  artifactKey: Guid(847730bb3eeb245b3a49862fa9ca3633) Importer(815301076,1909f56bfc062723c751e8b465ee728b)
Start importing Assets/Download/RifleEffectSound/Audio/ExplosionNoDebris EXP022601.wav using Guid(847730bb3eeb245b3a49862fa9ca3633) Importer(815301076,1909f56bfc062723c751e8b465ee728b)  -> (artifact id: '9fb70689aee8c38b36ab214c51ec562e') in 0.013857 seconds 
========================================================================
Received Import Request.
  Time since last request: 3.981517 seconds.
  path: Assets/Download/RifleEffectSound/Effects
  artifactKey: Guid(c8a2e6b0bc3633e47befe7e53c8b8a75) Importer(815301076,1909f56bfc062723c751e8b465ee728b)
Start importing Assets/Download/RifleEffectSound/Effects using Guid(c8a2e6b0bc3633e47befe7e53c8b8a75) Importer(815301076,1909f56bfc062723c751e8b465ee728b)  -> (artifact id: '3b211263c3992891a13de2d51cd27afa') in 0.006668 seconds 
========================================================================
Received Import Request.
  Time since last request: 0.950797 seconds.
  path: Assets/Download/RifleEffectSound/Effects/Explosion.prefab
  artifactKey: Guid(8a4aceaf2957c044480166b429f4c7d0) Importer(815301076,1909f56bfc062723c751e8b465ee728b)
Start importing Assets/Download/RifleEffectSound/Effects/Explosion.prefab using Guid(8a4aceaf2957c044480166b429f4c7d0) Importer(815301076,1909f56bfc062723c751e8b465ee728b)  -> (artifact id: '3b8ed5c775635aff1d903428d5e88827') in 0.083617 seconds 
========================================================================
Received Import Request.
  Time since last request: 0.564918 seconds.
  path: Assets/Download/RifleEffectSound/Effects/Stone_BulletImpact.prefab
  artifactKey: Guid(54dd9cb5740188a488b8baebbf19207c) Importer(815301076,1909f56bfc062723c751e8b465ee728b)
Start importing Assets/Download/RifleEffectSound/Effects/Stone_BulletImpact.prefab using Guid(54dd9cb5740188a488b8baebbf19207c) Importer(815301076,1909f56bfc062723c751e8b465ee728b)  -> (artifact id: '0dc72ebc188da40ae0e0579094aa6b10') in 0.020330 seconds 
========================================================================
Received Import Request.
  Time since last request: 0.081850 seconds.
  path: Assets/Download/RifleEffectSound/etc/Materials/vertical_puff_sheet.mat
  artifactKey: Guid(79dcc0eb893b3d04bab22896772cc5b9) Importer(815301076,1909f56bfc062723c751e8b465ee728b)
Start importing Assets/Download/RifleEffectSound/etc/Materials/vertical_puff_sheet.mat using Guid(79dcc0eb893b3d04bab22896772cc5b9) Importer(815301076,1909f56bfc062723c751e8b465ee728b)  -> (artifact id: '84a7974fe15bba3847f303415f11265e') in 0.025242 seconds 
========================================================================
Received Import Request.
  Time since last request: 0.119901 seconds.
  path: Assets/Download/RifleEffectSound/Effects/Stone_BulletImpact.prefab
  artifactKey: Guid(54dd9cb5740188a488b8baebbf19207c) Importer(815301076,1909f56bfc062723c751e8b465ee728b)
Start importing Assets/Download/RifleEffectSound/Effects/Stone_BulletImpact.prefab using Guid(54dd9cb5740188a488b8baebbf19207c) Importer(815301076,1909f56bfc062723c751e8b465ee728b)  -> (artifact id: '031698e01a4f419bbb6ed71157d10854') in 0.012745 seconds 
========================================================================
Received Import Request.
  Time since last request: 7.558556 seconds.
  path: Assets/Download/RifleEffectSound/etc/Materials/swirl-1.mat
  artifactKey: Guid(e889572110a25764ebd51c6a6308e624) Importer(815301076,1909f56bfc062723c751e8b465ee728b)
Start importing Assets/Download/RifleEffectSound/etc/Materials/swirl-1.mat using Guid(e889572110a25764ebd51c6a6308e624) Importer(815301076,1909f56bfc062723c751e8b465ee728b)  -> (artifact id: '744a366a02a1d44e3706d3a956b7e66a') in 0.014157 seconds 
========================================================================
Received Import Request.
  Time since last request: 0.599619 seconds.
  path: Assets/Download/RifleEffectSound/etc/Materials/stone_atlas.mat
  artifactKey: Guid(1b309223ac4ff1047abbac6457f6981e) Importer(815301076,1909f56bfc062723c751e8b465ee728b)
Start importing Assets/Download/RifleEffectSound/etc/Materials/stone_atlas.mat using Guid(1b309223ac4ff1047abbac6457f6981e) Importer(815301076,1909f56bfc062723c751e8b465ee728b)  -> (artifact id: 'a52649792d6eebad52a76eb130bbb800') in 0.015883 seconds 
========================================================================
Received Import Request.
  Time since last request: 30.375139 seconds.
  path: Assets/Download/RifleEffectSound/etc/Materials
  artifactKey: Guid(16d1eb0900cb1e44dbda6facac54e363) Importer(815301076,1909f56bfc062723c751e8b465ee728b)
Start importing Assets/Download/RifleEffectSound/etc/Materials using Guid(16d1eb0900cb1e44dbda6facac54e363) Importer(815301076,1909f56bfc062723c751e8b465ee728b)  -> (artifact id: '874c58df4d63a62e825f3218bc1c5a2c') in 0.008403 seconds 
========================================================================
Received Import Request.
  Time since last request: 1.080726 seconds.
  path: Assets/Download/RifleEffectSound/etc/Materials/Animated
  artifactKey: Guid(bd73b80851ab78f48aaa903c37844ab0) Importer(815301076,1909f56bfc062723c751e8b465ee728b)
Start importing Assets/Download/RifleEffectSound/etc/Materials/Animated using Guid(bd73b80851ab78f48aaa903c37844ab0) Importer(815301076,1909f56bfc062723c751e8b465ee728b)  -> (artifact id: 'f29d5bf885c37594ab9710c984ef7940') in 0.008160 seconds 
========================================================================
Received Import Request.
  Time since last request: 0.366206 seconds.
  path: Assets/Download/RifleEffectSound/etc/Materials/Misc
  artifactKey: Guid(dbe2200165ad3f4479f4b25230d8014a) Importer(815301076,1909f56bfc062723c751e8b465ee728b)
Start importing Assets/Download/RifleEffectSound/etc/Materials/Misc using Guid(dbe2200165ad3f4479f4b25230d8014a) Importer(815301076,1909f56bfc062723c751e8b465ee728b)  -> (artifact id: '19b74078031ca0deaa0acea8f12f2b8f') in 0.006389 seconds 
========================================================================
Received Import Request.
  Time since last request: 0.414866 seconds.
  path: Assets/Download/RifleEffectSound/etc/Textures/Buildings.png
  artifactKey: Guid(bcd2ea9e485121b439bcb1eae3088cd1) Importer(815301076,1909f56bfc062723c751e8b465ee728b)
Start importing Assets/Download/RifleEffectSound/etc/Textures/Buildings.png using Guid(bcd2ea9e485121b439bcb1eae3088cd1) Importer(815301076,1909f56bfc062723c751e8b465ee728b)  -> (artifact id: '1e2a866e3be306c6cb0ed81dbbeba419') in 0.137856 seconds 
========================================================================
Received Import Request.
  Time since last request: 0.583438 seconds.
  path: Assets/Download/RifleEffectSound/etc/Textures/Textures/stone_atlas.tga
  artifactKey: Guid(1d9f89e3514160047add2284bb36db54) Importer(815301076,1909f56bfc062723c751e8b465ee728b)
Start importing Assets/Download/RifleEffectSound/etc/Textures/Textures/stone_atlas.tga using Guid(1d9f89e3514160047add2284bb36db54) Importer(815301076,1909f56bfc062723c751e8b465ee728b)  -> (artifact id: '3fd3b1aa8fd89d21715fefbabe21ed61') in 0.026155 seconds 
========================================================================
Received Import Request.
  Time since last request: 0.379252 seconds.
  path: Assets/Download/RifleEffectSound/etc/Textures/Textures/swirl-1.tga
  artifactKey: Guid(b8f96e8f167af344695860a41010bfc3) Importer(815301076,1909f56bfc062723c751e8b465ee728b)
Start importing Assets/Download/RifleEffectSound/etc/Textures/Textures/swirl-1.tga using Guid(b8f96e8f167af344695860a41010bfc3) Importer(815301076,1909f56bfc062723c751e8b465ee728b)  -> (artifact id: 'c6bbd07ad330601c9f056be6eeb2ef89') in 0.016776 seconds 
========================================================================
Received Import Request.
  Time since last request: 0.371411 seconds.
  path: Assets/Download/RifleEffectSound/etc/Textures/Textures/vertical_puff_sheet.tga
  artifactKey: Guid(9c303d4d47a6e5d4f8dec2891e2e5445) Importer(815301076,1909f56bfc062723c751e8b465ee728b)
Start importing Assets/Download/RifleEffectSound/etc/Textures/Textures/vertical_puff_sheet.tga using Guid(9c303d4d47a6e5d4f8dec2891e2e5445) Importer(815301076,1909f56bfc062723c751e8b465ee728b)  -> (artifact id: '649d2d04b8be7f1097a681f22dc38a80') in 0.016883 seconds 
========================================================================
Received Import Request.
  Time since last request: 2.136713 seconds.
  path: Assets/Download/RifleEffectSound/etc/Textures/CFX_T_Anim4_RoundedLines.png
  artifactKey: Guid(7987b6791dff098469332588914e2c84) Importer(815301076,1909f56bfc062723c751e8b465ee728b)
Start importing Assets/Download/RifleEffectSound/etc/Textures/CFX_T_Anim4_RoundedLines.png using Guid(7987b6791dff098469332588914e2c84) Importer(815301076,1909f56bfc062723c751e8b465ee728b)  -> (artifact id: '25d61334ba985709fadc589a3cae5ad1') in 0.015860 seconds 
========================================================================
Received Import Request.
  Time since last request: 0.320477 seconds.
  path: Assets/Download/RifleEffectSound/etc/Textures/CFX_T_Anim8_Triangle2.png
  artifactKey: Guid(398da4b026da3fd4dbe04dfc2ba43f09) Importer(815301076,1909f56bfc062723c751e8b465ee728b)
Start importing Assets/Download/RifleEffectSound/etc/Textures/CFX_T_Anim8_Triangle2.png using Guid(398da4b026da3fd4dbe04dfc2ba43f09) Importer(815301076,1909f56bfc062723c751e8b465ee728b)  -> (artifact id: '5b89448b197ecf5bcdf4cdacf8bfa69b') in 0.013774 seconds 
========================================================================
Received Import Request.
  Time since last request: 11.636094 seconds.
  path: Assets/Download/RifleEffectSound/Effects/Stone_BulletImpact.prefab
  artifactKey: Guid(54dd9cb5740188a488b8baebbf19207c) Importer(815301076,1909f56bfc062723c751e8b465ee728b)
Start importing Assets/Download/RifleEffectSound/Effects/Stone_BulletImpact.prefab using Guid(54dd9cb5740188a488b8baebbf19207c) Importer(815301076,1909f56bfc062723c751e8b465ee728b)  -> (artifact id: 'e8c066868c0faa24a619eb7a1b41f445') in 0.014360 seconds 
========================================================================
Received Prepare
Registering precompiled user dll's ...
Registered in 0.007103 seconds.
Begin MonoManager ReloadAssembly
Symbol file LoadedFromMemory doesn't match image C:\Users\USER\Unity_Program\Unity\Unity_Photon_FPS\Library\PackageCache\com.unity.visualscripting@1.7.8\Editor\VisualScripting.Core\Dependencies\YamlDotNet\Unity.VisualScripting.YamlDotNet.dll
Symbol file LoadedFromMemory doesn't match image C:\Users\USER\Unity_Program\Unity\Unity_Photon_FPS\Library\PackageCache\com.unity.visualscripting@1.7.8\Editor\VisualScripting.Core\Dependencies\DotNetZip\Unity.VisualScripting.IonicZip.dll
Native extension for WindowsStandalone target not found
Refreshing native plugins compatible for Editor in 0.64 ms, found 3 plugins.
Preloading 0 native plugins for Editor in 0.00 ms.
Mono: successfully reloaded assembly
- Completed reload, in  1.135 seconds
Domain Reload Profiling:
	ReloadAssembly (1136ms)
		BeginReloadAssembly (253ms)
			ExecutionOrderSort (0ms)
			DisableScriptedObjects (21ms)
			BackupInstance (0ms)
			ReleaseScriptingObjects (0ms)
			CreateAndSetChildDomain (63ms)
		EndReloadAssembly (777ms)
			LoadAssemblies (95ms)
			RebuildTransferFunctionScriptingTraits (0ms)
			SetupTypeCache (254ms)
			ReleaseScriptCaches (1ms)
			RebuildScriptCaches (42ms)
			SetupLoadedEditorAssemblies (351ms)
				LogAssemblyErrors (0ms)
				InitializePlatformSupportModulesInManaged (11ms)
				SetLoadedEditorAssemblies (1ms)
				RefreshPlugins (1ms)
				BeforeProcessingInitializeOnLoad (78ms)
				ProcessInitializeOnLoadAttributes (216ms)
				ProcessInitializeOnLoadMethodAttributes (34ms)
				AfterProcessingInitializeOnLoad (10ms)
				EditorAssembliesLoaded (0ms)
			ExecutionOrderSort2 (0ms)
			AwakeInstancesAfterBackupRestoration (8ms)
Platform modules already initialized, skipping
Refreshing native plugins compatible for Editor in 1.97 ms, found 3 plugins.
Preloading 0 native plugins for Editor in 0.00 ms.
Unloading 3639 Unused Serialized files (Serialized files now loaded: 0)
Unloading 37 unused Assets / (1.3 MB). Loaded Objects now: 4206.
Memory consumption went from 143.5 MB to 142.2 MB.
Total: 3.121600 ms (FindLiveObjects: 0.262500 ms CreateObjectMapping: 0.159700 ms MarkObjects: 2.437000 ms  DeleteObjects: 0.261400 ms)

AssetImportParameters requested are different than current active one (requested -> active):
  custom:video-decoder-ogg-theora: a1e56fd34408186e4bbccfd4996cb3dc -> 
  custom:container-muxer-webm: aa71ff27fc2769a1b78a27578f13a17b -> 
  custom:container-demuxer-webm: 4f35f7cbe854078d1ac9338744f61a02 -> 
  custom:video-encoder-webm-vp8: eb34c28f22e8b96e1ab97ce403110664 -> 
  custom:audio-encoder-webm-vorbis: bf7c407c2cedff20999df2af8eb42d56 -> 
  custom:framework-win-MediaFoundation: 216162199b28c13a410421893ffa2e32 -> 
  custom:container-demuxer-ogg: 62fdf1f143b41e24485cea50d1cbac27 -> 
  custom:video-decoder-webm-vp8: 9c59270c3fd7afecdb556c50c9e8de78 -> 
  custom:audio-decoder-ogg-vorbis: bf7c407c2cedff20999df2af8eb42d56 -> 
========================================================================
Received Prepare
Registering precompiled user dll's ...
Registered in 0.006774 seconds.
Begin MonoManager ReloadAssembly
Symbol file LoadedFromMemory doesn't match image C:\Users\USER\Unity_Program\Unity\Unity_Photon_FPS\Library\PackageCache\com.unity.visualscripting@1.7.8\Editor\VisualScripting.Core\Dependencies\YamlDotNet\Unity.VisualScripting.YamlDotNet.dll
Symbol file LoadedFromMemory doesn't match image C:\Users\USER\Unity_Program\Unity\Unity_Photon_FPS\Library\PackageCache\com.unity.visualscripting@1.7.8\Editor\VisualScripting.Core\Dependencies\DotNetZip\Unity.VisualScripting.IonicZip.dll
Native extension for WindowsStandalone target not found
Refreshing native plugins compatible for Editor in 0.55 ms, found 3 plugins.
Preloading 0 native plugins for Editor in 0.00 ms.
Mono: successfully reloaded assembly
- Completed reload, in  0.998 seconds
Domain Reload Profiling:
	ReloadAssembly (999ms)
		BeginReloadAssembly (135ms)
			ExecutionOrderSort (0ms)
			DisableScriptedObjects (5ms)
			BackupInstance (0ms)
			ReleaseScriptingObjects (0ms)
			CreateAndSetChildDomain (31ms)
		EndReloadAssembly (749ms)
			LoadAssemblies (93ms)
			RebuildTransferFunctionScriptingTraits (0ms)
			SetupTypeCache (259ms)
			ReleaseScriptCaches (1ms)
			RebuildScriptCaches (39ms)
			SetupLoadedEditorAssemblies (323ms)
				LogAssemblyErrors (0ms)
				InitializePlatformSupportModulesInManaged (16ms)
				SetLoadedEditorAssemblies (0ms)
				RefreshPlugins (1ms)
				BeforeProcessingInitializeOnLoad (69ms)
				ProcessInitializeOnLoadAttributes (197ms)
				ProcessInitializeOnLoadMethodAttributes (29ms)
				AfterProcessingInitializeOnLoad (10ms)
				EditorAssembliesLoaded (0ms)
			ExecutionOrderSort2 (0ms)
			AwakeInstancesAfterBackupRestoration (7ms)
Platform modules already initialized, skipping
Refreshing native plugins compatible for Editor in 2.13 ms, found 3 plugins.
Preloading 0 native plugins for Editor in 0.00 ms.
Unloading 3639 Unused Serialized files (Serialized files now loaded: 0)
Unloading 37 unused Assets / (1.3 MB). Loaded Objects now: 4210.
Memory consumption went from 143.5 MB to 142.2 MB.
Total: 3.503900 ms (FindLiveObjects: 0.242300 ms CreateObjectMapping: 0.207200 ms MarkObjects: 2.787800 ms  DeleteObjects: 0.266000 ms)

AssetImportParameters requested are different than current active one (requested -> active):
  custom:video-decoder-ogg-theora: a1e56fd34408186e4bbccfd4996cb3dc -> 
  custom:container-muxer-webm: aa71ff27fc2769a1b78a27578f13a17b -> 
  custom:container-demuxer-webm: 4f35f7cbe854078d1ac9338744f61a02 -> 
  custom:video-encoder-webm-vp8: eb34c28f22e8b96e1ab97ce403110664 -> 
  custom:audio-encoder-webm-vorbis: bf7c407c2cedff20999df2af8eb42d56 -> 
  custom:framework-win-MediaFoundation: 216162199b28c13a410421893ffa2e32 -> 
  custom:container-demuxer-ogg: 62fdf1f143b41e24485cea50d1cbac27 -> 
  custom:video-decoder-webm-vp8: 9c59270c3fd7afecdb556c50c9e8de78 -> 
  custom:audio-decoder-ogg-vorbis: bf7c407c2cedff20999df2af8eb42d56 -> 
========================================================================
Received Prepare
Refreshing native plugins compatible for Editor in 5.10 ms, found 3 plugins.
Preloading 0 native plugins for Editor in 0.00 ms.
Unloading 37 Unused Serialized files (Serialized files now loaded: 0)
Unloading 37 unused Assets / (1.3 MB). Loaded Objects now: 4210.
Memory consumption went from 71.4 MB to 70.1 MB.
Total: 2.950900 ms (FindLiveObjects: 0.288300 ms CreateObjectMapping: 0.228700 ms MarkObjects: 2.176500 ms  DeleteObjects: 0.256900 ms)

AssetImportParameters requested are different than current active one (requested -> active):
  custom:video-decoder-ogg-theora: a1e56fd34408186e4bbccfd4996cb3dc -> 
  custom:container-muxer-webm: aa71ff27fc2769a1b78a27578f13a17b -> 
  custom:container-demuxer-webm: 4f35f7cbe854078d1ac9338744f61a02 -> 
  custom:video-encoder-webm-vp8: eb34c28f22e8b96e1ab97ce403110664 -> 
  custom:audio-encoder-webm-vorbis: bf7c407c2cedff20999df2af8eb42d56 -> 
  custom:framework-win-MediaFoundation: 216162199b28c13a410421893ffa2e32 -> 
  custom:container-demuxer-ogg: 62fdf1f143b41e24485cea50d1cbac27 -> 
  custom:video-decoder-webm-vp8: 9c59270c3fd7afecdb556c50c9e8de78 -> 
  custom:audio-decoder-ogg-vorbis: bf7c407c2cedff20999df2af8eb42d56 -> 
========================================================================
Received Prepare
Registering precompiled user dll's ...
Registered in 0.007329 seconds.
Begin MonoManager ReloadAssembly
Symbol file LoadedFromMemory doesn't match image C:\Users\USER\Unity_Program\Unity\Unity_Photon_FPS\Library\PackageCache\com.unity.visualscripting@1.7.8\Editor\VisualScripting.Core\Dependencies\YamlDotNet\Unity.VisualScripting.YamlDotNet.dll
Symbol file LoadedFromMemory doesn't match image C:\Users\USER\Unity_Program\Unity\Unity_Photon_FPS\Library\PackageCache\com.unity.visualscripting@1.7.8\Editor\VisualScripting.Core\Dependencies\DotNetZip\Unity.VisualScripting.IonicZip.dll
Native extension for WindowsStandalone target not found
Refreshing native plugins compatible for Editor in 0.60 ms, found 3 plugins.
Preloading 0 native plugins for Editor in 0.00 ms.
Mono: successfully reloaded assembly
- Completed reload, in  1.150 seconds
Domain Reload Profiling:
	ReloadAssembly (1150ms)
		BeginReloadAssembly (160ms)
			ExecutionOrderSort (0ms)
			DisableScriptedObjects (6ms)
			BackupInstance (0ms)
			ReleaseScriptingObjects (0ms)
			CreateAndSetChildDomain (40ms)
		EndReloadAssembly (877ms)
			LoadAssemblies (102ms)
			RebuildTransferFunctionScriptingTraits (0ms)
			SetupTypeCache (299ms)
			ReleaseScriptCaches (2ms)
			RebuildScriptCaches (49ms)
			SetupLoadedEditorAssemblies (384ms)
				LogAssemblyErrors (0ms)
				InitializePlatformSupportModulesInManaged (13ms)
				SetLoadedEditorAssemblies (1ms)
				RefreshPlugins (1ms)
				BeforeProcessingInitializeOnLoad (89ms)
				ProcessInitializeOnLoadAttributes (232ms)
				ProcessInitializeOnLoadMethodAttributes (37ms)
				AfterProcessingInitializeOnLoad (12ms)
				EditorAssembliesLoaded (0ms)
			ExecutionOrderSort2 (0ms)
			AwakeInstancesAfterBackupRestoration (7ms)
Platform modules already initialized, skipping
Refreshing native plugins compatible for Editor in 2.75 ms, found 3 plugins.
Preloading 0 native plugins for Editor in 0.00 ms.
Unloading 3639 Unused Serialized files (Serialized files now loaded: 0)
Unloading 37 unused Assets / (1.3 MB). Loaded Objects now: 4214.
Memory consumption went from 143.5 MB to 142.2 MB.
Total: 4.015100 ms (FindLiveObjects: 0.533700 ms CreateObjectMapping: 0.388200 ms MarkObjects: 2.747400 ms  DeleteObjects: 0.343200 ms)

AssetImportParameters requested are different than current active one (requested -> active):
  custom:video-decoder-ogg-theora: a1e56fd34408186e4bbccfd4996cb3dc -> 
  custom:container-muxer-webm: aa71ff27fc2769a1b78a27578f13a17b -> 
  custom:container-demuxer-webm: 4f35f7cbe854078d1ac9338744f61a02 -> 
  custom:video-encoder-webm-vp8: eb34c28f22e8b96e1ab97ce403110664 -> 
  custom:audio-encoder-webm-vorbis: bf7c407c2cedff20999df2af8eb42d56 -> 
  custom:framework-win-MediaFoundation: 216162199b28c13a410421893ffa2e32 -> 
  custom:container-demuxer-ogg: 62fdf1f143b41e24485cea50d1cbac27 -> 
  custom:video-decoder-webm-vp8: 9c59270c3fd7afecdb556c50c9e8de78 -> 
  custom:audio-decoder-ogg-vorbis: bf7c407c2cedff20999df2af8eb42d56 -> 
========================================================================
Received Prepare
Registering precompiled user dll's ...
Registered in 0.007468 seconds.
Begin MonoManager ReloadAssembly
Symbol file LoadedFromMemory doesn't match image C:\Users\USER\Unity_Program\Unity\Unity_Photon_FPS\Library\PackageCache\com.unity.visualscripting@1.7.8\Editor\VisualScripting.Core\Dependencies\YamlDotNet\Unity.VisualScripting.YamlDotNet.dll
Symbol file LoadedFromMemory doesn't match image C:\Users\USER\Unity_Program\Unity\Unity_Photon_FPS\Library\PackageCache\com.unity.visualscripting@1.7.8\Editor\VisualScripting.Core\Dependencies\DotNetZip\Unity.VisualScripting.IonicZip.dll
Native extension for WindowsStandalone target not found
Refreshing native plugins compatible for Editor in 0.63 ms, found 3 plugins.
Preloading 0 native plugins for Editor in 0.00 ms.
Mono: successfully reloaded assembly
- Completed reload, in  1.029 seconds
Domain Reload Profiling:
	ReloadAssembly (1030ms)
		BeginReloadAssembly (144ms)
			ExecutionOrderSort (0ms)
			DisableScriptedObjects (5ms)
			BackupInstance (0ms)
			ReleaseScriptingObjects (0ms)
			CreateAndSetChildDomain (35ms)
		EndReloadAssembly (787ms)
			LoadAssemblies (93ms)
			RebuildTransferFunctionScriptingTraits (0ms)
			SetupTypeCache (269ms)
			ReleaseScriptCaches (1ms)
			RebuildScriptCaches (44ms)
			SetupLoadedEditorAssemblies (342ms)
				LogAssemblyErrors (0ms)
				InitializePlatformSupportModulesInManaged (15ms)
				SetLoadedEditorAssemblies (0ms)
				RefreshPlugins (1ms)
				BeforeProcessingInitializeOnLoad (75ms)
				ProcessInitializeOnLoadAttributes (208ms)
				ProcessInitializeOnLoadMethodAttributes (32ms)
				AfterProcessingInitializeOnLoad (10ms)
				EditorAssembliesLoaded (0ms)
			ExecutionOrderSort2 (0ms)
			AwakeInstancesAfterBackupRestoration (7ms)
Platform modules already initialized, skipping
Refreshing native plugins compatible for Editor in 2.18 ms, found 3 plugins.
Preloading 0 native plugins for Editor in 0.00 ms.
Unloading 3639 Unused Serialized files (Serialized files now loaded: 0)
Unloading 37 unused Assets / (1.3 MB). Loaded Objects now: 4218.
Memory consumption went from 143.5 MB to 142.2 MB.
Total: 3.469300 ms (FindLiveObjects: 0.332500 ms CreateObjectMapping: 0.289900 ms MarkObjects: 2.509000 ms  DeleteObjects: 0.318200 ms)

AssetImportParameters requested are different than current active one (requested -> active):
  custom:video-decoder-ogg-theora: a1e56fd34408186e4bbccfd4996cb3dc -> 
  custom:container-muxer-webm: aa71ff27fc2769a1b78a27578f13a17b -> 
  custom:container-demuxer-webm: 4f35f7cbe854078d1ac9338744f61a02 -> 
  custom:video-encoder-webm-vp8: eb34c28f22e8b96e1ab97ce403110664 -> 
  custom:audio-encoder-webm-vorbis: bf7c407c2cedff20999df2af8eb42d56 -> 
  custom:framework-win-MediaFoundation: 216162199b28c13a410421893ffa2e32 -> 
  custom:container-demuxer-ogg: 62fdf1f143b41e24485cea50d1cbac27 -> 
  custom:video-decoder-webm-vp8: 9c59270c3fd7afecdb556c50c9e8de78 -> 
  custom:audio-decoder-ogg-vorbis: bf7c407c2cedff20999df2af8eb42d56 -> 
========================================================================
Received Prepare
Refreshing native plugins compatible for Editor in 4.65 ms, found 3 plugins.
Preloading 0 native plugins for Editor in 0.00 ms.
Unloading 37 Unused Serialized files (Serialized files now loaded: 0)
Unloading 37 unused Assets / (1.3 MB). Loaded Objects now: 4218.
Memory consumption went from 71.4 MB to 70.1 MB.
Total: 2.733500 ms (FindLiveObjects: 0.271500 ms CreateObjectMapping: 0.191600 ms MarkObjects: 2.020200 ms  DeleteObjects: 0.249600 ms)

AssetImportParameters requested are different than current active one (requested -> active):
  custom:video-decoder-ogg-theora: a1e56fd34408186e4bbccfd4996cb3dc -> 
  custom:container-muxer-webm: aa71ff27fc2769a1b78a27578f13a17b -> 
  custom:container-demuxer-webm: 4f35f7cbe854078d1ac9338744f61a02 -> 
  custom:video-encoder-webm-vp8: eb34c28f22e8b96e1ab97ce403110664 -> 
  custom:audio-encoder-webm-vorbis: bf7c407c2cedff20999df2af8eb42d56 -> 
  custom:framework-win-MediaFoundation: 216162199b28c13a410421893ffa2e32 -> 
  custom:container-demuxer-ogg: 62fdf1f143b41e24485cea50d1cbac27 -> 
  custom:video-decoder-webm-vp8: 9c59270c3fd7afecdb556c50c9e8de78 -> 
  custom:audio-decoder-ogg-vorbis: bf7c407c2cedff20999df2af8eb42d56 -> 
========================================================================
Received Prepare
Registering precompiled user dll's ...
Registered in 0.008391 seconds.
Begin MonoManager ReloadAssembly
Symbol file LoadedFromMemory doesn't match image C:\Users\USER\Unity_Program\Unity\Unity_Photon_FPS\Library\PackageCache\com.unity.visualscripting@1.7.8\Editor\VisualScripting.Core\Dependencies\YamlDotNet\Unity.VisualScripting.YamlDotNet.dll
Symbol file LoadedFromMemory doesn't match image C:\Users\USER\Unity_Program\Unity\Unity_Photon_FPS\Library\PackageCache\com.unity.visualscripting@1.7.8\Editor\VisualScripting.Core\Dependencies\DotNetZip\Unity.VisualScripting.IonicZip.dll
Native extension for WindowsStandalone target not found
Refreshing native plugins compatible for Editor in 0.96 ms, found 3 plugins.
Preloading 0 native plugins for Editor in 0.00 ms.
Mono: successfully reloaded assembly
- Completed reload, in  1.190 seconds
Domain Reload Profiling:
	ReloadAssembly (1190ms)
		BeginReloadAssembly (140ms)
			ExecutionOrderSort (0ms)
			DisableScriptedObjects (5ms)
			BackupInstance (0ms)
			ReleaseScriptingObjects (0ms)
			CreateAndSetChildDomain (37ms)
		EndReloadAssembly (938ms)
			LoadAssemblies (92ms)
			RebuildTransferFunctionScriptingTraits (0ms)
			SetupTypeCache (315ms)
			ReleaseScriptCaches (2ms)
			RebuildScriptCaches (56ms)
			SetupLoadedEditorAssemblies (414ms)
				LogAssemblyErrors (0ms)
				InitializePlatformSupportModulesInManaged (13ms)
				SetLoadedEditorAssemblies (0ms)
				RefreshPlugins (1ms)
				BeforeProcessingInitializeOnLoad (86ms)
				ProcessInitializeOnLoadAttributes (257ms)
				ProcessInitializeOnLoadMethodAttributes (47ms)
				AfterProcessingInitializeOnLoad (9ms)
				EditorAssembliesLoaded (0ms)
			ExecutionOrderSort2 (0ms)
			AwakeInstancesAfterBackupRestoration (7ms)
Platform modules already initialized, skipping
Refreshing native plugins compatible for Editor in 2.96 ms, found 3 plugins.
Preloading 0 native plugins for Editor in 0.00 ms.
Unloading 3639 Unused Serialized files (Serialized files now loaded: 0)
Unloading 37 unused Assets / (1.3 MB). Loaded Objects now: 4222.
Memory consumption went from 143.5 MB to 142.2 MB.
Total: 3.590300 ms (FindLiveObjects: 0.377300 ms CreateObjectMapping: 0.233300 ms MarkObjects: 2.602500 ms  DeleteObjects: 0.376000 ms)

AssetImportParameters requested are different than current active one (requested -> active):
  custom:video-decoder-ogg-theora: a1e56fd34408186e4bbccfd4996cb3dc -> 
  custom:container-muxer-webm: aa71ff27fc2769a1b78a27578f13a17b -> 
  custom:container-demuxer-webm: 4f35f7cbe854078d1ac9338744f61a02 -> 
  custom:video-encoder-webm-vp8: eb34c28f22e8b96e1ab97ce403110664 -> 
  custom:audio-encoder-webm-vorbis: bf7c407c2cedff20999df2af8eb42d56 -> 
  custom:framework-win-MediaFoundation: 216162199b28c13a410421893ffa2e32 -> 
  custom:container-demuxer-ogg: 62fdf1f143b41e24485cea50d1cbac27 -> 
  custom:video-decoder-webm-vp8: 9c59270c3fd7afecdb556c50c9e8de78 -> 
  custom:audio-decoder-ogg-vorbis: bf7c407c2cedff20999df2af8eb42d56 -> 
========================================================================
Received Prepare
Registering precompiled user dll's ...
Registered in 0.008939 seconds.
Begin MonoManager ReloadAssembly
Symbol file LoadedFromMemory doesn't match image C:\Users\USER\Unity_Program\Unity\Unity_Photon_FPS\Library\PackageCache\com.unity.visualscripting@1.7.8\Editor\VisualScripting.Core\Dependencies\YamlDotNet\Unity.VisualScripting.YamlDotNet.dll
Symbol file LoadedFromMemory doesn't match image C:\Users\USER\Unity_Program\Unity\Unity_Photon_FPS\Library\PackageCache\com.unity.visualscripting@1.7.8\Editor\VisualScripting.Core\Dependencies\DotNetZip\Unity.VisualScripting.IonicZip.dll
Native extension for WindowsStandalone target not found
Refreshing native plugins compatible for Editor in 0.59 ms, found 3 plugins.
Preloading 0 native plugins for Editor in 0.00 ms.
Mono: successfully reloaded assembly
- Completed reload, in  1.131 seconds
Domain Reload Profiling:
	ReloadAssembly (1132ms)
		BeginReloadAssembly (196ms)
			ExecutionOrderSort (0ms)
			DisableScriptedObjects (7ms)
			BackupInstance (0ms)
			ReleaseScriptingObjects (0ms)
			CreateAndSetChildDomain (60ms)
		EndReloadAssembly (803ms)
			LoadAssemblies (121ms)
			RebuildTransferFunctionScriptingTraits (0ms)
			SetupTypeCache (287ms)
			ReleaseScriptCaches (1ms)
			RebuildScriptCaches (39ms)
			SetupLoadedEditorAssemblies (340ms)
				LogAssemblyErrors (0ms)
				InitializePlatformSupportModulesInManaged (14ms)
				SetLoadedEditorAssemblies (0ms)
				RefreshPlugins (1ms)
				BeforeProcessingInitializeOnLoad (80ms)
				ProcessInitializeOnLoadAttributes (206ms)
				ProcessInitializeOnLoadMethodAttributes (29ms)
				AfterProcessingInitializeOnLoad (9ms)
				EditorAssembliesLoaded (0ms)
			ExecutionOrderSort2 (0ms)
			AwakeInstancesAfterBackupRestoration (7ms)
Platform modules already initialized, skipping
Refreshing native plugins compatible for Editor in 2.12 ms, found 3 plugins.
Preloading 0 native plugins for Editor in 0.00 ms.
Unloading 3639 Unused Serialized files (Serialized files now loaded: 0)
Unloading 37 unused Assets / (1.3 MB). Loaded Objects now: 4226.
Memory consumption went from 143.5 MB to 142.2 MB.
Total: 3.593000 ms (FindLiveObjects: 0.302300 ms CreateObjectMapping: 0.191400 ms MarkObjects: 2.836300 ms  DeleteObjects: 0.261900 ms)

AssetImportParameters requested are different than current active one (requested -> active):
  custom:video-decoder-ogg-theora: a1e56fd34408186e4bbccfd4996cb3dc -> 
  custom:container-muxer-webm: aa71ff27fc2769a1b78a27578f13a17b -> 
  custom:container-demuxer-webm: 4f35f7cbe854078d1ac9338744f61a02 -> 
  custom:video-encoder-webm-vp8: eb34c28f22e8b96e1ab97ce403110664 -> 
  custom:audio-encoder-webm-vorbis: bf7c407c2cedff20999df2af8eb42d56 -> 
  custom:framework-win-MediaFoundation: 216162199b28c13a410421893ffa2e32 -> 
  custom:container-demuxer-ogg: 62fdf1f143b41e24485cea50d1cbac27 -> 
  custom:video-decoder-webm-vp8: 9c59270c3fd7afecdb556c50c9e8de78 -> 
  custom:audio-decoder-ogg-vorbis: bf7c407c2cedff20999df2af8eb42d56 -> 
