Using pre-set license
Built from '2021.3/staging' branch; Version is '2021.3.7f1 (24e8595d6d43) revision 2418777'; Using compiler version '192829333'; Build Type 'Release'
OS: 'Windows 11  (10.0.22000) 64bit Professional' Language: 'ko' Physical Memory: 16193 MB
BatchMode: 1, IsHumanControllingUs: 0, StartBugReporterOnCrash: 0, Is64bit: 1, IsPro: 1

COMMAND LINE ARGUMENTS:
C:\Program Files\Unity\Hub\Editor\2021.3.7f1\Editor\Unity.exe
-adb2
-batchMode
-noUpm
-name
AssetImportWorker2
-projectPath
C:/Users/USER/Unity_Program/Unity/Unity_Photon_FPS
-logFile
Logs/AssetImportWorker2.log
-srvPort
3444
Successfully changed project path to: C:/Users/USER/Unity_Program/Unity/Unity_Photon_FPS
C:/Users/USER/Unity_Program/Unity/Unity_Photon_FPS
[UnityMemory] Configuration Parameters - Can be set up in boot.config
    "memorysetup-bucket-allocator-granularity=16"
    "memorysetup-bucket-allocator-bucket-count=8"
    "memorysetup-bucket-allocator-block-size=33554432"
    "memorysetup-bucket-allocator-block-count=8"
    "memorysetup-main-allocator-block-size=16777216"
    "memorysetup-thread-allocator-block-size=16777216"
    "memorysetup-gfx-main-allocator-block-size=16777216"
    "memorysetup-gfx-thread-allocator-block-size=16777216"
    "memorysetup-cache-allocator-block-size=4194304"
    "memorysetup-typetree-allocator-block-size=2097152"
    "memorysetup-profiler-bucket-allocator-granularity=16"
    "memorysetup-profiler-bucket-allocator-bucket-count=8"
    "memorysetup-profiler-bucket-allocator-block-size=33554432"
    "memorysetup-profiler-bucket-allocator-block-count=8"
    "memorysetup-profiler-allocator-block-size=16777216"
    "memorysetup-profiler-editor-allocator-block-size=1048576"
    "memorysetup-temp-allocator-size-main=16777216"
    "memorysetup-job-temp-allocator-block-size=2097152"
    "memorysetup-job-temp-allocator-block-size-background=1048576"
    "memorysetup-job-temp-allocator-reduction-small-platforms=262144"
    "memorysetup-temp-allocator-size-background-worker=32768"
    "memorysetup-temp-allocator-size-job-worker=262144"
    "memorysetup-temp-allocator-size-preload-manager=33554432"
    "memorysetup-temp-allocator-size-nav-mesh-worker=65536"
    "memorysetup-temp-allocator-size-audio-worker=65536"
    "memorysetup-temp-allocator-size-cloud-worker=32768"
    "memorysetup-temp-allocator-size-gi-baking-worker=262144"
    "memorysetup-temp-allocator-size-gfx=262144"
Refreshing native plugins compatible for Editor in 113.46 ms, found 3 plugins.
Preloading 0 native plugins for Editor in 0.00 ms.
Initialize engine version: 2021.3.7f1 (24e8595d6d43)
[Subsystems] Discovering subsystems at path C:/Program Files/Unity/Hub/Editor/2021.3.7f1/Editor/Data/Resources/UnitySubsystems
[Subsystems] Discovering subsystems at path C:/Users/USER/Unity_Program/Unity/Unity_Photon_FPS/Assets
GfxDevice: creating device client; threaded=0; jobified=0
Direct3D:
    Version:  Direct3D 11.0 [level 11.1]
    Renderer: NVIDIA GeForce RTX 2070 (ID=0x1f14)
    Vendor:   NVIDIA
    VRAM:     8031 MB
    Driver:   30.0.15.1165
Initialize mono
Mono path[0] = 'C:/Program Files/Unity/Hub/Editor/2021.3.7f1/Editor/Data/Managed'
Mono path[1] = 'C:/Program Files/Unity/Hub/Editor/2021.3.7f1/Editor/Data/MonoBleedingEdge/lib/mono/unityjit-win32'
Mono config path = 'C:/Program Files/Unity/Hub/Editor/2021.3.7f1/Editor/Data/MonoBleedingEdge/etc'
Using monoOptions --debugger-agent=transport=dt_socket,embedding=1,server=y,suspend=n,address=127.0.0.1:56964
Begin MonoManager ReloadAssembly
Registering precompiled unity dll's ...
Register platform support module: C:/Program Files/Unity/Hub/Editor/2021.3.7f1/Editor/Data/PlaybackEngines/WindowsStandaloneSupport/UnityEditor.WindowsStandalone.Extensions.dll
Registered in 0.009822 seconds.
Native extension for WindowsStandalone target not found
Refreshing native plugins compatible for Editor in 123.34 ms, found 3 plugins.
Preloading 0 native plugins for Editor in 0.00 ms.
Mono: successfully reloaded assembly
- Completed reload, in  0.736 seconds
Domain Reload Profiling:
	ReloadAssembly (737ms)
		BeginReloadAssembly (89ms)
			ExecutionOrderSort (0ms)
			DisableScriptedObjects (0ms)
			BackupInstance (0ms)
			ReleaseScriptingObjects (0ms)
			CreateAndSetChildDomain (1ms)
		EndReloadAssembly (512ms)
			LoadAssemblies (86ms)
			RebuildTransferFunctionScriptingTraits (0ms)
			SetupTypeCache (122ms)
			ReleaseScriptCaches (0ms)
			RebuildScriptCaches (32ms)
			SetupLoadedEditorAssemblies (298ms)
				LogAssemblyErrors (0ms)
				InitializePlatformSupportModulesInManaged (11ms)
				SetLoadedEditorAssemblies (0ms)
				RefreshPlugins (123ms)
				BeforeProcessingInitializeOnLoad (1ms)
				ProcessInitializeOnLoadAttributes (116ms)
				ProcessInitializeOnLoadMethodAttributes (46ms)
				AfterProcessingInitializeOnLoad (0ms)
				EditorAssembliesLoaded (0ms)
			ExecutionOrderSort2 (0ms)
			AwakeInstancesAfterBackupRestoration (0ms)
Platform modules already initialized, skipping
Registering precompiled user dll's ...
Registered in 0.010967 seconds.
Begin MonoManager ReloadAssembly
Symbol file LoadedFromMemory doesn't match image C:\Users\USER\Unity_Program\Unity\Unity_Photon_FPS\Library\PackageCache\com.unity.visualscripting@1.7.8\Editor\VisualScripting.Core\Dependencies\YamlDotNet\Unity.VisualScripting.YamlDotNet.dll
Symbol file LoadedFromMemory doesn't match image C:\Users\USER\Unity_Program\Unity\Unity_Photon_FPS\Library\PackageCache\com.unity.visualscripting@1.7.8\Editor\VisualScripting.Core\Dependencies\DotNetZip\Unity.VisualScripting.IonicZip.dll
Native extension for WindowsStandalone target not found
Refreshing native plugins compatible for Editor in 105.37 ms, found 3 plugins.
Preloading 0 native plugins for Editor in 0.00 ms.
Mono: successfully reloaded assembly
- Completed reload, in  4.836 seconds
Domain Reload Profiling:
	ReloadAssembly (4836ms)
		BeginReloadAssembly (112ms)
			ExecutionOrderSort (0ms)
			DisableScriptedObjects (6ms)
			BackupInstance (0ms)
			ReleaseScriptingObjects (0ms)
			CreateAndSetChildDomain (17ms)
		EndReloadAssembly (4594ms)
			LoadAssemblies (2246ms)
			RebuildTransferFunctionScriptingTraits (0ms)
			SetupTypeCache (710ms)
			ReleaseScriptCaches (1ms)
			RebuildScriptCaches (54ms)
			SetupLoadedEditorAssemblies (1537ms)
				LogAssemblyErrors (0ms)
				InitializePlatformSupportModulesInManaged (5ms)
				SetLoadedEditorAssemblies (0ms)
				RefreshPlugins (105ms)
				BeforeProcessingInitializeOnLoad (103ms)
				ProcessInitializeOnLoadAttributes (353ms)
				ProcessInitializeOnLoadMethodAttributes (960ms)
				AfterProcessingInitializeOnLoad (10ms)
				EditorAssembliesLoaded (0ms)
			ExecutionOrderSort2 (0ms)
			AwakeInstancesAfterBackupRestoration (8ms)
Platform modules already initialized, skipping
========================================================================
Worker process is ready to serve import requests
Launched and connected shader compiler UnityShaderCompiler.exe after 0.06 seconds
Refreshing native plugins compatible for Editor in 0.74 ms, found 3 plugins.
Preloading 0 native plugins for Editor in 0.00 ms.
Unloading 4307 Unused Serialized files (Serialized files now loaded: 0)
Unloading 59 unused Assets / (1.3 MB). Loaded Objects now: 4760.
Memory consumption went from 249.4 MB to 248.1 MB.
Total: 4.434700 ms (FindLiveObjects: 0.406600 ms CreateObjectMapping: 0.305900 ms MarkObjects: 3.295700 ms  DeleteObjects: 0.425500 ms)

AssetImportParameters requested are different than current active one (requested -> active):
  custom:video-decoder-ogg-theora: a1e56fd34408186e4bbccfd4996cb3dc -> 
  custom:container-muxer-webm: aa71ff27fc2769a1b78a27578f13a17b -> 
  custom:container-demuxer-webm: 4f35f7cbe854078d1ac9338744f61a02 -> 
  custom:video-encoder-webm-vp8: eb34c28f22e8b96e1ab97ce403110664 -> 
  custom:audio-encoder-webm-vorbis: bf7c407c2cedff20999df2af8eb42d56 -> 
  custom:framework-win-MediaFoundation: 216162199b28c13a410421893ffa2e32 -> 
  custom:container-demuxer-ogg: 62fdf1f143b41e24485cea50d1cbac27 -> 
  custom:video-decoder-webm-vp8: 9c59270c3fd7afecdb556c50c9e8de78 -> 
  custom:audio-decoder-ogg-vorbis: bf7c407c2cedff20999df2af8eb42d56 -> 
========================================================================
Received Import Request.
  Time since last request: 1058.555077 seconds.
  path: Assets/Animation/M1911_Shot_Anim.anim
  artifactKey: Guid(6a6bbce6f0274cf45b16a1de01daa2ce) Importer(815301076,1909f56bfc062723c751e8b465ee728b)
Start importing Assets/Animation/M1911_Shot_Anim.anim using Guid(6a6bbce6f0274cf45b16a1de01daa2ce) Importer(815301076,1909f56bfc062723c751e8b465ee728b)  -> (artifact id: '215d079813821d157c7336699e57a29a') in 0.040651 seconds 
========================================================================
Received Import Request.
  Time since last request: 4412.911417 seconds.
  path: Assets/Animation/old_pistol_prefab.controller
  artifactKey: Guid(a3ad5f6bde08413499e40e4c9e8ca1ed) Importer(815301076,1909f56bfc062723c751e8b465ee728b)
Start importing Assets/Animation/old_pistol_prefab.controller using Guid(a3ad5f6bde08413499e40e4c9e8ca1ed) Importer(815301076,1909f56bfc062723c751e8b465ee728b)  -> (artifact id: '4785913c21ee2c105b1003234eed39b4') in 0.011718 seconds 
========================================================================
Received Import Request.
  Time since last request: 1.850226 seconds.
  path: Assets/Animation/M1911_No_Bullet_Anim.anim
  artifactKey: Guid(ff4d0191cbb305740ad88abc2b9491b6) Importer(815301076,1909f56bfc062723c751e8b465ee728b)
Start importing Assets/Animation/M1911_No_Bullet_Anim.anim using Guid(ff4d0191cbb305740ad88abc2b9491b6) Importer(815301076,1909f56bfc062723c751e8b465ee728b)  -> (artifact id: '633573fcee8f8f2434e549296ddc0e23') in 0.007378 seconds 
========================================================================
Received Import Request.
  Time since last request: 0.304092 seconds.
  path: Assets/Animation/M1911_Shot_Anim.anim
  artifactKey: Guid(6a6bbce6f0274cf45b16a1de01daa2ce) Importer(815301076,1909f56bfc062723c751e8b465ee728b)
Start importing Assets/Animation/M1911_Shot_Anim.anim using Guid(6a6bbce6f0274cf45b16a1de01daa2ce) Importer(815301076,1909f56bfc062723c751e8b465ee728b)  -> (artifact id: '012fad2b8d9d9e306916e5fd7f1b1803') in 0.006572 seconds 
========================================================================
Received Import Request.
  Time since last request: 0.909643 seconds.
  path: Assets/Animation/Assault57_Shot_Anim.anim
  artifactKey: Guid(fd7dc769b1cf4b1429f2adcd30d2b62d) Importer(815301076,1909f56bfc062723c751e8b465ee728b)
Start importing Assets/Animation/Assault57_Shot_Anim.anim using Guid(fd7dc769b1cf4b1429f2adcd30d2b62d) Importer(815301076,1909f56bfc062723c751e8b465ee728b)  -> (artifact id: '01f6df80e69f7ba24653372d8b056fe9') in 0.007448 seconds 
========================================================================
Received Import Request.
  Time since last request: 674.613633 seconds.
  path: Assets/Audio/M1911_Reload_Sound.mp3
  artifactKey: Guid(46a01033eb606d94aa11ddefaf3ca477) Importer(815301076,1909f56bfc062723c751e8b465ee728b)
Start importing Assets/Audio/M1911_Reload_Sound.mp3 using Guid(46a01033eb606d94aa11ddefaf3ca477) Importer(815301076,1909f56bfc062723c751e8b465ee728b)  -> (artifact id: 'fa14b466bf3a167e6048b1146e9eafbd') in 0.163501 seconds 
========================================================================
Received Import Request.
  Time since last request: 914.351663 seconds.
  path: Assets/Animation/old_pistol_prefab.controller
  artifactKey: Guid(a3ad5f6bde08413499e40e4c9e8ca1ed) Importer(815301076,1909f56bfc062723c751e8b465ee728b)
Start importing Assets/Animation/old_pistol_prefab.controller using Guid(a3ad5f6bde08413499e40e4c9e8ca1ed) Importer(815301076,1909f56bfc062723c751e8b465ee728b)  -> (artifact id: '6e11679a0b3784bee6bedd9e35cf64c0') in 0.007084 seconds 
========================================================================
Received Import Request.
  Time since last request: 321.587159 seconds.
  path: Assets/Resources/PhotonPrefabs/PlayerController.prefab
  artifactKey: Guid(46dd1a923561f3b47a3383c99be4f78f) Importer(815301076,1909f56bfc062723c751e8b465ee728b)
Start importing Assets/Resources/PhotonPrefabs/PlayerController.prefab using Guid(46dd1a923561f3b47a3383c99be4f78f) Importer(815301076,1909f56bfc062723c751e8b465ee728b)  -> (artifact id: '957aeeb2eb17550c5ee737045dc6f0b0') in 0.259807 seconds 
========================================================================
Received Import Request.
  Time since last request: 1623.381378 seconds.
  path: Assets/Animation/Assault57_prefab.controller
  artifactKey: Guid(d0b045d6524bdae4a8a0d436e7395c2f) Importer(815301076,1909f56bfc062723c751e8b465ee728b)
Start importing Assets/Animation/Assault57_prefab.controller using Guid(d0b045d6524bdae4a8a0d436e7395c2f) Importer(815301076,1909f56bfc062723c751e8b465ee728b)  -> (artifact id: '8fbb069db937e87163ff152d8d52b2b4') in 0.009325 seconds 
