Using pre-set license
Built from '2021.3/staging' branch; Version is '2021.3.4f1 (cb45f9cae8b7) revision 13321721'; Using compiler version '192829333'; Build Type 'Release'
OS: 'Windows 11  (10.0.22000) 64bit Professional' Language: 'ko' Physical Memory: 16194 MB
BatchMode: 1, IsHumanControllingUs: 0, StartBugReporterOnCrash: 0, Is64bit: 1, IsPro: 1

COMMAND LINE ARGUMENTS:
C:\Program Files\Unity\Hub\Editor\2021.3.4f1\Editor\Unity.exe
-adb2
-batchMode
-noUpm
-name
AssetImportWorker0
-projectPath
C:/Users/USER/Unity_Program/Unity/Pokemon_DP_Project
-logFile
Logs/AssetImportWorker0.log
-srvPort
8923
Successfully changed project path to: C:/Users/USER/Unity_Program/Unity/Pokemon_DP_Project
C:/Users/USER/Unity_Program/Unity/Pokemon_DP_Project
[UnityMemory] Configuration Parameters - Can be set up in boot.config
    "memorysetup-bucket-allocator-granularity=16"
    "memorysetup-bucket-allocator-bucket-count=8"
    "memorysetup-bucket-allocator-block-size=33554432"
    "memorysetup-bucket-allocator-block-count=8"
    "memorysetup-main-allocator-block-size=16777216"
    "memorysetup-thread-allocator-block-size=16777216"
    "memorysetup-gfx-main-allocator-block-size=16777216"
    "memorysetup-gfx-thread-allocator-block-size=16777216"
    "memorysetup-cache-allocator-block-size=4194304"
    "memorysetup-typetree-allocator-block-size=2097152"
    "memorysetup-profiler-bucket-allocator-granularity=16"
    "memorysetup-profiler-bucket-allocator-bucket-count=8"
    "memorysetup-profiler-bucket-allocator-block-size=33554432"
    "memorysetup-profiler-bucket-allocator-block-count=8"
    "memorysetup-profiler-allocator-block-size=16777216"
    "memorysetup-profiler-editor-allocator-block-size=1048576"
    "memorysetup-temp-allocator-size-main=16777216"
    "memorysetup-job-temp-allocator-block-size=2097152"
    "memorysetup-job-temp-allocator-block-size-background=1048576"
    "memorysetup-job-temp-allocator-reduction-small-platforms=262144"
    "memorysetup-temp-allocator-size-background-worker=32768"
    "memorysetup-temp-allocator-size-job-worker=262144"
    "memorysetup-temp-allocator-size-preload-manager=33554432"
    "memorysetup-temp-allocator-size-nav-mesh-worker=65536"
    "memorysetup-temp-allocator-size-audio-worker=65536"
    "memorysetup-temp-allocator-size-cloud-worker=32768"
    "memorysetup-temp-allocator-size-gi-baking-worker=262144"
    "memorysetup-temp-allocator-size-gfx=262144"
Refreshing native plugins compatible for Editor in 111.68 ms, found 4 plugins.
Preloading 0 native plugins for Editor in 0.00 ms.
Initialize engine version: 2021.3.4f1 (cb45f9cae8b7)
[Subsystems] Discovering subsystems at path C:/Program Files/Unity/Hub/Editor/2021.3.4f1/Editor/Data/Resources/UnitySubsystems
[Subsystems] Discovering subsystems at path C:/Users/USER/Unity_Program/Unity/Pokemon_DP_Project/Assets
GfxDevice: creating device client; threaded=0; jobified=0
Direct3D:
    Version:  Direct3D 11.0 [level 11.1]
    Renderer: NVIDIA GeForce RTX 2070 (ID=0x1f14)
    Vendor:   NVIDIA
    VRAM:     8031 MB
    Driver:   30.0.15.1165
Initialize mono
Mono path[0] = 'C:/Program Files/Unity/Hub/Editor/2021.3.4f1/Editor/Data/Managed'
Mono path[1] = 'C:/Program Files/Unity/Hub/Editor/2021.3.4f1/Editor/Data/MonoBleedingEdge/lib/mono/unityjit-win32'
Mono config path = 'C:/Program Files/Unity/Hub/Editor/2021.3.4f1/Editor/Data/MonoBleedingEdge/etc'
Using monoOptions --debugger-agent=transport=dt_socket,embedding=1,server=y,suspend=n,address=127.0.0.1:56264
Begin MonoManager ReloadAssembly
Registering precompiled unity dll's ...
Register platform support module: C:/Program Files/Unity/Hub/Editor/2021.3.4f1/Editor/Data/PlaybackEngines/WebGLSupport/UnityEditor.WebGL.Extensions.dll
Register platform support module: C:/Program Files/Unity/Hub/Editor/2021.3.4f1/Editor/Data/PlaybackEngines/AndroidPlayer/UnityEditor.Android.Extensions.dll
Register platform support module: C:/Program Files/Unity/Hub/Editor/2021.3.4f1/Editor/Data/PlaybackEngines/iOSSupport/UnityEditor.iOS.Extensions.dll
Register platform support module: C:/Program Files/Unity/Hub/Editor/2021.3.4f1/Editor/Data/PlaybackEngines/WindowsStandaloneSupport/UnityEditor.WindowsStandalone.Extensions.dll
Registered in 0.006770 seconds.
Native extension for WindowsStandalone target not found
[usbmuxd] Start listen thread
[usbmuxd] Listen thread started
Native extension for iOS target not found
Native extension for Android target not found
Native extension for WebGL target not found
Refreshing native plugins compatible for Editor in 113.26 ms, found 4 plugins.
Preloading 0 native plugins for Editor in 0.00 ms.
Mono: successfully reloaded assembly
- Completed reload, in  0.727 seconds
Domain Reload Profiling:
	ReloadAssembly (727ms)
		BeginReloadAssembly (72ms)
			ExecutionOrderSort (0ms)
			DisableScriptedObjects (0ms)
			BackupInstance (0ms)
			ReleaseScriptingObjects (0ms)
			CreateAndSetChildDomain (1ms)
		EndReloadAssembly (546ms)
			LoadAssemblies (71ms)
			RebuildTransferFunctionScriptingTraits (0ms)
			SetupTypeCache (111ms)
			ReleaseScriptCaches (0ms)
			RebuildScriptCaches (30ms)
			SetupLoadedEditorAssemblies (351ms)
				LogAssemblyErrors (0ms)
				InitializePlatformSupportModulesInManaged (77ms)
				SetLoadedEditorAssemblies (0ms)
				RefreshPlugins (113ms)
				BeforeProcessingInitializeOnLoad (1ms)
				ProcessInitializeOnLoadAttributes (105ms)
				ProcessInitializeOnLoadMethodAttributes (54ms)
				AfterProcessingInitializeOnLoad (0ms)
				EditorAssembliesLoaded (0ms)
			ExecutionOrderSort2 (0ms)
			AwakeInstancesAfterBackupRestoration (0ms)
Platform modules already initialized, skipping
Registering precompiled user dll's ...
Registered in 0.006587 seconds.
Begin MonoManager ReloadAssembly
Symbol file LoadedFromMemory doesn't match image C:\Users\USER\Unity_Program\Unity\Pokemon_DP_Project\Library\PackageCache\com.unity.visualscripting@1.7.8\Editor\VisualScripting.Core\Dependencies\YamlDotNet\Unity.VisualScripting.YamlDotNet.dll
Symbol file LoadedFromMemory doesn't match image C:\Users\USER\Unity_Program\Unity\Pokemon_DP_Project\Library\PackageCache\com.unity.visualscripting@1.7.8\Editor\VisualScripting.Core\Dependencies\DotNetZip\Unity.VisualScripting.IonicZip.dll
Native extension for WindowsStandalone target not found
Native extension for iOS target not found
Native extension for Android target not found
Native extension for WebGL target not found
Refreshing native plugins compatible for Editor in 106.20 ms, found 4 plugins.
Preloading 0 native plugins for Editor in 0.00 ms.
Mono: successfully reloaded assembly
- Completed reload, in  1.370 seconds
Domain Reload Profiling:
	ReloadAssembly (1371ms)
		BeginReloadAssembly (230ms)
			ExecutionOrderSort (0ms)
			DisableScriptedObjects (6ms)
			BackupInstance (0ms)
			ReleaseScriptingObjects (0ms)
			CreateAndSetChildDomain (133ms)
		EndReloadAssembly (1013ms)
			LoadAssemblies (91ms)
			RebuildTransferFunctionScriptingTraits (0ms)
			SetupTypeCache (270ms)
			ReleaseScriptCaches (1ms)
			RebuildScriptCaches (62ms)
			SetupLoadedEditorAssemblies (535ms)
				LogAssemblyErrors (0ms)
				InitializePlatformSupportModulesInManaged (24ms)
				SetLoadedEditorAssemblies (0ms)
				RefreshPlugins (106ms)
				BeforeProcessingInitializeOnLoad (108ms)
				ProcessInitializeOnLoadAttributes (244ms)
				ProcessInitializeOnLoadMethodAttributes (46ms)
				AfterProcessingInitializeOnLoad (7ms)
				EditorAssembliesLoaded (0ms)
			ExecutionOrderSort2 (0ms)
			AwakeInstancesAfterBackupRestoration (9ms)
Platform modules already initialized, skipping
========================================================================
Worker process is ready to serve import requests
Launched and connected shader compiler UnityShaderCompiler.exe after 0.04 seconds
Refreshing native plugins compatible for Editor in 0.75 ms, found 4 plugins.
Preloading 0 native plugins for Editor in 0.00 ms.
Unloading 4057 Unused Serialized files (Serialized files now loaded: 0)
Unloading 44 unused Assets / (222.9 KB). Loaded Objects now: 4508.
Memory consumption went from 160.0 MB to 159.7 MB.
Total: 3.234600 ms (FindLiveObjects: 0.332800 ms CreateObjectMapping: 0.293600 ms MarkObjects: 2.460900 ms  DeleteObjects: 0.146400 ms)

AssetImportParameters requested are different than current active one (requested -> active):
  custom:video-decoder-ogg-theora: a1e56fd34408186e4bbccfd4996cb3dc -> 
  custom:container-muxer-webm: aa71ff27fc2769a1b78a27578f13a17b -> 
  custom:container-demuxer-webm: 4f35f7cbe854078d1ac9338744f61a02 -> 
  custom:video-encoder-webm-vp8: eb34c28f22e8b96e1ab97ce403110664 -> 
  custom:audio-encoder-webm-vorbis: bf7c407c2cedff20999df2af8eb42d56 -> 
  custom:framework-win-MediaFoundation: 216162199b28c13a410421893ffa2e32 -> 
  custom:container-demuxer-ogg: 62fdf1f143b41e24485cea50d1cbac27 -> 
  custom:video-decoder-webm-vp8: 9c59270c3fd7afecdb556c50c9e8de78 -> 
  custom:audio-decoder-ogg-vorbis: bf7c407c2cedff20999df2af8eb42d56 -> 
========================================================================
Received Import Request.
  Time since last request: 33293.726130 seconds.
  path: Assets/Sprites/object.png
  artifactKey: Guid(411479ea5e6aedb43897c8e2e3ce3def) Importer(815301076,1909f56bfc062723c751e8b465ee728b)
Start importing Assets/Sprites/object.png using Guid(411479ea5e6aedb43897c8e2e3ce3def) Importer(815301076,1909f56bfc062723c751e8b465ee728b)  -> (artifact id: 'ac2e387ac365de68f7d645a4a1dee85e') in 0.067186 seconds 
========================================================================
Received Import Request.
  Time since last request: 21.336118 seconds.
  path: Assets/Sprites/object.png
  artifactKey: Guid(411479ea5e6aedb43897c8e2e3ce3def) Importer(815301076,1909f56bfc062723c751e8b465ee728b)
Start importing Assets/Sprites/object.png using Guid(411479ea5e6aedb43897c8e2e3ce3def) Importer(815301076,1909f56bfc062723c751e8b465ee728b)  -> (artifact id: 'b946c67ca03009995fad69fd7899692c') in 0.342309 seconds 
========================================================================
Received Import Request.
  Time since last request: 6231.689136 seconds.
  path: Assets/Sprites/House
  artifactKey: Guid(f3c6b270c5ae6bd448fcd2382633ce32) Importer(815301076,1909f56bfc062723c751e8b465ee728b)
Start importing Assets/Sprites/House using Guid(f3c6b270c5ae6bd448fcd2382633ce32) Importer(815301076,1909f56bfc062723c751e8b465ee728b)  -> (artifact id: 'a8d7148a38ae67284e771b049d097065') in 0.008274 seconds 
========================================================================
Received Import Request.
  Time since last request: 3.638472 seconds.
  path: Assets/Sprites/House/Player_House_Object.png
  artifactKey: Guid(69221eb8d98eaab44a5f088c4ffdcce0) Importer(815301076,1909f56bfc062723c751e8b465ee728b)
Start importing Assets/Sprites/House/Player_House_Object.png using Guid(69221eb8d98eaab44a5f088c4ffdcce0) Importer(815301076,1909f56bfc062723c751e8b465ee728b)  -> (artifact id: '397e882d96eff3aa1eb0aaf970f5a667') in 0.070947 seconds 
========================================================================
Received Import Request.
  Time since last request: 9.644691 seconds.
  path: Assets/Sprites/House/Player_House_Object.png
  artifactKey: Guid(69221eb8d98eaab44a5f088c4ffdcce0) Importer(815301076,1909f56bfc062723c751e8b465ee728b)
Start importing Assets/Sprites/House/Player_House_Object.png using Guid(69221eb8d98eaab44a5f088c4ffdcce0) Importer(815301076,1909f56bfc062723c751e8b465ee728b)  -> (artifact id: 'f6a3b54bac482cb07f31df8c91ff0635') in 0.011487 seconds 
========================================================================
Received Import Request.
  Time since last request: 77.281938 seconds.
  path: Assets/Sprites/House/Player_House_Object.png
  artifactKey: Guid(69221eb8d98eaab44a5f088c4ffdcce0) Importer(815301076,1909f56bfc062723c751e8b465ee728b)
Start importing Assets/Sprites/House/Player_House_Object.png using Guid(69221eb8d98eaab44a5f088c4ffdcce0) Importer(815301076,1909f56bfc062723c751e8b465ee728b)  -> (artifact id: '000699119aac42b4a92e192f46060667') in 0.130979 seconds 
========================================================================
Received Import Request.
  Time since last request: 15.895457 seconds.
  path: Assets/Sprites/House/Player_House_Object.png
  artifactKey: Guid(69221eb8d98eaab44a5f088c4ffdcce0) Importer(815301076,1909f56bfc062723c751e8b465ee728b)
Start importing Assets/Sprites/House/Player_House_Object.png using Guid(69221eb8d98eaab44a5f088c4ffdcce0) Importer(815301076,1909f56bfc062723c751e8b465ee728b)  -> (artifact id: '303cc686ef276e90e2739c45256a85d2') in 0.129438 seconds 
========================================================================
Received Import Request.
  Time since last request: 30.650841 seconds.
  path: Assets/Sprites/House/Player_House_Object.png
  artifactKey: Guid(69221eb8d98eaab44a5f088c4ffdcce0) Importer(815301076,1909f56bfc062723c751e8b465ee728b)
Start importing Assets/Sprites/House/Player_House_Object.png using Guid(69221eb8d98eaab44a5f088c4ffdcce0) Importer(815301076,1909f56bfc062723c751e8b465ee728b)  -> (artifact id: '1a2bd0cef3d52a744f3a5070702e9b60') in 0.121695 seconds 
========================================================================
Received Import Request.
  Time since last request: 27.144459 seconds.
  path: Assets/Sprites/House/Player_House_Object.png
  artifactKey: Guid(69221eb8d98eaab44a5f088c4ffdcce0) Importer(815301076,1909f56bfc062723c751e8b465ee728b)
Start importing Assets/Sprites/House/Player_House_Object.png using Guid(69221eb8d98eaab44a5f088c4ffdcce0) Importer(815301076,1909f56bfc062723c751e8b465ee728b)  -> (artifact id: '5f033b783bf16e2248e677cfca9dc880') in 0.016040 seconds 
========================================================================
Received Import Request.
  Time since last request: 321.188511 seconds.
  path: Assets/Sprites/House/Player_House_Object.png
  artifactKey: Guid(69221eb8d98eaab44a5f088c4ffdcce0) Importer(815301076,1909f56bfc062723c751e8b465ee728b)
Start importing Assets/Sprites/House/Player_House_Object.png using Guid(69221eb8d98eaab44a5f088c4ffdcce0) Importer(815301076,1909f56bfc062723c751e8b465ee728b)  -> (artifact id: 'c50a00dc5c1da72f1680fb41920f57a2') in 0.023011 seconds 
========================================================================
Received Import Request.
  Time since last request: 8.136199 seconds.
  path: Assets/Sprites/House/Player_House_Object.png
  artifactKey: Guid(69221eb8d98eaab44a5f088c4ffdcce0) Importer(815301076,1909f56bfc062723c751e8b465ee728b)
Start importing Assets/Sprites/House/Player_House_Object.png using Guid(69221eb8d98eaab44a5f088c4ffdcce0) Importer(815301076,1909f56bfc062723c751e8b465ee728b)  -> (artifact id: '7b968b7f02bb613befd860d8399863a8') in 0.011463 seconds 
========================================================================
Received Import Request.
  Time since last request: 62.143853 seconds.
  path: Assets/Sprites/House/Player_House_Object.png
  artifactKey: Guid(69221eb8d98eaab44a5f088c4ffdcce0) Importer(815301076,1909f56bfc062723c751e8b465ee728b)
Start importing Assets/Sprites/House/Player_House_Object.png using Guid(69221eb8d98eaab44a5f088c4ffdcce0) Importer(815301076,1909f56bfc062723c751e8b465ee728b)  -> (artifact id: 'fad4c88c1f413cb7a824d6ff7aa24654') in 0.097322 seconds 
========================================================================
Received Import Request.
  Time since last request: 301.099973 seconds.
  path: Assets/Sprites/House/Player_House_Object.png
  artifactKey: Guid(69221eb8d98eaab44a5f088c4ffdcce0) Importer(815301076,1909f56bfc062723c751e8b465ee728b)
Start importing Assets/Sprites/House/Player_House_Object.png using Guid(69221eb8d98eaab44a5f088c4ffdcce0) Importer(815301076,1909f56bfc062723c751e8b465ee728b)  -> (artifact id: '4344b7093ba9798a0b2ccabd5a7a6e53') in 0.095029 seconds 
========================================================================
Received Import Request.
  Time since last request: 10.569665 seconds.
  path: Assets/Sprites/House/Player_House_Object.png
  artifactKey: Guid(69221eb8d98eaab44a5f088c4ffdcce0) Importer(815301076,1909f56bfc062723c751e8b465ee728b)
Start importing Assets/Sprites/House/Player_House_Object.png using Guid(69221eb8d98eaab44a5f088c4ffdcce0) Importer(815301076,1909f56bfc062723c751e8b465ee728b)  -> (artifact id: 'ea938f56099a07357691e7c6aa8b8307') in 0.091560 seconds 
