Using pre-set license
Built from '2021.3/staging' branch; Version is '2021.3.7f1 (24e8595d6d43) revision 2418777'; Using compiler version '192829333'; Build Type 'Release'
OS: 'Windows 11  (10.0.22000) 64bit Professional' Language: 'ko' Physical Memory: 16194 MB
BatchMode: 1, IsHumanControllingUs: 0, StartBugReporterOnCrash: 0, Is64bit: 1, IsPro: 1

COMMAND LINE ARGUMENTS:
C:\Program Files\Unity\Hub\Editor\2021.3.7f1\Editor\Unity.exe
-adb2
-batchMode
-noUpm
-name
AssetImportWorker9
-projectPath
C:/Users/USER/Unity_Program/Unity/QuarterView_Action_Game
-logFile
Logs/AssetImportWorker9.log
-srvPort
6755
Successfully changed project path to: C:/Users/USER/Unity_Program/Unity/QuarterView_Action_Game
C:/Users/USER/Unity_Program/Unity/QuarterView_Action_Game
[UnityMemory] Configuration Parameters - Can be set up in boot.config
    "memorysetup-bucket-allocator-granularity=16"
    "memorysetup-bucket-allocator-bucket-count=8"
    "memorysetup-bucket-allocator-block-size=33554432"
    "memorysetup-bucket-allocator-block-count=8"
    "memorysetup-main-allocator-block-size=16777216"
    "memorysetup-thread-allocator-block-size=16777216"
    "memorysetup-gfx-main-allocator-block-size=16777216"
    "memorysetup-gfx-thread-allocator-block-size=16777216"
    "memorysetup-cache-allocator-block-size=4194304"
    "memorysetup-typetree-allocator-block-size=2097152"
    "memorysetup-profiler-bucket-allocator-granularity=16"
    "memorysetup-profiler-bucket-allocator-bucket-count=8"
    "memorysetup-profiler-bucket-allocator-block-size=33554432"
    "memorysetup-profiler-bucket-allocator-block-count=8"
    "memorysetup-profiler-allocator-block-size=16777216"
    "memorysetup-profiler-editor-allocator-block-size=1048576"
    "memorysetup-temp-allocator-size-main=16777216"
    "memorysetup-job-temp-allocator-block-size=2097152"
    "memorysetup-job-temp-allocator-block-size-background=1048576"
    "memorysetup-job-temp-allocator-reduction-small-platforms=262144"
    "memorysetup-temp-allocator-size-background-worker=32768"
    "memorysetup-temp-allocator-size-job-worker=262144"
    "memorysetup-temp-allocator-size-preload-manager=33554432"
    "memorysetup-temp-allocator-size-nav-mesh-worker=65536"
    "memorysetup-temp-allocator-size-audio-worker=65536"
    "memorysetup-temp-allocator-size-cloud-worker=32768"
    "memorysetup-temp-allocator-size-gi-baking-worker=262144"
    "memorysetup-temp-allocator-size-gfx=262144"
Refreshing native plugins compatible for Editor in 102.27 ms, found 3 plugins.
Preloading 0 native plugins for Editor in 0.00 ms.
Initialize engine version: 2021.3.7f1 (24e8595d6d43)
[Subsystems] Discovering subsystems at path C:/Program Files/Unity/Hub/Editor/2021.3.7f1/Editor/Data/Resources/UnitySubsystems
[Subsystems] Discovering subsystems at path C:/Users/USER/Unity_Program/Unity/QuarterView_Action_Game/Assets
GfxDevice: creating device client; threaded=0; jobified=0
Direct3D:
    Version:  Direct3D 11.0 [level 11.1]
    Renderer: NVIDIA GeForce RTX 2070 (ID=0x1f14)
    Vendor:   NVIDIA
    VRAM:     8031 MB
    Driver:   30.0.15.1165
Initialize mono
Mono path[0] = 'C:/Program Files/Unity/Hub/Editor/2021.3.7f1/Editor/Data/Managed'
Mono path[1] = 'C:/Program Files/Unity/Hub/Editor/2021.3.7f1/Editor/Data/MonoBleedingEdge/lib/mono/unityjit-win32'
Mono config path = 'C:/Program Files/Unity/Hub/Editor/2021.3.7f1/Editor/Data/MonoBleedingEdge/etc'
Using monoOptions --debugger-agent=transport=dt_socket,embedding=1,server=y,suspend=n,address=127.0.0.1:56900
Begin MonoManager ReloadAssembly
Registering precompiled unity dll's ...
Register platform support module: C:/Program Files/Unity/Hub/Editor/2021.3.7f1/Editor/Data/PlaybackEngines/WindowsStandaloneSupport/UnityEditor.WindowsStandalone.Extensions.dll
Registered in 0.008573 seconds.
Native extension for WindowsStandalone target not found
Refreshing native plugins compatible for Editor in 90.30 ms, found 3 plugins.
Preloading 0 native plugins for Editor in 0.00 ms.
Mono: successfully reloaded assembly
- Completed reload, in  0.686 seconds
Domain Reload Profiling:
	ReloadAssembly (687ms)
		BeginReloadAssembly (75ms)
			ExecutionOrderSort (0ms)
			DisableScriptedObjects (0ms)
			BackupInstance (0ms)
			ReleaseScriptingObjects (0ms)
			CreateAndSetChildDomain (1ms)
		EndReloadAssembly (487ms)
			LoadAssemblies (72ms)
			RebuildTransferFunctionScriptingTraits (0ms)
			SetupTypeCache (108ms)
			ReleaseScriptCaches (0ms)
			RebuildScriptCaches (34ms)
			SetupLoadedEditorAssemblies (290ms)
				LogAssemblyErrors (0ms)
				InitializePlatformSupportModulesInManaged (8ms)
				SetLoadedEditorAssemblies (0ms)
				RefreshPlugins (90ms)
				BeforeProcessingInitializeOnLoad (1ms)
				ProcessInitializeOnLoadAttributes (134ms)
				ProcessInitializeOnLoadMethodAttributes (55ms)
				AfterProcessingInitializeOnLoad (0ms)
				EditorAssembliesLoaded (0ms)
			ExecutionOrderSort2 (0ms)
			AwakeInstancesAfterBackupRestoration (0ms)
Platform modules already initialized, skipping
Registering precompiled user dll's ...
Registered in 0.006167 seconds.
Begin MonoManager ReloadAssembly
Symbol file LoadedFromMemory doesn't match image C:\Users\USER\Unity_Program\Unity\QuarterView_Action_Game\Library\PackageCache\com.unity.visualscripting@1.7.8\Editor\VisualScripting.Core\Dependencies\YamlDotNet\Unity.VisualScripting.YamlDotNet.dll
Symbol file LoadedFromMemory doesn't match image C:\Users\USER\Unity_Program\Unity\QuarterView_Action_Game\Library\PackageCache\com.unity.visualscripting@1.7.8\Editor\VisualScripting.Core\Dependencies\DotNetZip\Unity.VisualScripting.IonicZip.dll
Native extension for WindowsStandalone target not found
Refreshing native plugins compatible for Editor in 0.53 ms, found 3 plugins.
Preloading 0 native plugins for Editor in 0.00 ms.
Mono: successfully reloaded assembly
- Completed reload, in  1.104 seconds
Domain Reload Profiling:
	ReloadAssembly (1105ms)
		BeginReloadAssembly (116ms)
			ExecutionOrderSort (0ms)
			DisableScriptedObjects (7ms)
			BackupInstance (0ms)
			ReleaseScriptingObjects (0ms)
			CreateAndSetChildDomain (18ms)
		EndReloadAssembly (859ms)
			LoadAssemblies (82ms)
			RebuildTransferFunctionScriptingTraits (0ms)
			SetupTypeCache (283ms)
			ReleaseScriptCaches (1ms)
			RebuildScriptCaches (55ms)
			SetupLoadedEditorAssemblies (391ms)
				LogAssemblyErrors (0ms)
				InitializePlatformSupportModulesInManaged (6ms)
				SetLoadedEditorAssemblies (0ms)
				RefreshPlugins (1ms)
				BeforeProcessingInitializeOnLoad (100ms)
				ProcessInitializeOnLoadAttributes (247ms)
				ProcessInitializeOnLoadMethodAttributes (28ms)
				AfterProcessingInitializeOnLoad (9ms)
				EditorAssembliesLoaded (0ms)
			ExecutionOrderSort2 (0ms)
			AwakeInstancesAfterBackupRestoration (9ms)
Platform modules already initialized, skipping
========================================================================
Worker process is ready to serve import requests
Launched and connected shader compiler UnityShaderCompiler.exe after 0.05 seconds
Refreshing native plugins compatible for Editor in 0.61 ms, found 3 plugins.
Preloading 0 native plugins for Editor in 0.00 ms.
Unloading 3431 Unused Serialized files (Serialized files now loaded: 0)
Unloading 27 unused Assets / (111.2 KB). Loaded Objects now: 3891.
Memory consumption went from 122.7 MB to 122.5 MB.
Total: 3.201800 ms (FindLiveObjects: 0.360500 ms CreateObjectMapping: 0.250000 ms MarkObjects: 2.485000 ms  DeleteObjects: 0.105500 ms)

AssetImportParameters requested are different than current active one (requested -> active):
  custom:video-decoder-ogg-theora: a1e56fd34408186e4bbccfd4996cb3dc -> 
  custom:container-muxer-webm: aa71ff27fc2769a1b78a27578f13a17b -> 
  custom:container-demuxer-webm: 4f35f7cbe854078d1ac9338744f61a02 -> 
  custom:video-encoder-webm-vp8: eb34c28f22e8b96e1ab97ce403110664 -> 
  custom:audio-encoder-webm-vorbis: bf7c407c2cedff20999df2af8eb42d56 -> 
  custom:framework-win-MediaFoundation: 216162199b28c13a410421893ffa2e32 -> 
  custom:container-demuxer-ogg: 62fdf1f143b41e24485cea50d1cbac27 -> 
  custom:video-decoder-webm-vp8: 9c59270c3fd7afecdb556c50c9e8de78 -> 
  custom:audio-decoder-ogg-vorbis: bf7c407c2cedff20999df2af8eb42d56 -> 
========================================================================
Received Import Request.
  Time since last request: 13142.354511 seconds.
  path: Assets/Footstep(Snow and Grass)/Stepssingle sound/snow/Snow1 11-Audio.wav
  artifactKey: Guid(9fbc8e15df2ca7842affcbcfde0ab937) Importer(815301076,1909f56bfc062723c751e8b465ee728b)
Start importing Assets/Footstep(Snow and Grass)/Stepssingle sound/snow/Snow1 11-Audio.wav using Guid(9fbc8e15df2ca7842affcbcfde0ab937) Importer(815301076,1909f56bfc062723c751e8b465ee728b)  -> (artifact id: 'c53e447ecfec435a5e83675614573ddb') in 0.123395 seconds 
========================================================================
Received Import Request.
  Time since last request: 0.000039 seconds.
  path: Assets/Footstep(Snow and Grass)/Stepssingle sound/snow/Snow1 22-Audio.wav
  artifactKey: Guid(d0da27383b628e04799479cdd77eda95) Importer(815301076,1909f56bfc062723c751e8b465ee728b)
Start importing Assets/Footstep(Snow and Grass)/Stepssingle sound/snow/Snow1 22-Audio.wav using Guid(d0da27383b628e04799479cdd77eda95) Importer(815301076,1909f56bfc062723c751e8b465ee728b)  -> (artifact id: '0974632c8e8085d3856169e445921fc0') in 0.012987 seconds 
========================================================================
Received Import Request.
  Time since last request: 0.000024 seconds.
  path: Assets/Footstep(Snow and Grass)/Stepssingle sound/snow/Snow1 29-Audio.wav
  artifactKey: Guid(176389e2310462040be2f30f80316207) Importer(815301076,1909f56bfc062723c751e8b465ee728b)
Start importing Assets/Footstep(Snow and Grass)/Stepssingle sound/snow/Snow1 29-Audio.wav using Guid(176389e2310462040be2f30f80316207) Importer(815301076,1909f56bfc062723c751e8b465ee728b)  -> (artifact id: '1d41f9671801c36df0b14c8a49dd9e43') in 0.014560 seconds 
========================================================================
Received Import Request.
  Time since last request: 0.000019 seconds.
  path: Assets/Footstep(Snow and Grass)/Stepssingle sound/snow/Snow1 19-Audio.wav
  artifactKey: Guid(5c59b22cb633543429b5029c416d4a3d) Importer(815301076,1909f56bfc062723c751e8b465ee728b)
Start importing Assets/Footstep(Snow and Grass)/Stepssingle sound/snow/Snow1 19-Audio.wav using Guid(5c59b22cb633543429b5029c416d4a3d) Importer(815301076,1909f56bfc062723c751e8b465ee728b)  -> (artifact id: 'ba9e838941feebffb1da557760e4af64') in 0.014663 seconds 
========================================================================
Received Import Request.
  Time since last request: 0.000016 seconds.
  path: Assets/Footstep(Snow and Grass)/Stepssingle sound/snow/Snow1 23-Audio.wav
  artifactKey: Guid(64b1dbeff75967b4bb6a10aa2bd3a1be) Importer(815301076,1909f56bfc062723c751e8b465ee728b)
Start importing Assets/Footstep(Snow and Grass)/Stepssingle sound/snow/Snow1 23-Audio.wav using Guid(64b1dbeff75967b4bb6a10aa2bd3a1be) Importer(815301076,1909f56bfc062723c751e8b465ee728b)  -> (artifact id: 'a7d6ba77c614676f40f44563b5ac662b') in 0.013333 seconds 
========================================================================
Received Import Request.
  Time since last request: 0.000015 seconds.
  path: Assets/Footstep(Snow and Grass)/Stepssingle sound/snow/Snow1 14-Audio.wav
  artifactKey: Guid(d42e78e130487f347b81e8233d4072a2) Importer(815301076,1909f56bfc062723c751e8b465ee728b)
Start importing Assets/Footstep(Snow and Grass)/Stepssingle sound/snow/Snow1 14-Audio.wav using Guid(d42e78e130487f347b81e8233d4072a2) Importer(815301076,1909f56bfc062723c751e8b465ee728b)  -> (artifact id: '03a9733a355a37d724b6c8e4148dcc63') in 0.012189 seconds 
========================================================================
Received Import Request.
  Time since last request: 0.000025 seconds.
  path: Assets/Footstep(Snow and Grass)/Stepssingle sound/snow/Snow1 20-Audio.wav
  artifactKey: Guid(0910c40703d2dcc4c842236bd4401aeb) Importer(815301076,1909f56bfc062723c751e8b465ee728b)
Start importing Assets/Footstep(Snow and Grass)/Stepssingle sound/snow/Snow1 20-Audio.wav using Guid(0910c40703d2dcc4c842236bd4401aeb) Importer(815301076,1909f56bfc062723c751e8b465ee728b)  -> (artifact id: '31ec70e05fc54908510b480163dafceb') in 0.015144 seconds 
========================================================================
Received Import Request.
  Time since last request: 0.000019 seconds.
  path: Assets/Footstep(Snow and Grass)/Stepssingle sound/snow/Snow1 21-Audio.wav
  artifactKey: Guid(793ce870ec4e6d84fbd6662d8b662c94) Importer(815301076,1909f56bfc062723c751e8b465ee728b)
Start importing Assets/Footstep(Snow and Grass)/Stepssingle sound/snow/Snow1 21-Audio.wav using Guid(793ce870ec4e6d84fbd6662d8b662c94) Importer(815301076,1909f56bfc062723c751e8b465ee728b)  -> (artifact id: '067243109c5657101952f56dc6c42f85') in 0.013579 seconds 
========================================================================
Received Import Request.
  Time since last request: 0.000022 seconds.
  path: Assets/Footstep(Snow and Grass)/Stepssingle sound/snow/Snow1 24-Audio.wav
  artifactKey: Guid(9441aac338d9a2e4fb8af849b5fc0fe0) Importer(815301076,1909f56bfc062723c751e8b465ee728b)
Start importing Assets/Footstep(Snow and Grass)/Stepssingle sound/snow/Snow1 24-Audio.wav using Guid(9441aac338d9a2e4fb8af849b5fc0fe0) Importer(815301076,1909f56bfc062723c751e8b465ee728b)  -> (artifact id: 'fbe644f2a4595c19d65b38548f71499f') in 0.014960 seconds 
========================================================================
Received Import Request.
  Time since last request: 0.000016 seconds.
  path: Assets/Footstep(Snow and Grass)/Stepssingle sound/snow/Snow1 18-Audio.wav
  artifactKey: Guid(4acc9d4b8ecfa8d4e9fdb67c95d93ca7) Importer(815301076,1909f56bfc062723c751e8b465ee728b)
Start importing Assets/Footstep(Snow and Grass)/Stepssingle sound/snow/Snow1 18-Audio.wav using Guid(4acc9d4b8ecfa8d4e9fdb67c95d93ca7) Importer(815301076,1909f56bfc062723c751e8b465ee728b)  -> (artifact id: 'ca15b3ea9c48865e2d08c47755b77d5d') in 0.012995 seconds 
========================================================================
Received Import Request.
  Time since last request: 0.000028 seconds.
  path: Assets/Footstep(Snow and Grass)/Stepssingle sound/snow/Snow1 15-Audio.wav
  artifactKey: Guid(16b97fcb6c0d1e44aa05eb14bfd08c95) Importer(815301076,1909f56bfc062723c751e8b465ee728b)
Start importing Assets/Footstep(Snow and Grass)/Stepssingle sound/snow/Snow1 15-Audio.wav using Guid(16b97fcb6c0d1e44aa05eb14bfd08c95) Importer(815301076,1909f56bfc062723c751e8b465ee728b)  -> (artifact id: 'cb14b928b3f64301913a7e48dcf7d9fa') in 0.012207 seconds 
========================================================================
Received Import Request.
  Time since last request: 10.903313 seconds.
  path: Assets/Footstep(Snow and Grass)/Stepssingle sound/snow/Snow1 4-Audio.wav
  artifactKey: Guid(69ce65de178f68c409ed53debc0c8148) Importer(815301076,1909f56bfc062723c751e8b465ee728b)
Start importing Assets/Footstep(Snow and Grass)/Stepssingle sound/snow/Snow1 4-Audio.wav using Guid(69ce65de178f68c409ed53debc0c8148) Importer(815301076,1909f56bfc062723c751e8b465ee728b)  -> (artifact id: '3f37729d5b4466f40091e4fbaafe4170') in 0.014137 seconds 
========================================================================
Received Import Request.
  Time since last request: 0.000024 seconds.
  path: Assets/Footstep(Snow and Grass)/Stepssingle sound/snow/Snow1 8-Audio.wav
  artifactKey: Guid(706fe9682ff24844e9b6f71d56f9b9e1) Importer(815301076,1909f56bfc062723c751e8b465ee728b)
Start importing Assets/Footstep(Snow and Grass)/Stepssingle sound/snow/Snow1 8-Audio.wav using Guid(706fe9682ff24844e9b6f71d56f9b9e1) Importer(815301076,1909f56bfc062723c751e8b465ee728b)  -> (artifact id: 'd663d6494e5688bcda79680f9cd20c39') in 0.014174 seconds 
========================================================================
Received Import Request.
  Time since last request: 0.000019 seconds.
  path: Assets/Footstep(Snow and Grass)/Stepssingle sound/snow/Snow1 7-Audio.wav
  artifactKey: Guid(4477d53a3a60ea643b87fe82504aee67) Importer(815301076,1909f56bfc062723c751e8b465ee728b)
Start importing Assets/Footstep(Snow and Grass)/Stepssingle sound/snow/Snow1 7-Audio.wav using Guid(4477d53a3a60ea643b87fe82504aee67) Importer(815301076,1909f56bfc062723c751e8b465ee728b)  -> (artifact id: '289cc90a52b4ef178b470af374362213') in 0.014872 seconds 
Editor requested this worker to shutdown with reason: Scaling down because of idle timeout
AssetImportWorker is now disconnected from the server
Process exiting
Exiting without the bug reporter. Application will terminate with return code 0