Using pre-set license
Built from '2021.3/staging' branch; Version is '2021.3.7f1 (24e8595d6d43) revision 2418777'; Using compiler version '192829333'; Build Type 'Release'
OS: 'Windows 11  (10.0.22000) 64bit Professional' Language: 'ko' Physical Memory: 16194 MB
BatchMode: 1, IsHumanControllingUs: 0, StartBugReporterOnCrash: 0, Is64bit: 1, IsPro: 1

COMMAND LINE ARGUMENTS:
C:\Program Files\Unity\Hub\Editor\2021.3.7f1\Editor\Unity.exe
-adb2
-batchMode
-noUpm
-name
AssetImportWorker6
-projectPath
C:/Users/USER/Unity_Program/Unity/QuarterView_Action_Game
-logFile
Logs/AssetImportWorker6.log
-srvPort
6755
Successfully changed project path to: C:/Users/USER/Unity_Program/Unity/QuarterView_Action_Game
C:/Users/USER/Unity_Program/Unity/QuarterView_Action_Game
[UnityMemory] Configuration Parameters - Can be set up in boot.config
    "memorysetup-bucket-allocator-granularity=16"
    "memorysetup-bucket-allocator-bucket-count=8"
    "memorysetup-bucket-allocator-block-size=33554432"
    "memorysetup-bucket-allocator-block-count=8"
    "memorysetup-main-allocator-block-size=16777216"
    "memorysetup-thread-allocator-block-size=16777216"
    "memorysetup-gfx-main-allocator-block-size=16777216"
    "memorysetup-gfx-thread-allocator-block-size=16777216"
    "memorysetup-cache-allocator-block-size=4194304"
    "memorysetup-typetree-allocator-block-size=2097152"
    "memorysetup-profiler-bucket-allocator-granularity=16"
    "memorysetup-profiler-bucket-allocator-bucket-count=8"
    "memorysetup-profiler-bucket-allocator-block-size=33554432"
    "memorysetup-profiler-bucket-allocator-block-count=8"
    "memorysetup-profiler-allocator-block-size=16777216"
    "memorysetup-profiler-editor-allocator-block-size=1048576"
    "memorysetup-temp-allocator-size-main=16777216"
    "memorysetup-job-temp-allocator-block-size=2097152"
    "memorysetup-job-temp-allocator-block-size-background=1048576"
    "memorysetup-job-temp-allocator-reduction-small-platforms=262144"
    "memorysetup-temp-allocator-size-background-worker=32768"
    "memorysetup-temp-allocator-size-job-worker=262144"
    "memorysetup-temp-allocator-size-preload-manager=33554432"
    "memorysetup-temp-allocator-size-nav-mesh-worker=65536"
    "memorysetup-temp-allocator-size-audio-worker=65536"
    "memorysetup-temp-allocator-size-cloud-worker=32768"
    "memorysetup-temp-allocator-size-gi-baking-worker=262144"
    "memorysetup-temp-allocator-size-gfx=262144"
Refreshing native plugins compatible for Editor in 101.09 ms, found 3 plugins.
Preloading 0 native plugins for Editor in 0.00 ms.
Initialize engine version: 2021.3.7f1 (24e8595d6d43)
[Subsystems] Discovering subsystems at path C:/Program Files/Unity/Hub/Editor/2021.3.7f1/Editor/Data/Resources/UnitySubsystems
[Subsystems] Discovering subsystems at path C:/Users/USER/Unity_Program/Unity/QuarterView_Action_Game/Assets
GfxDevice: creating device client; threaded=0; jobified=0
Direct3D:
    Version:  Direct3D 11.0 [level 11.1]
    Renderer: NVIDIA GeForce RTX 2070 (ID=0x1f14)
    Vendor:   NVIDIA
    VRAM:     8031 MB
    Driver:   30.0.15.1165
Initialize mono
Mono path[0] = 'C:/Program Files/Unity/Hub/Editor/2021.3.7f1/Editor/Data/Managed'
Mono path[1] = 'C:/Program Files/Unity/Hub/Editor/2021.3.7f1/Editor/Data/MonoBleedingEdge/lib/mono/unityjit-win32'
Mono config path = 'C:/Program Files/Unity/Hub/Editor/2021.3.7f1/Editor/Data/MonoBleedingEdge/etc'
Using monoOptions --debugger-agent=transport=dt_socket,embedding=1,server=y,suspend=n,address=127.0.0.1:56036
Begin MonoManager ReloadAssembly
Registering precompiled unity dll's ...
Register platform support module: C:/Program Files/Unity/Hub/Editor/2021.3.7f1/Editor/Data/PlaybackEngines/WindowsStandaloneSupport/UnityEditor.WindowsStandalone.Extensions.dll
Registered in 0.007695 seconds.
Native extension for WindowsStandalone target not found
Refreshing native plugins compatible for Editor in 89.19 ms, found 3 plugins.
Preloading 0 native plugins for Editor in 0.00 ms.
Mono: successfully reloaded assembly
- Completed reload, in  0.676 seconds
Domain Reload Profiling:
	ReloadAssembly (676ms)
		BeginReloadAssembly (80ms)
			ExecutionOrderSort (0ms)
			DisableScriptedObjects (0ms)
			BackupInstance (0ms)
			ReleaseScriptingObjects (0ms)
			CreateAndSetChildDomain (1ms)
		EndReloadAssembly (477ms)
			LoadAssemblies (76ms)
			RebuildTransferFunctionScriptingTraits (0ms)
			SetupTypeCache (110ms)
			ReleaseScriptCaches (0ms)
			RebuildScriptCaches (28ms)
			SetupLoadedEditorAssemblies (279ms)
				LogAssemblyErrors (0ms)
				InitializePlatformSupportModulesInManaged (8ms)
				SetLoadedEditorAssemblies (0ms)
				RefreshPlugins (89ms)
				BeforeProcessingInitializeOnLoad (1ms)
				ProcessInitializeOnLoadAttributes (127ms)
				ProcessInitializeOnLoadMethodAttributes (54ms)
				AfterProcessingInitializeOnLoad (0ms)
				EditorAssembliesLoaded (0ms)
			ExecutionOrderSort2 (0ms)
			AwakeInstancesAfterBackupRestoration (0ms)
Platform modules already initialized, skipping
Registering precompiled user dll's ...
Registered in 0.008580 seconds.
Begin MonoManager ReloadAssembly
Symbol file LoadedFromMemory doesn't match image C:\Users\USER\Unity_Program\Unity\QuarterView_Action_Game\Library\PackageCache\com.unity.visualscripting@1.7.8\Editor\VisualScripting.Core\Dependencies\YamlDotNet\Unity.VisualScripting.YamlDotNet.dll
Symbol file LoadedFromMemory doesn't match image C:\Users\USER\Unity_Program\Unity\QuarterView_Action_Game\Library\PackageCache\com.unity.visualscripting@1.7.8\Editor\VisualScripting.Core\Dependencies\DotNetZip\Unity.VisualScripting.IonicZip.dll
Native extension for WindowsStandalone target not found
Refreshing native plugins compatible for Editor in 0.80 ms, found 3 plugins.
Preloading 0 native plugins for Editor in 0.00 ms.
Mono: successfully reloaded assembly
- Completed reload, in  1.062 seconds
Domain Reload Profiling:
	ReloadAssembly (1062ms)
		BeginReloadAssembly (111ms)
			ExecutionOrderSort (0ms)
			DisableScriptedObjects (5ms)
			BackupInstance (0ms)
			ReleaseScriptingObjects (0ms)
			CreateAndSetChildDomain (18ms)
		EndReloadAssembly (832ms)
			LoadAssemblies (86ms)
			RebuildTransferFunctionScriptingTraits (0ms)
			SetupTypeCache (274ms)
			ReleaseScriptCaches (1ms)
			RebuildScriptCaches (57ms)
			SetupLoadedEditorAssemblies (371ms)
				LogAssemblyErrors (0ms)
				InitializePlatformSupportModulesInManaged (5ms)
				SetLoadedEditorAssemblies (1ms)
				RefreshPlugins (1ms)
				BeforeProcessingInitializeOnLoad (94ms)
				ProcessInitializeOnLoadAttributes (233ms)
				ProcessInitializeOnLoadMethodAttributes (28ms)
				AfterProcessingInitializeOnLoad (9ms)
				EditorAssembliesLoaded (0ms)
			ExecutionOrderSort2 (0ms)
			AwakeInstancesAfterBackupRestoration (10ms)
Platform modules already initialized, skipping
========================================================================
Worker process is ready to serve import requests
Launched and connected shader compiler UnityShaderCompiler.exe after 0.05 seconds
Refreshing native plugins compatible for Editor in 0.53 ms, found 3 plugins.
Preloading 0 native plugins for Editor in 0.00 ms.
Unloading 3431 Unused Serialized files (Serialized files now loaded: 0)
Unloading 27 unused Assets / (111.1 KB). Loaded Objects now: 3891.
Memory consumption went from 122.7 MB to 122.6 MB.
Total: 2.938700 ms (FindLiveObjects: 0.270700 ms CreateObjectMapping: 0.226900 ms MarkObjects: 2.274100 ms  DeleteObjects: 0.166100 ms)

AssetImportParameters requested are different than current active one (requested -> active):
  custom:video-decoder-ogg-theora: a1e56fd34408186e4bbccfd4996cb3dc -> 
  custom:container-muxer-webm: aa71ff27fc2769a1b78a27578f13a17b -> 
  custom:container-demuxer-webm: 4f35f7cbe854078d1ac9338744f61a02 -> 
  custom:video-encoder-webm-vp8: eb34c28f22e8b96e1ab97ce403110664 -> 
  custom:audio-encoder-webm-vorbis: bf7c407c2cedff20999df2af8eb42d56 -> 
  custom:framework-win-MediaFoundation: 216162199b28c13a410421893ffa2e32 -> 
  custom:container-demuxer-ogg: 62fdf1f143b41e24485cea50d1cbac27 -> 
  custom:video-decoder-webm-vp8: 9c59270c3fd7afecdb556c50c9e8de78 -> 
  custom:audio-decoder-ogg-vorbis: bf7c407c2cedff20999df2af8eb42d56 -> 
========================================================================
Received Import Request.
  Time since last request: 6271.041558 seconds.
  path: Assets/Grenade Sound FX/Grenade/Grenade1.wav
  artifactKey: Guid(620dad4bb8e4b98429963b3bbe39c191) Importer(815301076,1909f56bfc062723c751e8b465ee728b)
Start importing Assets/Grenade Sound FX/Grenade/Grenade1.wav using Guid(620dad4bb8e4b98429963b3bbe39c191) Importer(815301076,1909f56bfc062723c751e8b465ee728b)  -> (artifact id: '21edb1fab5bdceddc659b4bb2dbc451f') in 0.160355 seconds 
========================================================================
Received Import Request.
  Time since last request: 0.000027 seconds.
  path: Assets/Grenade Sound FX/Grenade/Grenade7Short.wav
  artifactKey: Guid(fd706038486fee041947a774223dc22e) Importer(815301076,1909f56bfc062723c751e8b465ee728b)
Start importing Assets/Grenade Sound FX/Grenade/Grenade7Short.wav using Guid(fd706038486fee041947a774223dc22e) Importer(815301076,1909f56bfc062723c751e8b465ee728b)  -> (artifact id: 'f7a8e6775767c04f5298c4dd5871422d') in 0.013837 seconds 
========================================================================
Received Prepare
Registering precompiled user dll's ...
Registered in 0.006072 seconds.
Begin MonoManager ReloadAssembly
Symbol file LoadedFromMemory doesn't match image C:\Users\USER\Unity_Program\Unity\QuarterView_Action_Game\Library\PackageCache\com.unity.visualscripting@1.7.8\Editor\VisualScripting.Core\Dependencies\YamlDotNet\Unity.VisualScripting.YamlDotNet.dll
Symbol file LoadedFromMemory doesn't match image C:\Users\USER\Unity_Program\Unity\QuarterView_Action_Game\Library\PackageCache\com.unity.visualscripting@1.7.8\Editor\VisualScripting.Core\Dependencies\DotNetZip\Unity.VisualScripting.IonicZip.dll
Native extension for WindowsStandalone target not found
Refreshing native plugins compatible for Editor in 0.55 ms, found 3 plugins.
Preloading 0 native plugins for Editor in 0.00 ms.
Mono: successfully reloaded assembly
- Completed reload, in  1.114 seconds
Domain Reload Profiling:
	ReloadAssembly (1115ms)
		BeginReloadAssembly (142ms)
			ExecutionOrderSort (0ms)
			DisableScriptedObjects (5ms)
			BackupInstance (0ms)
			ReleaseScriptingObjects (0ms)
			CreateAndSetChildDomain (38ms)
		EndReloadAssembly (796ms)
			LoadAssemblies (93ms)
			RebuildTransferFunctionScriptingTraits (0ms)
			SetupTypeCache (294ms)
			ReleaseScriptCaches (1ms)
			RebuildScriptCaches (46ms)
			SetupLoadedEditorAssemblies (320ms)
				LogAssemblyErrors (0ms)
				InitializePlatformSupportModulesInManaged (12ms)
				SetLoadedEditorAssemblies (0ms)
				RefreshPlugins (1ms)
				BeforeProcessingInitializeOnLoad (73ms)
				ProcessInitializeOnLoadAttributes (199ms)
				ProcessInitializeOnLoadMethodAttributes (27ms)
				AfterProcessingInitializeOnLoad (9ms)
				EditorAssembliesLoaded (0ms)
			ExecutionOrderSort2 (0ms)
			AwakeInstancesAfterBackupRestoration (10ms)
Platform modules already initialized, skipping
Refreshing native plugins compatible for Editor in 1.86 ms, found 3 plugins.
Preloading 0 native plugins for Editor in 0.00 ms.
Unloading 3426 Unused Serialized files (Serialized files now loaded: 0)
Unloading 20 unused Assets / (78.4 KB). Loaded Objects now: 3902.
Memory consumption went from 127.1 MB to 127.0 MB.
Total: 2.948900 ms (FindLiveObjects: 0.265300 ms CreateObjectMapping: 0.235500 ms MarkObjects: 2.364000 ms  DeleteObjects: 0.083500 ms)

AssetImportParameters requested are different than current active one (requested -> active):
  custom:video-decoder-ogg-theora: a1e56fd34408186e4bbccfd4996cb3dc -> 
  custom:container-muxer-webm: aa71ff27fc2769a1b78a27578f13a17b -> 
  custom:container-demuxer-webm: 4f35f7cbe854078d1ac9338744f61a02 -> 
  custom:video-encoder-webm-vp8: eb34c28f22e8b96e1ab97ce403110664 -> 
  custom:audio-encoder-webm-vorbis: bf7c407c2cedff20999df2af8eb42d56 -> 
  custom:framework-win-MediaFoundation: 216162199b28c13a410421893ffa2e32 -> 
  custom:container-demuxer-ogg: 62fdf1f143b41e24485cea50d1cbac27 -> 
  custom:video-decoder-webm-vp8: 9c59270c3fd7afecdb556c50c9e8de78 -> 
  custom:audio-decoder-ogg-vorbis: bf7c407c2cedff20999df2af8eb42d56 -> 
========================================================================
Received Import Request.
  Time since last request: 160.454066 seconds.
  path: Assets/Script/Grenade.cs
  artifactKey: Guid(67a5795d27667bb459af1372b9d94a7c) Importer(815301076,1909f56bfc062723c751e8b465ee728b)
Start importing Assets/Script/Grenade.cs using Guid(67a5795d27667bb459af1372b9d94a7c) Importer(815301076,1909f56bfc062723c751e8b465ee728b)  -> (artifact id: '6fa157301c8a314fc227f172485e4de4') in 0.020525 seconds 
========================================================================
Received Import Request.
  Time since last request: 24.764957 seconds.
  path: Assets/Script/Grenade.cs
  artifactKey: Guid(67a5795d27667bb459af1372b9d94a7c) Importer(815301076,1909f56bfc062723c751e8b465ee728b)
Start importing Assets/Script/Grenade.cs using Guid(67a5795d27667bb459af1372b9d94a7c) Importer(815301076,1909f56bfc062723c751e8b465ee728b)  -> (artifact id: 'd329859ef7b7f4548d8698b88fd5bdb2') in 0.002320 seconds 
========================================================================
Received Import Request.
  Time since last request: 50.193773 seconds.
  path: Assets/Script/Grenade.cs
  artifactKey: Guid(67a5795d27667bb459af1372b9d94a7c) Importer(815301076,1909f56bfc062723c751e8b465ee728b)
Start importing Assets/Script/Grenade.cs using Guid(67a5795d27667bb459af1372b9d94a7c) Importer(815301076,1909f56bfc062723c751e8b465ee728b)  -> (artifact id: '63650bc94440eb5cb488d06b5153f0a4') in 0.002302 seconds 
========================================================================
Received Prepare
Registering precompiled user dll's ...
Registered in 0.005375 seconds.
Begin MonoManager ReloadAssembly
Symbol file LoadedFromMemory doesn't match image C:\Users\USER\Unity_Program\Unity\QuarterView_Action_Game\Library\PackageCache\com.unity.visualscripting@1.7.8\Editor\VisualScripting.Core\Dependencies\YamlDotNet\Unity.VisualScripting.YamlDotNet.dll
Symbol file LoadedFromMemory doesn't match image C:\Users\USER\Unity_Program\Unity\QuarterView_Action_Game\Library\PackageCache\com.unity.visualscripting@1.7.8\Editor\VisualScripting.Core\Dependencies\DotNetZip\Unity.VisualScripting.IonicZip.dll
Native extension for WindowsStandalone target not found
Refreshing native plugins compatible for Editor in 0.54 ms, found 3 plugins.
Preloading 0 native plugins for Editor in 0.00 ms.
Mono: successfully reloaded assembly
- Completed reload, in  1.052 seconds
Domain Reload Profiling:
	ReloadAssembly (1053ms)
		BeginReloadAssembly (143ms)
			ExecutionOrderSort (0ms)
			DisableScriptedObjects (6ms)
			BackupInstance (0ms)
			ReleaseScriptingObjects (0ms)
			CreateAndSetChildDomain (43ms)
		EndReloadAssembly (802ms)
			LoadAssemblies (87ms)
			RebuildTransferFunctionScriptingTraits (0ms)
			SetupTypeCache (289ms)
			ReleaseScriptCaches (1ms)
			RebuildScriptCaches (45ms)
			SetupLoadedEditorAssemblies (334ms)
				LogAssemblyErrors (0ms)
				InitializePlatformSupportModulesInManaged (14ms)
				SetLoadedEditorAssemblies (0ms)
				RefreshPlugins (1ms)
				BeforeProcessingInitializeOnLoad (74ms)
				ProcessInitializeOnLoadAttributes (208ms)
				ProcessInitializeOnLoadMethodAttributes (27ms)
				AfterProcessingInitializeOnLoad (10ms)
				EditorAssembliesLoaded (0ms)
			ExecutionOrderSort2 (0ms)
			AwakeInstancesAfterBackupRestoration (9ms)
Platform modules already initialized, skipping
Refreshing native plugins compatible for Editor in 2.04 ms, found 3 plugins.
Preloading 0 native plugins for Editor in 0.00 ms.
Unloading 3426 Unused Serialized files (Serialized files now loaded: 0)
Unloading 20 unused Assets / (78.5 KB). Loaded Objects now: 3905.
Memory consumption went from 127.1 MB to 127.0 MB.
Total: 3.028200 ms (FindLiveObjects: 0.283300 ms CreateObjectMapping: 0.179100 ms MarkObjects: 2.457100 ms  DeleteObjects: 0.107900 ms)

AssetImportParameters requested are different than current active one (requested -> active):
  custom:video-decoder-ogg-theora: a1e56fd34408186e4bbccfd4996cb3dc -> 
  custom:container-muxer-webm: aa71ff27fc2769a1b78a27578f13a17b -> 
  custom:container-demuxer-webm: 4f35f7cbe854078d1ac9338744f61a02 -> 
  custom:video-encoder-webm-vp8: eb34c28f22e8b96e1ab97ce403110664 -> 
  custom:audio-encoder-webm-vorbis: bf7c407c2cedff20999df2af8eb42d56 -> 
  custom:framework-win-MediaFoundation: 216162199b28c13a410421893ffa2e32 -> 
  custom:container-demuxer-ogg: 62fdf1f143b41e24485cea50d1cbac27 -> 
  custom:video-decoder-webm-vp8: 9c59270c3fd7afecdb556c50c9e8de78 -> 
  custom:audio-decoder-ogg-vorbis: bf7c407c2cedff20999df2af8eb42d56 -> 
========================================================================
Received Prepare
Registering precompiled user dll's ...
Registered in 0.007593 seconds.
Begin MonoManager ReloadAssembly
Symbol file LoadedFromMemory doesn't match image C:\Users\USER\Unity_Program\Unity\QuarterView_Action_Game\Library\PackageCache\com.unity.visualscripting@1.7.8\Editor\VisualScripting.Core\Dependencies\YamlDotNet\Unity.VisualScripting.YamlDotNet.dll
Symbol file LoadedFromMemory doesn't match image C:\Users\USER\Unity_Program\Unity\QuarterView_Action_Game\Library\PackageCache\com.unity.visualscripting@1.7.8\Editor\VisualScripting.Core\Dependencies\DotNetZip\Unity.VisualScripting.IonicZip.dll
Native extension for WindowsStandalone target not found
Refreshing native plugins compatible for Editor in 0.92 ms, found 3 plugins.
Preloading 0 native plugins for Editor in 0.00 ms.
Mono: successfully reloaded assembly
- Completed reload, in  1.115 seconds
Domain Reload Profiling:
	ReloadAssembly (1115ms)
		BeginReloadAssembly (146ms)
			ExecutionOrderSort (0ms)
			DisableScriptedObjects (5ms)
			BackupInstance (0ms)
			ReleaseScriptingObjects (0ms)
			CreateAndSetChildDomain (41ms)
		EndReloadAssembly (852ms)
			LoadAssemblies (98ms)
			RebuildTransferFunctionScriptingTraits (0ms)
			SetupTypeCache (286ms)
			ReleaseScriptCaches (1ms)
			RebuildScriptCaches (45ms)
			SetupLoadedEditorAssemblies (353ms)
				LogAssemblyErrors (0ms)
				InitializePlatformSupportModulesInManaged (15ms)
				SetLoadedEditorAssemblies (1ms)
				RefreshPlugins (1ms)
				BeforeProcessingInitializeOnLoad (79ms)
				ProcessInitializeOnLoadAttributes (220ms)
				ProcessInitializeOnLoadMethodAttributes (27ms)
				AfterProcessingInitializeOnLoad (10ms)
				EditorAssembliesLoaded (0ms)
			ExecutionOrderSort2 (0ms)
			AwakeInstancesAfterBackupRestoration (11ms)
Platform modules already initialized, skipping
Refreshing native plugins compatible for Editor in 2.00 ms, found 3 plugins.
Preloading 0 native plugins for Editor in 0.00 ms.
Unloading 3426 Unused Serialized files (Serialized files now loaded: 0)
Unloading 20 unused Assets / (78.4 KB). Loaded Objects now: 3908.
Memory consumption went from 127.1 MB to 127.0 MB.
Total: 2.655100 ms (FindLiveObjects: 0.244400 ms CreateObjectMapping: 0.149100 ms MarkObjects: 2.153700 ms  DeleteObjects: 0.107000 ms)

AssetImportParameters requested are different than current active one (requested -> active):
  custom:video-decoder-ogg-theora: a1e56fd34408186e4bbccfd4996cb3dc -> 
  custom:container-muxer-webm: aa71ff27fc2769a1b78a27578f13a17b -> 
  custom:container-demuxer-webm: 4f35f7cbe854078d1ac9338744f61a02 -> 
  custom:video-encoder-webm-vp8: eb34c28f22e8b96e1ab97ce403110664 -> 
  custom:audio-encoder-webm-vorbis: bf7c407c2cedff20999df2af8eb42d56 -> 
  custom:framework-win-MediaFoundation: 216162199b28c13a410421893ffa2e32 -> 
  custom:container-demuxer-ogg: 62fdf1f143b41e24485cea50d1cbac27 -> 
  custom:video-decoder-webm-vp8: 9c59270c3fd7afecdb556c50c9e8de78 -> 
  custom:audio-decoder-ogg-vorbis: bf7c407c2cedff20999df2af8eb42d56 -> 
========================================================================
Received Import Request.
  Time since last request: 35.295777 seconds.
  path: Assets/Prefabs/Throw Grenade.prefab
  artifactKey: Guid(42eeffad19945ed4b965bf8463d5d7a8) Importer(815301076,1909f56bfc062723c751e8b465ee728b)
Start importing Assets/Prefabs/Throw Grenade.prefab using Guid(42eeffad19945ed4b965bf8463d5d7a8) Importer(815301076,1909f56bfc062723c751e8b465ee728b)  -> (artifact id: 'daefe28bb5ff01453349d22c0066566b') in 0.102845 seconds 
========================================================================
Received Import Request.
  Time since last request: 33.267089 seconds.
  path: Assets/Prefabs/Throw Grenade.prefab
  artifactKey: Guid(42eeffad19945ed4b965bf8463d5d7a8) Importer(815301076,1909f56bfc062723c751e8b465ee728b)
Start importing Assets/Prefabs/Throw Grenade.prefab using Guid(42eeffad19945ed4b965bf8463d5d7a8) Importer(815301076,1909f56bfc062723c751e8b465ee728b)  -> (artifact id: 'd94e41a15f3c140ac1705ac83269d4d5') in 0.014042 seconds 
========================================================================
Received Import Request.
  Time since last request: 2.573946 seconds.
  path: Assets/Prefabs/Throw Grenade.prefab
  artifactKey: Guid(42eeffad19945ed4b965bf8463d5d7a8) Importer(815301076,1909f56bfc062723c751e8b465ee728b)
Start importing Assets/Prefabs/Throw Grenade.prefab using Guid(42eeffad19945ed4b965bf8463d5d7a8) Importer(815301076,1909f56bfc062723c751e8b465ee728b)  -> (artifact id: '77b47caaa7c278be67f304d0c3aac3ef') in 0.016060 seconds 
========================================================================
Received Import Request.
  Time since last request: 6.827822 seconds.
  path: Assets/Prefabs/Throw Grenade.prefab
  artifactKey: Guid(42eeffad19945ed4b965bf8463d5d7a8) Importer(815301076,1909f56bfc062723c751e8b465ee728b)
Start importing Assets/Prefabs/Throw Grenade.prefab using Guid(42eeffad19945ed4b965bf8463d5d7a8) Importer(815301076,1909f56bfc062723c751e8b465ee728b)  -> (artifact id: 'b0550f5524c7504a29364d1b34ea8f6d') in 0.012795 seconds 
========================================================================
Received Import Request.
  Time since last request: 31.687571 seconds.
  path: Assets/Prefabs/Throw Grenade.prefab
  artifactKey: Guid(42eeffad19945ed4b965bf8463d5d7a8) Importer(815301076,1909f56bfc062723c751e8b465ee728b)
Start importing Assets/Prefabs/Throw Grenade.prefab using Guid(42eeffad19945ed4b965bf8463d5d7a8) Importer(815301076,1909f56bfc062723c751e8b465ee728b)  -> (artifact id: '94dac0de1440f57ed74d9927d17e97f5') in 0.012117 seconds 
========================================================================
Received Import Request.
  Time since last request: 5.220894 seconds.
  path: Assets/Prefabs/Throw Grenade.prefab
  artifactKey: Guid(42eeffad19945ed4b965bf8463d5d7a8) Importer(815301076,1909f56bfc062723c751e8b465ee728b)
Start importing Assets/Prefabs/Throw Grenade.prefab using Guid(42eeffad19945ed4b965bf8463d5d7a8) Importer(815301076,1909f56bfc062723c751e8b465ee728b)  -> (artifact id: '016c3201ba9191699335147f5f7d1e3c') in 0.013890 seconds 
========================================================================
Received Prepare
Registering precompiled user dll's ...
Registered in 0.007441 seconds.
Begin MonoManager ReloadAssembly
Symbol file LoadedFromMemory doesn't match image C:\Users\USER\Unity_Program\Unity\QuarterView_Action_Game\Library\PackageCache\com.unity.visualscripting@1.7.8\Editor\VisualScripting.Core\Dependencies\YamlDotNet\Unity.VisualScripting.YamlDotNet.dll
Symbol file LoadedFromMemory doesn't match image C:\Users\USER\Unity_Program\Unity\QuarterView_Action_Game\Library\PackageCache\com.unity.visualscripting@1.7.8\Editor\VisualScripting.Core\Dependencies\DotNetZip\Unity.VisualScripting.IonicZip.dll
Native extension for WindowsStandalone target not found
Refreshing native plugins compatible for Editor in 0.55 ms, found 3 plugins.
Preloading 0 native plugins for Editor in 0.00 ms.
Mono: successfully reloaded assembly
- Completed reload, in  1.058 seconds
Domain Reload Profiling:
	ReloadAssembly (1059ms)
		BeginReloadAssembly (138ms)
			ExecutionOrderSort (0ms)
			DisableScriptedObjects (5ms)
			BackupInstance (0ms)
			ReleaseScriptingObjects (0ms)
			CreateAndSetChildDomain (38ms)
		EndReloadAssembly (809ms)
			LoadAssemblies (84ms)
			RebuildTransferFunctionScriptingTraits (0ms)
			SetupTypeCache (278ms)
			ReleaseScriptCaches (2ms)
			RebuildScriptCaches (45ms)
			SetupLoadedEditorAssemblies (353ms)
				LogAssemblyErrors (0ms)
				InitializePlatformSupportModulesInManaged (14ms)
				SetLoadedEditorAssemblies (0ms)
				RefreshPlugins (1ms)
				BeforeProcessingInitializeOnLoad (78ms)
				ProcessInitializeOnLoadAttributes (220ms)
				ProcessInitializeOnLoadMethodAttributes (30ms)
				AfterProcessingInitializeOnLoad (9ms)
				EditorAssembliesLoaded (0ms)
			ExecutionOrderSort2 (0ms)
			AwakeInstancesAfterBackupRestoration (10ms)
Platform modules already initialized, skipping
Refreshing native plugins compatible for Editor in 1.83 ms, found 3 plugins.
Preloading 0 native plugins for Editor in 0.00 ms.
Unloading 3426 Unused Serialized files (Serialized files now loaded: 0)
Unloading 21 unused Assets / (79.1 KB). Loaded Objects now: 3911.
Memory consumption went from 127.2 MB to 127.1 MB.
Total: 3.787700 ms (FindLiveObjects: 0.271200 ms CreateObjectMapping: 0.259000 ms MarkObjects: 3.133400 ms  DeleteObjects: 0.122900 ms)

AssetImportParameters requested are different than current active one (requested -> active):
  custom:video-decoder-ogg-theora: a1e56fd34408186e4bbccfd4996cb3dc -> 
  custom:container-muxer-webm: aa71ff27fc2769a1b78a27578f13a17b -> 
  custom:container-demuxer-webm: 4f35f7cbe854078d1ac9338744f61a02 -> 
  custom:video-encoder-webm-vp8: eb34c28f22e8b96e1ab97ce403110664 -> 
  custom:audio-encoder-webm-vorbis: bf7c407c2cedff20999df2af8eb42d56 -> 
  custom:framework-win-MediaFoundation: 216162199b28c13a410421893ffa2e32 -> 
  custom:container-demuxer-ogg: 62fdf1f143b41e24485cea50d1cbac27 -> 
  custom:video-decoder-webm-vp8: 9c59270c3fd7afecdb556c50c9e8de78 -> 
  custom:audio-decoder-ogg-vorbis: bf7c407c2cedff20999df2af8eb42d56 -> 
========================================================================
Received Import Request.
  Time since last request: 30.354922 seconds.
  path: Assets/Prefabs/Throw Grenade.prefab
  artifactKey: Guid(42eeffad19945ed4b965bf8463d5d7a8) Importer(815301076,1909f56bfc062723c751e8b465ee728b)
Start importing Assets/Prefabs/Throw Grenade.prefab using Guid(42eeffad19945ed4b965bf8463d5d7a8) Importer(815301076,1909f56bfc062723c751e8b465ee728b)  -> (artifact id: '744673051ae0b169eefb5909157458ad') in 0.078826 seconds 
========================================================================
Received Prepare
Registering precompiled user dll's ...
Registered in 0.005125 seconds.
Begin MonoManager ReloadAssembly
Symbol file LoadedFromMemory doesn't match image C:\Users\USER\Unity_Program\Unity\QuarterView_Action_Game\Library\PackageCache\com.unity.visualscripting@1.7.8\Editor\VisualScripting.Core\Dependencies\YamlDotNet\Unity.VisualScripting.YamlDotNet.dll
Symbol file LoadedFromMemory doesn't match image C:\Users\USER\Unity_Program\Unity\QuarterView_Action_Game\Library\PackageCache\com.unity.visualscripting@1.7.8\Editor\VisualScripting.Core\Dependencies\DotNetZip\Unity.VisualScripting.IonicZip.dll
Native extension for WindowsStandalone target not found
Refreshing native plugins compatible for Editor in 0.71 ms, found 3 plugins.
Preloading 0 native plugins for Editor in 0.00 ms.
Mono: successfully reloaded assembly
- Completed reload, in  1.003 seconds
Domain Reload Profiling:
	ReloadAssembly (1004ms)
		BeginReloadAssembly (135ms)
			ExecutionOrderSort (0ms)
			DisableScriptedObjects (5ms)
			BackupInstance (0ms)
			ReleaseScriptingObjects (0ms)
			CreateAndSetChildDomain (33ms)
		EndReloadAssembly (763ms)
			LoadAssemblies (89ms)
			RebuildTransferFunctionScriptingTraits (0ms)
			SetupTypeCache (268ms)
			ReleaseScriptCaches (1ms)
			RebuildScriptCaches (43ms)
			SetupLoadedEditorAssemblies (323ms)
				LogAssemblyErrors (0ms)
				InitializePlatformSupportModulesInManaged (18ms)
				SetLoadedEditorAssemblies (0ms)
				RefreshPlugins (1ms)
				BeforeProcessingInitializeOnLoad (72ms)
				ProcessInitializeOnLoadAttributes (197ms)
				ProcessInitializeOnLoadMethodAttributes (26ms)
				AfterProcessingInitializeOnLoad (9ms)
				EditorAssembliesLoaded (0ms)
			ExecutionOrderSort2 (0ms)
			AwakeInstancesAfterBackupRestoration (9ms)
Platform modules already initialized, skipping
Refreshing native plugins compatible for Editor in 1.83 ms, found 3 plugins.
Preloading 0 native plugins for Editor in 0.00 ms.
Unloading 3426 Unused Serialized files (Serialized files now loaded: 0)
Unloading 21 unused Assets / (79.0 KB). Loaded Objects now: 3914.
Memory consumption went from 127.2 MB to 127.1 MB.
Total: 3.041300 ms (FindLiveObjects: 0.514600 ms CreateObjectMapping: 0.304900 ms MarkObjects: 2.149100 ms  DeleteObjects: 0.071700 ms)

AssetImportParameters requested are different than current active one (requested -> active):
  custom:video-decoder-ogg-theora: a1e56fd34408186e4bbccfd4996cb3dc -> 
  custom:container-muxer-webm: aa71ff27fc2769a1b78a27578f13a17b -> 
  custom:container-demuxer-webm: 4f35f7cbe854078d1ac9338744f61a02 -> 
  custom:video-encoder-webm-vp8: eb34c28f22e8b96e1ab97ce403110664 -> 
  custom:audio-encoder-webm-vorbis: bf7c407c2cedff20999df2af8eb42d56 -> 
  custom:framework-win-MediaFoundation: 216162199b28c13a410421893ffa2e32 -> 
  custom:container-demuxer-ogg: 62fdf1f143b41e24485cea50d1cbac27 -> 
  custom:video-decoder-webm-vp8: 9c59270c3fd7afecdb556c50c9e8de78 -> 
  custom:audio-decoder-ogg-vorbis: bf7c407c2cedff20999df2af8eb42d56 -> 
========================================================================
Received Import Request.
  Time since last request: 42.272653 seconds.
  path: Assets/Prefabs/Throw Grenade.prefab
  artifactKey: Guid(42eeffad19945ed4b965bf8463d5d7a8) Importer(815301076,1909f56bfc062723c751e8b465ee728b)
Start importing Assets/Prefabs/Throw Grenade.prefab using Guid(42eeffad19945ed4b965bf8463d5d7a8) Importer(815301076,1909f56bfc062723c751e8b465ee728b)  -> (artifact id: '883eb1f0a5856e1ad1c148aaf3ec59f4') in 0.080511 seconds 
========================================================================
Received Import Request.
  Time since last request: 6050.157324 seconds.
  path: Assets/SoundEffect/Grenade
  artifactKey: Guid(14e74397e2921e74c9a9492c7db96afa) Importer(815301076,1909f56bfc062723c751e8b465ee728b)
Start importing Assets/SoundEffect/Grenade using Guid(14e74397e2921e74c9a9492c7db96afa) Importer(815301076,1909f56bfc062723c751e8b465ee728b)  -> (artifact id: 'bfd8e0a1dc22d7b36389eaec999aa739') in 0.006122 seconds 
========================================================================
Received Import Request.
  Time since last request: 8.296494 seconds.
  path: Assets/Scenes/SampleScene
  artifactKey: Guid(e4581e53df50c53419663360a67c10e6) Importer(815301076,1909f56bfc062723c751e8b465ee728b)
Start importing Assets/Scenes/SampleScene using Guid(e4581e53df50c53419663360a67c10e6) Importer(815301076,1909f56bfc062723c751e8b465ee728b)  -> (artifact id: '83a9113d7d136d9641d14d72a341e841') in 0.006743 seconds 
========================================================================
Received Import Request.
  Time since last request: 0.372527 seconds.
  path: Assets/Scenes/SampleScene/LightingData.asset
  artifactKey: Guid(53d7fb87f0b11cc429df567b7464c317) Importer(815301076,1909f56bfc062723c751e8b465ee728b)
Start importing Assets/Scenes/SampleScene/LightingData.asset using Guid(53d7fb87f0b11cc429df567b7464c317) Importer(815301076,1909f56bfc062723c751e8b465ee728b)  -> (artifact id: '36fc65d2d4292d6955aa4b0fd7b0e0d3') in 0.028138 seconds 
========================================================================
Received Import Request.
  Time since last request: 0.000015 seconds.
  path: Assets/Scenes/SampleScene/ReflectionProbe-0.exr
  artifactKey: Guid(fe920d2379a1ba7409706de98ceaff3a) Importer(815301076,1909f56bfc062723c751e8b465ee728b)
Start importing Assets/Scenes/SampleScene/ReflectionProbe-0.exr using Guid(fe920d2379a1ba7409706de98ceaff3a) Importer(815301076,1909f56bfc062723c751e8b465ee728b)  -> (artifact id: '4d23d82cff8798473c7f6d08bceba951') in 0.096711 seconds 
========================================================================
Received Import Request.
  Time since last request: 314.927098 seconds.
  path: Assets/Footstep(Snow and Grass)/StepsLoop
  artifactKey: Guid(106e0471865359c4ea47a1c80ea9e74a) Importer(815301076,1909f56bfc062723c751e8b465ee728b)
Start importing Assets/Footstep(Snow and Grass)/StepsLoop using Guid(106e0471865359c4ea47a1c80ea9e74a) Importer(815301076,1909f56bfc062723c751e8b465ee728b)  -> (artifact id: '10d2de028d6bb432a81e287b33099679') in 0.007057 seconds 
========================================================================
Received Import Request.
  Time since last request: 1.240482 seconds.
  path: Assets/Footstep(Snow and Grass)/Stepssingle sound
  artifactKey: Guid(fef1037eff3a074439fc9f7c7c673e39) Importer(815301076,1909f56bfc062723c751e8b465ee728b)
Start importing Assets/Footstep(Snow and Grass)/Stepssingle sound using Guid(fef1037eff3a074439fc9f7c7c673e39) Importer(815301076,1909f56bfc062723c751e8b465ee728b)  -> (artifact id: '04e595f3fb74918b3df6b74e05195da6') in 0.006490 seconds 
========================================================================
Received Import Request.
  Time since last request: 2.884193 seconds.
  path: Assets/Footstep(Snow and Grass)/Stepssingle sound/grass
  artifactKey: Guid(49dce64b80831a24691e86adb09dfa05) Importer(815301076,1909f56bfc062723c751e8b465ee728b)
Start importing Assets/Footstep(Snow and Grass)/Stepssingle sound/grass using Guid(49dce64b80831a24691e86adb09dfa05) Importer(815301076,1909f56bfc062723c751e8b465ee728b)  -> (artifact id: '87b6828768cb2522c0c99c02c46aa133') in 0.006851 seconds 
========================================================================
Received Import Request.
  Time since last request: 0.033218 seconds.
  path: Assets/Footstep(Snow and Grass)/Stepssingle sound/grass/Grass1 1-Audio.wav
  artifactKey: Guid(18f1ff003e8fbdb44aba8266f6e1d168) Importer(815301076,1909f56bfc062723c751e8b465ee728b)
Start importing Assets/Footstep(Snow and Grass)/Stepssingle sound/grass/Grass1 1-Audio.wav using Guid(18f1ff003e8fbdb44aba8266f6e1d168) Importer(815301076,1909f56bfc062723c751e8b465ee728b)  -> (artifact id: '4448d42377f3fddce2c4b9fb43862b8f') in 0.026987 seconds 
========================================================================
Received Import Request.
  Time since last request: 0.005049 seconds.
  path: Assets/Footstep(Snow and Grass)/Stepssingle sound/grass/Grass1 4-Audio.wav
  artifactKey: Guid(4901040e735fd2547870b06a27124c49) Importer(815301076,1909f56bfc062723c751e8b465ee728b)
Start importing Assets/Footstep(Snow and Grass)/Stepssingle sound/grass/Grass1 4-Audio.wav using Guid(4901040e735fd2547870b06a27124c49) Importer(815301076,1909f56bfc062723c751e8b465ee728b)  -> (artifact id: 'c90f43d95aa2fc55066bf6247125f67b') in 0.017761 seconds 
========================================================================
Received Import Request.
  Time since last request: 0.000039 seconds.
  path: Assets/Footstep(Snow and Grass)/Stepssingle sound/grass/Grass1 22-Audio.wav
  artifactKey: Guid(3a9cd2eed86bb634c9da9b5864798f87) Importer(815301076,1909f56bfc062723c751e8b465ee728b)
Start importing Assets/Footstep(Snow and Grass)/Stepssingle sound/grass/Grass1 22-Audio.wav using Guid(3a9cd2eed86bb634c9da9b5864798f87) Importer(815301076,1909f56bfc062723c751e8b465ee728b)  -> (artifact id: '97c41daf28525d81b96ba89b8aca79e7') in 0.019014 seconds 
========================================================================
Received Import Request.
  Time since last request: 0.000031 seconds.
  path: Assets/Footstep(Snow and Grass)/Stepssingle sound/grass/Grass1 14-Audio.wav
  artifactKey: Guid(dc51086bc85dc5448b059b6487ce0e0b) Importer(815301076,1909f56bfc062723c751e8b465ee728b)
Start importing Assets/Footstep(Snow and Grass)/Stepssingle sound/grass/Grass1 14-Audio.wav using Guid(dc51086bc85dc5448b059b6487ce0e0b) Importer(815301076,1909f56bfc062723c751e8b465ee728b)  -> (artifact id: '83b852b599169af6c757bb976039a1cd') in 0.015250 seconds 
========================================================================
Received Import Request.
  Time since last request: 0.000024 seconds.
  path: Assets/Footstep(Snow and Grass)/Stepssingle sound/grass/Grass1 17-Audio.wav
  artifactKey: Guid(a829296e83128554cba9da342d83d361) Importer(815301076,1909f56bfc062723c751e8b465ee728b)
Start importing Assets/Footstep(Snow and Grass)/Stepssingle sound/grass/Grass1 17-Audio.wav using Guid(a829296e83128554cba9da342d83d361) Importer(815301076,1909f56bfc062723c751e8b465ee728b)  -> (artifact id: '2cb62e9e4e4fd0b39845ae0791febeb6') in 0.012927 seconds 
========================================================================
Received Import Request.
  Time since last request: 0.000031 seconds.
  path: Assets/Footstep(Snow and Grass)/Stepssingle sound/grass/Grass1 3-Audio.wav
  artifactKey: Guid(2f96d3d47551ed848be9307342dcd667) Importer(815301076,1909f56bfc062723c751e8b465ee728b)
Start importing Assets/Footstep(Snow and Grass)/Stepssingle sound/grass/Grass1 3-Audio.wav using Guid(2f96d3d47551ed848be9307342dcd667) Importer(815301076,1909f56bfc062723c751e8b465ee728b)  -> (artifact id: 'e453acdb4fd30d298f73d1b33826cb85') in 0.011649 seconds 
========================================================================
Received Import Request.
  Time since last request: 0.000017 seconds.
  path: Assets/Footstep(Snow and Grass)/Stepssingle sound/grass/Grass1 30-Audio.wav
  artifactKey: Guid(592e7903575792e48aed4b7e5b699e71) Importer(815301076,1909f56bfc062723c751e8b465ee728b)
Start importing Assets/Footstep(Snow and Grass)/Stepssingle sound/grass/Grass1 30-Audio.wav using Guid(592e7903575792e48aed4b7e5b699e71) Importer(815301076,1909f56bfc062723c751e8b465ee728b)  -> (artifact id: '8427437ff1e186704309f69a967dbb14') in 0.012059 seconds 
========================================================================
Received Import Request.
  Time since last request: 0.000018 seconds.
  path: Assets/Footstep(Snow and Grass)/Stepssingle sound/grass/Grass1 23-Audio.wav
  artifactKey: Guid(80239785e252f734a942b4bd5c1b91e1) Importer(815301076,1909f56bfc062723c751e8b465ee728b)
Start importing Assets/Footstep(Snow and Grass)/Stepssingle sound/grass/Grass1 23-Audio.wav using Guid(80239785e252f734a942b4bd5c1b91e1) Importer(815301076,1909f56bfc062723c751e8b465ee728b)  -> (artifact id: '0645dbef2826439586b4d61a1f829e15') in 0.015305 seconds 
========================================================================
Received Import Request.
  Time since last request: 0.000051 seconds.
  path: Assets/Footstep(Snow and Grass)/Stepssingle sound/grass/Grass1 24-Audio.wav
  artifactKey: Guid(d1b0c91370b0bcb4fa83f9d084f31dba) Importer(815301076,1909f56bfc062723c751e8b465ee728b)
Start importing Assets/Footstep(Snow and Grass)/Stepssingle sound/grass/Grass1 24-Audio.wav using Guid(d1b0c91370b0bcb4fa83f9d084f31dba) Importer(815301076,1909f56bfc062723c751e8b465ee728b)  -> (artifact id: '424ef7e4affe8aa412ec20819b37261b') in 0.015526 seconds 
========================================================================
Received Import Request.
  Time since last request: 0.000032 seconds.
  path: Assets/Footstep(Snow and Grass)/Stepssingle sound/grass/Grass1 13-Audio.wav
  artifactKey: Guid(7e30146df5f9bb84d9d63ed8211311b9) Importer(815301076,1909f56bfc062723c751e8b465ee728b)
Start importing Assets/Footstep(Snow and Grass)/Stepssingle sound/grass/Grass1 13-Audio.wav using Guid(7e30146df5f9bb84d9d63ed8211311b9) Importer(815301076,1909f56bfc062723c751e8b465ee728b)  -> (artifact id: '42a3a28f58edfd7bc81c453771bab993') in 0.013976 seconds 
========================================================================
Received Import Request.
  Time since last request: 0.000032 seconds.
  path: Assets/Footstep(Snow and Grass)/Stepssingle sound/grass/Grass1 8-Audio.wav
  artifactKey: Guid(aa859614ff9b2234e8547d93e1cd9e73) Importer(815301076,1909f56bfc062723c751e8b465ee728b)
Start importing Assets/Footstep(Snow and Grass)/Stepssingle sound/grass/Grass1 8-Audio.wav using Guid(aa859614ff9b2234e8547d93e1cd9e73) Importer(815301076,1909f56bfc062723c751e8b465ee728b)  -> (artifact id: 'f9e1056a30cd3a5a5bd829248b6b5b16') in 0.018577 seconds 
========================================================================
Received Import Request.
  Time since last request: 0.000028 seconds.
  path: Assets/Footstep(Snow and Grass)/Stepssingle sound/grass/Grass1 26-Audio.wav
  artifactKey: Guid(b224ea4077fd9804c825863a283d50a6) Importer(815301076,1909f56bfc062723c751e8b465ee728b)
Start importing Assets/Footstep(Snow and Grass)/Stepssingle sound/grass/Grass1 26-Audio.wav using Guid(b224ea4077fd9804c825863a283d50a6) Importer(815301076,1909f56bfc062723c751e8b465ee728b)  -> (artifact id: '85655de663e501f8b9e92fdfbdb06e0c') in 0.013823 seconds 
========================================================================
Received Import Request.
  Time since last request: 0.000017 seconds.
  path: Assets/Footstep(Snow and Grass)/Stepssingle sound/grass/Grass1 19-Audio.wav
  artifactKey: Guid(5d8455fb534849442ad490965ff71279) Importer(815301076,1909f56bfc062723c751e8b465ee728b)
Start importing Assets/Footstep(Snow and Grass)/Stepssingle sound/grass/Grass1 19-Audio.wav using Guid(5d8455fb534849442ad490965ff71279) Importer(815301076,1909f56bfc062723c751e8b465ee728b)  -> (artifact id: '2d4bb56542cd59b7ab5430c8bebb8540') in 0.012474 seconds 
========================================================================
Received Import Request.
  Time since last request: 0.000020 seconds.
  path: Assets/Footstep(Snow and Grass)/Stepssingle sound/grass/Grass1 15-Audio.wav
  artifactKey: Guid(bf247942e61355f4d9d1804c09c647ee) Importer(815301076,1909f56bfc062723c751e8b465ee728b)
Start importing Assets/Footstep(Snow and Grass)/Stepssingle sound/grass/Grass1 15-Audio.wav using Guid(bf247942e61355f4d9d1804c09c647ee) Importer(815301076,1909f56bfc062723c751e8b465ee728b)  -> (artifact id: 'acead4a35882d0a8b06e2fb2ec54d236') in 0.012880 seconds 
========================================================================
Received Import Request.
  Time since last request: 0.000025 seconds.
  path: Assets/Footstep(Snow and Grass)/Stepssingle sound/grass/Grass1 25-Audio.wav
  artifactKey: Guid(07902d35c76dec04495ae89be0bca886) Importer(815301076,1909f56bfc062723c751e8b465ee728b)
Start importing Assets/Footstep(Snow and Grass)/Stepssingle sound/grass/Grass1 25-Audio.wav using Guid(07902d35c76dec04495ae89be0bca886) Importer(815301076,1909f56bfc062723c751e8b465ee728b)  -> (artifact id: '398fd212f61273590d2f8030586cf50b') in 0.011798 seconds 
========================================================================
Received Import Request.
  Time since last request: 0.000046 seconds.
  path: Assets/Footstep(Snow and Grass)/Stepssingle sound/grass/Grass1 9-Audio.wav
  artifactKey: Guid(7a1ca87fc8b38af43bd269e557438cf3) Importer(815301076,1909f56bfc062723c751e8b465ee728b)
Start importing Assets/Footstep(Snow and Grass)/Stepssingle sound/grass/Grass1 9-Audio.wav using Guid(7a1ca87fc8b38af43bd269e557438cf3) Importer(815301076,1909f56bfc062723c751e8b465ee728b)  -> (artifact id: '74640a2fac64b56b3b02434449dd969d') in 0.013858 seconds 
========================================================================
Received Import Request.
  Time since last request: 0.000038 seconds.
  path: Assets/Footstep(Snow and Grass)/Stepssingle sound/grass/Grass1 20-Audio.wav
  artifactKey: Guid(f4eb0a209807fbb40bd0759085f6f882) Importer(815301076,1909f56bfc062723c751e8b465ee728b)
Start importing Assets/Footstep(Snow and Grass)/Stepssingle sound/grass/Grass1 20-Audio.wav using Guid(f4eb0a209807fbb40bd0759085f6f882) Importer(815301076,1909f56bfc062723c751e8b465ee728b)  -> (artifact id: 'a3d847ca9d46b919af67e5a071487376') in 0.012527 seconds 
Editor requested this worker to shutdown with reason: Scaling down because of idle timeout
AssetImportWorker is now disconnected from the server
Process exiting
Exiting without the bug reporter. Application will terminate with return code 0