Using pre-set license
Built from '2021.3/staging' branch; Version is '2021.3.7f1 (24e8595d6d43) revision 2418777'; Using compiler version '192829333'; Build Type 'Release'
OS: 'Windows 11  (10.0.22000) 64bit Professional' Language: 'ko' Physical Memory: 16194 MB
BatchMode: 1, IsHumanControllingUs: 0, StartBugReporterOnCrash: 0, Is64bit: 1, IsPro: 1

COMMAND LINE ARGUMENTS:
C:\Program Files\Unity\Hub\Editor\2021.3.7f1\Editor\Unity.exe
-adb2
-batchMode
-noUpm
-name
AssetImportWorker2
-projectPath
C:/Users/USER/Unity_Program/Unity/QuarterView_Action_Game
-logFile
Logs/AssetImportWorker2.log
-srvPort
2191
Successfully changed project path to: C:/Users/USER/Unity_Program/Unity/QuarterView_Action_Game
C:/Users/USER/Unity_Program/Unity/QuarterView_Action_Game
[UnityMemory] Configuration Parameters - Can be set up in boot.config
    "memorysetup-bucket-allocator-granularity=16"
    "memorysetup-bucket-allocator-bucket-count=8"
    "memorysetup-bucket-allocator-block-size=33554432"
    "memorysetup-bucket-allocator-block-count=8"
    "memorysetup-main-allocator-block-size=16777216"
    "memorysetup-thread-allocator-block-size=16777216"
    "memorysetup-gfx-main-allocator-block-size=16777216"
    "memorysetup-gfx-thread-allocator-block-size=16777216"
    "memorysetup-cache-allocator-block-size=4194304"
    "memorysetup-typetree-allocator-block-size=2097152"
    "memorysetup-profiler-bucket-allocator-granularity=16"
    "memorysetup-profiler-bucket-allocator-bucket-count=8"
    "memorysetup-profiler-bucket-allocator-block-size=33554432"
    "memorysetup-profiler-bucket-allocator-block-count=8"
    "memorysetup-profiler-allocator-block-size=16777216"
    "memorysetup-profiler-editor-allocator-block-size=1048576"
    "memorysetup-temp-allocator-size-main=16777216"
    "memorysetup-job-temp-allocator-block-size=2097152"
    "memorysetup-job-temp-allocator-block-size-background=1048576"
    "memorysetup-job-temp-allocator-reduction-small-platforms=262144"
    "memorysetup-temp-allocator-size-background-worker=32768"
    "memorysetup-temp-allocator-size-job-worker=262144"
    "memorysetup-temp-allocator-size-preload-manager=33554432"
    "memorysetup-temp-allocator-size-nav-mesh-worker=65536"
    "memorysetup-temp-allocator-size-audio-worker=65536"
    "memorysetup-temp-allocator-size-cloud-worker=32768"
    "memorysetup-temp-allocator-size-gi-baking-worker=262144"
    "memorysetup-temp-allocator-size-gfx=262144"
Refreshing native plugins compatible for Editor in 111.12 ms, found 3 plugins.
Preloading 0 native plugins for Editor in 0.00 ms.
Initialize engine version: 2021.3.7f1 (24e8595d6d43)
[Subsystems] Discovering subsystems at path C:/Program Files/Unity/Hub/Editor/2021.3.7f1/Editor/Data/Resources/UnitySubsystems
[Subsystems] Discovering subsystems at path C:/Users/USER/Unity_Program/Unity/QuarterView_Action_Game/Assets
GfxDevice: creating device client; threaded=0; jobified=0
Direct3D:
    Version:  Direct3D 11.0 [level 11.1]
    Renderer: NVIDIA GeForce RTX 2070 (ID=0x1f14)
    Vendor:   NVIDIA
    VRAM:     8031 MB
    Driver:   30.0.15.1165
Initialize mono
Mono path[0] = 'C:/Program Files/Unity/Hub/Editor/2021.3.7f1/Editor/Data/Managed'
Mono path[1] = 'C:/Program Files/Unity/Hub/Editor/2021.3.7f1/Editor/Data/MonoBleedingEdge/lib/mono/unityjit-win32'
Mono config path = 'C:/Program Files/Unity/Hub/Editor/2021.3.7f1/Editor/Data/MonoBleedingEdge/etc'
Using monoOptions --debugger-agent=transport=dt_socket,embedding=1,server=y,suspend=n,address=127.0.0.1:56380
Begin MonoManager ReloadAssembly
Registering precompiled unity dll's ...
Register platform support module: C:/Program Files/Unity/Hub/Editor/2021.3.7f1/Editor/Data/PlaybackEngines/WindowsStandaloneSupport/UnityEditor.WindowsStandalone.Extensions.dll
Registered in 0.004898 seconds.
Native extension for WindowsStandalone target not found
Refreshing native plugins compatible for Editor in 103.96 ms, found 3 plugins.
Preloading 0 native plugins for Editor in 0.00 ms.
Mono: successfully reloaded assembly
- Completed reload, in  0.746 seconds
Domain Reload Profiling:
	ReloadAssembly (746ms)
		BeginReloadAssembly (75ms)
			ExecutionOrderSort (0ms)
			DisableScriptedObjects (0ms)
			BackupInstance (0ms)
			ReleaseScriptingObjects (0ms)
			CreateAndSetChildDomain (1ms)
		EndReloadAssembly (540ms)
			LoadAssemblies (73ms)
			RebuildTransferFunctionScriptingTraits (0ms)
			SetupTypeCache (138ms)
			ReleaseScriptCaches (0ms)
			RebuildScriptCaches (29ms)
			SetupLoadedEditorAssemblies (314ms)
				LogAssemblyErrors (0ms)
				InitializePlatformSupportModulesInManaged (7ms)
				SetLoadedEditorAssemblies (0ms)
				RefreshPlugins (104ms)
				BeforeProcessingInitializeOnLoad (1ms)
				ProcessInitializeOnLoadAttributes (142ms)
				ProcessInitializeOnLoadMethodAttributes (59ms)
				AfterProcessingInitializeOnLoad (0ms)
				EditorAssembliesLoaded (0ms)
			ExecutionOrderSort2 (0ms)
			AwakeInstancesAfterBackupRestoration (0ms)
Platform modules already initialized, skipping
Registering precompiled user dll's ...
Registered in 0.006399 seconds.
Begin MonoManager ReloadAssembly
Symbol file LoadedFromMemory doesn't match image C:\Users\USER\Unity_Program\Unity\QuarterView_Action_Game\Library\PackageCache\com.unity.visualscripting@1.7.8\Editor\VisualScripting.Core\Dependencies\YamlDotNet\Unity.VisualScripting.YamlDotNet.dll
Symbol file LoadedFromMemory doesn't match image C:\Users\USER\Unity_Program\Unity\QuarterView_Action_Game\Library\PackageCache\com.unity.visualscripting@1.7.8\Editor\VisualScripting.Core\Dependencies\DotNetZip\Unity.VisualScripting.IonicZip.dll
Native extension for WindowsStandalone target not found
Refreshing native plugins compatible for Editor in 0.53 ms, found 3 plugins.
Preloading 0 native plugins for Editor in 0.00 ms.
Mono: successfully reloaded assembly
- Completed reload, in  1.063 seconds
Domain Reload Profiling:
	ReloadAssembly (1064ms)
		BeginReloadAssembly (106ms)
			ExecutionOrderSort (0ms)
			DisableScriptedObjects (5ms)
			BackupInstance (0ms)
			ReleaseScriptingObjects (0ms)
			CreateAndSetChildDomain (18ms)
		EndReloadAssembly (842ms)
			LoadAssemblies (80ms)
			RebuildTransferFunctionScriptingTraits (0ms)
			SetupTypeCache (280ms)
			ReleaseScriptCaches (1ms)
			RebuildScriptCaches (49ms)
			SetupLoadedEditorAssemblies (379ms)
				LogAssemblyErrors (0ms)
				InitializePlatformSupportModulesInManaged (5ms)
				SetLoadedEditorAssemblies (0ms)
				RefreshPlugins (1ms)
				BeforeProcessingInitializeOnLoad (96ms)
				ProcessInitializeOnLoadAttributes (242ms)
				ProcessInitializeOnLoadMethodAttributes (27ms)
				AfterProcessingInitializeOnLoad (7ms)
				EditorAssembliesLoaded (0ms)
			ExecutionOrderSort2 (0ms)
			AwakeInstancesAfterBackupRestoration (11ms)
Platform modules already initialized, skipping
========================================================================
Worker process is ready to serve import requests
Launched and connected shader compiler UnityShaderCompiler.exe after 0.05 seconds
Refreshing native plugins compatible for Editor in 0.63 ms, found 3 plugins.
Preloading 0 native plugins for Editor in 0.00 ms.
Unloading 3416 Unused Serialized files (Serialized files now loaded: 0)
Unloading 27 unused Assets / (111.3 KB). Loaded Objects now: 3873.
Memory consumption went from 121.9 MB to 121.7 MB.
Total: 3.927200 ms (FindLiveObjects: 0.294800 ms CreateObjectMapping: 0.235700 ms MarkObjects: 3.295400 ms  DeleteObjects: 0.100600 ms)

AssetImportParameters requested are different than current active one (requested -> active):
  custom:video-decoder-ogg-theora: a1e56fd34408186e4bbccfd4996cb3dc -> 
  custom:container-muxer-webm: aa71ff27fc2769a1b78a27578f13a17b -> 
  custom:container-demuxer-webm: 4f35f7cbe854078d1ac9338744f61a02 -> 
  custom:video-encoder-webm-vp8: eb34c28f22e8b96e1ab97ce403110664 -> 
  custom:audio-encoder-webm-vorbis: bf7c407c2cedff20999df2af8eb42d56 -> 
  custom:framework-win-MediaFoundation: 216162199b28c13a410421893ffa2e32 -> 
  custom:container-demuxer-ogg: 62fdf1f143b41e24485cea50d1cbac27 -> 
  custom:video-decoder-webm-vp8: 9c59270c3fd7afecdb556c50c9e8de78 -> 
  custom:audio-decoder-ogg-vorbis: bf7c407c2cedff20999df2af8eb42d56 -> 
========================================================================
Received Import Request.
  Time since last request: 30919.507613 seconds.
  path: Assets/QuarterView 3D Action BE5/Sprites
  artifactKey: Guid(90993c4cda014da48a734122e3d31f52) Importer(815301076,1909f56bfc062723c751e8b465ee728b)
Start importing Assets/QuarterView 3D Action BE5/Sprites using Guid(90993c4cda014da48a734122e3d31f52) Importer(815301076,1909f56bfc062723c751e8b465ee728b)  -> (artifact id: '2722af412f02098239d0c45ecafb76b9') in 0.011384 seconds 
========================================================================
Received Import Request.
  Time since last request: 0.053816 seconds.
  path: Assets/QuarterView 3D Action BE5/Sprites/Guage Back.png
  artifactKey: Guid(43335735a8cdb1746b5605815e0a96e5) Importer(815301076,1909f56bfc062723c751e8b465ee728b)
Start importing Assets/QuarterView 3D Action BE5/Sprites/Guage Back.png using Guid(43335735a8cdb1746b5605815e0a96e5) Importer(815301076,1909f56bfc062723c751e8b465ee728b)  -> (artifact id: '1c0223441909561de6ded2371a42cdef') in 0.119314 seconds 
========================================================================
Received Import Request.
  Time since last request: 0.000026 seconds.
  path: Assets/QuarterView 3D Action BE5/Sprites/Panel A.png
  artifactKey: Guid(e56d2c466aae6dc4b96148e5b2431756) Importer(815301076,1909f56bfc062723c751e8b465ee728b)
Start importing Assets/QuarterView 3D Action BE5/Sprites/Panel A.png using Guid(e56d2c466aae6dc4b96148e5b2431756) Importer(815301076,1909f56bfc062723c751e8b465ee728b)  -> (artifact id: 'a2a6e7fcdcafbfab50c9f6e4c27f7702') in 0.019100 seconds 
========================================================================
Received Import Request.
  Time since last request: 0.000075 seconds.
  path: Assets/QuarterView 3D Action BE5/Sprites/Icon Stage Mini.png
  artifactKey: Guid(98f841c6ac46d174ca4f358018ab8de0) Importer(815301076,1909f56bfc062723c751e8b465ee728b)
Start importing Assets/QuarterView 3D Action BE5/Sprites/Icon Stage Mini.png using Guid(98f841c6ac46d174ca4f358018ab8de0) Importer(815301076,1909f56bfc062723c751e8b465ee728b)  -> (artifact id: '93c77ebee63edea1d8dff9a63fee4494') in 0.015396 seconds 
========================================================================
Received Import Request.
  Time since last request: 0.000019 seconds.
  path: Assets/QuarterView 3D Action BE5/Sprites/Icon Heart Mini.png
  artifactKey: Guid(47fbbf7a9c438ed4ea370ca0e59905ff) Importer(815301076,1909f56bfc062723c751e8b465ee728b)
Start importing Assets/QuarterView 3D Action BE5/Sprites/Icon Heart Mini.png using Guid(47fbbf7a9c438ed4ea370ca0e59905ff) Importer(815301076,1909f56bfc062723c751e8b465ee728b)  -> (artifact id: '9e04a40aaba58bb58a8f5a4b11a86a83') in 0.013332 seconds 
========================================================================
Received Import Request.
  Time since last request: 0.000024 seconds.
  path: Assets/QuarterView 3D Action BE5/Sprites/Icon Weapon SubMachineGun.png
  artifactKey: Guid(744566287c3cef64f9b897280e5d9b1a) Importer(815301076,1909f56bfc062723c751e8b465ee728b)
Start importing Assets/QuarterView 3D Action BE5/Sprites/Icon Weapon SubMachineGun.png using Guid(744566287c3cef64f9b897280e5d9b1a) Importer(815301076,1909f56bfc062723c751e8b465ee728b)  -> (artifact id: 'b122541674f2f739d4c250c8f84aac38') in 0.014250 seconds 
========================================================================
Received Import Request.
  Time since last request: 0.000020 seconds.
  path: Assets/QuarterView 3D Action BE5/Sprites/Icon Close.png
  artifactKey: Guid(1baaa93f3ec48804397f21b2614604d4) Importer(815301076,1909f56bfc062723c751e8b465ee728b)
Start importing Assets/QuarterView 3D Action BE5/Sprites/Icon Close.png using Guid(1baaa93f3ec48804397f21b2614604d4) Importer(815301076,1909f56bfc062723c751e8b465ee728b)  -> (artifact id: '97f7668f5e21d211d5a994281466fdb6') in 0.016852 seconds 
========================================================================
Received Import Request.
  Time since last request: 0.000020 seconds.
  path: Assets/QuarterView 3D Action BE5/Sprites/Icon Num3.png
  artifactKey: Guid(0d2f25e7fd882224c8d93d8f0580c63f) Importer(815301076,1909f56bfc062723c751e8b465ee728b)
Start importing Assets/QuarterView 3D Action BE5/Sprites/Icon Num3.png using Guid(0d2f25e7fd882224c8d93d8f0580c63f) Importer(815301076,1909f56bfc062723c751e8b465ee728b)  -> (artifact id: '2a0c937abcff8a5c434dd3813e3cc9b8') in 0.014125 seconds 
========================================================================
Received Import Request.
  Time since last request: 7.102289 seconds.
  path: Assets/QuarterView 3D Action BE5/Materials/Boss Rock.mat
  artifactKey: Guid(d4c08a0d5d7031e4faacea739fe5831e) Importer(815301076,1909f56bfc062723c751e8b465ee728b)
Start importing Assets/QuarterView 3D Action BE5/Materials/Boss Rock.mat using Guid(d4c08a0d5d7031e4faacea739fe5831e) Importer(815301076,1909f56bfc062723c751e8b465ee728b)  -> (artifact id: '255964bcae5543b3377726ba36b1cbeb') in 0.263418 seconds 
========================================================================
Received Import Request.
  Time since last request: 0.000030 seconds.
  path: Assets/QuarterView 3D Action BE5/Materials/Weapon SubMachine Gun.mat
  artifactKey: Guid(e4fdb662f7ceb0540adb32956455c89e) Importer(815301076,1909f56bfc062723c751e8b465ee728b)
Start importing Assets/QuarterView 3D Action BE5/Materials/Weapon SubMachine Gun.mat using Guid(e4fdb662f7ceb0540adb32956455c89e) Importer(815301076,1909f56bfc062723c751e8b465ee728b)  -> (artifact id: 'e194ab0b5a363327afa1e16bd4fc362f') in 0.105675 seconds 
========================================================================
Received Import Request.
  Time since last request: 0.000024 seconds.
  path: Assets/QuarterView 3D Action BE5/Materials/Enemy A.mat
  artifactKey: Guid(0d17d5c2eb217944499e9ec56d818e63) Importer(815301076,1909f56bfc062723c751e8b465ee728b)
Start importing Assets/QuarterView 3D Action BE5/Materials/Enemy A.mat using Guid(0d17d5c2eb217944499e9ec56d818e63) Importer(815301076,1909f56bfc062723c751e8b465ee728b)  -> (artifact id: '05d2ba2136df0b660c480340ad24d512') in 0.012706 seconds 
========================================================================
Received Import Request.
  Time since last request: 0.000024 seconds.
  path: Assets/QuarterView 3D Action BE5/Materials/Player.mat
  artifactKey: Guid(9aed8e613167e4340b625e15add095e8) Importer(815301076,1909f56bfc062723c751e8b465ee728b)
Start importing Assets/QuarterView 3D Action BE5/Materials/Player.mat using Guid(9aed8e613167e4340b625e15add095e8) Importer(815301076,1909f56bfc062723c751e8b465ee728b)  -> (artifact id: 'e49810a5cc6dfec79f790eb029f39fc2') in 0.016374 seconds 
========================================================================
Received Import Request.
  Time since last request: 0.000018 seconds.
  path: Assets/QuarterView 3D Action BE5/Materials/Weapon Hand Gun.mat
  artifactKey: Guid(ecabd400f66febc408288170bcd623b0) Importer(815301076,1909f56bfc062723c751e8b465ee728b)
Start importing Assets/QuarterView 3D Action BE5/Materials/Weapon Hand Gun.mat using Guid(ecabd400f66febc408288170bcd623b0) Importer(815301076,1909f56bfc062723c751e8b465ee728b)  -> (artifact id: '9f922d45d4170ff863bdc4b516124e11') in 0.016639 seconds 
========================================================================
Received Import Request.
  Time since last request: 6.506516 seconds.
  path: Assets/QuarterView 3D Action BE5/Models/Boss Rock.obj
  artifactKey: Guid(0d22a1c55ff42614eb30ef07a31f71ec) Importer(815301076,1909f56bfc062723c751e8b465ee728b)
Start importing Assets/QuarterView 3D Action BE5/Models/Boss Rock.obj using Guid(0d22a1c55ff42614eb30ef07a31f71ec) Importer(815301076,1909f56bfc062723c751e8b465ee728b)  -> (artifact id: '3ae5ff96911a490ca230fae570566bd9') in 0.069154 seconds 
========================================================================
Received Import Request.
  Time since last request: 0.000018 seconds.
  path: Assets/QuarterView 3D Action BE5/Models/Simple Npc Luna.fbx
  artifactKey: Guid(c9d6a52c9d828034db1b1c34045bc976) Importer(815301076,1909f56bfc062723c751e8b465ee728b)
Start importing Assets/QuarterView 3D Action BE5/Models/Simple Npc Luna.fbx using Guid(c9d6a52c9d828034db1b1c34045bc976) Importer(815301076,1909f56bfc062723c751e8b465ee728b)  -> (artifact id: '8ec40ea4bc8118ffe19c55b5356339f8') in 0.086825 seconds 
========================================================================
Received Import Request.
  Time since last request: 0.000024 seconds.
  path: Assets/QuarterView 3D Action BE5/Models/Simple Enemy D.fbx
  artifactKey: Guid(a43df65176acc724e8d74ed0d0e8986a) Importer(815301076,1909f56bfc062723c751e8b465ee728b)
Start importing Assets/QuarterView 3D Action BE5/Models/Simple Enemy D.fbx using Guid(a43df65176acc724e8d74ed0d0e8986a) Importer(815301076,1909f56bfc062723c751e8b465ee728b)  -> (artifact id: 'ccacfa89ace86d5993b2f5e75b4b702d') in 0.054742 seconds 
========================================================================
Received Import Request.
  Time since last request: 0.000035 seconds.
  path: Assets/QuarterView 3D Action BE5/Models/Simple Enemy C.fbx
  artifactKey: Guid(4bdf630ee339368429c99c5c922b08ca) Importer(815301076,1909f56bfc062723c751e8b465ee728b)
Start importing Assets/QuarterView 3D Action BE5/Models/Simple Enemy C.fbx using Guid(4bdf630ee339368429c99c5c922b08ca) Importer(815301076,1909f56bfc062723c751e8b465ee728b)  -> (artifact id: 'd3d1ee0d1cfb900478069fb4277e9e90') in 0.037695 seconds 
========================================================================
Received Import Request.
  Time since last request: 5.156654 seconds.
  path: Assets/QuarterView 3D Action BE5/Prefabs/Boss Rock.prefab
  artifactKey: Guid(c49bd73e6df5cd84e85e421b183064f8) Importer(815301076,1909f56bfc062723c751e8b465ee728b)
Start importing Assets/QuarterView 3D Action BE5/Prefabs/Boss Rock.prefab using Guid(c49bd73e6df5cd84e85e421b183064f8) Importer(815301076,1909f56bfc062723c751e8b465ee728b)  -> (artifact id: '03268d2917765f6ba116243bbf1a941c') in 0.016777 seconds 
========================================================================
Received Import Request.
  Time since last request: 0.000021 seconds.
  path: Assets/QuarterView 3D Action BE5/Prefabs/Weapon Hammer.prefab
  artifactKey: Guid(c2ec4bfd1a6491c49a0c34b8dc3a7639) Importer(815301076,1909f56bfc062723c751e8b465ee728b)
Start importing Assets/QuarterView 3D Action BE5/Prefabs/Weapon Hammer.prefab using Guid(c2ec4bfd1a6491c49a0c34b8dc3a7639) Importer(815301076,1909f56bfc062723c751e8b465ee728b)  -> (artifact id: '52fe5c754d0648ca74b1758112112d4c') in 0.014197 seconds 
========================================================================
Received Import Request.
  Time since last request: 0.000027 seconds.
  path: Assets/QuarterView 3D Action BE5/Prefabs/Enemy A.prefab
  artifactKey: Guid(464cc7c4f7ea10b47a36d7848aa9ca9a) Importer(815301076,1909f56bfc062723c751e8b465ee728b)
Start importing Assets/QuarterView 3D Action BE5/Prefabs/Enemy A.prefab using Guid(464cc7c4f7ea10b47a36d7848aa9ca9a) Importer(815301076,1909f56bfc062723c751e8b465ee728b)  -> (artifact id: '1f75aeb73cbe728b516c90e85721ff26') in 0.013435 seconds 
========================================================================
Received Import Request.
  Time since last request: 0.000017 seconds.
  path: Assets/QuarterView 3D Action BE5/Prefabs/Enemy D.prefab
  artifactKey: Guid(83dab506297948d4d8d34c4fe12431ee) Importer(815301076,1909f56bfc062723c751e8b465ee728b)
Start importing Assets/QuarterView 3D Action BE5/Prefabs/Enemy D.prefab using Guid(83dab506297948d4d8d34c4fe12431ee) Importer(815301076,1909f56bfc062723c751e8b465ee728b)  -> (artifact id: 'b7880f1d6e4397c7a78a83179742435d') in 0.013483 seconds 
========================================================================
Received Import Request.
  Time since last request: 0.000016 seconds.
  path: Assets/QuarterView 3D Action BE5/Prefabs/Enemy C.prefab
  artifactKey: Guid(06d503bba93001142b96e3510906db62) Importer(815301076,1909f56bfc062723c751e8b465ee728b)
Start importing Assets/QuarterView 3D Action BE5/Prefabs/Enemy C.prefab using Guid(06d503bba93001142b96e3510906db62) Importer(815301076,1909f56bfc062723c751e8b465ee728b)  -> (artifact id: '4e8ed946e0449462f07205bc4294e0b2') in 0.012135 seconds 
========================================================================
Received Import Request.
  Time since last request: 2.901621 seconds.
  path: Assets/QuarterView 3D Action BE5/ReadMe/Icon.png
  artifactKey: Guid(14c4b9c6e45f89548a3cfcc514ca788e) Importer(815301076,1909f56bfc062723c751e8b465ee728b)
Start importing Assets/QuarterView 3D Action BE5/ReadMe/Icon.png using Guid(14c4b9c6e45f89548a3cfcc514ca788e) Importer(815301076,1909f56bfc062723c751e8b465ee728b)  -> (artifact id: 'fbf8d81b5df702e3029847bb77cfef43') in 0.011263 seconds 
========================================================================
Received Import Request.
  Time since last request: 122.840908 seconds.
  path: Assets/QuarterView 3D Action BE5/Demo
  artifactKey: Guid(c8491e704a9f14143aa28c65149f3d1a) Importer(815301076,1909f56bfc062723c751e8b465ee728b)
Start importing Assets/QuarterView 3D Action BE5/Demo using Guid(c8491e704a9f14143aa28c65149f3d1a) Importer(815301076,1909f56bfc062723c751e8b465ee728b)  -> (artifact id: '1cd66c800d5ec9177cf6b29bb15b053c') in 0.006732 seconds 
========================================================================
Received Import Request.
  Time since last request: 0.920670 seconds.
  path: Assets/QuarterView 3D Action BE5/Demo/Demo
  artifactKey: Guid(335280137d693bd498c9f8f6c35c2c4b) Importer(815301076,1909f56bfc062723c751e8b465ee728b)
Start importing Assets/QuarterView 3D Action BE5/Demo/Demo using Guid(335280137d693bd498c9f8f6c35c2c4b) Importer(815301076,1909f56bfc062723c751e8b465ee728b)  -> (artifact id: '6f009ebfc94b46689f7d9ed3fb2b17cb') in 0.001613 seconds 
========================================================================
Received Import Request.
  Time since last request: 0.092462 seconds.
  path: Assets/QuarterView 3D Action BE5/Demo/Demo/Ac EnemyA.overrideController
  artifactKey: Guid(7b3b034a6e099a642990097e756d2555) Importer(815301076,1909f56bfc062723c751e8b465ee728b)
Start importing Assets/QuarterView 3D Action BE5/Demo/Demo/Ac EnemyA.overrideController using Guid(7b3b034a6e099a642990097e756d2555) Importer(815301076,1909f56bfc062723c751e8b465ee728b)  -> (artifact id: 'd0538aef81912d2e3bf59b87f7b09929') in 0.013638 seconds 
========================================================================
Received Import Request.
  Time since last request: 0.000028 seconds.
  path: Assets/QuarterView 3D Action BE5/Demo/Demo/Ac EnemyC.overrideController
  artifactKey: Guid(91e804a69142e3e4782132955f2b6846) Importer(815301076,1909f56bfc062723c751e8b465ee728b)
Start importing Assets/QuarterView 3D Action BE5/Demo/Demo/Ac EnemyC.overrideController using Guid(91e804a69142e3e4782132955f2b6846) Importer(815301076,1909f56bfc062723c751e8b465ee728b)  -> (artifact id: '10f0453632af586e10d2efda16ade33a') in 0.009601 seconds 
========================================================================
Received Import Request.
  Time since last request: 0.000035 seconds.
  path: Assets/QuarterView 3D Action BE5/Demo/Demo/ReflectionProbe-0.exr
  artifactKey: Guid(adfd99a973f4d4f4abff39d5d79b061a) Importer(815301076,1909f56bfc062723c751e8b465ee728b)
Start importing Assets/QuarterView 3D Action BE5/Demo/Demo/ReflectionProbe-0.exr using Guid(adfd99a973f4d4f4abff39d5d79b061a) Importer(815301076,1909f56bfc062723c751e8b465ee728b)  -> (artifact id: '03d72c90ff5010bfeb617b97df5cfc36') in 0.048665 seconds 
========================================================================
Received Prepare
Registering precompiled user dll's ...
Registered in 0.006156 seconds.
Begin MonoManager ReloadAssembly
Symbol file LoadedFromMemory doesn't match image C:\Users\USER\Unity_Program\Unity\QuarterView_Action_Game\Library\PackageCache\com.unity.visualscripting@1.7.8\Editor\VisualScripting.Core\Dependencies\YamlDotNet\Unity.VisualScripting.YamlDotNet.dll
Symbol file LoadedFromMemory doesn't match image C:\Users\USER\Unity_Program\Unity\QuarterView_Action_Game\Library\PackageCache\com.unity.visualscripting@1.7.8\Editor\VisualScripting.Core\Dependencies\DotNetZip\Unity.VisualScripting.IonicZip.dll
Native extension for WindowsStandalone target not found
Refreshing native plugins compatible for Editor in 0.55 ms, found 3 plugins.
Preloading 0 native plugins for Editor in 0.00 ms.
Mono: successfully reloaded assembly
- Completed reload, in  1.178 seconds
Domain Reload Profiling:
	ReloadAssembly (1178ms)
		BeginReloadAssembly (165ms)
			ExecutionOrderSort (0ms)
			DisableScriptedObjects (4ms)
			BackupInstance (0ms)
			ReleaseScriptingObjects (0ms)
			CreateAndSetChildDomain (49ms)
		EndReloadAssembly (889ms)
			LoadAssemblies (107ms)
			RebuildTransferFunctionScriptingTraits (0ms)
			SetupTypeCache (337ms)
			ReleaseScriptCaches (1ms)
			RebuildScriptCaches (52ms)
			SetupLoadedEditorAssemblies (342ms)
				LogAssemblyErrors (0ms)
				InitializePlatformSupportModulesInManaged (12ms)
				SetLoadedEditorAssemblies (0ms)
				RefreshPlugins (1ms)
				BeforeProcessingInitializeOnLoad (66ms)
				ProcessInitializeOnLoadAttributes (221ms)
				ProcessInitializeOnLoadMethodAttributes (34ms)
				AfterProcessingInitializeOnLoad (7ms)
				EditorAssembliesLoaded (0ms)
			ExecutionOrderSort2 (0ms)
			AwakeInstancesAfterBackupRestoration (11ms)
Platform modules already initialized, skipping
Refreshing native plugins compatible for Editor in 1.61 ms, found 3 plugins.
Preloading 0 native plugins for Editor in 0.00 ms.
Unloading 3409 Unused Serialized files (Serialized files now loaded: 0)
Unloading 21 unused Assets / (78.6 KB). Loaded Objects now: 3930.
Memory consumption went from 126.8 MB to 126.7 MB.
Total: 2.619700 ms (FindLiveObjects: 0.228200 ms CreateObjectMapping: 0.150900 ms MarkObjects: 2.163000 ms  DeleteObjects: 0.076700 ms)

AssetImportParameters requested are different than current active one (requested -> active):
  custom:video-decoder-ogg-theora: a1e56fd34408186e4bbccfd4996cb3dc -> 
  custom:container-muxer-webm: aa71ff27fc2769a1b78a27578f13a17b -> 
  custom:container-demuxer-webm: 4f35f7cbe854078d1ac9338744f61a02 -> 
  custom:video-encoder-webm-vp8: eb34c28f22e8b96e1ab97ce403110664 -> 
  custom:audio-encoder-webm-vorbis: bf7c407c2cedff20999df2af8eb42d56 -> 
  custom:framework-win-MediaFoundation: 216162199b28c13a410421893ffa2e32 -> 
  custom:container-demuxer-ogg: 62fdf1f143b41e24485cea50d1cbac27 -> 
  custom:video-decoder-webm-vp8: 9c59270c3fd7afecdb556c50c9e8de78 -> 
  custom:audio-decoder-ogg-vorbis: bf7c407c2cedff20999df2af8eb42d56 -> 
Editor requested this worker to shutdown with reason: Scaling down because of idle timeout
AssetImportWorker is now disconnected from the server
Process exiting
Exiting without the bug reporter. Application will terminate with return code 0