Using pre-set license
Built from '2021.3/staging' branch; Version is '2021.3.7f1 (24e8595d6d43) revision 2418777'; Using compiler version '192829333'; Build Type 'Release'
OS: 'Windows 11  (10.0.22000) 64bit Professional' Language: 'ko' Physical Memory: 16194 MB
BatchMode: 1, IsHumanControllingUs: 0, StartBugReporterOnCrash: 0, Is64bit: 1, IsPro: 1

COMMAND LINE ARGUMENTS:
C:\Program Files\Unity\Hub\Editor\2021.3.7f1\Editor\Unity.exe
-adb2
-batchMode
-noUpm
-name
AssetImportWorker6
-projectPath
C:/Users/USER/Unity_Program/Unity/UnityChan_MOBA
-logFile
Logs/AssetImportWorker6.log
-srvPort
10429
Successfully changed project path to: C:/Users/USER/Unity_Program/Unity/UnityChan_MOBA
C:/Users/USER/Unity_Program/Unity/UnityChan_MOBA
[UnityMemory] Configuration Parameters - Can be set up in boot.config
    "memorysetup-bucket-allocator-granularity=16"
    "memorysetup-bucket-allocator-bucket-count=8"
    "memorysetup-bucket-allocator-block-size=33554432"
    "memorysetup-bucket-allocator-block-count=8"
    "memorysetup-main-allocator-block-size=16777216"
    "memorysetup-thread-allocator-block-size=16777216"
    "memorysetup-gfx-main-allocator-block-size=16777216"
    "memorysetup-gfx-thread-allocator-block-size=16777216"
    "memorysetup-cache-allocator-block-size=4194304"
    "memorysetup-typetree-allocator-block-size=2097152"
    "memorysetup-profiler-bucket-allocator-granularity=16"
    "memorysetup-profiler-bucket-allocator-bucket-count=8"
    "memorysetup-profiler-bucket-allocator-block-size=33554432"
    "memorysetup-profiler-bucket-allocator-block-count=8"
    "memorysetup-profiler-allocator-block-size=16777216"
    "memorysetup-profiler-editor-allocator-block-size=1048576"
    "memorysetup-temp-allocator-size-main=16777216"
    "memorysetup-job-temp-allocator-block-size=2097152"
    "memorysetup-job-temp-allocator-block-size-background=1048576"
    "memorysetup-job-temp-allocator-reduction-small-platforms=262144"
    "memorysetup-temp-allocator-size-background-worker=32768"
    "memorysetup-temp-allocator-size-job-worker=262144"
    "memorysetup-temp-allocator-size-preload-manager=33554432"
    "memorysetup-temp-allocator-size-nav-mesh-worker=65536"
    "memorysetup-temp-allocator-size-audio-worker=65536"
    "memorysetup-temp-allocator-size-cloud-worker=32768"
    "memorysetup-temp-allocator-size-gi-baking-worker=262144"
    "memorysetup-temp-allocator-size-gfx=262144"
Refreshing native plugins compatible for Editor in 142.04 ms, found 3 plugins.
Preloading 0 native plugins for Editor in 0.00 ms.
Initialize engine version: 2021.3.7f1 (24e8595d6d43)
[Subsystems] Discovering subsystems at path C:/Program Files/Unity/Hub/Editor/2021.3.7f1/Editor/Data/Resources/UnitySubsystems
[Subsystems] Discovering subsystems at path C:/Users/USER/Unity_Program/Unity/UnityChan_MOBA/Assets
GfxDevice: creating device client; threaded=0; jobified=0
Direct3D:
    Version:  Direct3D 11.0 [level 11.1]
    Renderer: NVIDIA GeForce RTX 2070 (ID=0x1f14)
    Vendor:   NVIDIA
    VRAM:     8031 MB
    Driver:   30.0.15.1165
Initialize mono
Mono path[0] = 'C:/Program Files/Unity/Hub/Editor/2021.3.7f1/Editor/Data/Managed'
Mono path[1] = 'C:/Program Files/Unity/Hub/Editor/2021.3.7f1/Editor/Data/MonoBleedingEdge/lib/mono/unityjit-win32'
Mono config path = 'C:/Program Files/Unity/Hub/Editor/2021.3.7f1/Editor/Data/MonoBleedingEdge/etc'
Using monoOptions --debugger-agent=transport=dt_socket,embedding=1,server=y,suspend=n,address=127.0.0.1:56644
Begin MonoManager ReloadAssembly
Registering precompiled unity dll's ...
Register platform support module: C:/Program Files/Unity/Hub/Editor/2021.3.7f1/Editor/Data/PlaybackEngines/WindowsStandaloneSupport/UnityEditor.WindowsStandalone.Extensions.dll
Registered in 0.116370 seconds.
Native extension for WindowsStandalone target not found
Refreshing native plugins compatible for Editor in 87.70 ms, found 3 plugins.
Preloading 0 native plugins for Editor in 0.00 ms.
Mono: successfully reloaded assembly
- Completed reload, in  4.378 seconds
Domain Reload Profiling:
	ReloadAssembly (4379ms)
		BeginReloadAssembly (3160ms)
			ExecutionOrderSort (0ms)
			DisableScriptedObjects (0ms)
			BackupInstance (0ms)
			ReleaseScriptingObjects (0ms)
			CreateAndSetChildDomain (1ms)
		EndReloadAssembly (786ms)
			LoadAssemblies (3157ms)
			RebuildTransferFunctionScriptingTraits (0ms)
			SetupTypeCache (434ms)
			ReleaseScriptCaches (0ms)
			RebuildScriptCaches (29ms)
			SetupLoadedEditorAssemblies (266ms)
				LogAssemblyErrors (0ms)
				InitializePlatformSupportModulesInManaged (8ms)
				SetLoadedEditorAssemblies (0ms)
				RefreshPlugins (88ms)
				BeforeProcessingInitializeOnLoad (2ms)
				ProcessInitializeOnLoadAttributes (120ms)
				ProcessInitializeOnLoadMethodAttributes (48ms)
				AfterProcessingInitializeOnLoad (0ms)
				EditorAssembliesLoaded (0ms)
			ExecutionOrderSort2 (0ms)
			AwakeInstancesAfterBackupRestoration (0ms)
Platform modules already initialized, skipping
Registering precompiled user dll's ...
Registered in 0.005770 seconds.
Begin MonoManager ReloadAssembly
Symbol file LoadedFromMemory doesn't match image C:\Users\USER\Unity_Program\Unity\UnityChan_MOBA\Library\PackageCache\com.unity.visualscripting@1.7.8\Editor\VisualScripting.Core\Dependencies\YamlDotNet\Unity.VisualScripting.YamlDotNet.dll
Symbol file LoadedFromMemory doesn't match image C:\Users\USER\Unity_Program\Unity\UnityChan_MOBA\Library\PackageCache\com.unity.visualscripting@1.7.8\Editor\VisualScripting.Core\Dependencies\DotNetZip\Unity.VisualScripting.IonicZip.dll
Native extension for WindowsStandalone target not found
Refreshing native plugins compatible for Editor in 0.64 ms, found 3 plugins.
Preloading 0 native plugins for Editor in 0.00 ms.
Mono: successfully reloaded assembly
- Completed reload, in  4.801 seconds
Domain Reload Profiling:
	ReloadAssembly (4802ms)
		BeginReloadAssembly (118ms)
			ExecutionOrderSort (0ms)
			DisableScriptedObjects (6ms)
			BackupInstance (0ms)
			ReleaseScriptingObjects (0ms)
			CreateAndSetChildDomain (16ms)
		EndReloadAssembly (4519ms)
			LoadAssemblies (2478ms)
			RebuildTransferFunctionScriptingTraits (0ms)
			SetupTypeCache (672ms)
			ReleaseScriptCaches (1ms)
			RebuildScriptCaches (49ms)
			SetupLoadedEditorAssemblies (1285ms)
				LogAssemblyErrors (0ms)
				InitializePlatformSupportModulesInManaged (6ms)
				SetLoadedEditorAssemblies (1ms)
				RefreshPlugins (1ms)
				BeforeProcessingInitializeOnLoad (99ms)
				ProcessInitializeOnLoadAttributes (288ms)
				ProcessInitializeOnLoadMethodAttributes (882ms)
				AfterProcessingInitializeOnLoad (8ms)
				EditorAssembliesLoaded (0ms)
			ExecutionOrderSort2 (0ms)
			AwakeInstancesAfterBackupRestoration (8ms)
Platform modules already initialized, skipping
========================================================================
Worker process is ready to serve import requests
Launched and connected shader compiler UnityShaderCompiler.exe after 0.07 seconds
Refreshing native plugins compatible for Editor in 0.52 ms, found 3 plugins.
Preloading 0 native plugins for Editor in 0.00 ms.
Unloading 3493 Unused Serialized files (Serialized files now loaded: 0)
Unloading 89 unused Assets / (10.7 MB). Loaded Objects now: 3888.
Memory consumption went from 158.5 MB to 147.8 MB.
Total: 7.417900 ms (FindLiveObjects: 0.284100 ms CreateObjectMapping: 0.202800 ms MarkObjects: 2.511600 ms  DeleteObjects: 4.418800 ms)

AssetImportParameters requested are different than current active one (requested -> active):
  custom:video-decoder-ogg-theora: a1e56fd34408186e4bbccfd4996cb3dc -> 
  custom:container-muxer-webm: aa71ff27fc2769a1b78a27578f13a17b -> 
  custom:container-demuxer-webm: 4f35f7cbe854078d1ac9338744f61a02 -> 
  custom:video-encoder-webm-vp8: eb34c28f22e8b96e1ab97ce403110664 -> 
  custom:audio-encoder-webm-vorbis: bf7c407c2cedff20999df2af8eb42d56 -> 
  custom:framework-win-MediaFoundation: 216162199b28c13a410421893ffa2e32 -> 
  custom:container-demuxer-ogg: 62fdf1f143b41e24485cea50d1cbac27 -> 
  custom:video-decoder-webm-vp8: 9c59270c3fd7afecdb556c50c9e8de78 -> 
  custom:audio-decoder-ogg-vorbis: bf7c407c2cedff20999df2af8eb42d56 -> 
========================================================================
Received Import Request.
  Time since last request: 45004.346939 seconds.
  path: Assets/Download/SD Unity-Chan Haon Custom/Models/Parts/Accessory_02.fbx
  artifactKey: Guid(61aec2bbd941a4c45831b3509a290539) Importer(815301076,1909f56bfc062723c751e8b465ee728b)
Start importing Assets/Download/SD Unity-Chan Haon Custom/Models/Parts/Accessory_02.fbx using Guid(61aec2bbd941a4c45831b3509a290539) Importer(815301076,1909f56bfc062723c751e8b465ee728b)  -> (artifact id: '6216e9a75db394c4b330adec42d0acb9') in 0.225020 seconds 
========================================================================
Received Import Request.
  Time since last request: 0.000027 seconds.
  path: Assets/Download/SD Unity-Chan Haon Custom/Models/Parts/Costume_01.fbx
  artifactKey: Guid(193a954f66f3cf943bceaccec7ce331e) Importer(815301076,1909f56bfc062723c751e8b465ee728b)
Start importing Assets/Download/SD Unity-Chan Haon Custom/Models/Parts/Costume_01.fbx using Guid(193a954f66f3cf943bceaccec7ce331e) Importer(815301076,1909f56bfc062723c751e8b465ee728b)  -> (artifact id: '0dbba9ae79b1555524eb6489e83e317e') in 0.064367 seconds 
========================================================================
Received Import Request.
  Time since last request: 0.000038 seconds.
  path: Assets/Download/SD Unity-Chan Haon Custom/Models/Parts/Hair_00_Front.fbx
  artifactKey: Guid(ba08044b46b9d274191503b96449b16e) Importer(815301076,1909f56bfc062723c751e8b465ee728b)
Start importing Assets/Download/SD Unity-Chan Haon Custom/Models/Parts/Hair_00_Front.fbx using Guid(ba08044b46b9d274191503b96449b16e) Importer(815301076,1909f56bfc062723c751e8b465ee728b)  -> (artifact id: '98d889a79c93774fb9d5818d2a3312e7') in 0.038204 seconds 
========================================================================
Received Import Request.
  Time since last request: 0.000014 seconds.
  path: Assets/Download/SD Unity-Chan Haon Custom/Models/Parts/EyeLight_00_L.fbx
  artifactKey: Guid(6131178e2a1e42242b6d58f6ba6aa6d7) Importer(815301076,1909f56bfc062723c751e8b465ee728b)
Start importing Assets/Download/SD Unity-Chan Haon Custom/Models/Parts/EyeLight_00_L.fbx using Guid(6131178e2a1e42242b6d58f6ba6aa6d7) Importer(815301076,1909f56bfc062723c751e8b465ee728b)  -> (artifact id: '00e7aca0d39f4d519f19de5cc541da29') in 0.026944 seconds 
========================================================================
Received Import Request.
  Time since last request: 0.000025 seconds.
  path: Assets/Download/SD Unity-Chan Haon Custom/Models/Parts/Eye_00_L.fbx
  artifactKey: Guid(ddd8fa7b3e90f5a47ac055791c33cd33) Importer(815301076,1909f56bfc062723c751e8b465ee728b)
Start importing Assets/Download/SD Unity-Chan Haon Custom/Models/Parts/Eye_00_L.fbx using Guid(ddd8fa7b3e90f5a47ac055791c33cd33) Importer(815301076,1909f56bfc062723c751e8b465ee728b)  -> (artifact id: '94ac86d34b76cf3a34a6fc6ca100c88b') in 0.029561 seconds 
========================================================================
Received Import Request.
  Time since last request: 0.000019 seconds.
  path: Assets/Download/SD Unity-Chan Haon Custom/Models/Parts/EyeLight_01_R.fbx
  artifactKey: Guid(9f5f7a3051964b14d8eb48a0ba574e3f) Importer(815301076,1909f56bfc062723c751e8b465ee728b)
Start importing Assets/Download/SD Unity-Chan Haon Custom/Models/Parts/EyeLight_01_R.fbx using Guid(9f5f7a3051964b14d8eb48a0ba574e3f) Importer(815301076,1909f56bfc062723c751e8b465ee728b)  -> (artifact id: '161d895582959e31899056e74bd4e4aa') in 0.018303 seconds 
========================================================================
Received Import Request.
  Time since last request: 0.000025 seconds.
  path: Assets/Download/SD Unity-Chan Haon Custom/Models/Parts/Eye_01_R.fbx
  artifactKey: Guid(3c36a19694fa33d4f8972df9cab583c5) Importer(815301076,1909f56bfc062723c751e8b465ee728b)
Start importing Assets/Download/SD Unity-Chan Haon Custom/Models/Parts/Eye_01_R.fbx using Guid(3c36a19694fa33d4f8972df9cab583c5) Importer(815301076,1909f56bfc062723c751e8b465ee728b)  -> (artifact id: '84d230cf043022684667d18fa9ec2e3a') in 0.048304 seconds 
========================================================================
Received Import Request.
  Time since last request: 0.000024 seconds.
  path: Assets/Download/SD Unity-Chan Haon Custom/Models/Parts/Eye_02_L.fbx
  artifactKey: Guid(9ce156784ef209045be338a368e13d9d) Importer(815301076,1909f56bfc062723c751e8b465ee728b)
Start importing Assets/Download/SD Unity-Chan Haon Custom/Models/Parts/Eye_02_L.fbx using Guid(9ce156784ef209045be338a368e13d9d) Importer(815301076,1909f56bfc062723c751e8b465ee728b)  -> (artifact id: '6e76030f9a278b7ac5fba49aa04cb3ae') in 0.033737 seconds 
========================================================================
Received Import Request.
  Time since last request: 0.000044 seconds.
  path: Assets/Download/SD Unity-Chan Haon Custom/Models/Parts/Costume_02.fbx
  artifactKey: Guid(dd4802cc7972ecb4699ed0b29916793f) Importer(815301076,1909f56bfc062723c751e8b465ee728b)
Start importing Assets/Download/SD Unity-Chan Haon Custom/Models/Parts/Costume_02.fbx using Guid(dd4802cc7972ecb4699ed0b29916793f) Importer(815301076,1909f56bfc062723c751e8b465ee728b)  -> (artifact id: '602bcc1b152cbd2fd530cc5aa7705da9') in 0.051162 seconds 
========================================================================
Received Import Request.
  Time since last request: 0.000034 seconds.
  path: Assets/Download/SD Unity-Chan Haon Custom/Models/Parts/Hair_02_Front.fbx
  artifactKey: Guid(cade0cf166c5da34681e0c24647b45a1) Importer(815301076,1909f56bfc062723c751e8b465ee728b)
Start importing Assets/Download/SD Unity-Chan Haon Custom/Models/Parts/Hair_02_Front.fbx using Guid(cade0cf166c5da34681e0c24647b45a1) Importer(815301076,1909f56bfc062723c751e8b465ee728b)  -> (artifact id: 'e83382eee348cdeefd6f9b65e093abc4') in 0.035495 seconds 
========================================================================
Received Import Request.
  Time since last request: 0.000026 seconds.
  path: Assets/Download/SD Unity-Chan Haon Custom/Models/Parts/Eye_01_L.fbx
  artifactKey: Guid(2f676b8f712ef0f40825ad6df2132f8d) Importer(815301076,1909f56bfc062723c751e8b465ee728b)
Start importing Assets/Download/SD Unity-Chan Haon Custom/Models/Parts/Eye_01_L.fbx using Guid(2f676b8f712ef0f40825ad6df2132f8d) Importer(815301076,1909f56bfc062723c751e8b465ee728b)  -> (artifact id: 'f24ff77beddff5d4e97d0addabc2b3c2') in 0.038517 seconds 
========================================================================
Received Import Request.
  Time since last request: 4.142332 seconds.
  path: Assets/Download/SD Unity-Chan Haon Custom/Prefabs/Accessory/Accessory_02.prefab
  artifactKey: Guid(abe0fa6ddf3a84b4d828a8959218062c) Importer(815301076,1909f56bfc062723c751e8b465ee728b)
Start importing Assets/Download/SD Unity-Chan Haon Custom/Prefabs/Accessory/Accessory_02.prefab using Guid(abe0fa6ddf3a84b4d828a8959218062c) Importer(815301076,1909f56bfc062723c751e8b465ee728b)  -> (artifact id: 'bf00bd5039c531ca8a4b37327b264625') in 0.019245 seconds 
========================================================================
Received Import Request.
  Time since last request: 0.343716 seconds.
  path: Assets/Download/SD Unity-Chan Haon Custom/Prefabs/Costume/Costume_03.prefab
  artifactKey: Guid(ca482aba381d3e4498d2136e7e10bc55) Importer(815301076,1909f56bfc062723c751e8b465ee728b)
Start importing Assets/Download/SD Unity-Chan Haon Custom/Prefabs/Costume/Costume_03.prefab using Guid(ca482aba381d3e4498d2136e7e10bc55) Importer(815301076,1909f56bfc062723c751e8b465ee728b)  -> (artifact id: 'd0cb6a3be019233c0bdce8c07ed6fef6') in 0.039106 seconds 
========================================================================
Received Import Request.
  Time since last request: 0.450934 seconds.
  path: Assets/Download/SD Unity-Chan Haon Custom/Prefabs/Eye/Eye_01_L Set.prefab
  artifactKey: Guid(29ab8931567e29c438cf7150f34392ac) Importer(815301076,1909f56bfc062723c751e8b465ee728b)
Start importing Assets/Download/SD Unity-Chan Haon Custom/Prefabs/Eye/Eye_01_L Set.prefab using Guid(29ab8931567e29c438cf7150f34392ac) Importer(815301076,1909f56bfc062723c751e8b465ee728b)  -> (artifact id: '643814ef47c7c6d7d9af9d5b6bd3238f') in 0.024591 seconds 
========================================================================
Received Import Request.
  Time since last request: 0.000029 seconds.
  path: Assets/Download/SD Unity-Chan Haon Custom/Prefabs/Eye/Eye_02_L.prefab
  artifactKey: Guid(f5158436fc31c5345b33e47a5f9d0e00) Importer(815301076,1909f56bfc062723c751e8b465ee728b)
Start importing Assets/Download/SD Unity-Chan Haon Custom/Prefabs/Eye/Eye_02_L.prefab using Guid(f5158436fc31c5345b33e47a5f9d0e00) Importer(815301076,1909f56bfc062723c751e8b465ee728b)  -> (artifact id: 'd0c6a06d7ba64786c2c0b6aa28b95a99') in 0.020013 seconds 
========================================================================
Received Import Request.
  Time since last request: 0.000030 seconds.
  path: Assets/Download/SD Unity-Chan Haon Custom/Prefabs/Eye/Eye_02_R.prefab
  artifactKey: Guid(f077eb19f8b48ae4cb694a51246c00f3) Importer(815301076,1909f56bfc062723c751e8b465ee728b)
Start importing Assets/Download/SD Unity-Chan Haon Custom/Prefabs/Eye/Eye_02_R.prefab using Guid(f077eb19f8b48ae4cb694a51246c00f3) Importer(815301076,1909f56bfc062723c751e8b465ee728b)  -> (artifact id: '5703922ea0a5ccdb9cb936678955c64c') in 0.020782 seconds 
========================================================================
Received Import Request.
  Time since last request: 0.000022 seconds.
  path: Assets/Download/SD Unity-Chan Haon Custom/Prefabs/Eye/Eye_02_L Set.prefab
  artifactKey: Guid(282fc3ed463960841b1db11c63b66dfe) Importer(815301076,1909f56bfc062723c751e8b465ee728b)
Start importing Assets/Download/SD Unity-Chan Haon Custom/Prefabs/Eye/Eye_02_L Set.prefab using Guid(282fc3ed463960841b1db11c63b66dfe) Importer(815301076,1909f56bfc062723c751e8b465ee728b)  -> (artifact id: '91e630f79f68c80f90c9b0bd1ce1aced') in 0.021044 seconds 
========================================================================
Received Import Request.
  Time since last request: 0.000026 seconds.
  path: Assets/Download/SD Unity-Chan Haon Custom/Prefabs/Eye/EyeLight_02_R.prefab
  artifactKey: Guid(44f3e34e8bdf4024fb93e3f7c23b727b) Importer(815301076,1909f56bfc062723c751e8b465ee728b)
Start importing Assets/Download/SD Unity-Chan Haon Custom/Prefabs/Eye/EyeLight_02_R.prefab using Guid(44f3e34e8bdf4024fb93e3f7c23b727b) Importer(815301076,1909f56bfc062723c751e8b465ee728b)  -> (artifact id: 'a69f559046aeb99c7f544e19a8b82376') in 0.018012 seconds 
========================================================================
Received Import Request.
  Time since last request: 0.396537 seconds.
  path: Assets/Download/SD Unity-Chan Haon Custom/Prefabs/Face/Face_02 BlendShapes.prefab
  artifactKey: Guid(94f3d3d4513b0e84b9e5ec059a45bb0e) Importer(815301076,1909f56bfc062723c751e8b465ee728b)
Start importing Assets/Download/SD Unity-Chan Haon Custom/Prefabs/Face/Face_02 BlendShapes.prefab using Guid(94f3d3d4513b0e84b9e5ec059a45bb0e) Importer(815301076,1909f56bfc062723c751e8b465ee728b)  -> (artifact id: '919394c1f5b484f549342461bd0093f3') in 0.016906 seconds 
========================================================================
Received Import Request.
  Time since last request: 0.963501 seconds.
  path: Assets/Download/SD Unity-Chan Haon Custom/Prefabs/Hair/Hair_01_Base.prefab
  artifactKey: Guid(be38d6b12ed58804eac2f990a0697bde) Importer(815301076,1909f56bfc062723c751e8b465ee728b)
Start importing Assets/Download/SD Unity-Chan Haon Custom/Prefabs/Hair/Hair_01_Base.prefab using Guid(be38d6b12ed58804eac2f990a0697bde) Importer(815301076,1909f56bfc062723c751e8b465ee728b)  -> (artifact id: 'd504d08bf388e47f65721112836430f9') in 0.024438 seconds 
Editor requested this worker to shutdown with reason: Scaling down because of idle timeout
AssetImportWorker is now disconnected from the server
Process exiting
Exiting without the bug reporter. Application will terminate with return code 0