Using pre-set license
Built from '2021.3/staging' branch; Version is '2021.3.7f1 (24e8595d6d43) revision 2418777'; Using compiler version '192829333'; Build Type 'Release'
OS: 'Windows 11  (10.0.22000) 64bit Professional' Language: 'ko' Physical Memory: 16194 MB
BatchMode: 1, IsHumanControllingUs: 0, StartBugReporterOnCrash: 0, Is64bit: 1, IsPro: 1

COMMAND LINE ARGUMENTS:
C:\Program Files\Unity\Hub\Editor\2021.3.7f1\Editor\Unity.exe
-adb2
-batchMode
-noUpm
-name
AssetImportWorker2
-projectPath
C:/Users/USER/Unity_Program/Unity/UnityChan_MOBA
-logFile
Logs/AssetImportWorker2.log
-srvPort
7280
Successfully changed project path to: C:/Users/USER/Unity_Program/Unity/UnityChan_MOBA
C:/Users/USER/Unity_Program/Unity/UnityChan_MOBA
[UnityMemory] Configuration Parameters - Can be set up in boot.config
    "memorysetup-bucket-allocator-granularity=16"
    "memorysetup-bucket-allocator-bucket-count=8"
    "memorysetup-bucket-allocator-block-size=33554432"
    "memorysetup-bucket-allocator-block-count=8"
    "memorysetup-main-allocator-block-size=16777216"
    "memorysetup-thread-allocator-block-size=16777216"
    "memorysetup-gfx-main-allocator-block-size=16777216"
    "memorysetup-gfx-thread-allocator-block-size=16777216"
    "memorysetup-cache-allocator-block-size=4194304"
    "memorysetup-typetree-allocator-block-size=2097152"
    "memorysetup-profiler-bucket-allocator-granularity=16"
    "memorysetup-profiler-bucket-allocator-bucket-count=8"
    "memorysetup-profiler-bucket-allocator-block-size=33554432"
    "memorysetup-profiler-bucket-allocator-block-count=8"
    "memorysetup-profiler-allocator-block-size=16777216"
    "memorysetup-profiler-editor-allocator-block-size=1048576"
    "memorysetup-temp-allocator-size-main=16777216"
    "memorysetup-job-temp-allocator-block-size=2097152"
    "memorysetup-job-temp-allocator-block-size-background=1048576"
    "memorysetup-job-temp-allocator-reduction-small-platforms=262144"
    "memorysetup-temp-allocator-size-background-worker=32768"
    "memorysetup-temp-allocator-size-job-worker=262144"
    "memorysetup-temp-allocator-size-preload-manager=33554432"
    "memorysetup-temp-allocator-size-nav-mesh-worker=65536"
    "memorysetup-temp-allocator-size-audio-worker=65536"
    "memorysetup-temp-allocator-size-cloud-worker=32768"
    "memorysetup-temp-allocator-size-gi-baking-worker=262144"
    "memorysetup-temp-allocator-size-gfx=262144"
Refreshing native plugins compatible for Editor in 111.72 ms, found 3 plugins.
Preloading 0 native plugins for Editor in 0.00 ms.
Initialize engine version: 2021.3.7f1 (24e8595d6d43)
[Subsystems] Discovering subsystems at path C:/Program Files/Unity/Hub/Editor/2021.3.7f1/Editor/Data/Resources/UnitySubsystems
[Subsystems] Discovering subsystems at path C:/Users/USER/Unity_Program/Unity/UnityChan_MOBA/Assets
GfxDevice: creating device client; threaded=0; jobified=0
Direct3D:
    Version:  Direct3D 11.0 [level 11.1]
    Renderer: NVIDIA GeForce RTX 2070 (ID=0x1f14)
    Vendor:   NVIDIA
    VRAM:     8031 MB
    Driver:   30.0.15.1165
Initialize mono
Mono path[0] = 'C:/Program Files/Unity/Hub/Editor/2021.3.7f1/Editor/Data/Managed'
Mono path[1] = 'C:/Program Files/Unity/Hub/Editor/2021.3.7f1/Editor/Data/MonoBleedingEdge/lib/mono/unityjit-win32'
Mono config path = 'C:/Program Files/Unity/Hub/Editor/2021.3.7f1/Editor/Data/MonoBleedingEdge/etc'
Using monoOptions --debugger-agent=transport=dt_socket,embedding=1,server=y,suspend=n,address=127.0.0.1:56968
Begin MonoManager ReloadAssembly
Registering precompiled unity dll's ...
Register platform support module: C:/Program Files/Unity/Hub/Editor/2021.3.7f1/Editor/Data/PlaybackEngines/WindowsStandaloneSupport/UnityEditor.WindowsStandalone.Extensions.dll
Registered in 0.007624 seconds.
Native extension for WindowsStandalone target not found
Refreshing native plugins compatible for Editor in 92.64 ms, found 3 plugins.
Preloading 0 native plugins for Editor in 0.00 ms.
Mono: successfully reloaded assembly
- Completed reload, in  0.634 seconds
Domain Reload Profiling:
	ReloadAssembly (635ms)
		BeginReloadAssembly (71ms)
			ExecutionOrderSort (0ms)
			DisableScriptedObjects (0ms)
			BackupInstance (0ms)
			ReleaseScriptingObjects (0ms)
			CreateAndSetChildDomain (1ms)
		EndReloadAssembly (451ms)
			LoadAssemblies (69ms)
			RebuildTransferFunctionScriptingTraits (0ms)
			SetupTypeCache (103ms)
			ReleaseScriptCaches (0ms)
			RebuildScriptCaches (28ms)
			SetupLoadedEditorAssemblies (269ms)
				LogAssemblyErrors (0ms)
				InitializePlatformSupportModulesInManaged (8ms)
				SetLoadedEditorAssemblies (0ms)
				RefreshPlugins (93ms)
				BeforeProcessingInitializeOnLoad (1ms)
				ProcessInitializeOnLoadAttributes (122ms)
				ProcessInitializeOnLoadMethodAttributes (45ms)
				AfterProcessingInitializeOnLoad (0ms)
				EditorAssembliesLoaded (0ms)
			ExecutionOrderSort2 (0ms)
			AwakeInstancesAfterBackupRestoration (0ms)
Platform modules already initialized, skipping
Registering precompiled user dll's ...
Registered in 0.007236 seconds.
Begin MonoManager ReloadAssembly
Symbol file LoadedFromMemory doesn't match image C:\Users\USER\Unity_Program\Unity\UnityChan_MOBA\Library\PackageCache\com.unity.visualscripting@1.7.8\Editor\VisualScripting.Core\Dependencies\YamlDotNet\Unity.VisualScripting.YamlDotNet.dll
Symbol file LoadedFromMemory doesn't match image C:\Users\USER\Unity_Program\Unity\UnityChan_MOBA\Library\PackageCache\com.unity.visualscripting@1.7.8\Editor\VisualScripting.Core\Dependencies\DotNetZip\Unity.VisualScripting.IonicZip.dll
Native extension for WindowsStandalone target not found
Refreshing native plugins compatible for Editor in 0.85 ms, found 3 plugins.
Preloading 0 native plugins for Editor in 0.00 ms.
Mono: successfully reloaded assembly
- Completed reload, in  1.046 seconds
Domain Reload Profiling:
	ReloadAssembly (1047ms)
		BeginReloadAssembly (112ms)
			ExecutionOrderSort (0ms)
			DisableScriptedObjects (5ms)
			BackupInstance (0ms)
			ReleaseScriptingObjects (0ms)
			CreateAndSetChildDomain (17ms)
		EndReloadAssembly (820ms)
			LoadAssemblies (91ms)
			RebuildTransferFunctionScriptingTraits (0ms)
			SetupTypeCache (272ms)
			ReleaseScriptCaches (1ms)
			RebuildScriptCaches (52ms)
			SetupLoadedEditorAssemblies (367ms)
				LogAssemblyErrors (0ms)
				InitializePlatformSupportModulesInManaged (5ms)
				SetLoadedEditorAssemblies (0ms)
				RefreshPlugins (1ms)
				BeforeProcessingInitializeOnLoad (90ms)
				ProcessInitializeOnLoadAttributes (232ms)
				ProcessInitializeOnLoadMethodAttributes (30ms)
				AfterProcessingInitializeOnLoad (9ms)
				EditorAssembliesLoaded (0ms)
			ExecutionOrderSort2 (0ms)
			AwakeInstancesAfterBackupRestoration (11ms)
Platform modules already initialized, skipping
========================================================================
Worker process is ready to serve import requests
Launched and connected shader compiler UnityShaderCompiler.exe after 0.04 seconds
Refreshing native plugins compatible for Editor in 0.55 ms, found 3 plugins.
Preloading 0 native plugins for Editor in 0.00 ms.
Unloading 3650 Unused Serialized files (Serialized files now loaded: 0)
Unloading 95 unused Assets / (10.9 MB). Loaded Objects now: 4042.
Memory consumption went from 166.3 MB to 155.4 MB.
Total: 10.022400 ms (FindLiveObjects: 0.281500 ms CreateObjectMapping: 0.206500 ms MarkObjects: 4.067500 ms  DeleteObjects: 5.466000 ms)

AssetImportParameters requested are different than current active one (requested -> active):
  custom:video-decoder-ogg-theora: a1e56fd34408186e4bbccfd4996cb3dc -> 
  custom:container-muxer-webm: aa71ff27fc2769a1b78a27578f13a17b -> 
  custom:container-demuxer-webm: 4f35f7cbe854078d1ac9338744f61a02 -> 
  custom:video-encoder-webm-vp8: eb34c28f22e8b96e1ab97ce403110664 -> 
  custom:audio-encoder-webm-vorbis: bf7c407c2cedff20999df2af8eb42d56 -> 
  custom:framework-win-MediaFoundation: 216162199b28c13a410421893ffa2e32 -> 
  custom:container-demuxer-ogg: 62fdf1f143b41e24485cea50d1cbac27 -> 
  custom:video-decoder-webm-vp8: 9c59270c3fd7afecdb556c50c9e8de78 -> 
  custom:audio-decoder-ogg-vorbis: bf7c407c2cedff20999df2af8eb42d56 -> 
========================================================================
Received Import Request.
  Time since last request: 5419.800863 seconds.
  path: Assets/Animation/MisakiSkillQ.fbx
  artifactKey: Guid(9649d920cbaff924fb738b72ea61fe60) Importer(815301076,1909f56bfc062723c751e8b465ee728b)
Start importing Assets/Animation/MisakiSkillQ.fbx using Guid(9649d920cbaff924fb738b72ea61fe60) Importer(815301076,1909f56bfc062723c751e8b465ee728b)  -> (artifact id: '453995fc5c45e8f461b9ffeb6d41fbfe') in 0.072030 seconds 
========================================================================
Received Import Request.
  Time since last request: 10.209526 seconds.
  path: Assets/Animation/mixamo.com.anim
  artifactKey: Guid(5ae77ef00dac3f04ab27109ae7fed0f9) Importer(815301076,1909f56bfc062723c751e8b465ee728b)
Start importing Assets/Animation/mixamo.com.anim using Guid(5ae77ef00dac3f04ab27109ae7fed0f9) Importer(815301076,1909f56bfc062723c751e8b465ee728b)  -> (artifact id: '4d44700db274243b26778c63cde40381') in 0.018254 seconds 
========================================================================
Received Import Request.
  Time since last request: 7.606942 seconds.
  path: Assets/Animation/MisakiSkillQ.anim
  artifactKey: Guid(5ae77ef00dac3f04ab27109ae7fed0f9) Importer(815301076,1909f56bfc062723c751e8b465ee728b)
Start importing Assets/Animation/MisakiSkillQ.anim using Guid(5ae77ef00dac3f04ab27109ae7fed0f9) Importer(815301076,1909f56bfc062723c751e8b465ee728b)  -> (artifact id: 'b2d6c367dec46316a70119325c674fae') in 0.010180 seconds 
========================================================================
Received Import Request.
  Time since last request: 7.259287 seconds.
  path: Assets/Animation/Anim
  artifactKey: Guid(f78dade0096daca439a378ff261ee26a) Importer(815301076,1909f56bfc062723c751e8b465ee728b)
Start importing Assets/Animation/Anim using Guid(f78dade0096daca439a378ff261ee26a) Importer(815301076,1909f56bfc062723c751e8b465ee728b)  -> (artifact id: '03a6512ee43568ffe1930fadf67b7f65') in 0.005710 seconds 
========================================================================
Received Import Request.
  Time since last request: 68.731013 seconds.
  path: Assets/Animation/Anim/MisakiSkillQ.fbx
  artifactKey: Guid(9649d920cbaff924fb738b72ea61fe60) Importer(815301076,1909f56bfc062723c751e8b465ee728b)
Start importing Assets/Animation/Anim/MisakiSkillQ.fbx using Guid(9649d920cbaff924fb738b72ea61fe60) Importer(815301076,1909f56bfc062723c751e8b465ee728b)  -> (artifact id: '2d9c09286aa1527b481a61793a34bd6c') in 0.010543 seconds 
========================================================================
Received Import Request.
  Time since last request: 11.483489 seconds.
  path: Assets/Animation/Anim/MisakiSkillQ.fbx
  artifactKey: Guid(9649d920cbaff924fb738b72ea61fe60) Importer(815301076,1909f56bfc062723c751e8b465ee728b)
Start importing Assets/Animation/Anim/MisakiSkillQ.fbx using Guid(9649d920cbaff924fb738b72ea61fe60) Importer(815301076,1909f56bfc062723c751e8b465ee728b)  -> (artifact id: '0b1546dda6747d469d9e43795c64c87e') in 0.007328 seconds 
========================================================================
Received Import Request.
  Time since last request: 3.814254 seconds.
  path: Assets/Animation/Anim/mixamo.com.anim
  artifactKey: Guid(0cd056488635e0b4b8edaa885e4e3125) Importer(815301076,1909f56bfc062723c751e8b465ee728b)
Start importing Assets/Animation/Anim/mixamo.com.anim using Guid(0cd056488635e0b4b8edaa885e4e3125) Importer(815301076,1909f56bfc062723c751e8b465ee728b)  -> (artifact id: 'abcf6616a770b3a54db9394d6df968f9') in 0.018243 seconds 
========================================================================
Received Import Request.
  Time since last request: 309.092228 seconds.
  path: Assets/Animation/Anim/Misaki_Skill_Q.fbx
  artifactKey: Guid(0a95e470d634a764f91617ad54b71a89) Importer(815301076,1909f56bfc062723c751e8b465ee728b)
Start importing Assets/Animation/Anim/Misaki_Skill_Q.fbx using Guid(0a95e470d634a764f91617ad54b71a89) Importer(815301076,1909f56bfc062723c751e8b465ee728b)  -> (artifact id: 'da9be99d97ab0d0c48fa58a89c8f72f1') in 0.011630 seconds 
========================================================================
Received Import Request.
  Time since last request: 9.636109 seconds.
  path: Assets/Animation/Anim/Misaki_Skill_Q.fbx
  artifactKey: Guid(0a95e470d634a764f91617ad54b71a89) Importer(815301076,1909f56bfc062723c751e8b465ee728b)
Start importing Assets/Animation/Anim/Misaki_Skill_Q.fbx using Guid(0a95e470d634a764f91617ad54b71a89) Importer(815301076,1909f56bfc062723c751e8b465ee728b)  -> (artifact id: '1c9f1337379dd87a5ee8c36e69b5bafa') in 0.008860 seconds 
========================================================================
Received Import Request.
  Time since last request: 5.458058 seconds.
  path: Assets/Animation/Anim/Misaki_Skill_Q.fbx
  artifactKey: Guid(0a95e470d634a764f91617ad54b71a89) Importer(815301076,1909f56bfc062723c751e8b465ee728b)
Start importing Assets/Animation/Anim/Misaki_Skill_Q.fbx using Guid(0a95e470d634a764f91617ad54b71a89) Importer(815301076,1909f56bfc062723c751e8b465ee728b)  -> (artifact id: '768b0ff969925bb554a73e05ac0fec88') in 0.007945 seconds 
========================================================================
Received Import Request.
  Time since last request: 206.160654 seconds.
  path: Assets/Animation/Anim/mixamo.com.anim
  artifactKey: Guid(0cd056488635e0b4b8edaa885e4e3125) Importer(815301076,1909f56bfc062723c751e8b465ee728b)
Start importing Assets/Animation/Anim/mixamo.com.anim using Guid(0cd056488635e0b4b8edaa885e4e3125) Importer(815301076,1909f56bfc062723c751e8b465ee728b)  -> (artifact id: '6349acd762128202c22c51bfbc7ed52f') in 0.032793 seconds 
========================================================================
Received Import Request.
  Time since last request: 13.227439 seconds.
  path: Assets/Animation/Anim/Misaki_Skill_Q.anim
  artifactKey: Guid(0cd056488635e0b4b8edaa885e4e3125) Importer(815301076,1909f56bfc062723c751e8b465ee728b)
Start importing Assets/Animation/Anim/Misaki_Skill_Q.anim using Guid(0cd056488635e0b4b8edaa885e4e3125) Importer(815301076,1909f56bfc062723c751e8b465ee728b)  -> (artifact id: 'c4da1d400c5cb638e788cf4d92742d91') in 0.032612 seconds 
========================================================================
Received Import Request.
  Time since last request: 95.049958 seconds.
  path: Assets/Download/JunkoChan/Prefabs/JunkoChan.prefab
  artifactKey: Guid(e209b9e719437e145951c42cb3c16ae4) Importer(815301076,1909f56bfc062723c751e8b465ee728b)
Start importing Assets/Download/JunkoChan/Prefabs/JunkoChan.prefab using Guid(e209b9e719437e145951c42cb3c16ae4) Importer(815301076,1909f56bfc062723c751e8b465ee728b)  -> (artifact id: '8835f3cc844ac575b5df4030069ca9a7') in 0.097047 seconds 
========================================================================
Received Import Request.
  Time since last request: 62.785712 seconds.
  path: Assets/Animation/Misaki.controller
  artifactKey: Guid(2b741c4b5f5e533439b5afce8fba42ef) Importer(815301076,1909f56bfc062723c751e8b465ee728b)
Start importing Assets/Animation/Misaki.controller using Guid(2b741c4b5f5e533439b5afce8fba42ef) Importer(815301076,1909f56bfc062723c751e8b465ee728b)  -> (artifact id: 'cedd40989604d5d5795391a5a2da393f') in 0.011927 seconds 
========================================================================
Received Import Request.
  Time since last request: 102.180762 seconds.
  path: Assets/Animation/Misaki.controller
  artifactKey: Guid(2b741c4b5f5e533439b5afce8fba42ef) Importer(815301076,1909f56bfc062723c751e8b465ee728b)
Start importing Assets/Animation/Misaki.controller using Guid(2b741c4b5f5e533439b5afce8fba42ef) Importer(815301076,1909f56bfc062723c751e8b465ee728b)  -> (artifact id: 'dfe73dceb256adf32f0ca5f3a55d8188') in 0.005980 seconds 
========================================================================
Received Import Request.
  Time since last request: 1364.988262 seconds.
  path: Assets/Animation/Anim/Misaki_Skill_W.fbx
  artifactKey: Guid(1b09d68bef6dcd2409fed500e641c902) Importer(815301076,1909f56bfc062723c751e8b465ee728b)
Start importing Assets/Animation/Anim/Misaki_Skill_W.fbx using Guid(1b09d68bef6dcd2409fed500e641c902) Importer(815301076,1909f56bfc062723c751e8b465ee728b)  -> (artifact id: '9595fa638e03ee26dad8727305c63090') in 0.014339 seconds 
========================================================================
Received Import Request.
  Time since last request: 1.953744 seconds.
  path: Assets/Animation/Anim/mixamo.com.anim
  artifactKey: Guid(3e5897f253074ba469dad6c886927fc8) Importer(815301076,1909f56bfc062723c751e8b465ee728b)
Start importing Assets/Animation/Anim/mixamo.com.anim using Guid(3e5897f253074ba469dad6c886927fc8) Importer(815301076,1909f56bfc062723c751e8b465ee728b)  -> (artifact id: 'd3e9e552e7bd340e3a27544083e1635d') in 0.014775 seconds 
========================================================================
Received Import Request.
  Time since last request: 12.995709 seconds.
  path: Assets/Animation/Anim/Misaki_Skill_W.anim
  artifactKey: Guid(3e5897f253074ba469dad6c886927fc8) Importer(815301076,1909f56bfc062723c751e8b465ee728b)
Start importing Assets/Animation/Anim/Misaki_Skill_W.anim using Guid(3e5897f253074ba469dad6c886927fc8) Importer(815301076,1909f56bfc062723c751e8b465ee728b)  -> (artifact id: 'dd4f3e41143dd55f32c4ec433039631d') in 0.011048 seconds 
========================================================================
Received Import Request.
  Time since last request: 44.162393 seconds.
  path: Assets/Animation/Anim/Misaki_Skill_W.fbx
  artifactKey: Guid(1b09d68bef6dcd2409fed500e641c902) Importer(815301076,1909f56bfc062723c751e8b465ee728b)
Start importing Assets/Animation/Anim/Misaki_Skill_W.fbx using Guid(1b09d68bef6dcd2409fed500e641c902) Importer(815301076,1909f56bfc062723c751e8b465ee728b)  -> (artifact id: '883d07f821a5c4120805719b5cbdd080') in 0.008823 seconds 
========================================================================
Received Import Request.
  Time since last request: 4.338570 seconds.
  path: Assets/Animation/Anim/Misaki_Skill_W.fbx
  artifactKey: Guid(1b09d68bef6dcd2409fed500e641c902) Importer(815301076,1909f56bfc062723c751e8b465ee728b)
Start importing Assets/Animation/Anim/Misaki_Skill_W.fbx using Guid(1b09d68bef6dcd2409fed500e641c902) Importer(815301076,1909f56bfc062723c751e8b465ee728b)  -> (artifact id: '7675f0615b61795e05793172d8ab0fa0') in 0.008830 seconds 
========================================================================
Received Import Request.
  Time since last request: 6.302073 seconds.
  path: Assets/Animation/Anim/mixamo.com.anim
  artifactKey: Guid(cff463d2e65977b408b66f67afd3a3de) Importer(815301076,1909f56bfc062723c751e8b465ee728b)
Start importing Assets/Animation/Anim/mixamo.com.anim using Guid(cff463d2e65977b408b66f67afd3a3de) Importer(815301076,1909f56bfc062723c751e8b465ee728b)  -> (artifact id: 'ed03e9ff64e4683d1d0168363224520a') in 0.020339 seconds 
========================================================================
Received Import Request.
  Time since last request: 11.647222 seconds.
  path: Assets/Animation/Anim/Misaki_Skill_W.anim
  artifactKey: Guid(cff463d2e65977b408b66f67afd3a3de) Importer(815301076,1909f56bfc062723c751e8b465ee728b)
Start importing Assets/Animation/Anim/Misaki_Skill_W.anim using Guid(cff463d2e65977b408b66f67afd3a3de) Importer(815301076,1909f56bfc062723c751e8b465ee728b)  -> (artifact id: 'dcd87eebc14e2930c7ebc3bb5ab5c543') in 0.020306 seconds 
========================================================================
Received Import Request.
  Time since last request: 123.298708 seconds.
  path: Assets/Animation/Misaki.controller
  artifactKey: Guid(2b741c4b5f5e533439b5afce8fba42ef) Importer(815301076,1909f56bfc062723c751e8b465ee728b)
Start importing Assets/Animation/Misaki.controller using Guid(2b741c4b5f5e533439b5afce8fba42ef) Importer(815301076,1909f56bfc062723c751e8b465ee728b)  -> (artifact id: '5b7d49b257c17f07b24702ade9dda604') in 0.039551 seconds 
========================================================================
Received Import Request.
  Time since last request: 12.034206 seconds.
  path: Assets/Animation/Misaki.controller
  artifactKey: Guid(2b741c4b5f5e533439b5afce8fba42ef) Importer(815301076,1909f56bfc062723c751e8b465ee728b)
Start importing Assets/Animation/Misaki.controller using Guid(2b741c4b5f5e533439b5afce8fba42ef) Importer(815301076,1909f56bfc062723c751e8b465ee728b)  -> (artifact id: '80b65a52563bcc1891c8ade5fcccc5e5') in 0.019842 seconds 
========================================================================
Received Import Request.
  Time since last request: 9.026408 seconds.
  path: Assets/Resources/PlayerController_0.prefab
  artifactKey: Guid(68067b792cb204242ad6f3d6663435d0) Importer(815301076,1909f56bfc062723c751e8b465ee728b)
Start importing Assets/Resources/PlayerController_0.prefab using Guid(68067b792cb204242ad6f3d6663435d0) Importer(815301076,1909f56bfc062723c751e8b465ee728b)  -> (artifact id: '49c29c26ef3ba62b3a69f0d1f2611420') in 0.220869 seconds 
========================================================================
Received Prepare
Refreshing native plugins compatible for Editor in 80.27 ms, found 3 plugins.
Preloading 0 native plugins for Editor in 0.00 ms.
Unloading 87 Unused Serialized files (Serialized files now loaded: 0)
Unloading 87 unused Assets / (10.6 MB). Loaded Objects now: 4054.
Memory consumption went from 108.3 MB to 97.6 MB.
Total: 17.288200 ms (FindLiveObjects: 0.474500 ms CreateObjectMapping: 0.261700 ms MarkObjects: 9.992100 ms  DeleteObjects: 6.558900 ms)

AssetImportParameters requested are different than current active one (requested -> active):
  custom:video-decoder-ogg-theora: a1e56fd34408186e4bbccfd4996cb3dc -> 
  custom:container-muxer-webm: aa71ff27fc2769a1b78a27578f13a17b -> 
  custom:container-demuxer-webm: 4f35f7cbe854078d1ac9338744f61a02 -> 
  custom:video-encoder-webm-vp8: eb34c28f22e8b96e1ab97ce403110664 -> 
  custom:audio-encoder-webm-vorbis: bf7c407c2cedff20999df2af8eb42d56 -> 
  custom:framework-win-MediaFoundation: 216162199b28c13a410421893ffa2e32 -> 
  custom:container-demuxer-ogg: 62fdf1f143b41e24485cea50d1cbac27 -> 
  custom:video-decoder-webm-vp8: 9c59270c3fd7afecdb556c50c9e8de78 -> 
  custom:audio-decoder-ogg-vorbis: bf7c407c2cedff20999df2af8eb42d56 -> 
========================================================================
Received Import Request.
  Time since last request: 34.802304 seconds.
  path: Assets/Resources/PlayerController_0.prefab
  artifactKey: Guid(68067b792cb204242ad6f3d6663435d0) Importer(815301076,1909f56bfc062723c751e8b465ee728b)
Start importing Assets/Resources/PlayerController_0.prefab using Guid(68067b792cb204242ad6f3d6663435d0) Importer(815301076,1909f56bfc062723c751e8b465ee728b)  -> (artifact id: '55a9349453dcc702e5b5a2f51e5dac84') in 0.098487 seconds 
========================================================================
Received Prepare
Registering precompiled user dll's ...
Registered in 0.008534 seconds.
Begin MonoManager ReloadAssembly
Symbol file LoadedFromMemory doesn't match image C:\Users\USER\Unity_Program\Unity\UnityChan_MOBA\Library\PackageCache\com.unity.visualscripting@1.7.8\Editor\VisualScripting.Core\Dependencies\YamlDotNet\Unity.VisualScripting.YamlDotNet.dll
Symbol file LoadedFromMemory doesn't match image C:\Users\USER\Unity_Program\Unity\UnityChan_MOBA\Library\PackageCache\com.unity.visualscripting@1.7.8\Editor\VisualScripting.Core\Dependencies\DotNetZip\Unity.VisualScripting.IonicZip.dll
Native extension for WindowsStandalone target not found
Refreshing native plugins compatible for Editor in 0.83 ms, found 3 plugins.
Preloading 0 native plugins for Editor in 0.00 ms.
Mono: successfully reloaded assembly
- Completed reload, in  1.418 seconds
Domain Reload Profiling:
	ReloadAssembly (1419ms)
		BeginReloadAssembly (273ms)
			ExecutionOrderSort (0ms)
			DisableScriptedObjects (9ms)
			BackupInstance (0ms)
			ReleaseScriptingObjects (0ms)
			CreateAndSetChildDomain (122ms)
		EndReloadAssembly (1012ms)
			LoadAssemblies (123ms)
			RebuildTransferFunctionScriptingTraits (0ms)
			SetupTypeCache (360ms)
			ReleaseScriptCaches (2ms)
			RebuildScriptCaches (50ms)
			SetupLoadedEditorAssemblies (437ms)
				LogAssemblyErrors (0ms)
				InitializePlatformSupportModulesInManaged (15ms)
				SetLoadedEditorAssemblies (1ms)
				RefreshPlugins (1ms)
				BeforeProcessingInitializeOnLoad (100ms)
				ProcessInitializeOnLoadAttributes (273ms)
				ProcessInitializeOnLoadMethodAttributes (35ms)
				AfterProcessingInitializeOnLoad (12ms)
				EditorAssembliesLoaded (0ms)
			ExecutionOrderSort2 (0ms)
			AwakeInstancesAfterBackupRestoration (12ms)
Platform modules already initialized, skipping
Refreshing native plugins compatible for Editor in 3.47 ms, found 3 plugins.
Preloading 0 native plugins for Editor in 0.00 ms.
Unloading 3582 Unused Serialized files (Serialized files now loaded: 0)
Unloading 87 unused Assets / (10.8 MB). Loaded Objects now: 4057.
Memory consumption went from 177.2 MB to 166.4 MB.
Total: 10.695600 ms (FindLiveObjects: 0.464600 ms CreateObjectMapping: 0.382900 ms MarkObjects: 2.748100 ms  DeleteObjects: 7.098800 ms)

AssetImportParameters requested are different than current active one (requested -> active):
  custom:video-decoder-ogg-theora: a1e56fd34408186e4bbccfd4996cb3dc -> 
  custom:container-muxer-webm: aa71ff27fc2769a1b78a27578f13a17b -> 
  custom:container-demuxer-webm: 4f35f7cbe854078d1ac9338744f61a02 -> 
  custom:video-encoder-webm-vp8: eb34c28f22e8b96e1ab97ce403110664 -> 
  custom:audio-encoder-webm-vorbis: bf7c407c2cedff20999df2af8eb42d56 -> 
  custom:framework-win-MediaFoundation: 216162199b28c13a410421893ffa2e32 -> 
  custom:container-demuxer-ogg: 62fdf1f143b41e24485cea50d1cbac27 -> 
  custom:video-decoder-webm-vp8: 9c59270c3fd7afecdb556c50c9e8de78 -> 
  custom:audio-decoder-ogg-vorbis: bf7c407c2cedff20999df2af8eb42d56 -> 
========================================================================
Received Import Request.
  Time since last request: 67.138041 seconds.
  path: Assets/Resources/PlayerController_1.prefab
  artifactKey: Guid(3260db333c06a494d8ed662e246cf97e) Importer(815301076,1909f56bfc062723c751e8b465ee728b)
Start importing Assets/Resources/PlayerController_1.prefab using Guid(3260db333c06a494d8ed662e246cf97e) Importer(815301076,1909f56bfc062723c751e8b465ee728b)  -> (artifact id: '58dc48cefb378ac9a9f616dab08d25e4') in 0.143046 seconds 
========================================================================
Received Import Request.
  Time since last request: 0.000023 seconds.
  path: Assets/Resources/PlayerController_4.prefab
  artifactKey: Guid(241adf09b9e484b4d8a8979df4cb1d9b) Importer(815301076,1909f56bfc062723c751e8b465ee728b)
Start importing Assets/Resources/PlayerController_4.prefab using Guid(241adf09b9e484b4d8a8979df4cb1d9b) Importer(815301076,1909f56bfc062723c751e8b465ee728b)  -> (artifact id: '1c1f21c3a9bee16ea6af5594f6313bc1') in 0.067124 seconds 
========================================================================
Received Prepare
Registering precompiled user dll's ...
Registered in 0.011214 seconds.
Begin MonoManager ReloadAssembly
Symbol file LoadedFromMemory doesn't match image C:\Users\USER\Unity_Program\Unity\UnityChan_MOBA\Library\PackageCache\com.unity.visualscripting@1.7.8\Editor\VisualScripting.Core\Dependencies\YamlDotNet\Unity.VisualScripting.YamlDotNet.dll
Symbol file LoadedFromMemory doesn't match image C:\Users\USER\Unity_Program\Unity\UnityChan_MOBA\Library\PackageCache\com.unity.visualscripting@1.7.8\Editor\VisualScripting.Core\Dependencies\DotNetZip\Unity.VisualScripting.IonicZip.dll
Native extension for WindowsStandalone target not found
Refreshing native plugins compatible for Editor in 0.98 ms, found 3 plugins.
Preloading 0 native plugins for Editor in 0.00 ms.
Mono: successfully reloaded assembly
- Completed reload, in  1.372 seconds
Domain Reload Profiling:
	ReloadAssembly (1373ms)
		BeginReloadAssembly (213ms)
			ExecutionOrderSort (0ms)
			DisableScriptedObjects (6ms)
			BackupInstance (0ms)
			ReleaseScriptingObjects (0ms)
			CreateAndSetChildDomain (60ms)
		EndReloadAssembly (1002ms)
			LoadAssemblies (169ms)
			RebuildTransferFunctionScriptingTraits (0ms)
			SetupTypeCache (334ms)
			ReleaseScriptCaches (2ms)
			RebuildScriptCaches (54ms)
			SetupLoadedEditorAssemblies (425ms)
				LogAssemblyErrors (0ms)
				InitializePlatformSupportModulesInManaged (13ms)
				SetLoadedEditorAssemblies (1ms)
				RefreshPlugins (1ms)
				BeforeProcessingInitializeOnLoad (94ms)
				ProcessInitializeOnLoadAttributes (263ms)
				ProcessInitializeOnLoadMethodAttributes (42ms)
				AfterProcessingInitializeOnLoad (11ms)
				EditorAssembliesLoaded (0ms)
			ExecutionOrderSort2 (0ms)
			AwakeInstancesAfterBackupRestoration (11ms)
Platform modules already initialized, skipping
Refreshing native plugins compatible for Editor in 3.16 ms, found 3 plugins.
Preloading 0 native plugins for Editor in 0.00 ms.
Unloading 3582 Unused Serialized files (Serialized files now loaded: 0)
Unloading 87 unused Assets / (10.6 MB). Loaded Objects now: 4061.
Memory consumption went from 177.0 MB to 166.5 MB.
Total: 11.668600 ms (FindLiveObjects: 0.342700 ms CreateObjectMapping: 0.255100 ms MarkObjects: 2.984500 ms  DeleteObjects: 8.084900 ms)

AssetImportParameters requested are different than current active one (requested -> active):
  custom:video-decoder-ogg-theora: a1e56fd34408186e4bbccfd4996cb3dc -> 
  custom:container-muxer-webm: aa71ff27fc2769a1b78a27578f13a17b -> 
  custom:container-demuxer-webm: 4f35f7cbe854078d1ac9338744f61a02 -> 
  custom:video-encoder-webm-vp8: eb34c28f22e8b96e1ab97ce403110664 -> 
  custom:audio-encoder-webm-vorbis: bf7c407c2cedff20999df2af8eb42d56 -> 
  custom:framework-win-MediaFoundation: 216162199b28c13a410421893ffa2e32 -> 
  custom:container-demuxer-ogg: 62fdf1f143b41e24485cea50d1cbac27 -> 
  custom:video-decoder-webm-vp8: 9c59270c3fd7afecdb556c50c9e8de78 -> 
  custom:audio-decoder-ogg-vorbis: bf7c407c2cedff20999df2af8eb42d56 -> 
========================================================================
Received Prepare
Refreshing native plugins compatible for Editor in 5.29 ms, found 3 plugins.
Preloading 0 native plugins for Editor in 0.00 ms.
Unloading 87 Unused Serialized files (Serialized files now loaded: 0)
Unloading 87 unused Assets / (10.5 MB). Loaded Objects now: 4061.
Memory consumption went from 107.0 MB to 96.5 MB.
Total: 8.318900 ms (FindLiveObjects: 0.376800 ms CreateObjectMapping: 0.308600 ms MarkObjects: 2.182600 ms  DeleteObjects: 5.450000 ms)

AssetImportParameters requested are different than current active one (requested -> active):
  custom:video-decoder-ogg-theora: a1e56fd34408186e4bbccfd4996cb3dc -> 
  custom:container-muxer-webm: aa71ff27fc2769a1b78a27578f13a17b -> 
  custom:container-demuxer-webm: 4f35f7cbe854078d1ac9338744f61a02 -> 
  custom:video-encoder-webm-vp8: eb34c28f22e8b96e1ab97ce403110664 -> 
  custom:audio-encoder-webm-vorbis: bf7c407c2cedff20999df2af8eb42d56 -> 
  custom:framework-win-MediaFoundation: 216162199b28c13a410421893ffa2e32 -> 
  custom:container-demuxer-ogg: 62fdf1f143b41e24485cea50d1cbac27 -> 
  custom:video-decoder-webm-vp8: 9c59270c3fd7afecdb556c50c9e8de78 -> 
  custom:audio-decoder-ogg-vorbis: bf7c407c2cedff20999df2af8eb42d56 -> 
========================================================================
Received Import Request.
  Time since last request: 53.313457 seconds.
  path: Assets/Resources/PlayerController_0.prefab
  artifactKey: Guid(68067b792cb204242ad6f3d6663435d0) Importer(815301076,1909f56bfc062723c751e8b465ee728b)
Start importing Assets/Resources/PlayerController_0.prefab using Guid(68067b792cb204242ad6f3d6663435d0) Importer(815301076,1909f56bfc062723c751e8b465ee728b)  -> (artifact id: '5b5bc3ee35af4ae26f56b63e77170cd6') in 0.146408 seconds 
========================================================================
Received Prepare
Registering precompiled user dll's ...
Registered in 0.008501 seconds.
Begin MonoManager ReloadAssembly
Symbol file LoadedFromMemory doesn't match image C:\Users\USER\Unity_Program\Unity\UnityChan_MOBA\Library\PackageCache\com.unity.visualscripting@1.7.8\Editor\VisualScripting.Core\Dependencies\YamlDotNet\Unity.VisualScripting.YamlDotNet.dll
Symbol file LoadedFromMemory doesn't match image C:\Users\USER\Unity_Program\Unity\UnityChan_MOBA\Library\PackageCache\com.unity.visualscripting@1.7.8\Editor\VisualScripting.Core\Dependencies\DotNetZip\Unity.VisualScripting.IonicZip.dll
Native extension for WindowsStandalone target not found
Refreshing native plugins compatible for Editor in 0.58 ms, found 3 plugins.
Preloading 0 native plugins for Editor in 0.00 ms.
Mono: successfully reloaded assembly
- Completed reload, in  1.256 seconds
Domain Reload Profiling:
	ReloadAssembly (1257ms)
		BeginReloadAssembly (165ms)
			ExecutionOrderSort (0ms)
			DisableScriptedObjects (5ms)
			BackupInstance (0ms)
			ReleaseScriptingObjects (0ms)
			CreateAndSetChildDomain (52ms)
		EndReloadAssembly (961ms)
			LoadAssemblies (107ms)
			RebuildTransferFunctionScriptingTraits (0ms)
			SetupTypeCache (341ms)
			ReleaseScriptCaches (2ms)
			RebuildScriptCaches (52ms)
			SetupLoadedEditorAssemblies (406ms)
				LogAssemblyErrors (0ms)
				InitializePlatformSupportModulesInManaged (18ms)
				SetLoadedEditorAssemblies (1ms)
				RefreshPlugins (1ms)
				BeforeProcessingInitializeOnLoad (88ms)
				ProcessInitializeOnLoadAttributes (254ms)
				ProcessInitializeOnLoadMethodAttributes (34ms)
				AfterProcessingInitializeOnLoad (10ms)
				EditorAssembliesLoaded (0ms)
			ExecutionOrderSort2 (0ms)
			AwakeInstancesAfterBackupRestoration (12ms)
Platform modules already initialized, skipping
Refreshing native plugins compatible for Editor in 2.86 ms, found 3 plugins.
Preloading 0 native plugins for Editor in 0.00 ms.
Unloading 3582 Unused Serialized files (Serialized files now loaded: 0)
Unloading 87 unused Assets / (10.6 MB). Loaded Objects now: 4065.
Memory consumption went from 177.2 MB to 166.5 MB.
Total: 10.371800 ms (FindLiveObjects: 0.286700 ms CreateObjectMapping: 0.222800 ms MarkObjects: 2.931100 ms  DeleteObjects: 6.930300 ms)

AssetImportParameters requested are different than current active one (requested -> active):
  custom:video-decoder-ogg-theora: a1e56fd34408186e4bbccfd4996cb3dc -> 
  custom:container-muxer-webm: aa71ff27fc2769a1b78a27578f13a17b -> 
  custom:container-demuxer-webm: 4f35f7cbe854078d1ac9338744f61a02 -> 
  custom:video-encoder-webm-vp8: eb34c28f22e8b96e1ab97ce403110664 -> 
  custom:audio-encoder-webm-vorbis: bf7c407c2cedff20999df2af8eb42d56 -> 
  custom:framework-win-MediaFoundation: 216162199b28c13a410421893ffa2e32 -> 
  custom:container-demuxer-ogg: 62fdf1f143b41e24485cea50d1cbac27 -> 
  custom:video-decoder-webm-vp8: 9c59270c3fd7afecdb556c50c9e8de78 -> 
  custom:audio-decoder-ogg-vorbis: bf7c407c2cedff20999df2af8eb42d56 -> 
========================================================================
Received Import Request.
  Time since last request: 80.598288 seconds.
  path: Assets/Resources/PlayerController_0.prefab
  artifactKey: Guid(68067b792cb204242ad6f3d6663435d0) Importer(815301076,1909f56bfc062723c751e8b465ee728b)
Start importing Assets/Resources/PlayerController_0.prefab using Guid(68067b792cb204242ad6f3d6663435d0) Importer(815301076,1909f56bfc062723c751e8b465ee728b)  -> (artifact id: 'c9bf5735ebdefe46eb3f314ddceb210e') in 0.132405 seconds 
========================================================================
Received Import Request.
  Time since last request: 3.961428 seconds.
  path: Assets/Animation/Misaki.controller
  artifactKey: Guid(2b741c4b5f5e533439b5afce8fba42ef) Importer(815301076,1909f56bfc062723c751e8b465ee728b)
Start importing Assets/Animation/Misaki.controller using Guid(2b741c4b5f5e533439b5afce8fba42ef) Importer(815301076,1909f56bfc062723c751e8b465ee728b)  -> (artifact id: '0e7f6c47e9d222975d073804d57df563') in 0.021058 seconds 
========================================================================
Received Import Request.
  Time since last request: 0.456709 seconds.
  path: Assets/Resources/PlayerController_0.prefab
  artifactKey: Guid(68067b792cb204242ad6f3d6663435d0) Importer(815301076,1909f56bfc062723c751e8b465ee728b)
Start importing Assets/Resources/PlayerController_0.prefab using Guid(68067b792cb204242ad6f3d6663435d0) Importer(815301076,1909f56bfc062723c751e8b465ee728b)  -> (artifact id: '9e4e0029854c762904e4326a5e94df67') in 0.052227 seconds 
========================================================================
Received Import Request.
  Time since last request: 1497.223804 seconds.
  path: Assets/Animation/Anim/PowerUpMotion.fbx
  artifactKey: Guid(78af08cdf7cf21c4c83bdfe2864f5005) Importer(815301076,1909f56bfc062723c751e8b465ee728b)
Start importing Assets/Animation/Anim/PowerUpMotion.fbx using Guid(78af08cdf7cf21c4c83bdfe2864f5005) Importer(815301076,1909f56bfc062723c751e8b465ee728b)  -> (artifact id: '233598fb4af983b2a5984f482b11b669') in 0.015960 seconds 
========================================================================
Received Import Request.
  Time since last request: 5.352938 seconds.
  path: Assets/Animation/Anim/PowerUpMotion.fbx
  artifactKey: Guid(78af08cdf7cf21c4c83bdfe2864f5005) Importer(815301076,1909f56bfc062723c751e8b465ee728b)
Start importing Assets/Animation/Anim/PowerUpMotion.fbx using Guid(78af08cdf7cf21c4c83bdfe2864f5005) Importer(815301076,1909f56bfc062723c751e8b465ee728b)  -> (artifact id: '5e2ed51c7ad96dd0c9dd3a8cffb3a096') in 0.007650 seconds 
========================================================================
Received Import Request.
  Time since last request: 4.546292 seconds.
  path: Assets/Animation/Anim/PowerUpMotion.fbx
  artifactKey: Guid(78af08cdf7cf21c4c83bdfe2864f5005) Importer(815301076,1909f56bfc062723c751e8b465ee728b)
Start importing Assets/Animation/Anim/PowerUpMotion.fbx using Guid(78af08cdf7cf21c4c83bdfe2864f5005) Importer(815301076,1909f56bfc062723c751e8b465ee728b)  -> (artifact id: '6e025f840c0249dd5d8c922030a0a988') in 0.008868 seconds 
========================================================================
Received Import Request.
  Time since last request: 3.562380 seconds.
  path: Assets/Animation/Anim/mixamo.com.anim
  artifactKey: Guid(f314c0776c07fca48b4bc45eef2769c5) Importer(815301076,1909f56bfc062723c751e8b465ee728b)
Start importing Assets/Animation/Anim/mixamo.com.anim using Guid(f314c0776c07fca48b4bc45eef2769c5) Importer(815301076,1909f56bfc062723c751e8b465ee728b)  -> (artifact id: '2b9840bd96336dc91f4cf92c3b10ebda') in 0.018433 seconds 
========================================================================
Received Import Request.
  Time since last request: 13.440151 seconds.
  path: Assets/Animation/Anim/Power_Up.anim
  artifactKey: Guid(f314c0776c07fca48b4bc45eef2769c5) Importer(815301076,1909f56bfc062723c751e8b465ee728b)
Start importing Assets/Animation/Anim/Power_Up.anim using Guid(f314c0776c07fca48b4bc45eef2769c5) Importer(815301076,1909f56bfc062723c751e8b465ee728b)  -> (artifact id: '484c06b25457da2bac5d1ddec2c23e3a') in 0.015974 seconds 
========================================================================
Received Prepare
Registering precompiled user dll's ...
Registered in 0.007078 seconds.
Begin MonoManager ReloadAssembly
Symbol file LoadedFromMemory doesn't match image C:\Users\USER\Unity_Program\Unity\UnityChan_MOBA\Library\PackageCache\com.unity.visualscripting@1.7.8\Editor\VisualScripting.Core\Dependencies\YamlDotNet\Unity.VisualScripting.YamlDotNet.dll
Symbol file LoadedFromMemory doesn't match image C:\Users\USER\Unity_Program\Unity\UnityChan_MOBA\Library\PackageCache\com.unity.visualscripting@1.7.8\Editor\VisualScripting.Core\Dependencies\DotNetZip\Unity.VisualScripting.IonicZip.dll
Native extension for WindowsStandalone target not found
Refreshing native plugins compatible for Editor in 0.59 ms, found 3 plugins.
Preloading 0 native plugins for Editor in 0.00 ms.
Mono: successfully reloaded assembly
- Completed reload, in  1.089 seconds
Domain Reload Profiling:
	ReloadAssembly (1090ms)
		BeginReloadAssembly (153ms)
			ExecutionOrderSort (0ms)
			DisableScriptedObjects (5ms)
			BackupInstance (0ms)
			ReleaseScriptingObjects (0ms)
			CreateAndSetChildDomain (45ms)
		EndReloadAssembly (761ms)
			LoadAssemblies (93ms)
			RebuildTransferFunctionScriptingTraits (0ms)
			SetupTypeCache (255ms)
			ReleaseScriptCaches (2ms)
			RebuildScriptCaches (47ms)
			SetupLoadedEditorAssemblies (330ms)
				LogAssemblyErrors (0ms)
				InitializePlatformSupportModulesInManaged (13ms)
				SetLoadedEditorAssemblies (0ms)
				RefreshPlugins (1ms)
				BeforeProcessingInitializeOnLoad (69ms)
				ProcessInitializeOnLoadAttributes (208ms)
				ProcessInitializeOnLoadMethodAttributes (28ms)
				AfterProcessingInitializeOnLoad (11ms)
				EditorAssembliesLoaded (0ms)
			ExecutionOrderSort2 (0ms)
			AwakeInstancesAfterBackupRestoration (8ms)
Platform modules already initialized, skipping
Refreshing native plugins compatible for Editor in 2.04 ms, found 3 plugins.
Preloading 0 native plugins for Editor in 0.00 ms.
Unloading 3582 Unused Serialized files (Serialized files now loaded: 0)
Unloading 87 unused Assets / (10.6 MB). Loaded Objects now: 4069.
Memory consumption went from 177.1 MB to 166.5 MB.
Total: 8.109400 ms (FindLiveObjects: 0.334000 ms CreateObjectMapping: 0.167800 ms MarkObjects: 2.392800 ms  DeleteObjects: 5.214000 ms)

AssetImportParameters requested are different than current active one (requested -> active):
  custom:video-decoder-ogg-theora: a1e56fd34408186e4bbccfd4996cb3dc -> 
  custom:container-muxer-webm: aa71ff27fc2769a1b78a27578f13a17b -> 
  custom:container-demuxer-webm: 4f35f7cbe854078d1ac9338744f61a02 -> 
  custom:video-encoder-webm-vp8: eb34c28f22e8b96e1ab97ce403110664 -> 
  custom:audio-encoder-webm-vorbis: bf7c407c2cedff20999df2af8eb42d56 -> 
  custom:framework-win-MediaFoundation: 216162199b28c13a410421893ffa2e32 -> 
  custom:container-demuxer-ogg: 62fdf1f143b41e24485cea50d1cbac27 -> 
  custom:video-decoder-webm-vp8: 9c59270c3fd7afecdb556c50c9e8de78 -> 
  custom:audio-decoder-ogg-vorbis: bf7c407c2cedff20999df2af8eb42d56 -> 
========================================================================
Received Import Request.
  Time since last request: 141.732536 seconds.
  path: Assets/Resources/PlayerController_0.prefab
  artifactKey: Guid(68067b792cb204242ad6f3d6663435d0) Importer(815301076,1909f56bfc062723c751e8b465ee728b)
Start importing Assets/Resources/PlayerController_0.prefab using Guid(68067b792cb204242ad6f3d6663435d0) Importer(815301076,1909f56bfc062723c751e8b465ee728b)  -> (artifact id: 'a587bbd0fdfe350337a2a6902d0b0ec9') in 0.178330 seconds 
========================================================================
Received Import Request.
  Time since last request: 0.000021 seconds.
  path: Assets/Resources/PlayerController_2.prefab
  artifactKey: Guid(582ffe4a66fbab240b4a26faf38dc9a8) Importer(815301076,1909f56bfc062723c751e8b465ee728b)
Start importing Assets/Resources/PlayerController_2.prefab using Guid(582ffe4a66fbab240b4a26faf38dc9a8) Importer(815301076,1909f56bfc062723c751e8b465ee728b)  -> (artifact id: 'e76024b6352f8ac8543e78a08e0b9977') in 0.226560 seconds 
========================================================================
Received Import Request.
  Time since last request: 1386.151007 seconds.
  path: Assets/Animation/UC.controller
  artifactKey: Guid(a77904ac905b85845ab2688cc7c12cc1) Importer(815301076,1909f56bfc062723c751e8b465ee728b)
Start importing Assets/Animation/UC.controller using Guid(a77904ac905b85845ab2688cc7c12cc1) Importer(815301076,1909f56bfc062723c751e8b465ee728b)  -> (artifact id: '5c923a422e9b4005de86a42542544953') in 0.010316 seconds 
========================================================================
Received Prepare
Registering precompiled user dll's ...
Registered in 0.006692 seconds.
Begin MonoManager ReloadAssembly
Symbol file LoadedFromMemory doesn't match image C:\Users\USER\Unity_Program\Unity\UnityChan_MOBA\Library\PackageCache\com.unity.visualscripting@1.7.8\Editor\VisualScripting.Core\Dependencies\YamlDotNet\Unity.VisualScripting.YamlDotNet.dll
Symbol file LoadedFromMemory doesn't match image C:\Users\USER\Unity_Program\Unity\UnityChan_MOBA\Library\PackageCache\com.unity.visualscripting@1.7.8\Editor\VisualScripting.Core\Dependencies\DotNetZip\Unity.VisualScripting.IonicZip.dll
Native extension for WindowsStandalone target not found
Refreshing native plugins compatible for Editor in 0.60 ms, found 3 plugins.
Preloading 0 native plugins for Editor in 0.00 ms.
Mono: successfully reloaded assembly
- Completed reload, in  1.039 seconds
Domain Reload Profiling:
	ReloadAssembly (1041ms)
		BeginReloadAssembly (145ms)
			ExecutionOrderSort (0ms)
			DisableScriptedObjects (4ms)
			BackupInstance (0ms)
			ReleaseScriptingObjects (0ms)
			CreateAndSetChildDomain (36ms)
		EndReloadAssembly (786ms)
			LoadAssemblies (98ms)
			RebuildTransferFunctionScriptingTraits (0ms)
			SetupTypeCache (276ms)
			ReleaseScriptCaches (1ms)
			RebuildScriptCaches (42ms)
			SetupLoadedEditorAssemblies (329ms)
				LogAssemblyErrors (0ms)
				InitializePlatformSupportModulesInManaged (16ms)
				SetLoadedEditorAssemblies (0ms)
				RefreshPlugins (1ms)
				BeforeProcessingInitializeOnLoad (74ms)
				ProcessInitializeOnLoadAttributes (200ms)
				ProcessInitializeOnLoadMethodAttributes (29ms)
				AfterProcessingInitializeOnLoad (9ms)
				EditorAssembliesLoaded (0ms)
			ExecutionOrderSort2 (0ms)
			AwakeInstancesAfterBackupRestoration (11ms)
Platform modules already initialized, skipping
Refreshing native plugins compatible for Editor in 2.19 ms, found 3 plugins.
Preloading 0 native plugins for Editor in 0.00 ms.
Unloading 3582 Unused Serialized files (Serialized files now loaded: 0)
Unloading 87 unused Assets / (10.7 MB). Loaded Objects now: 4073.
Memory consumption went from 177.3 MB to 166.6 MB.
Total: 9.285800 ms (FindLiveObjects: 0.267800 ms CreateObjectMapping: 0.190400 ms MarkObjects: 3.010400 ms  DeleteObjects: 5.816500 ms)

AssetImportParameters requested are different than current active one (requested -> active):
  custom:video-decoder-ogg-theora: a1e56fd34408186e4bbccfd4996cb3dc -> 
  custom:container-muxer-webm: aa71ff27fc2769a1b78a27578f13a17b -> 
  custom:container-demuxer-webm: 4f35f7cbe854078d1ac9338744f61a02 -> 
  custom:video-encoder-webm-vp8: eb34c28f22e8b96e1ab97ce403110664 -> 
  custom:audio-encoder-webm-vorbis: bf7c407c2cedff20999df2af8eb42d56 -> 
  custom:framework-win-MediaFoundation: 216162199b28c13a410421893ffa2e32 -> 
  custom:container-demuxer-ogg: 62fdf1f143b41e24485cea50d1cbac27 -> 
  custom:video-decoder-webm-vp8: 9c59270c3fd7afecdb556c50c9e8de78 -> 
  custom:audio-decoder-ogg-vorbis: bf7c407c2cedff20999df2af8eb42d56 -> 
========================================================================
Received Import Request.
  Time since last request: 153.347679 seconds.
  path: Assets/Resources/PlayerController_3.prefab
  artifactKey: Guid(52fe9cf705bfb3944a054587be3bd3cc) Importer(815301076,1909f56bfc062723c751e8b465ee728b)
Start importing Assets/Resources/PlayerController_3.prefab using Guid(52fe9cf705bfb3944a054587be3bd3cc) Importer(815301076,1909f56bfc062723c751e8b465ee728b)  -> (artifact id: '832b1517d3cf9b891866d04f53853cca') in 0.126065 seconds 
========================================================================
Received Import Request.
  Time since last request: 0.000025 seconds.
  path: Assets/Resources/PlayerController_4.prefab
  artifactKey: Guid(241adf09b9e484b4d8a8979df4cb1d9b) Importer(815301076,1909f56bfc062723c751e8b465ee728b)
Start importing Assets/Resources/PlayerController_4.prefab using Guid(241adf09b9e484b4d8a8979df4cb1d9b) Importer(815301076,1909f56bfc062723c751e8b465ee728b)  -> (artifact id: '6e2e016bb5abc4f036317bcf126a8d5e') in 0.037191 seconds 
========================================================================
Received Import Request.
  Time since last request: 0.000017 seconds.
  path: Assets/Resources/PlayerController_0.prefab
  artifactKey: Guid(68067b792cb204242ad6f3d6663435d0) Importer(815301076,1909f56bfc062723c751e8b465ee728b)
Start importing Assets/Resources/PlayerController_0.prefab using Guid(68067b792cb204242ad6f3d6663435d0) Importer(815301076,1909f56bfc062723c751e8b465ee728b)  -> (artifact id: 'a175b468d5710ae3dc2d7edab4046e12') in 0.046725 seconds 
========================================================================
Received Import Request.
  Time since last request: 0.000019 seconds.
  path: Assets/Resources/PlayerController_1.prefab
  artifactKey: Guid(3260db333c06a494d8ed662e246cf97e) Importer(815301076,1909f56bfc062723c751e8b465ee728b)
Start importing Assets/Resources/PlayerController_1.prefab using Guid(3260db333c06a494d8ed662e246cf97e) Importer(815301076,1909f56bfc062723c751e8b465ee728b)  -> (artifact id: '24ef9f59b6c4720abedd61b6c600052b') in 0.040523 seconds 
Editor requested this worker to shutdown with reason: Scaling down because of idle timeout
AssetImportWorker is now disconnected from the server
Process exiting
Exiting without the bug reporter. Application will terminate with return code 0