Using pre-set license
Built from '2021.3/staging' branch; Version is '2021.3.7f1 (24e8595d6d43) revision 2418777'; Using compiler version '192829333'; Build Type 'Release'
OS: 'Windows 11  (10.0.22000) 64bit Professional' Language: 'ko' Physical Memory: 16194 MB
BatchMode: 1, IsHumanControllingUs: 0, StartBugReporterOnCrash: 0, Is64bit: 1, IsPro: 1

COMMAND LINE ARGUMENTS:
C:\Program Files\Unity\Hub\Editor\2021.3.7f1\Editor\Unity.exe
-adb2
-batchMode
-noUpm
-name
AssetImportWorker5
-projectPath
C:/Users/USER/Unity_Program/Unity/UnityChan_MOBA
-logFile
Logs/AssetImportWorker5.log
-srvPort
6738
Successfully changed project path to: C:/Users/USER/Unity_Program/Unity/UnityChan_MOBA
C:/Users/USER/Unity_Program/Unity/UnityChan_MOBA
[UnityMemory] Configuration Parameters - Can be set up in boot.config
    "memorysetup-bucket-allocator-granularity=16"
    "memorysetup-bucket-allocator-bucket-count=8"
    "memorysetup-bucket-allocator-block-size=33554432"
    "memorysetup-bucket-allocator-block-count=8"
    "memorysetup-main-allocator-block-size=16777216"
    "memorysetup-thread-allocator-block-size=16777216"
    "memorysetup-gfx-main-allocator-block-size=16777216"
    "memorysetup-gfx-thread-allocator-block-size=16777216"
    "memorysetup-cache-allocator-block-size=4194304"
    "memorysetup-typetree-allocator-block-size=2097152"
    "memorysetup-profiler-bucket-allocator-granularity=16"
    "memorysetup-profiler-bucket-allocator-bucket-count=8"
    "memorysetup-profiler-bucket-allocator-block-size=33554432"
    "memorysetup-profiler-bucket-allocator-block-count=8"
    "memorysetup-profiler-allocator-block-size=16777216"
    "memorysetup-profiler-editor-allocator-block-size=1048576"
    "memorysetup-temp-allocator-size-main=16777216"
    "memorysetup-job-temp-allocator-block-size=2097152"
    "memorysetup-job-temp-allocator-block-size-background=1048576"
    "memorysetup-job-temp-allocator-reduction-small-platforms=262144"
    "memorysetup-temp-allocator-size-background-worker=32768"
    "memorysetup-temp-allocator-size-job-worker=262144"
    "memorysetup-temp-allocator-size-preload-manager=33554432"
    "memorysetup-temp-allocator-size-nav-mesh-worker=65536"
    "memorysetup-temp-allocator-size-audio-worker=65536"
    "memorysetup-temp-allocator-size-cloud-worker=32768"
    "memorysetup-temp-allocator-size-gi-baking-worker=262144"
    "memorysetup-temp-allocator-size-gfx=262144"
Refreshing native plugins compatible for Editor in 105.32 ms, found 3 plugins.
Preloading 0 native plugins for Editor in 0.00 ms.
Initialize engine version: 2021.3.7f1 (24e8595d6d43)
[Subsystems] Discovering subsystems at path C:/Program Files/Unity/Hub/Editor/2021.3.7f1/Editor/Data/Resources/UnitySubsystems
[Subsystems] Discovering subsystems at path C:/Users/USER/Unity_Program/Unity/UnityChan_MOBA/Assets
GfxDevice: creating device client; threaded=0; jobified=0
Direct3D:
    Version:  Direct3D 11.0 [level 11.1]
    Renderer: NVIDIA GeForce RTX 2070 (ID=0x1f14)
    Vendor:   NVIDIA
    VRAM:     8031 MB
    Driver:   30.0.15.1165
Initialize mono
Mono path[0] = 'C:/Program Files/Unity/Hub/Editor/2021.3.7f1/Editor/Data/Managed'
Mono path[1] = 'C:/Program Files/Unity/Hub/Editor/2021.3.7f1/Editor/Data/MonoBleedingEdge/lib/mono/unityjit-win32'
Mono config path = 'C:/Program Files/Unity/Hub/Editor/2021.3.7f1/Editor/Data/MonoBleedingEdge/etc'
Using monoOptions --debugger-agent=transport=dt_socket,embedding=1,server=y,suspend=n,address=127.0.0.1:56812
Begin MonoManager ReloadAssembly
Registering precompiled unity dll's ...
Register platform support module: C:/Program Files/Unity/Hub/Editor/2021.3.7f1/Editor/Data/PlaybackEngines/WindowsStandaloneSupport/UnityEditor.WindowsStandalone.Extensions.dll
Registered in 0.008617 seconds.
Native extension for WindowsStandalone target not found
Refreshing native plugins compatible for Editor in 98.79 ms, found 3 plugins.
Preloading 0 native plugins for Editor in 0.00 ms.
Mono: successfully reloaded assembly
- Completed reload, in  0.707 seconds
Domain Reload Profiling:
	ReloadAssembly (708ms)
		BeginReloadAssembly (91ms)
			ExecutionOrderSort (0ms)
			DisableScriptedObjects (0ms)
			BackupInstance (0ms)
			ReleaseScriptingObjects (0ms)
			CreateAndSetChildDomain (1ms)
		EndReloadAssembly (492ms)
			LoadAssemblies (87ms)
			RebuildTransferFunctionScriptingTraits (0ms)
			SetupTypeCache (112ms)
			ReleaseScriptCaches (0ms)
			RebuildScriptCaches (28ms)
			SetupLoadedEditorAssemblies (298ms)
				LogAssemblyErrors (0ms)
				InitializePlatformSupportModulesInManaged (8ms)
				SetLoadedEditorAssemblies (0ms)
				RefreshPlugins (99ms)
				BeforeProcessingInitializeOnLoad (1ms)
				ProcessInitializeOnLoadAttributes (133ms)
				ProcessInitializeOnLoadMethodAttributes (57ms)
				AfterProcessingInitializeOnLoad (0ms)
				EditorAssembliesLoaded (0ms)
			ExecutionOrderSort2 (0ms)
			AwakeInstancesAfterBackupRestoration (0ms)
Platform modules already initialized, skipping
Registering precompiled user dll's ...
Registered in 0.011500 seconds.
Begin MonoManager ReloadAssembly
Symbol file LoadedFromMemory doesn't match image C:\Users\USER\Unity_Program\Unity\UnityChan_MOBA\Library\PackageCache\com.unity.visualscripting@1.7.8\Editor\VisualScripting.Core\Dependencies\YamlDotNet\Unity.VisualScripting.YamlDotNet.dll
Symbol file LoadedFromMemory doesn't match image C:\Users\USER\Unity_Program\Unity\UnityChan_MOBA\Library\PackageCache\com.unity.visualscripting@1.7.8\Editor\VisualScripting.Core\Dependencies\DotNetZip\Unity.VisualScripting.IonicZip.dll
Native extension for WindowsStandalone target not found
Refreshing native plugins compatible for Editor in 0.57 ms, found 3 plugins.
Preloading 0 native plugins for Editor in 0.00 ms.
Mono: successfully reloaded assembly
- Completed reload, in  1.168 seconds
Domain Reload Profiling:
	ReloadAssembly (1168ms)
		BeginReloadAssembly (125ms)
			ExecutionOrderSort (0ms)
			DisableScriptedObjects (7ms)
			BackupInstance (0ms)
			ReleaseScriptingObjects (0ms)
			CreateAndSetChildDomain (22ms)
		EndReloadAssembly (904ms)
			LoadAssemblies (95ms)
			RebuildTransferFunctionScriptingTraits (0ms)
			SetupTypeCache (300ms)
			ReleaseScriptCaches (1ms)
			RebuildScriptCaches (57ms)
			SetupLoadedEditorAssemblies (410ms)
				LogAssemblyErrors (0ms)
				InitializePlatformSupportModulesInManaged (6ms)
				SetLoadedEditorAssemblies (0ms)
				RefreshPlugins (1ms)
				BeforeProcessingInitializeOnLoad (104ms)
				ProcessInitializeOnLoadAttributes (257ms)
				ProcessInitializeOnLoadMethodAttributes (32ms)
				AfterProcessingInitializeOnLoad (10ms)
				EditorAssembliesLoaded (0ms)
			ExecutionOrderSort2 (0ms)
			AwakeInstancesAfterBackupRestoration (10ms)
Platform modules already initialized, skipping
========================================================================
Worker process is ready to serve import requests
Launched and connected shader compiler UnityShaderCompiler.exe after 0.06 seconds
Refreshing native plugins compatible for Editor in 0.87 ms, found 3 plugins.
Preloading 0 native plugins for Editor in 0.00 ms.
Unloading 3650 Unused Serialized files (Serialized files now loaded: 0)
Unloading 95 unused Assets / (10.6 MB). Loaded Objects now: 4041.
Memory consumption went from 165.9 MB to 155.3 MB.
Total: 8.738600 ms (FindLiveObjects: 0.315500 ms CreateObjectMapping: 0.258200 ms MarkObjects: 3.023600 ms  DeleteObjects: 5.140500 ms)

AssetImportParameters requested are different than current active one (requested -> active):
  custom:video-decoder-ogg-theora: a1e56fd34408186e4bbccfd4996cb3dc -> 
  custom:container-muxer-webm: aa71ff27fc2769a1b78a27578f13a17b -> 
  custom:container-demuxer-webm: 4f35f7cbe854078d1ac9338744f61a02 -> 
  custom:video-encoder-webm-vp8: eb34c28f22e8b96e1ab97ce403110664 -> 
  custom:audio-encoder-webm-vorbis: bf7c407c2cedff20999df2af8eb42d56 -> 
  custom:framework-win-MediaFoundation: 216162199b28c13a410421893ffa2e32 -> 
  custom:container-demuxer-ogg: 62fdf1f143b41e24485cea50d1cbac27 -> 
  custom:video-decoder-webm-vp8: 9c59270c3fd7afecdb556c50c9e8de78 -> 
  custom:audio-decoder-ogg-vorbis: bf7c407c2cedff20999df2af8eb42d56 -> 
========================================================================
Received Import Request.
  Time since last request: 38709.041413 seconds.
  path: Assets/Download/SD Unity-Chan Haon Custom/Materials/Eye/Eye_00/Eye_00_20.mat
  artifactKey: Guid(f170b19cfe792504cb8564ae81d26599) Importer(815301076,1909f56bfc062723c751e8b465ee728b)
Start importing Assets/Download/SD Unity-Chan Haon Custom/Materials/Eye/Eye_00/Eye_00_20.mat using Guid(f170b19cfe792504cb8564ae81d26599) Importer(815301076,1909f56bfc062723c751e8b465ee728b)  -> (artifact id: 'f8fc60bcdcfd83adae7bad41f5ef8ec6') in 0.134531 seconds 
========================================================================
Received Import Request.
  Time since last request: 1.353931 seconds.
  path: Assets/Download/SD Unity-Chan Haon Custom/Materials/Eyeblow/Eyeblow_01_00.mat
  artifactKey: Guid(5a9d64bdfffc26b4c823a3f361e671b6) Importer(815301076,1909f56bfc062723c751e8b465ee728b)
Start importing Assets/Download/SD Unity-Chan Haon Custom/Materials/Eyeblow/Eyeblow_01_00.mat using Guid(5a9d64bdfffc26b4c823a3f361e671b6) Importer(815301076,1909f56bfc062723c751e8b465ee728b)  -> (artifact id: 'e1d9fe6e16571af4c7195cedc022c932') in 0.019841 seconds 
========================================================================
Received Import Request.
  Time since last request: 1.366248 seconds.
  path: Assets/Download/SD Unity-Chan Haon Custom/Materials/Hair/Hair_00/Hair_00_34.mat
  artifactKey: Guid(3e331741e025c064fb9d0b750d96a72e) Importer(815301076,1909f56bfc062723c751e8b465ee728b)
Start importing Assets/Download/SD Unity-Chan Haon Custom/Materials/Hair/Hair_00/Hair_00_34.mat using Guid(3e331741e025c064fb9d0b750d96a72e) Importer(815301076,1909f56bfc062723c751e8b465ee728b)  -> (artifact id: '30933a3e3c04ae1470e39aaa32a0d9c4') in 0.023758 seconds 
========================================================================
Received Import Request.
  Time since last request: 0.000027 seconds.
  path: Assets/Download/SD Unity-Chan Haon Custom/Materials/Hair/Hair_00/Hair_00_subAB_00.mat
  artifactKey: Guid(a8d79a3c95cbf4146b9579a0ff83f933) Importer(815301076,1909f56bfc062723c751e8b465ee728b)
Start importing Assets/Download/SD Unity-Chan Haon Custom/Materials/Hair/Hair_00/Hair_00_subAB_00.mat using Guid(a8d79a3c95cbf4146b9579a0ff83f933) Importer(815301076,1909f56bfc062723c751e8b465ee728b)  -> (artifact id: 'e244a1e6ea1319382a6704d56726b33b') in 0.020520 seconds 
========================================================================
Received Import Request.
  Time since last request: 19.956732 seconds.
  path: Assets/Download/SD Unity-Chan Haon Custom/Texture/_Catalog/Catalog 4.png
  artifactKey: Guid(2abec3554b906394fbd4d609281e8e5f) Importer(815301076,1909f56bfc062723c751e8b465ee728b)
Start importing Assets/Download/SD Unity-Chan Haon Custom/Texture/_Catalog/Catalog 4.png using Guid(2abec3554b906394fbd4d609281e8e5f) Importer(815301076,1909f56bfc062723c751e8b465ee728b)  -> (artifact id: '79e4a0bc8acc015bbf5dd7513e08bc76') in 0.045254 seconds 
========================================================================
Received Import Request.
  Time since last request: 0.000023 seconds.
  path: Assets/Download/SD Unity-Chan Haon Custom/Texture/_Catalog/Catalog Card 03.png
  artifactKey: Guid(7ff66026be005f548a659764879d93e0) Importer(815301076,1909f56bfc062723c751e8b465ee728b)
Start importing Assets/Download/SD Unity-Chan Haon Custom/Texture/_Catalog/Catalog Card 03.png using Guid(7ff66026be005f548a659764879d93e0) Importer(815301076,1909f56bfc062723c751e8b465ee728b)  -> (artifact id: '0ad37a8a4130909929a18ea5041d505f') in 0.026115 seconds 
========================================================================
Received Import Request.
  Time since last request: 0.000054 seconds.
  path: Assets/Download/SD Unity-Chan Haon Custom/Texture/_Catalog/Catalog Card 02.png
  artifactKey: Guid(0e81977eb40cd364f9309d3437a33fc4) Importer(815301076,1909f56bfc062723c751e8b465ee728b)
Start importing Assets/Download/SD Unity-Chan Haon Custom/Texture/_Catalog/Catalog Card 02.png using Guid(0e81977eb40cd364f9309d3437a33fc4) Importer(815301076,1909f56bfc062723c751e8b465ee728b)  -> (artifact id: 'e5a4755e14ccbd60a1bd95dda42fad47') in 0.027077 seconds 
========================================================================
Received Import Request.
  Time since last request: 0.000021 seconds.
  path: Assets/Download/SD Unity-Chan Haon Custom/Texture/_Catalog/Catalog Card 04.png
  artifactKey: Guid(ae8362a9e8340cd44aba96c92d5b90da) Importer(815301076,1909f56bfc062723c751e8b465ee728b)
Start importing Assets/Download/SD Unity-Chan Haon Custom/Texture/_Catalog/Catalog Card 04.png using Guid(ae8362a9e8340cd44aba96c92d5b90da) Importer(815301076,1909f56bfc062723c751e8b465ee728b)  -> (artifact id: 'd15c564c2dcaa098f2e4c3b9c9c0dc47') in 0.024289 seconds 
========================================================================
Received Import Request.
  Time since last request: 0.198252 seconds.
  path: Assets/Download/SD Unity-Chan Haon Custom/Texture/_PSD/(psd)Costume_02and03.psd
  artifactKey: Guid(8259b951af199ee4484d0c66a2947ae9) Importer(815301076,1909f56bfc062723c751e8b465ee728b)
Start importing Assets/Download/SD Unity-Chan Haon Custom/Texture/_PSD/(psd)Costume_02and03.psd using Guid(8259b951af199ee4484d0c66a2947ae9) Importer(815301076,1909f56bfc062723c751e8b465ee728b)  -> (artifact id: 'c82f15b2388344d2afab6c8cfa8d4713') in 0.031648 seconds 
========================================================================
Received Import Request.
  Time since last request: 0.000029 seconds.
  path: Assets/Download/SD Unity-Chan Haon Custom/Texture/_PSD/(psd)Eye_01.psd
  artifactKey: Guid(7282d2f1a4a136f4bbdf96c2cb9562d0) Importer(815301076,1909f56bfc062723c751e8b465ee728b)
Start importing Assets/Download/SD Unity-Chan Haon Custom/Texture/_PSD/(psd)Eye_01.psd using Guid(7282d2f1a4a136f4bbdf96c2cb9562d0) Importer(815301076,1909f56bfc062723c751e8b465ee728b)  -> (artifact id: 'ec28966ec452363e40530f01abe35a5c') in 0.016770 seconds 
========================================================================
Received Import Request.
  Time since last request: 0.000108 seconds.
  path: Assets/Download/SD Unity-Chan Haon Custom/Texture/_PSD/(psd)Eye_00.psd
  artifactKey: Guid(ee952647e1fffca40a3d08de23f5f250) Importer(815301076,1909f56bfc062723c751e8b465ee728b)
Start importing Assets/Download/SD Unity-Chan Haon Custom/Texture/_PSD/(psd)Eye_00.psd using Guid(ee952647e1fffca40a3d08de23f5f250) Importer(815301076,1909f56bfc062723c751e8b465ee728b)  -> (artifact id: '6ad8ffc635490cbb0c0d886f6e2a6acb') in 0.019663 seconds 
========================================================================
Received Import Request.
  Time since last request: 0.989522 seconds.
  path: Assets/Download/SD Unity-Chan Haon Custom/Texture/accessory/Accessory_01_00.png
  artifactKey: Guid(bcfa9de0f469d2442b1b31265f447d4e) Importer(815301076,1909f56bfc062723c751e8b465ee728b)
Start importing Assets/Download/SD Unity-Chan Haon Custom/Texture/accessory/Accessory_01_00.png using Guid(bcfa9de0f469d2442b1b31265f447d4e) Importer(815301076,1909f56bfc062723c751e8b465ee728b)  -> (artifact id: 'c4a452dda02b6eda17ac2b6b3945970a') in 0.014387 seconds 
========================================================================
Received Import Request.
  Time since last request: 0.000021 seconds.
  path: Assets/Download/SD Unity-Chan Haon Custom/Texture/accessory/Accessory_02_00.png
  artifactKey: Guid(78215f21a8241574590d97da48203259) Importer(815301076,1909f56bfc062723c751e8b465ee728b)
Start importing Assets/Download/SD Unity-Chan Haon Custom/Texture/accessory/Accessory_02_00.png using Guid(78215f21a8241574590d97da48203259) Importer(815301076,1909f56bfc062723c751e8b465ee728b)  -> (artifact id: '10c3ad32daf119804fffde5b21f0fe38') in 0.017596 seconds 
========================================================================
Received Import Request.
  Time since last request: 0.242921 seconds.
  path: Assets/Download/SD Unity-Chan Haon Custom/Texture/Costume/Costume_02_10.png
  artifactKey: Guid(9faf240e0b5d4f34a8f08372258d485f) Importer(815301076,1909f56bfc062723c751e8b465ee728b)
Start importing Assets/Download/SD Unity-Chan Haon Custom/Texture/Costume/Costume_02_10.png using Guid(9faf240e0b5d4f34a8f08372258d485f) Importer(815301076,1909f56bfc062723c751e8b465ee728b)  -> (artifact id: 'd425e4a122638ac95d6d52f46f61dd6d') in 0.015382 seconds 
========================================================================
Received Import Request.
  Time since last request: 0.286310 seconds.
  path: Assets/Download/SD Unity-Chan Haon Custom/Texture/Eyeblow/Eyeblow_01_00.png
  artifactKey: Guid(516a8479cb508434d9885d5eb6f7f9c8) Importer(815301076,1909f56bfc062723c751e8b465ee728b)
Start importing Assets/Download/SD Unity-Chan Haon Custom/Texture/Eyeblow/Eyeblow_01_00.png using Guid(516a8479cb508434d9885d5eb6f7f9c8) Importer(815301076,1909f56bfc062723c751e8b465ee728b)  -> (artifact id: 'f081f81e4dca6c72cd3b112894b71cc0') in 0.015314 seconds 
========================================================================
Received Import Request.
  Time since last request: 1.090569 seconds.
  path: Assets/Download/SD Unity-Chan Haon Custom/Texture/Hair/Hair_00_34.png
  artifactKey: Guid(010893163094a694bb15446a1e452185) Importer(815301076,1909f56bfc062723c751e8b465ee728b)
Start importing Assets/Download/SD Unity-Chan Haon Custom/Texture/Hair/Hair_00_34.png using Guid(010893163094a694bb15446a1e452185) Importer(815301076,1909f56bfc062723c751e8b465ee728b)  -> (artifact id: '9e1ec4c53b0b698629c906a74777affa') in 0.014716 seconds 
========================================================================
Received Import Request.
  Time since last request: 0.000025 seconds.
  path: Assets/Download/SD Unity-Chan Haon Custom/Texture/Hair/Hair_01_00.png
  artifactKey: Guid(dec0793b22cab0d49b856d7aadb13306) Importer(815301076,1909f56bfc062723c751e8b465ee728b)
Start importing Assets/Download/SD Unity-Chan Haon Custom/Texture/Hair/Hair_01_00.png using Guid(dec0793b22cab0d49b856d7aadb13306) Importer(815301076,1909f56bfc062723c751e8b465ee728b)  -> (artifact id: 'b37adc181dd9dca01d6e0f24b2c76859') in 0.021019 seconds 
Editor requested this worker to shutdown with reason: Scaling down because of idle timeout
AssetImportWorkerClient::OnTransportError - code=2 error=End of file
AssetImportWorker is now disconnected from the server
Process exiting
Exiting without the bug reporter. Application will terminate with return code 0