Using pre-set license
Built from '2021.3/staging' branch; Version is '2021.3.7f1 (24e8595d6d43) revision 2418777'; Using compiler version '192829333'; Build Type 'Release'
OS: 'Windows 11  (10.0.22000) 64bit Professional' Language: 'ko' Physical Memory: 16194 MB
BatchMode: 1, IsHumanControllingUs: 0, StartBugReporterOnCrash: 0, Is64bit: 1, IsPro: 1

COMMAND LINE ARGUMENTS:
C:\Program Files\Unity\Hub\Editor\2021.3.7f1\Editor\Unity.exe
-adb2
-batchMode
-noUpm
-name
AssetImportWorker0
-projectPath
C:/Users/USER/Unity_Program/Unity/UnityChan_MOBA
-logFile
Logs/AssetImportWorker0.log
-srvPort
13592
Successfully changed project path to: C:/Users/USER/Unity_Program/Unity/UnityChan_MOBA
C:/Users/USER/Unity_Program/Unity/UnityChan_MOBA
[UnityMemory] Configuration Parameters - Can be set up in boot.config
    "memorysetup-bucket-allocator-granularity=16"
    "memorysetup-bucket-allocator-bucket-count=8"
    "memorysetup-bucket-allocator-block-size=33554432"
    "memorysetup-bucket-allocator-block-count=8"
    "memorysetup-main-allocator-block-size=16777216"
    "memorysetup-thread-allocator-block-size=16777216"
    "memorysetup-gfx-main-allocator-block-size=16777216"
    "memorysetup-gfx-thread-allocator-block-size=16777216"
    "memorysetup-cache-allocator-block-size=4194304"
    "memorysetup-typetree-allocator-block-size=2097152"
    "memorysetup-profiler-bucket-allocator-granularity=16"
    "memorysetup-profiler-bucket-allocator-bucket-count=8"
    "memorysetup-profiler-bucket-allocator-block-size=33554432"
    "memorysetup-profiler-bucket-allocator-block-count=8"
    "memorysetup-profiler-allocator-block-size=16777216"
    "memorysetup-profiler-editor-allocator-block-size=1048576"
    "memorysetup-temp-allocator-size-main=16777216"
    "memorysetup-job-temp-allocator-block-size=2097152"
    "memorysetup-job-temp-allocator-block-size-background=1048576"
    "memorysetup-job-temp-allocator-reduction-small-platforms=262144"
    "memorysetup-temp-allocator-size-background-worker=32768"
    "memorysetup-temp-allocator-size-job-worker=262144"
    "memorysetup-temp-allocator-size-preload-manager=33554432"
    "memorysetup-temp-allocator-size-nav-mesh-worker=65536"
    "memorysetup-temp-allocator-size-audio-worker=65536"
    "memorysetup-temp-allocator-size-cloud-worker=32768"
    "memorysetup-temp-allocator-size-gi-baking-worker=262144"
    "memorysetup-temp-allocator-size-gfx=262144"
Refreshing native plugins compatible for Editor in 89.71 ms, found 3 plugins.
Preloading 0 native plugins for Editor in 0.00 ms.
Initialize engine version: 2021.3.7f1 (24e8595d6d43)
[Subsystems] Discovering subsystems at path C:/Program Files/Unity/Hub/Editor/2021.3.7f1/Editor/Data/Resources/UnitySubsystems
[Subsystems] Discovering subsystems at path C:/Users/USER/Unity_Program/Unity/UnityChan_MOBA/Assets
GfxDevice: creating device client; threaded=0; jobified=0
Direct3D:
    Version:  Direct3D 11.0 [level 11.1]
    Renderer: NVIDIA GeForce RTX 2070 (ID=0x1f14)
    Vendor:   NVIDIA
    VRAM:     8031 MB
    Driver:   30.0.15.1165
Initialize mono
Mono path[0] = 'C:/Program Files/Unity/Hub/Editor/2021.3.7f1/Editor/Data/Managed'
Mono path[1] = 'C:/Program Files/Unity/Hub/Editor/2021.3.7f1/Editor/Data/MonoBleedingEdge/lib/mono/unityjit-win32'
Mono config path = 'C:/Program Files/Unity/Hub/Editor/2021.3.7f1/Editor/Data/MonoBleedingEdge/etc'
Using monoOptions --debugger-agent=transport=dt_socket,embedding=1,server=y,suspend=n,address=127.0.0.1:56452
Begin MonoManager ReloadAssembly
Registering precompiled unity dll's ...
Register platform support module: C:/Program Files/Unity/Hub/Editor/2021.3.7f1/Editor/Data/PlaybackEngines/WindowsStandaloneSupport/UnityEditor.WindowsStandalone.Extensions.dll
Registered in 0.008594 seconds.
Native extension for WindowsStandalone target not found
Refreshing native plugins compatible for Editor in 90.09 ms, found 3 plugins.
Preloading 0 native plugins for Editor in 0.00 ms.
Mono: successfully reloaded assembly
- Completed reload, in  0.621 seconds
Domain Reload Profiling:
	ReloadAssembly (622ms)
		BeginReloadAssembly (71ms)
			ExecutionOrderSort (0ms)
			DisableScriptedObjects (0ms)
			BackupInstance (0ms)
			ReleaseScriptingObjects (0ms)
			CreateAndSetChildDomain (1ms)
		EndReloadAssembly (444ms)
			LoadAssemblies (68ms)
			RebuildTransferFunctionScriptingTraits (0ms)
			SetupTypeCache (103ms)
			ReleaseScriptCaches (0ms)
			RebuildScriptCaches (27ms)
			SetupLoadedEditorAssemblies (257ms)
				LogAssemblyErrors (0ms)
				InitializePlatformSupportModulesInManaged (7ms)
				SetLoadedEditorAssemblies (0ms)
				RefreshPlugins (90ms)
				BeforeProcessingInitializeOnLoad (1ms)
				ProcessInitializeOnLoadAttributes (113ms)
				ProcessInitializeOnLoadMethodAttributes (45ms)
				AfterProcessingInitializeOnLoad (0ms)
				EditorAssembliesLoaded (0ms)
			ExecutionOrderSort2 (0ms)
			AwakeInstancesAfterBackupRestoration (0ms)
Platform modules already initialized, skipping
Registering precompiled user dll's ...
Registered in 0.006969 seconds.
Begin MonoManager ReloadAssembly
Symbol file LoadedFromMemory doesn't match image C:\Users\USER\Unity_Program\Unity\UnityChan_MOBA\Library\PackageCache\com.unity.visualscripting@1.7.8\Editor\VisualScripting.Core\Dependencies\YamlDotNet\Unity.VisualScripting.YamlDotNet.dll
Symbol file LoadedFromMemory doesn't match image C:\Users\USER\Unity_Program\Unity\UnityChan_MOBA\Library\PackageCache\com.unity.visualscripting@1.7.8\Editor\VisualScripting.Core\Dependencies\DotNetZip\Unity.VisualScripting.IonicZip.dll
Native extension for WindowsStandalone target not found
Refreshing native plugins compatible for Editor in 0.58 ms, found 3 plugins.
Preloading 0 native plugins for Editor in 0.00 ms.
Mono: successfully reloaded assembly
- Completed reload, in  1.017 seconds
Domain Reload Profiling:
	ReloadAssembly (1018ms)
		BeginReloadAssembly (101ms)
			ExecutionOrderSort (0ms)
			DisableScriptedObjects (6ms)
			BackupInstance (0ms)
			ReleaseScriptingObjects (0ms)
			CreateAndSetChildDomain (15ms)
		EndReloadAssembly (808ms)
			LoadAssemblies (79ms)
			RebuildTransferFunctionScriptingTraits (0ms)
			SetupTypeCache (269ms)
			ReleaseScriptCaches (1ms)
			RebuildScriptCaches (50ms)
			SetupLoadedEditorAssemblies (369ms)
				LogAssemblyErrors (0ms)
				InitializePlatformSupportModulesInManaged (5ms)
				SetLoadedEditorAssemblies (0ms)
				RefreshPlugins (1ms)
				BeforeProcessingInitializeOnLoad (91ms)
				ProcessInitializeOnLoadAttributes (231ms)
				ProcessInitializeOnLoadMethodAttributes (32ms)
				AfterProcessingInitializeOnLoad (9ms)
				EditorAssembliesLoaded (0ms)
			ExecutionOrderSort2 (0ms)
			AwakeInstancesAfterBackupRestoration (8ms)
Platform modules already initialized, skipping
========================================================================
Worker process is ready to serve import requests
Launched and connected shader compiler UnityShaderCompiler.exe after 0.04 seconds
Refreshing native plugins compatible for Editor in 0.68 ms, found 3 plugins.
Preloading 0 native plugins for Editor in 0.00 ms.
Unloading 3650 Unused Serialized files (Serialized files now loaded: 0)
Unloading 95 unused Assets / (10.5 MB). Loaded Objects now: 4044.
Memory consumption went from 166.1 MB to 155.6 MB.
Total: 7.794700 ms (FindLiveObjects: 0.274300 ms CreateObjectMapping: 0.206900 ms MarkObjects: 2.978500 ms  DeleteObjects: 4.334200 ms)

AssetImportParameters requested are different than current active one (requested -> active):
  custom:video-decoder-ogg-theora: a1e56fd34408186e4bbccfd4996cb3dc -> 
  custom:container-muxer-webm: aa71ff27fc2769a1b78a27578f13a17b -> 
  custom:container-demuxer-webm: 4f35f7cbe854078d1ac9338744f61a02 -> 
  custom:video-encoder-webm-vp8: eb34c28f22e8b96e1ab97ce403110664 -> 
  custom:audio-encoder-webm-vorbis: bf7c407c2cedff20999df2af8eb42d56 -> 
  custom:framework-win-MediaFoundation: 216162199b28c13a410421893ffa2e32 -> 
  custom:container-demuxer-ogg: 62fdf1f143b41e24485cea50d1cbac27 -> 
  custom:video-decoder-webm-vp8: 9c59270c3fd7afecdb556c50c9e8de78 -> 
  custom:audio-decoder-ogg-vorbis: bf7c407c2cedff20999df2af8eb42d56 -> 
========================================================================
Received Import Request.
  Time since last request: 3622.480293 seconds.
  path: Assets/Resources/PlayerController_0.prefab
  artifactKey: Guid(68067b792cb204242ad6f3d6663435d0) Importer(815301076,1909f56bfc062723c751e8b465ee728b)
Start importing Assets/Resources/PlayerController_0.prefab using Guid(68067b792cb204242ad6f3d6663435d0) Importer(815301076,1909f56bfc062723c751e8b465ee728b)  -> (artifact id: 'bb0059c48b2452d5f2ef368b95f50eeb') in 0.207670 seconds 
========================================================================
Received Import Request.
  Time since last request: 1.937268 seconds.
  path: Assets/Resources/PlayerController_0.prefab
  artifactKey: Guid(68067b792cb204242ad6f3d6663435d0) Importer(815301076,1909f56bfc062723c751e8b465ee728b)
Start importing Assets/Resources/PlayerController_0.prefab using Guid(68067b792cb204242ad6f3d6663435d0) Importer(815301076,1909f56bfc062723c751e8b465ee728b)  -> (artifact id: 'b9e2c2fb308452e6c81d8df7854bdc15') in 0.067514 seconds 
========================================================================
Received Import Request.
  Time since last request: 4.831143 seconds.
  path: Assets/Resources/PlayerController_0.prefab
  artifactKey: Guid(68067b792cb204242ad6f3d6663435d0) Importer(815301076,1909f56bfc062723c751e8b465ee728b)
Start importing Assets/Resources/PlayerController_0.prefab using Guid(68067b792cb204242ad6f3d6663435d0) Importer(815301076,1909f56bfc062723c751e8b465ee728b)  -> (artifact id: 'fa6cc7f89bce0e16f715df6faa7238ed') in 0.066827 seconds 
========================================================================
Received Import Request.
  Time since last request: 6.642210 seconds.
  path: Assets/Resources/PlayerController_0.prefab
  artifactKey: Guid(68067b792cb204242ad6f3d6663435d0) Importer(815301076,1909f56bfc062723c751e8b465ee728b)
Start importing Assets/Resources/PlayerController_0.prefab using Guid(68067b792cb204242ad6f3d6663435d0) Importer(815301076,1909f56bfc062723c751e8b465ee728b)  -> (artifact id: 'f29df2222c64ac876ef3de13aeb07731') in 0.067709 seconds 
========================================================================
Received Import Request.
  Time since last request: 25.727385 seconds.
  path: Assets/Resources/PlayerController_0.prefab
  artifactKey: Guid(68067b792cb204242ad6f3d6663435d0) Importer(815301076,1909f56bfc062723c751e8b465ee728b)
Start importing Assets/Resources/PlayerController_0.prefab using Guid(68067b792cb204242ad6f3d6663435d0) Importer(815301076,1909f56bfc062723c751e8b465ee728b)  -> (artifact id: '76ba7c1ffc5c401c20a48da1c0877496') in 0.082258 seconds 
========================================================================
Received Import Request.
  Time since last request: 1.259496 seconds.
  path: Assets/Resources/PlayerController_0.prefab
  artifactKey: Guid(68067b792cb204242ad6f3d6663435d0) Importer(815301076,1909f56bfc062723c751e8b465ee728b)
Start importing Assets/Resources/PlayerController_0.prefab using Guid(68067b792cb204242ad6f3d6663435d0) Importer(815301076,1909f56bfc062723c751e8b465ee728b)  -> (artifact id: '55b6031d4a1bcfb2a02b3bf0f4d503be') in 0.068954 seconds 
========================================================================
Received Import Request.
  Time since last request: 2.968818 seconds.
  path: Assets/Resources/PlayerController_0.prefab
  artifactKey: Guid(68067b792cb204242ad6f3d6663435d0) Importer(815301076,1909f56bfc062723c751e8b465ee728b)
Start importing Assets/Resources/PlayerController_0.prefab using Guid(68067b792cb204242ad6f3d6663435d0) Importer(815301076,1909f56bfc062723c751e8b465ee728b)  -> (artifact id: '54ce92e480e531986bbaec3beeb4249c') in 0.067042 seconds 
========================================================================
Received Import Request.
  Time since last request: 7.005803 seconds.
  path: Assets/Resources/PlayerController_0.prefab
  artifactKey: Guid(68067b792cb204242ad6f3d6663435d0) Importer(815301076,1909f56bfc062723c751e8b465ee728b)
Start importing Assets/Resources/PlayerController_0.prefab using Guid(68067b792cb204242ad6f3d6663435d0) Importer(815301076,1909f56bfc062723c751e8b465ee728b)  -> (artifact id: '46e3018ffaf199a957c677b96511fa9f') in 0.064952 seconds 
========================================================================
Received Import Request.
  Time since last request: 1.546023 seconds.
  path: Assets/Resources/PlayerController_0.prefab
  artifactKey: Guid(68067b792cb204242ad6f3d6663435d0) Importer(815301076,1909f56bfc062723c751e8b465ee728b)
Start importing Assets/Resources/PlayerController_0.prefab using Guid(68067b792cb204242ad6f3d6663435d0) Importer(815301076,1909f56bfc062723c751e8b465ee728b)  -> (artifact id: 'ed54a0f2295b2b62ca7e9b72d71ab589') in 0.067950 seconds 
========================================================================
Received Import Request.
  Time since last request: 5.385444 seconds.
  path: Assets/Resources/PlayerController_0.prefab
  artifactKey: Guid(68067b792cb204242ad6f3d6663435d0) Importer(815301076,1909f56bfc062723c751e8b465ee728b)
Start importing Assets/Resources/PlayerController_0.prefab using Guid(68067b792cb204242ad6f3d6663435d0) Importer(815301076,1909f56bfc062723c751e8b465ee728b)  -> (artifact id: 'd26bdd12580a0de9264f30a0f29d4581') in 0.064573 seconds 
========================================================================
Received Import Request.
  Time since last request: 268.669190 seconds.
  path: Assets/Resources/PlayerController_0.prefab
  artifactKey: Guid(68067b792cb204242ad6f3d6663435d0) Importer(815301076,1909f56bfc062723c751e8b465ee728b)
Start importing Assets/Resources/PlayerController_0.prefab using Guid(68067b792cb204242ad6f3d6663435d0) Importer(815301076,1909f56bfc062723c751e8b465ee728b)  -> (artifact id: '9b70cd770ab34c453d10727918198dd7') in 0.068115 seconds 
========================================================================
Received Import Request.
  Time since last request: 1.145668 seconds.
  path: Assets/Resources/PlayerController_0.prefab
  artifactKey: Guid(68067b792cb204242ad6f3d6663435d0) Importer(815301076,1909f56bfc062723c751e8b465ee728b)
Start importing Assets/Resources/PlayerController_0.prefab using Guid(68067b792cb204242ad6f3d6663435d0) Importer(815301076,1909f56bfc062723c751e8b465ee728b)  -> (artifact id: 'b79f3bb806732b9d2f85f70ff9a0b882') in 0.066394 seconds 
========================================================================
Received Import Request.
  Time since last request: 1.512275 seconds.
  path: Assets/Resources/PlayerController_0.prefab
  artifactKey: Guid(68067b792cb204242ad6f3d6663435d0) Importer(815301076,1909f56bfc062723c751e8b465ee728b)
Start importing Assets/Resources/PlayerController_0.prefab using Guid(68067b792cb204242ad6f3d6663435d0) Importer(815301076,1909f56bfc062723c751e8b465ee728b)  -> (artifact id: '609e9c9a536551d797702c2e0fbf0b13') in 0.065625 seconds 
========================================================================
Received Import Request.
  Time since last request: 2.985895 seconds.
  path: Assets/Resources/PlayerController_0.prefab
  artifactKey: Guid(68067b792cb204242ad6f3d6663435d0) Importer(815301076,1909f56bfc062723c751e8b465ee728b)
Start importing Assets/Resources/PlayerController_0.prefab using Guid(68067b792cb204242ad6f3d6663435d0) Importer(815301076,1909f56bfc062723c751e8b465ee728b)  -> (artifact id: 'a73d9da6f7bad8bfbbb7db135b4bf6a1') in 0.064832 seconds 
========================================================================
Received Import Request.
  Time since last request: 4.585778 seconds.
  path: Assets/Resources/PlayerController_0.prefab
  artifactKey: Guid(68067b792cb204242ad6f3d6663435d0) Importer(815301076,1909f56bfc062723c751e8b465ee728b)
Start importing Assets/Resources/PlayerController_0.prefab using Guid(68067b792cb204242ad6f3d6663435d0) Importer(815301076,1909f56bfc062723c751e8b465ee728b)  -> (artifact id: 'a91618b2b91e120c062c80d53d33060d') in 0.065918 seconds 
========================================================================
Received Import Request.
  Time since last request: 10.008421 seconds.
  path: Assets/Resources/PlayerController_0.prefab
  artifactKey: Guid(68067b792cb204242ad6f3d6663435d0) Importer(815301076,1909f56bfc062723c751e8b465ee728b)
Start importing Assets/Resources/PlayerController_0.prefab using Guid(68067b792cb204242ad6f3d6663435d0) Importer(815301076,1909f56bfc062723c751e8b465ee728b)  -> (artifact id: 'a6a16f663310aba52ea910400534c302') in 0.064908 seconds 
========================================================================
Received Import Request.
  Time since last request: 1.793294 seconds.
  path: Assets/Resources/PlayerController_0.prefab
  artifactKey: Guid(68067b792cb204242ad6f3d6663435d0) Importer(815301076,1909f56bfc062723c751e8b465ee728b)
Start importing Assets/Resources/PlayerController_0.prefab using Guid(68067b792cb204242ad6f3d6663435d0) Importer(815301076,1909f56bfc062723c751e8b465ee728b)  -> (artifact id: 'fad56ccfffe6b040853b9dcd22568d02') in 0.065262 seconds 
========================================================================
Received Import Request.
  Time since last request: 6.641962 seconds.
  path: Assets/Resources/PlayerController_0.prefab
  artifactKey: Guid(68067b792cb204242ad6f3d6663435d0) Importer(815301076,1909f56bfc062723c751e8b465ee728b)
Start importing Assets/Resources/PlayerController_0.prefab using Guid(68067b792cb204242ad6f3d6663435d0) Importer(815301076,1909f56bfc062723c751e8b465ee728b)  -> (artifact id: '38596fd687bf842df26da896fecbf55e') in 0.061506 seconds 
========================================================================
Received Import Request.
  Time since last request: 1.497862 seconds.
  path: Assets/Resources/PlayerController_0.prefab
  artifactKey: Guid(68067b792cb204242ad6f3d6663435d0) Importer(815301076,1909f56bfc062723c751e8b465ee728b)
Start importing Assets/Resources/PlayerController_0.prefab using Guid(68067b792cb204242ad6f3d6663435d0) Importer(815301076,1909f56bfc062723c751e8b465ee728b)  -> (artifact id: '5e106f2982de367283b9094e677f0fc9') in 0.065458 seconds 
========================================================================
Received Import Request.
  Time since last request: 3.854817 seconds.
  path: Assets/Resources/PlayerController_0.prefab
  artifactKey: Guid(68067b792cb204242ad6f3d6663435d0) Importer(815301076,1909f56bfc062723c751e8b465ee728b)
Start importing Assets/Resources/PlayerController_0.prefab using Guid(68067b792cb204242ad6f3d6663435d0) Importer(815301076,1909f56bfc062723c751e8b465ee728b)  -> (artifact id: '5133f8603bd698e4eecb0ac34f65a6d6') in 0.063685 seconds 
========================================================================
Received Import Request.
  Time since last request: 6.550574 seconds.
  path: Assets/Resources/PlayerController_0.prefab
  artifactKey: Guid(68067b792cb204242ad6f3d6663435d0) Importer(815301076,1909f56bfc062723c751e8b465ee728b)
Start importing Assets/Resources/PlayerController_0.prefab using Guid(68067b792cb204242ad6f3d6663435d0) Importer(815301076,1909f56bfc062723c751e8b465ee728b)  -> (artifact id: '07df30b01ae33c86999b7429d408c147') in 0.062038 seconds 
========================================================================
Received Import Request.
  Time since last request: 13.025339 seconds.
  path: Assets/Resources/PlayerController_0.prefab
  artifactKey: Guid(68067b792cb204242ad6f3d6663435d0) Importer(815301076,1909f56bfc062723c751e8b465ee728b)
Start importing Assets/Resources/PlayerController_0.prefab using Guid(68067b792cb204242ad6f3d6663435d0) Importer(815301076,1909f56bfc062723c751e8b465ee728b)  -> (artifact id: '6d227d0010a34bcab06012f46957bf3f') in 0.063415 seconds 
========================================================================
Received Import Request.
  Time since last request: 19.820790 seconds.
  path: Assets/Resources/PlayerController_0.prefab
  artifactKey: Guid(68067b792cb204242ad6f3d6663435d0) Importer(815301076,1909f56bfc062723c751e8b465ee728b)
Start importing Assets/Resources/PlayerController_0.prefab using Guid(68067b792cb204242ad6f3d6663435d0) Importer(815301076,1909f56bfc062723c751e8b465ee728b)  -> (artifact id: 'cfd60179b83a10ab184f946a06b21f65') in 0.061438 seconds 
========================================================================
Received Import Request.
  Time since last request: 5.274309 seconds.
  path: Assets/Resources/PlayerController_0.prefab
  artifactKey: Guid(68067b792cb204242ad6f3d6663435d0) Importer(815301076,1909f56bfc062723c751e8b465ee728b)
Start importing Assets/Resources/PlayerController_0.prefab using Guid(68067b792cb204242ad6f3d6663435d0) Importer(815301076,1909f56bfc062723c751e8b465ee728b)  -> (artifact id: 'e2c8d880686a936d42f1cd23e69efb73') in 0.064535 seconds 
========================================================================
Received Import Request.
  Time since last request: 1.039527 seconds.
  path: Assets/Resources/PlayerController_0.prefab
  artifactKey: Guid(68067b792cb204242ad6f3d6663435d0) Importer(815301076,1909f56bfc062723c751e8b465ee728b)
Start importing Assets/Resources/PlayerController_0.prefab using Guid(68067b792cb204242ad6f3d6663435d0) Importer(815301076,1909f56bfc062723c751e8b465ee728b)  -> (artifact id: '891e0d61619ad3a35bb631c08d68a4fc') in 0.082875 seconds 
========================================================================
Received Import Request.
  Time since last request: 0.311866 seconds.
  path: Assets/Resources/PlayerController_0.prefab
  artifactKey: Guid(68067b792cb204242ad6f3d6663435d0) Importer(815301076,1909f56bfc062723c751e8b465ee728b)
Start importing Assets/Resources/PlayerController_0.prefab using Guid(68067b792cb204242ad6f3d6663435d0) Importer(815301076,1909f56bfc062723c751e8b465ee728b)  -> (artifact id: '6d60fd2c5a1b331fee8c63d799d47f77') in 0.064797 seconds 
========================================================================
Received Import Request.
  Time since last request: 2.430486 seconds.
  path: Assets/Resources/PlayerController_0.prefab
  artifactKey: Guid(68067b792cb204242ad6f3d6663435d0) Importer(815301076,1909f56bfc062723c751e8b465ee728b)
Start importing Assets/Resources/PlayerController_0.prefab using Guid(68067b792cb204242ad6f3d6663435d0) Importer(815301076,1909f56bfc062723c751e8b465ee728b)  -> (artifact id: 'b1de98396a397b31cdbff4a9335610d9') in 0.063849 seconds 
========================================================================
Received Import Request.
  Time since last request: 1.626734 seconds.
  path: Assets/Resources/PlayerController_0.prefab
  artifactKey: Guid(68067b792cb204242ad6f3d6663435d0) Importer(815301076,1909f56bfc062723c751e8b465ee728b)
Start importing Assets/Resources/PlayerController_0.prefab using Guid(68067b792cb204242ad6f3d6663435d0) Importer(815301076,1909f56bfc062723c751e8b465ee728b)  -> (artifact id: '50217c3ee3ec5350cbff9166f88446aa') in 0.065751 seconds 
========================================================================
Received Import Request.
  Time since last request: 1.367824 seconds.
  path: Assets/Resources/PlayerController_0.prefab
  artifactKey: Guid(68067b792cb204242ad6f3d6663435d0) Importer(815301076,1909f56bfc062723c751e8b465ee728b)
Start importing Assets/Resources/PlayerController_0.prefab using Guid(68067b792cb204242ad6f3d6663435d0) Importer(815301076,1909f56bfc062723c751e8b465ee728b)  -> (artifact id: '12e33b39b763fbade292d14e82957fca') in 0.066223 seconds 
========================================================================
Received Import Request.
  Time since last request: 1.352694 seconds.
  path: Assets/Resources/PlayerController_0.prefab
  artifactKey: Guid(68067b792cb204242ad6f3d6663435d0) Importer(815301076,1909f56bfc062723c751e8b465ee728b)
Start importing Assets/Resources/PlayerController_0.prefab using Guid(68067b792cb204242ad6f3d6663435d0) Importer(815301076,1909f56bfc062723c751e8b465ee728b)  -> (artifact id: '855ea1e74894430b02c1bc3e9003e49e') in 0.067813 seconds 
========================================================================
Received Import Request.
  Time since last request: 2.011438 seconds.
  path: Assets/Resources/PlayerController_0.prefab
  artifactKey: Guid(68067b792cb204242ad6f3d6663435d0) Importer(815301076,1909f56bfc062723c751e8b465ee728b)
Start importing Assets/Resources/PlayerController_0.prefab using Guid(68067b792cb204242ad6f3d6663435d0) Importer(815301076,1909f56bfc062723c751e8b465ee728b)  -> (artifact id: 'bca040727eace796ba67c71f7d9c97ae') in 0.067577 seconds 
========================================================================
Received Import Request.
  Time since last request: 2.196499 seconds.
  path: Assets/Resources/PlayerController_0.prefab
  artifactKey: Guid(68067b792cb204242ad6f3d6663435d0) Importer(815301076,1909f56bfc062723c751e8b465ee728b)
Start importing Assets/Resources/PlayerController_0.prefab using Guid(68067b792cb204242ad6f3d6663435d0) Importer(815301076,1909f56bfc062723c751e8b465ee728b)  -> (artifact id: 'af46ad9b7c0ff92f79d43989c823a0cb') in 0.064627 seconds 
========================================================================
Received Import Request.
  Time since last request: 5.872870 seconds.
  path: Assets/Resources/PlayerController_0.prefab
  artifactKey: Guid(68067b792cb204242ad6f3d6663435d0) Importer(815301076,1909f56bfc062723c751e8b465ee728b)
Start importing Assets/Resources/PlayerController_0.prefab using Guid(68067b792cb204242ad6f3d6663435d0) Importer(815301076,1909f56bfc062723c751e8b465ee728b)  -> (artifact id: 'f8bd4f456afdf4542ed64092d3310265') in 0.065299 seconds 
========================================================================
Received Import Request.
  Time since last request: 7.088663 seconds.
  path: Assets/Resources/PlayerController_0.prefab
  artifactKey: Guid(68067b792cb204242ad6f3d6663435d0) Importer(815301076,1909f56bfc062723c751e8b465ee728b)
Start importing Assets/Resources/PlayerController_0.prefab using Guid(68067b792cb204242ad6f3d6663435d0) Importer(815301076,1909f56bfc062723c751e8b465ee728b)  -> (artifact id: '560e223e19190df8c1116a6587c71ebf') in 0.063596 seconds 
========================================================================
Received Import Request.
  Time since last request: 0.932707 seconds.
  path: Assets/Resources/PlayerController_0.prefab
  artifactKey: Guid(68067b792cb204242ad6f3d6663435d0) Importer(815301076,1909f56bfc062723c751e8b465ee728b)
Start importing Assets/Resources/PlayerController_0.prefab using Guid(68067b792cb204242ad6f3d6663435d0) Importer(815301076,1909f56bfc062723c751e8b465ee728b)  -> (artifact id: '7a75ff9c11503c2b92ae16b70195e52c') in 0.065488 seconds 
========================================================================
Received Import Request.
  Time since last request: 4.218086 seconds.
  path: Assets/Resources/PlayerController_0.prefab
  artifactKey: Guid(68067b792cb204242ad6f3d6663435d0) Importer(815301076,1909f56bfc062723c751e8b465ee728b)
Start importing Assets/Resources/PlayerController_0.prefab using Guid(68067b792cb204242ad6f3d6663435d0) Importer(815301076,1909f56bfc062723c751e8b465ee728b)  -> (artifact id: 'a0bc7f5f4e4c98ed9a65caf5a6725bb5') in 0.067210 seconds 
========================================================================
Received Import Request.
  Time since last request: 3.990349 seconds.
  path: Assets/Resources/PlayerController_0.prefab
  artifactKey: Guid(68067b792cb204242ad6f3d6663435d0) Importer(815301076,1909f56bfc062723c751e8b465ee728b)
Start importing Assets/Resources/PlayerController_0.prefab using Guid(68067b792cb204242ad6f3d6663435d0) Importer(815301076,1909f56bfc062723c751e8b465ee728b)  -> (artifact id: 'df8ce88c08a76b0cf2ea838953270fe2') in 0.062732 seconds 
========================================================================
Received Import Request.
  Time since last request: 8.014836 seconds.
  path: Assets/Resources/PlayerController_0.prefab
  artifactKey: Guid(68067b792cb204242ad6f3d6663435d0) Importer(815301076,1909f56bfc062723c751e8b465ee728b)
Start importing Assets/Resources/PlayerController_0.prefab using Guid(68067b792cb204242ad6f3d6663435d0) Importer(815301076,1909f56bfc062723c751e8b465ee728b)  -> (artifact id: '98f36e734d883859c2318ec3e9e164f2') in 0.068285 seconds 
========================================================================
Received Import Request.
  Time since last request: 3.015337 seconds.
  path: Assets/Resources/PlayerController_0.prefab
  artifactKey: Guid(68067b792cb204242ad6f3d6663435d0) Importer(815301076,1909f56bfc062723c751e8b465ee728b)
Start importing Assets/Resources/PlayerController_0.prefab using Guid(68067b792cb204242ad6f3d6663435d0) Importer(815301076,1909f56bfc062723c751e8b465ee728b)  -> (artifact id: '0b52f3fe7e0320bfb28876512684f223') in 0.066732 seconds 
========================================================================
Received Import Request.
  Time since last request: 3.994907 seconds.
  path: Assets/Resources/PlayerController_0.prefab
  artifactKey: Guid(68067b792cb204242ad6f3d6663435d0) Importer(815301076,1909f56bfc062723c751e8b465ee728b)
Start importing Assets/Resources/PlayerController_0.prefab using Guid(68067b792cb204242ad6f3d6663435d0) Importer(815301076,1909f56bfc062723c751e8b465ee728b)  -> (artifact id: '065745fa143ccf88ea338714dbae96d1') in 0.061690 seconds 
========================================================================
Received Import Request.
  Time since last request: 3.203672 seconds.
  path: Assets/Resources/PlayerController_0.prefab
  artifactKey: Guid(68067b792cb204242ad6f3d6663435d0) Importer(815301076,1909f56bfc062723c751e8b465ee728b)
Start importing Assets/Resources/PlayerController_0.prefab using Guid(68067b792cb204242ad6f3d6663435d0) Importer(815301076,1909f56bfc062723c751e8b465ee728b)  -> (artifact id: '2ae6bf0c1cbf2040de398b1c14837fa3') in 0.065873 seconds 
========================================================================
Received Import Request.
  Time since last request: 6.960137 seconds.
  path: Assets/Resources/PlayerController_0.prefab
  artifactKey: Guid(68067b792cb204242ad6f3d6663435d0) Importer(815301076,1909f56bfc062723c751e8b465ee728b)
Start importing Assets/Resources/PlayerController_0.prefab using Guid(68067b792cb204242ad6f3d6663435d0) Importer(815301076,1909f56bfc062723c751e8b465ee728b)  -> (artifact id: '5648bfb3f3b7a0ecbe2c5ab27b7911d4') in 0.063406 seconds 
========================================================================
Received Import Request.
  Time since last request: 11.053884 seconds.
  path: Assets/Resources/PlayerController_0.prefab
  artifactKey: Guid(68067b792cb204242ad6f3d6663435d0) Importer(815301076,1909f56bfc062723c751e8b465ee728b)
Start importing Assets/Resources/PlayerController_0.prefab using Guid(68067b792cb204242ad6f3d6663435d0) Importer(815301076,1909f56bfc062723c751e8b465ee728b)  -> (artifact id: 'a08b53c33bd50da941ff00271aefe453') in 0.062909 seconds 
========================================================================
Received Import Request.
  Time since last request: 80.775227 seconds.
  path: Assets/Resources/PlayerController_0.prefab
  artifactKey: Guid(68067b792cb204242ad6f3d6663435d0) Importer(815301076,1909f56bfc062723c751e8b465ee728b)
Start importing Assets/Resources/PlayerController_0.prefab using Guid(68067b792cb204242ad6f3d6663435d0) Importer(815301076,1909f56bfc062723c751e8b465ee728b)  -> (artifact id: '295aeef2ae9c1cbe18cd4f22ee81d42f') in 0.065646 seconds 
========================================================================
Received Import Request.
  Time since last request: 10.622506 seconds.
  path: Assets/Resources/PlayerController_0.prefab
  artifactKey: Guid(68067b792cb204242ad6f3d6663435d0) Importer(815301076,1909f56bfc062723c751e8b465ee728b)
Start importing Assets/Resources/PlayerController_0.prefab using Guid(68067b792cb204242ad6f3d6663435d0) Importer(815301076,1909f56bfc062723c751e8b465ee728b)  -> (artifact id: '45c37b1c0cad9b536865ee552fe344c7') in 0.064953 seconds 
========================================================================
Received Import Request.
  Time since last request: 1.902440 seconds.
  path: Assets/Resources/PlayerController_0.prefab
  artifactKey: Guid(68067b792cb204242ad6f3d6663435d0) Importer(815301076,1909f56bfc062723c751e8b465ee728b)
Start importing Assets/Resources/PlayerController_0.prefab using Guid(68067b792cb204242ad6f3d6663435d0) Importer(815301076,1909f56bfc062723c751e8b465ee728b)  -> (artifact id: 'd9344020fbb89f5bebd57b6fe6f54e68') in 0.065797 seconds 
========================================================================
Received Import Request.
  Time since last request: 234.138735 seconds.
  path: Assets/Resources/PlayerController_0.prefab
  artifactKey: Guid(68067b792cb204242ad6f3d6663435d0) Importer(815301076,1909f56bfc062723c751e8b465ee728b)
Start importing Assets/Resources/PlayerController_0.prefab using Guid(68067b792cb204242ad6f3d6663435d0) Importer(815301076,1909f56bfc062723c751e8b465ee728b)  -> (artifact id: '6c58710fca1f6d18a4ba181f7d8d5637') in 0.067595 seconds 
========================================================================
Received Import Request.
  Time since last request: 1.346904 seconds.
  path: Assets/Resources/PlayerController_0.prefab
  artifactKey: Guid(68067b792cb204242ad6f3d6663435d0) Importer(815301076,1909f56bfc062723c751e8b465ee728b)
Start importing Assets/Resources/PlayerController_0.prefab using Guid(68067b792cb204242ad6f3d6663435d0) Importer(815301076,1909f56bfc062723c751e8b465ee728b)  -> (artifact id: '173bd9bc23bf6d8d15d4e71d663917e9') in 0.067736 seconds 
========================================================================
Received Import Request.
  Time since last request: 4.584821 seconds.
  path: Assets/Resources/PlayerController_0.prefab
  artifactKey: Guid(68067b792cb204242ad6f3d6663435d0) Importer(815301076,1909f56bfc062723c751e8b465ee728b)
Start importing Assets/Resources/PlayerController_0.prefab using Guid(68067b792cb204242ad6f3d6663435d0) Importer(815301076,1909f56bfc062723c751e8b465ee728b)  -> (artifact id: 'b1660f1217407f6cc0f872e505fcc1b2') in 0.057677 seconds 
========================================================================
Received Import Request.
  Time since last request: 10.868262 seconds.
  path: Assets/Resources/PlayerController_0.prefab
  artifactKey: Guid(68067b792cb204242ad6f3d6663435d0) Importer(815301076,1909f56bfc062723c751e8b465ee728b)
Start importing Assets/Resources/PlayerController_0.prefab using Guid(68067b792cb204242ad6f3d6663435d0) Importer(815301076,1909f56bfc062723c751e8b465ee728b)  -> (artifact id: 'd2032767816d4d02165091d6e6cd8e56') in 0.061095 seconds 
========================================================================
Received Import Request.
  Time since last request: 12.246254 seconds.
  path: Assets/Resources/PlayerController_0.prefab
  artifactKey: Guid(68067b792cb204242ad6f3d6663435d0) Importer(815301076,1909f56bfc062723c751e8b465ee728b)
Start importing Assets/Resources/PlayerController_0.prefab using Guid(68067b792cb204242ad6f3d6663435d0) Importer(815301076,1909f56bfc062723c751e8b465ee728b)  -> (artifact id: 'c30168c1b1dcaebf0cb074acd03a54f3') in 0.063026 seconds 
========================================================================
Received Import Request.
  Time since last request: 2.966615 seconds.
  path: Assets/Resources/PlayerController_0.prefab
  artifactKey: Guid(68067b792cb204242ad6f3d6663435d0) Importer(815301076,1909f56bfc062723c751e8b465ee728b)
Start importing Assets/Resources/PlayerController_0.prefab using Guid(68067b792cb204242ad6f3d6663435d0) Importer(815301076,1909f56bfc062723c751e8b465ee728b)  -> (artifact id: 'b24c3957d7a5f1e4323a9ba73f4ea30d') in 0.058360 seconds 
========================================================================
Received Import Request.
  Time since last request: 11.116430 seconds.
  path: Assets/Resources/PlayerController_0.prefab
  artifactKey: Guid(68067b792cb204242ad6f3d6663435d0) Importer(815301076,1909f56bfc062723c751e8b465ee728b)
Start importing Assets/Resources/PlayerController_0.prefab using Guid(68067b792cb204242ad6f3d6663435d0) Importer(815301076,1909f56bfc062723c751e8b465ee728b)  -> (artifact id: '40a10ed4f4a7dd7eba9502b967e3a360') in 0.059859 seconds 
========================================================================
Received Import Request.
  Time since last request: 9.999241 seconds.
  path: Assets/Resources/PlayerController_0.prefab
  artifactKey: Guid(68067b792cb204242ad6f3d6663435d0) Importer(815301076,1909f56bfc062723c751e8b465ee728b)
Start importing Assets/Resources/PlayerController_0.prefab using Guid(68067b792cb204242ad6f3d6663435d0) Importer(815301076,1909f56bfc062723c751e8b465ee728b)  -> (artifact id: 'e85a55a59e5960ecc81cfde51972527c') in 0.062870 seconds 
========================================================================
Received Import Request.
  Time since last request: 6.410614 seconds.
  path: Assets/Resources/PlayerController_0.prefab
  artifactKey: Guid(68067b792cb204242ad6f3d6663435d0) Importer(815301076,1909f56bfc062723c751e8b465ee728b)
Start importing Assets/Resources/PlayerController_0.prefab using Guid(68067b792cb204242ad6f3d6663435d0) Importer(815301076,1909f56bfc062723c751e8b465ee728b)  -> (artifact id: '1d2ebbf91b899e96fe7e43b2666bcab1') in 0.064642 seconds 
========================================================================
Received Import Request.
  Time since last request: 2.362788 seconds.
  path: Assets/Resources/PlayerController_0.prefab
  artifactKey: Guid(68067b792cb204242ad6f3d6663435d0) Importer(815301076,1909f56bfc062723c751e8b465ee728b)
Start importing Assets/Resources/PlayerController_0.prefab using Guid(68067b792cb204242ad6f3d6663435d0) Importer(815301076,1909f56bfc062723c751e8b465ee728b)  -> (artifact id: 'fa5a89a7c5c357d71789cd3ceb28b088') in 0.062286 seconds 
========================================================================
Received Import Request.
  Time since last request: 171.915034 seconds.
  path: Assets/Resources/PlayerController_0.prefab
  artifactKey: Guid(68067b792cb204242ad6f3d6663435d0) Importer(815301076,1909f56bfc062723c751e8b465ee728b)
Start importing Assets/Resources/PlayerController_0.prefab using Guid(68067b792cb204242ad6f3d6663435d0) Importer(815301076,1909f56bfc062723c751e8b465ee728b)  -> (artifact id: '8c48c4022769c2cdb91e48142f9d808a') in 0.065488 seconds 
========================================================================
Received Import Request.
  Time since last request: 71.662001 seconds.
  path: Assets/Resources/PlayerController_0.prefab
  artifactKey: Guid(68067b792cb204242ad6f3d6663435d0) Importer(815301076,1909f56bfc062723c751e8b465ee728b)
Start importing Assets/Resources/PlayerController_0.prefab using Guid(68067b792cb204242ad6f3d6663435d0) Importer(815301076,1909f56bfc062723c751e8b465ee728b)  -> (artifact id: 'da52cfced5a962a36847d1b7addfd8a4') in 0.065377 seconds 
========================================================================
Received Import Request.
  Time since last request: 0.987896 seconds.
  path: Assets/Resources/PlayerController_0.prefab
  artifactKey: Guid(68067b792cb204242ad6f3d6663435d0) Importer(815301076,1909f56bfc062723c751e8b465ee728b)
Start importing Assets/Resources/PlayerController_0.prefab using Guid(68067b792cb204242ad6f3d6663435d0) Importer(815301076,1909f56bfc062723c751e8b465ee728b)  -> (artifact id: '1bc7eb595d4cd5918e2b4fde36ff1466') in 0.065676 seconds 
========================================================================
Received Import Request.
  Time since last request: 14.503863 seconds.
  path: Assets/Resources/PlayerController_0.prefab
  artifactKey: Guid(68067b792cb204242ad6f3d6663435d0) Importer(815301076,1909f56bfc062723c751e8b465ee728b)
Start importing Assets/Resources/PlayerController_0.prefab using Guid(68067b792cb204242ad6f3d6663435d0) Importer(815301076,1909f56bfc062723c751e8b465ee728b)  -> (artifact id: '9d9e9aba3d89e6168e8bc58fe3623c94') in 0.067210 seconds 
========================================================================
Received Import Request.
  Time since last request: 10.110227 seconds.
  path: Assets/Resources/PlayerController_0.prefab
  artifactKey: Guid(68067b792cb204242ad6f3d6663435d0) Importer(815301076,1909f56bfc062723c751e8b465ee728b)
Start importing Assets/Resources/PlayerController_0.prefab using Guid(68067b792cb204242ad6f3d6663435d0) Importer(815301076,1909f56bfc062723c751e8b465ee728b)  -> (artifact id: 'b37afdcb53db833d16729b1dd6b31eaf') in 0.071125 seconds 
========================================================================
Received Import Request.
  Time since last request: 10.368505 seconds.
  path: Assets/Resources/PlayerController_0.prefab
  artifactKey: Guid(68067b792cb204242ad6f3d6663435d0) Importer(815301076,1909f56bfc062723c751e8b465ee728b)
Start importing Assets/Resources/PlayerController_0.prefab using Guid(68067b792cb204242ad6f3d6663435d0) Importer(815301076,1909f56bfc062723c751e8b465ee728b)  -> (artifact id: 'd978f4eee9872adce9fe66ab848ec6ba') in 0.063599 seconds 
========================================================================
Received Import Request.
  Time since last request: 281.446669 seconds.
  path: Assets/Resources/PlayerController_0.prefab
  artifactKey: Guid(68067b792cb204242ad6f3d6663435d0) Importer(815301076,1909f56bfc062723c751e8b465ee728b)
Start importing Assets/Resources/PlayerController_0.prefab using Guid(68067b792cb204242ad6f3d6663435d0) Importer(815301076,1909f56bfc062723c751e8b465ee728b)  -> (artifact id: '9df2335176037d5b8ddd5fea6b651d8d') in 0.064982 seconds 
========================================================================
Received Import Request.
  Time since last request: 39.156586 seconds.
  path: Assets/Resources/PlayerController_0.prefab
  artifactKey: Guid(68067b792cb204242ad6f3d6663435d0) Importer(815301076,1909f56bfc062723c751e8b465ee728b)
Start importing Assets/Resources/PlayerController_0.prefab using Guid(68067b792cb204242ad6f3d6663435d0) Importer(815301076,1909f56bfc062723c751e8b465ee728b)  -> (artifact id: 'f52f38741bc25cbb99f8e979ac6212a8') in 0.065015 seconds 
========================================================================
Received Import Request.
  Time since last request: 1.345440 seconds.
  path: Assets/Resources/PlayerController_0.prefab
  artifactKey: Guid(68067b792cb204242ad6f3d6663435d0) Importer(815301076,1909f56bfc062723c751e8b465ee728b)
Start importing Assets/Resources/PlayerController_0.prefab using Guid(68067b792cb204242ad6f3d6663435d0) Importer(815301076,1909f56bfc062723c751e8b465ee728b)  -> (artifact id: '7be3585bdac921d877e46f9836707039') in 0.063809 seconds 
========================================================================
Received Import Request.
  Time since last request: 9.812951 seconds.
  path: Assets/Resources/PlayerController_0.prefab
  artifactKey: Guid(68067b792cb204242ad6f3d6663435d0) Importer(815301076,1909f56bfc062723c751e8b465ee728b)
Start importing Assets/Resources/PlayerController_0.prefab using Guid(68067b792cb204242ad6f3d6663435d0) Importer(815301076,1909f56bfc062723c751e8b465ee728b)  -> (artifact id: '130605ae62a6695b230a060a96fdd127') in 0.072408 seconds 
========================================================================
Received Import Request.
  Time since last request: 5.854533 seconds.
  path: Assets/Resources/PlayerController_0.prefab
  artifactKey: Guid(68067b792cb204242ad6f3d6663435d0) Importer(815301076,1909f56bfc062723c751e8b465ee728b)
Start importing Assets/Resources/PlayerController_0.prefab using Guid(68067b792cb204242ad6f3d6663435d0) Importer(815301076,1909f56bfc062723c751e8b465ee728b)  -> (artifact id: 'b43a2e2be5d9fe45f414168eedef0100') in 0.062160 seconds 
========================================================================
Received Import Request.
  Time since last request: 2.436132 seconds.
  path: Assets/Resources/PlayerController_0.prefab
  artifactKey: Guid(68067b792cb204242ad6f3d6663435d0) Importer(815301076,1909f56bfc062723c751e8b465ee728b)
Start importing Assets/Resources/PlayerController_0.prefab using Guid(68067b792cb204242ad6f3d6663435d0) Importer(815301076,1909f56bfc062723c751e8b465ee728b)  -> (artifact id: 'f2acd16429f639afdb6015f46395238f') in 0.064342 seconds 
========================================================================
Received Import Request.
  Time since last request: 1.465670 seconds.
  path: Assets/Resources/PlayerController_0.prefab
  artifactKey: Guid(68067b792cb204242ad6f3d6663435d0) Importer(815301076,1909f56bfc062723c751e8b465ee728b)
Start importing Assets/Resources/PlayerController_0.prefab using Guid(68067b792cb204242ad6f3d6663435d0) Importer(815301076,1909f56bfc062723c751e8b465ee728b)  -> (artifact id: '5d7d71d2bcfc5385ababe7d9baacb1e9') in 0.064220 seconds 
========================================================================
Received Import Request.
  Time since last request: 28.372476 seconds.
  path: Assets/Resources/PlayerController_0.prefab
  artifactKey: Guid(68067b792cb204242ad6f3d6663435d0) Importer(815301076,1909f56bfc062723c751e8b465ee728b)
Start importing Assets/Resources/PlayerController_0.prefab using Guid(68067b792cb204242ad6f3d6663435d0) Importer(815301076,1909f56bfc062723c751e8b465ee728b)  -> (artifact id: '911b8422f5665b82ffc610383ab68f25') in 0.064893 seconds 
========================================================================
Received Import Request.
  Time since last request: 12.437918 seconds.
  path: Assets/Resources/PlayerController_0.prefab
  artifactKey: Guid(68067b792cb204242ad6f3d6663435d0) Importer(815301076,1909f56bfc062723c751e8b465ee728b)
Start importing Assets/Resources/PlayerController_0.prefab using Guid(68067b792cb204242ad6f3d6663435d0) Importer(815301076,1909f56bfc062723c751e8b465ee728b)  -> (artifact id: '6b2f2b5bfe78dcc28731fd8a6e520b4a') in 0.065589 seconds 
========================================================================
Received Import Request.
  Time since last request: 22.527372 seconds.
  path: Assets/Resources/PlayerController_0.prefab
  artifactKey: Guid(68067b792cb204242ad6f3d6663435d0) Importer(815301076,1909f56bfc062723c751e8b465ee728b)
Start importing Assets/Resources/PlayerController_0.prefab using Guid(68067b792cb204242ad6f3d6663435d0) Importer(815301076,1909f56bfc062723c751e8b465ee728b)  -> (artifact id: 'c7725599d9b8e9a75f65631920055b2d') in 0.067370 seconds 
========================================================================
Received Import Request.
  Time since last request: 19.023031 seconds.
  path: Assets/Resources/PlayerController_0.prefab
  artifactKey: Guid(68067b792cb204242ad6f3d6663435d0) Importer(815301076,1909f56bfc062723c751e8b465ee728b)
Start importing Assets/Resources/PlayerController_0.prefab using Guid(68067b792cb204242ad6f3d6663435d0) Importer(815301076,1909f56bfc062723c751e8b465ee728b)  -> (artifact id: '42a1714a1bbfcef8c282e07b2145b64b') in 0.062910 seconds 
========================================================================
Received Import Request.
  Time since last request: 8.996472 seconds.
  path: Assets/Resources/PlayerController_0.prefab
  artifactKey: Guid(68067b792cb204242ad6f3d6663435d0) Importer(815301076,1909f56bfc062723c751e8b465ee728b)
Start importing Assets/Resources/PlayerController_0.prefab using Guid(68067b792cb204242ad6f3d6663435d0) Importer(815301076,1909f56bfc062723c751e8b465ee728b)  -> (artifact id: '346e86ebde04fa2121b4fcf2b9fe4681') in 0.065164 seconds 
========================================================================
Received Import Request.
  Time since last request: 5.795102 seconds.
  path: Assets/Resources/PlayerController_0.prefab
  artifactKey: Guid(68067b792cb204242ad6f3d6663435d0) Importer(815301076,1909f56bfc062723c751e8b465ee728b)
Start importing Assets/Resources/PlayerController_0.prefab using Guid(68067b792cb204242ad6f3d6663435d0) Importer(815301076,1909f56bfc062723c751e8b465ee728b)  -> (artifact id: '4da73e6a8fce8085a9a93b49828b17d7') in 0.063790 seconds 
========================================================================
Received Import Request.
  Time since last request: 3.504737 seconds.
  path: Assets/Resources/PlayerController_0.prefab
  artifactKey: Guid(68067b792cb204242ad6f3d6663435d0) Importer(815301076,1909f56bfc062723c751e8b465ee728b)
Start importing Assets/Resources/PlayerController_0.prefab using Guid(68067b792cb204242ad6f3d6663435d0) Importer(815301076,1909f56bfc062723c751e8b465ee728b)  -> (artifact id: '036462cc4d6b164c83b2f9a8c06e6db1') in 0.065407 seconds 
========================================================================
Received Import Request.
  Time since last request: 2.231197 seconds.
  path: Assets/Resources/PlayerController_0.prefab
  artifactKey: Guid(68067b792cb204242ad6f3d6663435d0) Importer(815301076,1909f56bfc062723c751e8b465ee728b)
Start importing Assets/Resources/PlayerController_0.prefab using Guid(68067b792cb204242ad6f3d6663435d0) Importer(815301076,1909f56bfc062723c751e8b465ee728b)  -> (artifact id: '625caea264980f1f44d63c37cbba7b65') in 0.063709 seconds 
========================================================================
Received Import Request.
  Time since last request: 10.919560 seconds.
  path: Assets/Prefabs
  artifactKey: Guid(b89ab0e028a95d642b2bffc222ff05b5) Importer(815301076,1909f56bfc062723c751e8b465ee728b)
Start importing Assets/Prefabs using Guid(b89ab0e028a95d642b2bffc222ff05b5) Importer(815301076,1909f56bfc062723c751e8b465ee728b)  -> (artifact id: '0fa306658ddcdb8245680426d6a0a63a') in 0.005149 seconds 
========================================================================
Received Import Request.
  Time since last request: 11.399936 seconds.
  path: Assets/Prefabs/Misaki_Skill
  artifactKey: Guid(aaa1d4749543a1342a687ed7ca19cb6b) Importer(815301076,1909f56bfc062723c751e8b465ee728b)
Start importing Assets/Prefabs/Misaki_Skill using Guid(aaa1d4749543a1342a687ed7ca19cb6b) Importer(815301076,1909f56bfc062723c751e8b465ee728b)  -> (artifact id: '1902d1d076828bd1105ff05e21bf7fa7') in 0.006552 seconds 
========================================================================
Received Import Request.
  Time since last request: 3.666432 seconds.
  path: Assets/Prefabs/Misaki_Skill/Skill_R_Particle.prefab
  artifactKey: Guid(ecbd1178d672af04196a9fef69c00f05) Importer(815301076,1909f56bfc062723c751e8b465ee728b)
Start importing Assets/Prefabs/Misaki_Skill/Skill_R_Particle.prefab using Guid(ecbd1178d672af04196a9fef69c00f05) Importer(815301076,1909f56bfc062723c751e8b465ee728b)  -> (artifact id: 'bb119de87800a39527eacd9936b8b019') in 0.013313 seconds 
========================================================================
Received Import Request.
  Time since last request: 3.152661 seconds.
  path: Assets/Prefabs/Misaki_Skill/Skill_E_Particle.prefab
  artifactKey: Guid(ffff7f1f897dba740995f25288f58f6d) Importer(815301076,1909f56bfc062723c751e8b465ee728b)
Start importing Assets/Prefabs/Misaki_Skill/Skill_E_Particle.prefab using Guid(ffff7f1f897dba740995f25288f58f6d) Importer(815301076,1909f56bfc062723c751e8b465ee728b)  -> (artifact id: '8506eb3ad878d0eb56819ccc27d3e93c') in 0.013998 seconds 
========================================================================
Received Import Request.
  Time since last request: 6.833798 seconds.
  path: Assets/Resources/PlayerController_0.prefab
  artifactKey: Guid(68067b792cb204242ad6f3d6663435d0) Importer(815301076,1909f56bfc062723c751e8b465ee728b)
Start importing Assets/Resources/PlayerController_0.prefab using Guid(68067b792cb204242ad6f3d6663435d0) Importer(815301076,1909f56bfc062723c751e8b465ee728b)  -> (artifact id: '5c891533e91b76bdda8f86394061b7b7') in 0.058331 seconds 
========================================================================
Received Import Request.
  Time since last request: 1663.903663 seconds.
  path: Assets/Resources/PlayerController_1.prefab
  artifactKey: Guid(3260db333c06a494d8ed662e246cf97e) Importer(815301076,1909f56bfc062723c751e8b465ee728b)
Start importing Assets/Resources/PlayerController_1.prefab using Guid(3260db333c06a494d8ed662e246cf97e) Importer(815301076,1909f56bfc062723c751e8b465ee728b)  -> (artifact id: '7c66f4e96ae343f5df30079a675bb94a') in 0.064433 seconds 
========================================================================
Received Import Request.
  Time since last request: 7.401989 seconds.
  path: Assets/Resources/PlayerController_1.prefab
  artifactKey: Guid(3260db333c06a494d8ed662e246cf97e) Importer(815301076,1909f56bfc062723c751e8b465ee728b)
Start importing Assets/Resources/PlayerController_1.prefab using Guid(3260db333c06a494d8ed662e246cf97e) Importer(815301076,1909f56bfc062723c751e8b465ee728b)  -> (artifact id: '6a46d89fa66541078b0ac4e5d7e82a0a') in 0.043954 seconds 
========================================================================
Received Import Request.
  Time since last request: 7.202814 seconds.
  path: Assets/Resources/PlayerController_1.prefab
  artifactKey: Guid(3260db333c06a494d8ed662e246cf97e) Importer(815301076,1909f56bfc062723c751e8b465ee728b)
Start importing Assets/Resources/PlayerController_1.prefab using Guid(3260db333c06a494d8ed662e246cf97e) Importer(815301076,1909f56bfc062723c751e8b465ee728b)  -> (artifact id: 'd2a8fc074ca76e51a2ca47b93be45783') in 0.042273 seconds 
========================================================================
Received Import Request.
  Time since last request: 5.599032 seconds.
  path: Assets/Resources/PlayerController_1.prefab
  artifactKey: Guid(3260db333c06a494d8ed662e246cf97e) Importer(815301076,1909f56bfc062723c751e8b465ee728b)
Start importing Assets/Resources/PlayerController_1.prefab using Guid(3260db333c06a494d8ed662e246cf97e) Importer(815301076,1909f56bfc062723c751e8b465ee728b)  -> (artifact id: '18cc524c78613bc3e9095a20c34cca2c') in 0.043597 seconds 
========================================================================
Received Import Request.
  Time since last request: 2.164479 seconds.
  path: Assets/Resources/PlayerController_1.prefab
  artifactKey: Guid(3260db333c06a494d8ed662e246cf97e) Importer(815301076,1909f56bfc062723c751e8b465ee728b)
Start importing Assets/Resources/PlayerController_1.prefab using Guid(3260db333c06a494d8ed662e246cf97e) Importer(815301076,1909f56bfc062723c751e8b465ee728b)  -> (artifact id: 'c075d1ba810b2c36ea7e63ef9987c8c0') in 0.041628 seconds 
========================================================================
Received Import Request.
  Time since last request: 6.069402 seconds.
  path: Assets/Resources/PlayerController_1.prefab
  artifactKey: Guid(3260db333c06a494d8ed662e246cf97e) Importer(815301076,1909f56bfc062723c751e8b465ee728b)
Start importing Assets/Resources/PlayerController_1.prefab using Guid(3260db333c06a494d8ed662e246cf97e) Importer(815301076,1909f56bfc062723c751e8b465ee728b)  -> (artifact id: '7158cad301a142c2a7bd3f426935feab') in 0.042025 seconds 
========================================================================
Received Import Request.
  Time since last request: 2.371277 seconds.
  path: Assets/Resources/PlayerController_1.prefab
  artifactKey: Guid(3260db333c06a494d8ed662e246cf97e) Importer(815301076,1909f56bfc062723c751e8b465ee728b)
Start importing Assets/Resources/PlayerController_1.prefab using Guid(3260db333c06a494d8ed662e246cf97e) Importer(815301076,1909f56bfc062723c751e8b465ee728b)  -> (artifact id: '872ce0fbc6a270fd8c6fc9282e78f334') in 0.040306 seconds 
========================================================================
Received Import Request.
  Time since last request: 16.485147 seconds.
  path: Assets/Resources/PlayerController_1.prefab
  artifactKey: Guid(3260db333c06a494d8ed662e246cf97e) Importer(815301076,1909f56bfc062723c751e8b465ee728b)
Start importing Assets/Resources/PlayerController_1.prefab using Guid(3260db333c06a494d8ed662e246cf97e) Importer(815301076,1909f56bfc062723c751e8b465ee728b)  -> (artifact id: '8e85da7e0dba6a60569ff1c4ee20ab0b') in 0.038753 seconds 
========================================================================
Received Import Request.
  Time since last request: 2.172625 seconds.
  path: Assets/Resources/PlayerController_1.prefab
  artifactKey: Guid(3260db333c06a494d8ed662e246cf97e) Importer(815301076,1909f56bfc062723c751e8b465ee728b)
Start importing Assets/Resources/PlayerController_1.prefab using Guid(3260db333c06a494d8ed662e246cf97e) Importer(815301076,1909f56bfc062723c751e8b465ee728b)  -> (artifact id: 'bfeb348261b2c850505a3238e3bd9fed') in 0.039700 seconds 
========================================================================
Received Import Request.
  Time since last request: 2.186277 seconds.
  path: Assets/Resources/PlayerController_1.prefab
  artifactKey: Guid(3260db333c06a494d8ed662e246cf97e) Importer(815301076,1909f56bfc062723c751e8b465ee728b)
Start importing Assets/Resources/PlayerController_1.prefab using Guid(3260db333c06a494d8ed662e246cf97e) Importer(815301076,1909f56bfc062723c751e8b465ee728b)  -> (artifact id: 'd962b16598abd90610d47bcfca5dd4a3') in 0.039892 seconds 
========================================================================
Received Import Request.
  Time since last request: 7.806688 seconds.
  path: Assets/Resources/PlayerController_1.prefab
  artifactKey: Guid(3260db333c06a494d8ed662e246cf97e) Importer(815301076,1909f56bfc062723c751e8b465ee728b)
Start importing Assets/Resources/PlayerController_1.prefab using Guid(3260db333c06a494d8ed662e246cf97e) Importer(815301076,1909f56bfc062723c751e8b465ee728b)  -> (artifact id: '7e5cb08fa9e9036bafaf7499a19d3d6b') in 0.040818 seconds 
========================================================================
Received Import Request.
  Time since last request: 0.961744 seconds.
  path: Assets/Resources/PlayerController_1.prefab
  artifactKey: Guid(3260db333c06a494d8ed662e246cf97e) Importer(815301076,1909f56bfc062723c751e8b465ee728b)
Start importing Assets/Resources/PlayerController_1.prefab using Guid(3260db333c06a494d8ed662e246cf97e) Importer(815301076,1909f56bfc062723c751e8b465ee728b)  -> (artifact id: '7e1916048eaa587453509756bbe346ad') in 0.040018 seconds 
========================================================================
Received Import Request.
  Time since last request: 4.794728 seconds.
  path: Assets/Resources/PlayerController_1.prefab
  artifactKey: Guid(3260db333c06a494d8ed662e246cf97e) Importer(815301076,1909f56bfc062723c751e8b465ee728b)
Start importing Assets/Resources/PlayerController_1.prefab using Guid(3260db333c06a494d8ed662e246cf97e) Importer(815301076,1909f56bfc062723c751e8b465ee728b)  -> (artifact id: 'fecb3ccdaa4a10dedfc4903ecc17affc') in 0.040801 seconds 
========================================================================
Received Import Request.
  Time since last request: 1.164020 seconds.
  path: Assets/Resources/PlayerController_1.prefab
  artifactKey: Guid(3260db333c06a494d8ed662e246cf97e) Importer(815301076,1909f56bfc062723c751e8b465ee728b)
Start importing Assets/Resources/PlayerController_1.prefab using Guid(3260db333c06a494d8ed662e246cf97e) Importer(815301076,1909f56bfc062723c751e8b465ee728b)  -> (artifact id: '71d8f3f0a990fba091ad879ad766ac22') in 0.038086 seconds 
========================================================================
Received Import Request.
  Time since last request: 0.963500 seconds.
  path: Assets/Resources/PlayerController_1.prefab
  artifactKey: Guid(3260db333c06a494d8ed662e246cf97e) Importer(815301076,1909f56bfc062723c751e8b465ee728b)
Start importing Assets/Resources/PlayerController_1.prefab using Guid(3260db333c06a494d8ed662e246cf97e) Importer(815301076,1909f56bfc062723c751e8b465ee728b)  -> (artifact id: '5bead56fda9c472d4950e968bb30207b') in 0.039413 seconds 
========================================================================
Received Import Request.
  Time since last request: 2.370169 seconds.
  path: Assets/Resources/PlayerController_1.prefab
  artifactKey: Guid(3260db333c06a494d8ed662e246cf97e) Importer(815301076,1909f56bfc062723c751e8b465ee728b)
Start importing Assets/Resources/PlayerController_1.prefab using Guid(3260db333c06a494d8ed662e246cf97e) Importer(815301076,1909f56bfc062723c751e8b465ee728b)  -> (artifact id: 'edf1c16083b206e66bc59cce9435508c') in 0.041442 seconds 
========================================================================
Received Import Request.
  Time since last request: 3.972827 seconds.
  path: Assets/Resources/PlayerController_1.prefab
  artifactKey: Guid(3260db333c06a494d8ed662e246cf97e) Importer(815301076,1909f56bfc062723c751e8b465ee728b)
Start importing Assets/Resources/PlayerController_1.prefab using Guid(3260db333c06a494d8ed662e246cf97e) Importer(815301076,1909f56bfc062723c751e8b465ee728b)  -> (artifact id: '654141d9077f91a03a393cd6d2ff10ad') in 0.037414 seconds 
========================================================================
Received Import Request.
  Time since last request: 0.559499 seconds.
  path: Assets/Resources/PlayerController_1.prefab
  artifactKey: Guid(3260db333c06a494d8ed662e246cf97e) Importer(815301076,1909f56bfc062723c751e8b465ee728b)
Start importing Assets/Resources/PlayerController_1.prefab using Guid(3260db333c06a494d8ed662e246cf97e) Importer(815301076,1909f56bfc062723c751e8b465ee728b)  -> (artifact id: '64724e1e5ba35c4998f2d9cf818ffc6f') in 0.037058 seconds 
========================================================================
Received Import Request.
  Time since last request: 0.562611 seconds.
  path: Assets/Resources/PlayerController_1.prefab
  artifactKey: Guid(3260db333c06a494d8ed662e246cf97e) Importer(815301076,1909f56bfc062723c751e8b465ee728b)
Start importing Assets/Resources/PlayerController_1.prefab using Guid(3260db333c06a494d8ed662e246cf97e) Importer(815301076,1909f56bfc062723c751e8b465ee728b)  -> (artifact id: '89bdd1dd9bcca121eb3b110c1248d9c0') in 0.037394 seconds 
========================================================================
Received Import Request.
  Time since last request: 11.672966 seconds.
  path: Assets/Resources/PlayerController_1.prefab
  artifactKey: Guid(3260db333c06a494d8ed662e246cf97e) Importer(815301076,1909f56bfc062723c751e8b465ee728b)
Start importing Assets/Resources/PlayerController_1.prefab using Guid(3260db333c06a494d8ed662e246cf97e) Importer(815301076,1909f56bfc062723c751e8b465ee728b)  -> (artifact id: 'daae9528281002096f26cd63386d0fdb') in 0.038439 seconds 
========================================================================
Received Import Request.
  Time since last request: 0.997124 seconds.
  path: Assets/Resources/PlayerController_1.prefab
  artifactKey: Guid(3260db333c06a494d8ed662e246cf97e) Importer(815301076,1909f56bfc062723c751e8b465ee728b)
Start importing Assets/Resources/PlayerController_1.prefab using Guid(3260db333c06a494d8ed662e246cf97e) Importer(815301076,1909f56bfc062723c751e8b465ee728b)  -> (artifact id: '71edf1edc30001b80ed60049beb4dc77') in 0.040477 seconds 
========================================================================
Received Import Request.
  Time since last request: 0.959064 seconds.
  path: Assets/Resources/PlayerController_1.prefab
  artifactKey: Guid(3260db333c06a494d8ed662e246cf97e) Importer(815301076,1909f56bfc062723c751e8b465ee728b)
Start importing Assets/Resources/PlayerController_1.prefab using Guid(3260db333c06a494d8ed662e246cf97e) Importer(815301076,1909f56bfc062723c751e8b465ee728b)  -> (artifact id: '8d2aed7ef8882283454410cba2daf1a3') in 0.042059 seconds 
========================================================================
Received Import Request.
  Time since last request: 2.181242 seconds.
  path: Assets/Resources/PlayerController_1.prefab
  artifactKey: Guid(3260db333c06a494d8ed662e246cf97e) Importer(815301076,1909f56bfc062723c751e8b465ee728b)
Start importing Assets/Resources/PlayerController_1.prefab using Guid(3260db333c06a494d8ed662e246cf97e) Importer(815301076,1909f56bfc062723c751e8b465ee728b)  -> (artifact id: '243e78e4c4f628273f25454edf985b0d') in 0.042584 seconds 
========================================================================
Received Import Request.
  Time since last request: 0.753122 seconds.
  path: Assets/Resources/PlayerController_1.prefab
  artifactKey: Guid(3260db333c06a494d8ed662e246cf97e) Importer(815301076,1909f56bfc062723c751e8b465ee728b)
Start importing Assets/Resources/PlayerController_1.prefab using Guid(3260db333c06a494d8ed662e246cf97e) Importer(815301076,1909f56bfc062723c751e8b465ee728b)  -> (artifact id: '3e24dcc391a437a11f7f5b470e9d705d') in 0.041038 seconds 
========================================================================
Received Import Request.
  Time since last request: 0.957983 seconds.
  path: Assets/Resources/PlayerController_1.prefab
  artifactKey: Guid(3260db333c06a494d8ed662e246cf97e) Importer(815301076,1909f56bfc062723c751e8b465ee728b)
Start importing Assets/Resources/PlayerController_1.prefab using Guid(3260db333c06a494d8ed662e246cf97e) Importer(815301076,1909f56bfc062723c751e8b465ee728b)  -> (artifact id: '82396007b0f7e947bf9ff95203a31c7f') in 0.036457 seconds 
========================================================================
Received Import Request.
  Time since last request: 0.564967 seconds.
  path: Assets/Resources/PlayerController_1.prefab
  artifactKey: Guid(3260db333c06a494d8ed662e246cf97e) Importer(815301076,1909f56bfc062723c751e8b465ee728b)
Start importing Assets/Resources/PlayerController_1.prefab using Guid(3260db333c06a494d8ed662e246cf97e) Importer(815301076,1909f56bfc062723c751e8b465ee728b)  -> (artifact id: 'ef215b78c0b4915e30a5d6419fd9724f') in 0.038100 seconds 
========================================================================
Received Import Request.
  Time since last request: 2.364209 seconds.
  path: Assets/Resources/PlayerController_1.prefab
  artifactKey: Guid(3260db333c06a494d8ed662e246cf97e) Importer(815301076,1909f56bfc062723c751e8b465ee728b)
Start importing Assets/Resources/PlayerController_1.prefab using Guid(3260db333c06a494d8ed662e246cf97e) Importer(815301076,1909f56bfc062723c751e8b465ee728b)  -> (artifact id: 'd286e0c14995686750e2fb54af0b139e') in 0.040324 seconds 
========================================================================
Received Import Request.
  Time since last request: 0.980354 seconds.
  path: Assets/Resources/PlayerController_1.prefab
  artifactKey: Guid(3260db333c06a494d8ed662e246cf97e) Importer(815301076,1909f56bfc062723c751e8b465ee728b)
Start importing Assets/Resources/PlayerController_1.prefab using Guid(3260db333c06a494d8ed662e246cf97e) Importer(815301076,1909f56bfc062723c751e8b465ee728b)  -> (artifact id: 'd6e3bb302d8be821d3cb89c999cafe64') in 0.037067 seconds 
